[3.413s] Invoking command in '/home/usman/experiments/turtlebot3_ws2/build/turtlebot3_example': CMAKE_PREFIX_PATH=/home/usman/experiments/turtlebot3_ws2/install/turtlebot3_msgs:/home/usman/experiments/turtlebot3_ws2/install/turtlebot3:/home/usman/experiments/turtlebot3_ws2/install/turtlebot3_simulations:/home/usman/experiments/turtlebot3_ws2/install/turtlebot3_bringup:/home/usman/experiments/turtlebot3_ws2/install/turtlebot3_node:/home/usman/experiments/turtlebot3_ws2/install/turtlebot3_navigation2:/home/usman/experiments/turtlebot3_ws2/install/turtlebot3_fake_node:/home/usman/experiments/turtlebot3_ws2/install/turtlebot3_gazebo:/home/usman/experiments/turtlebot3_ws2/install/turtlebot3_description:/home/usman/experiments/turtlebot3_ws2/install/turtlebot3_cartographer:/home/usman/experiments/turtlebot3_ws2/install/hls_lfcd_lds_driver:/home/usman/experiments/turtlebot3_ws2/install/dynamixel_sdk_examples:/home/usman/experiments/turtlebot3_ws2/install/dynamixel_sdk_custom_interfaces:/home/usman/experiments/turtlebot3_ws2/install/dynamixel_sdk:/home/usman/experiments/turtlebot3_ws/install/turtlebot3:/home/usman/experiments/turtlebot3_ws/install/turtlebot3_simulations:/home/usman/experiments/turtlebot3_ws/install/turtlebot3_bringup:/home/usman/experiments/turtlebot3_ws/install/turtlebot3_node:/home/usman/experiments/turtlebot3_ws/install/turtlebot3_navigation2:/home/usman/experiments/turtlebot3_ws/install/turtlebot3_fake_node:/home/usman/experiments/turtlebot3_ws/install/turtlebot3_msgs:/home/usman/experiments/turtlebot3_ws/install/turtlebot3_gazebo:/home/usman/experiments/turtlebot3_ws/install/turtlebot3_description:/home/usman/experiments/turtlebot3_ws/install/turtlebot3_cartographer:/home/usman/experiments/turtlebot3_ws/install/hls_lfcd_lds_driver:/home/usman/experiments/turtlebot3_ws/install/dynamixel_sdk_examples:/home/usman/experiments/turtlebot3_ws/install/dynamixel_sdk_custom_interfaces:/home/usman/experiments/turtlebot3_ws/install/dynamixel_sdk:/home/usman/ros2_my_ws/install/my_robot_bringup:/home/usman/ros2_my_ws/install/my_robot_interfaces LD_LIBRARY_PATH=/home/usman/experiments/turtlebot3_ws2/install/turtlebot3_msgs/lib:/home/usman/experiments/turtlebot3_ws2/install/dynamixel_sdk_custom_interfaces/lib:/home/usman/experiments/turtlebot3_ws2/install/dynamixel_sdk/lib:/home/usman/experiments/turtlebot3_ws/install/turtlebot3_msgs/lib:/home/usman/experiments/turtlebot3_ws/install/dynamixel_sdk_custom_interfaces/lib:/home/usman/experiments/turtlebot3_ws/install/dynamixel_sdk/lib:/home/usman/ros2_my_ws/install/my_robot_interfaces/lib:/usr/lib/x86_64-linux-gnu/gazebo-11/plugins:/opt/ros/humble/opt/rviz_ogre_vendor/lib:/opt/ros/humble/lib/x86_64-linux-gnu:/opt/ros/humble/lib:/usr/share/gazebo/../../lib/x86_64-linux-gnu/gazebo-11/plugins PYTHONPATH=/home/usman/experiments/turtlebot3_ws2/build/turtlebot3_example/prefix_override:/home/usman/experiments/turtlebot3_ws2/install/turtlebot3_example/lib/python3.10/site-packages:${PYTHONPATH} /usr/bin/python3 setup.py develop --editable --build-directory /home/usman/experiments/turtlebot3_ws2/build/turtlebot3_example/build --no-deps install_data
[4.106s] running develop
[4.106s] /home/usman/.local/lib/python3.10/site-packages/setuptools/command/develop.py:40: EasyInstallDeprecationWarning: easy_install command is deprecated.
[4.107s] !!
[4.107s] 
[4.108s]         ********************************************************************************
[4.108s]         Please avoid running ``setup.py`` and ``easy_install``.
[4.108s]         Instead, use pypa/build, pypa/installer or other
[4.109s]         standards-based tools.
[4.109s] 
[4.109s]         See https://github.com/pypa/setuptools/issues/917 for details.
[4.109s]         ********************************************************************************
[4.110s] 
[4.110s] !!
[4.110s]   easy_install.initialize_options(self)
[4.169s] /home/usman/.local/lib/python3.10/site-packages/setuptools/_distutils/cmd.py:66: SetuptoolsDeprecationWarning: setup.py install is deprecated.
[4.169s] !!
[4.169s] 
[4.169s]         ********************************************************************************
[4.170s]         Please avoid running ``setup.py`` directly.
[4.170s]         Instead, use pypa/build, pypa/installer or other
[4.170s]         standards-based tools.
[4.170s] 
[4.170s]         See https://blog.ganssle.io/articles/2021/10/setup-py-deprecated.html for details.
[4.170s]         ********************************************************************************
[4.170s] 
[4.170s] !!
[4.170s]   self.initialize_options()
[4.510s] running egg_info
[4.540s] writing turtlebot3_example.egg-info/PKG-INFO
[4.540s] writing dependency_links to turtlebot3_example.egg-info/dependency_links.txt
[4.541s] writing entry points to turtlebot3_example.egg-info/entry_points.txt
[4.541s] writing requirements to turtlebot3_example.egg-info/requires.txt
[4.541s] writing top-level names to turtlebot3_example.egg-info/top_level.txt
[4.604s] reading manifest file 'turtlebot3_example.egg-info/SOURCES.txt'
[4.606s] writing manifest file 'turtlebot3_example.egg-info/SOURCES.txt'
[4.654s] running build_ext
[4.654s] Creating /home/usman/experiments/turtlebot3_ws2/install/turtlebot3_example/lib/python3.10/site-packages/turtlebot3-example.egg-link (link to .)
[4.655s] Installing turtlebot3_obstacle_detection script to /home/usman/experiments/turtlebot3_ws2/install/turtlebot3_example/lib/turtlebot3_example
[4.656s] Installing turtlebot3_patrol_client script to /home/usman/experiments/turtlebot3_ws2/install/turtlebot3_example/lib/turtlebot3_example
[4.656s] Installing turtlebot3_patrol_server script to /home/usman/experiments/turtlebot3_ws2/install/turtlebot3_example/lib/turtlebot3_example
[4.656s] Installing turtlebot3_position_control script to /home/usman/experiments/turtlebot3_ws2/install/turtlebot3_example/lib/turtlebot3_example
[4.657s] 
[4.657s] Installed /home/usman/experiments/turtlebot3_ws2/build/turtlebot3_example
[4.657s] running install_data
[4.720s] Invoked command in '/home/usman/experiments/turtlebot3_ws2/build/turtlebot3_example' returned '0': CMAKE_PREFIX_PATH=/home/usman/experiments/turtlebot3_ws2/install/turtlebot3_msgs:/home/usman/experiments/turtlebot3_ws2/install/turtlebot3:/home/usman/experiments/turtlebot3_ws2/install/turtlebot3_simulations:/home/usman/experiments/turtlebot3_ws2/install/turtlebot3_bringup:/home/usman/experiments/turtlebot3_ws2/install/turtlebot3_node:/home/usman/experiments/turtlebot3_ws2/install/turtlebot3_navigation2:/home/usman/experiments/turtlebot3_ws2/install/turtlebot3_fake_node:/home/usman/experiments/turtlebot3_ws2/install/turtlebot3_gazebo:/home/usman/experiments/turtlebot3_ws2/install/turtlebot3_description:/home/usman/experiments/turtlebot3_ws2/install/turtlebot3_cartographer:/home/usman/experiments/turtlebot3_ws2/install/hls_lfcd_lds_driver:/home/usman/experiments/turtlebot3_ws2/install/dynamixel_sdk_examples:/home/usman/experiments/turtlebot3_ws2/install/dynamixel_sdk_custom_interfaces:/home/usman/experiments/turtlebot3_ws2/install/dynamixel_sdk:/home/usman/experiments/turtlebot3_ws/install/turtlebot3:/home/usman/experiments/turtlebot3_ws/install/turtlebot3_simulations:/home/usman/experiments/turtlebot3_ws/install/turtlebot3_bringup:/home/usman/experiments/turtlebot3_ws/install/turtlebot3_node:/home/usman/experiments/turtlebot3_ws/install/turtlebot3_navigation2:/home/usman/experiments/turtlebot3_ws/install/turtlebot3_fake_node:/home/usman/experiments/turtlebot3_ws/install/turtlebot3_msgs:/home/usman/experiments/turtlebot3_ws/install/turtlebot3_gazebo:/home/usman/experiments/turtlebot3_ws/install/turtlebot3_description:/home/usman/experiments/turtlebot3_ws/install/turtlebot3_cartographer:/home/usman/experiments/turtlebot3_ws/install/hls_lfcd_lds_driver:/home/usman/experiments/turtlebot3_ws/install/dynamixel_sdk_examples:/home/usman/experiments/turtlebot3_ws/install/dynamixel_sdk_custom_interfaces:/home/usman/experiments/turtlebot3_ws/install/dynamixel_sdk:/home/usman/ros2_my_ws/install/my_robot_bringup:/home/usman/ros2_my_ws/install/my_robot_interfaces LD_LIBRARY_PATH=/home/usman/experiments/turtlebot3_ws2/install/turtlebot3_msgs/lib:/home/usman/experiments/turtlebot3_ws2/install/dynamixel_sdk_custom_interfaces/lib:/home/usman/experiments/turtlebot3_ws2/install/dynamixel_sdk/lib:/home/usman/experiments/turtlebot3_ws/install/turtlebot3_msgs/lib:/home/usman/experiments/turtlebot3_ws/install/dynamixel_sdk_custom_interfaces/lib:/home/usman/experiments/turtlebot3_ws/install/dynamixel_sdk/lib:/home/usman/ros2_my_ws/install/my_robot_interfaces/lib:/usr/lib/x86_64-linux-gnu/gazebo-11/plugins:/opt/ros/humble/opt/rviz_ogre_vendor/lib:/opt/ros/humble/lib/x86_64-linux-gnu:/opt/ros/humble/lib:/usr/share/gazebo/../../lib/x86_64-linux-gnu/gazebo-11/plugins PYTHONPATH=/home/usman/experiments/turtlebot3_ws2/build/turtlebot3_example/prefix_override:/home/usman/experiments/turtlebot3_ws2/install/turtlebot3_example/lib/python3.10/site-packages:${PYTHONPATH} /usr/bin/python3 setup.py develop --editable --build-directory /home/usman/experiments/turtlebot3_ws2/build/turtlebot3_example/build --no-deps install_data
