[1.121s] Invoking command in '/home/usman/experiments/turtlebot3_ws2/build/tb3_autonomy': CMAKE_PREFIX_PATH=${CMAKE_PREFIX_PATH}:/home/usman/experiments/turtlebot3_ws2/install/turtlebot3_teleop:/home/usman/experiments/turtlebot3_ws2/install/turtlebot3_example:/home/usman/experiments/turtlebot3_ws2/install/tb3_sim:/home/usman/ros2_my_ws/install/turtlesim_catch_them_all:/home/usman/ros2_my_ws/install/my_py_pkg:/home/usman/ros2_ws/install/my_robot_controller:/home/usman/ros2_ws/install/my_controller:/home/usman/ros2_ws/src/install/my_robot_controller:/home/usman/ros2_ws/src/install/my_controller:/opt/ros/humble /usr/bin/cmake --build /home/usman/experiments/turtlebot3_ws2/build/tb3_autonomy -- -j16 -l16
[1.686s] [100%] Built target autonomy_node
[1.700s] Invoked command in '/home/usman/experiments/turtlebot3_ws2/build/tb3_autonomy' returned '0': CMAKE_PREFIX_PATH=${CMAKE_PREFIX_PATH}:/home/usman/experiments/turtlebot3_ws2/install/turtlebot3_teleop:/home/usman/experiments/turtlebot3_ws2/install/turtlebot3_example:/home/usman/experiments/turtlebot3_ws2/install/tb3_sim:/home/usman/ros2_my_ws/install/turtlesim_catch_them_all:/home/usman/ros2_my_ws/install/my_py_pkg:/home/usman/ros2_ws/install/my_robot_controller:/home/usman/ros2_ws/install/my_controller:/home/usman/ros2_ws/src/install/my_robot_controller:/home/usman/ros2_ws/src/install/my_controller:/opt/ros/humble /usr/bin/cmake --build /home/usman/experiments/turtlebot3_ws2/build/tb3_autonomy -- -j16 -l16
[1.795s] Invoking command in '/home/usman/experiments/turtlebot3_ws2/build/tb3_autonomy': CMAKE_PREFIX_PATH=${CMAKE_PREFIX_PATH}:/home/usman/experiments/turtlebot3_ws2/install/turtlebot3_teleop:/home/usman/experiments/turtlebot3_ws2/install/turtlebot3_example:/home/usman/experiments/turtlebot3_ws2/install/tb3_sim:/home/usman/ros2_my_ws/install/turtlesim_catch_them_all:/home/usman/ros2_my_ws/install/my_py_pkg:/home/usman/ros2_ws/install/my_robot_controller:/home/usman/ros2_ws/install/my_controller:/home/usman/ros2_ws/src/install/my_robot_controller:/home/usman/ros2_ws/src/install/my_controller:/opt/ros/humble /usr/bin/cmake --install /home/usman/experiments/turtlebot3_ws2/build/tb3_autonomy
[1.844s] -- Install configuration: ""
[1.844s] -- Execute custom install script
[1.846s] -- Up-to-date symlink: /home/usman/experiments/turtlebot3_ws2/install/tb3_autonomy/share/tb3_autonomy/bt_xml/tree.xml
[1.846s] -- Up-to-date symlink: /home/usman/experiments/turtlebot3_ws2/install/tb3_autonomy/share/tb3_autonomy/launch/autonomy.launch.py
[1.846s] -- Up-to-date symlink: /home/usman/experiments/turtlebot3_ws2/install/tb3_autonomy/lib/tb3_autonomy/autonomy_node
[1.846s] -- Up-to-date symlink: /home/usman/experiments/turtlebot3_ws2/install/tb3_autonomy/share/ament_index/resource_index/package_run_dependencies/tb3_autonomy
[1.846s] -- Up-to-date symlink: /home/usman/experiments/turtlebot3_ws2/install/tb3_autonomy/share/ament_index/resource_index/parent_prefix_path/tb3_autonomy
[1.846s] -- Up-to-date symlink: /home/usman/experiments/turtlebot3_ws2/install/tb3_autonomy/share/tb3_autonomy/environment/ament_prefix_path.sh
[1.847s] -- Up-to-date symlink: /home/usman/experiments/turtlebot3_ws2/install/tb3_autonomy/share/tb3_autonomy/environment/ament_prefix_path.dsv
[1.847s] -- Up-to-date symlink: /home/usman/experiments/turtlebot3_ws2/install/tb3_autonomy/share/tb3_autonomy/environment/path.sh
[1.848s] -- Up-to-date symlink: /home/usman/experiments/turtlebot3_ws2/install/tb3_autonomy/share/tb3_autonomy/environment/path.dsv
[1.848s] -- Up-to-date symlink: /home/usman/experiments/turtlebot3_ws2/install/tb3_autonomy/share/tb3_autonomy/local_setup.bash
[1.848s] -- Up-to-date symlink: /home/usman/experiments/turtlebot3_ws2/install/tb3_autonomy/share/tb3_autonomy/local_setup.sh
[1.849s] -- Up-to-date symlink: /home/usman/experiments/turtlebot3_ws2/install/tb3_autonomy/share/tb3_autonomy/local_setup.zsh
[1.849s] -- Up-to-date symlink: /home/usman/experiments/turtlebot3_ws2/install/tb3_autonomy/share/tb3_autonomy/local_setup.dsv
[1.850s] -- Symlinking: /home/usman/experiments/turtlebot3_ws2/install/tb3_autonomy/share/tb3_autonomy/package.dsv
[1.896s] -- Up-to-date symlink: /home/usman/experiments/turtlebot3_ws2/install/tb3_autonomy/share/ament_index/resource_index/packages/tb3_autonomy
[1.896s] -- Up-to-date symlink: /home/usman/experiments/turtlebot3_ws2/install/tb3_autonomy/share/tb3_autonomy/cmake/tb3_autonomyConfig.cmake
[1.896s] -- Up-to-date symlink: /home/usman/experiments/turtlebot3_ws2/install/tb3_autonomy/share/tb3_autonomy/cmake/tb3_autonomyConfig-version.cmake
[1.897s] -- Up-to-date symlink: /home/usman/experiments/turtlebot3_ws2/install/tb3_autonomy/share/tb3_autonomy/package.xml
[2.029s] Invoked command in '/home/usman/experiments/turtlebot3_ws2/build/tb3_autonomy' returned '0': CMAKE_PREFIX_PATH=${CMAKE_PREFIX_PATH}:/home/usman/experiments/turtlebot3_ws2/install/turtlebot3_teleop:/home/usman/experiments/turtlebot3_ws2/install/turtlebot3_example:/home/usman/experiments/turtlebot3_ws2/install/tb3_sim:/home/usman/ros2_my_ws/install/turtlesim_catch_them_all:/home/usman/ros2_my_ws/install/my_py_pkg:/home/usman/ros2_ws/install/my_robot_controller:/home/usman/ros2_ws/install/my_controller:/home/usman/ros2_ws/src/install/my_robot_controller:/home/usman/ros2_ws/src/install/my_controller:/opt/ros/humble /usr/bin/cmake --install /home/usman/experiments/turtlebot3_ws2/build/tb3_autonomy
