[4.282s] Invoking command in '/home/usman/experiments/turtlebot3_ws2/build/turtlebot3_teleop': PYTHONPATH=/home/usman/experiments/turtlebot3_ws2/build/turtlebot3_teleop/prefix_override:/home/usman/experiments/turtlebot3_ws2/install/turtlebot3_teleop/lib/python3.10/site-packages:${PYTHONPATH} /usr/bin/python3 setup.py develop --editable --build-directory /home/usman/experiments/turtlebot3_ws2/build/turtlebot3_teleop/build --no-deps install_data
[4.943s] running develop
[4.944s] /home/usman/.local/lib/python3.10/site-packages/setuptools/command/develop.py:40: EasyInstallDeprecationWarning: easy_install command is deprecated.
[4.944s] !!
[4.944s] 
[4.944s]         ********************************************************************************
[4.944s]         Please avoid running ``setup.py`` and ``easy_install``.
[4.944s]         Instead, use pypa/build, pypa/installer or other
[4.944s]         standards-based tools.
[4.944s] 
[4.944s]         See https://github.com/pypa/setuptools/issues/917 for details.
[4.944s]         ********************************************************************************
[4.944s] 
[4.945s] !!
[4.945s]   easy_install.initialize_options(self)
[4.998s] /home/usman/.local/lib/python3.10/site-packages/setuptools/_distutils/cmd.py:66: SetuptoolsDeprecationWarning: setup.py install is deprecated.
[5.000s] !!
[5.000s] 
[5.003s]         ********************************************************************************
[5.003s]         Please avoid running ``setup.py`` directly.
[5.004s]         Instead, use pypa/build, pypa/installer or other
[5.005s]         standards-based tools.
[5.005s] 
[5.005s]         See https://blog.ganssle.io/articles/2021/10/setup-py-deprecated.html for details.
[5.006s]         ********************************************************************************
[5.007s] 
[5.008s] !!
[5.009s]   self.initialize_options()
[5.351s] running egg_info
[5.380s] writing turtlebot3_teleop.egg-info/PKG-INFO
[5.382s] writing dependency_links to turtlebot3_teleop.egg-info/dependency_links.txt
[5.383s] writing entry points to turtlebot3_teleop.egg-info/entry_points.txt
[5.383s] writing requirements to turtlebot3_teleop.egg-info/requires.txt
[5.384s] writing top-level names to turtlebot3_teleop.egg-info/top_level.txt
[5.451s] reading manifest file 'turtlebot3_teleop.egg-info/SOURCES.txt'
[5.454s] writing manifest file 'turtlebot3_teleop.egg-info/SOURCES.txt'
[5.497s] running build_ext
[5.497s] Creating /home/usman/experiments/turtlebot3_ws2/install/turtlebot3_teleop/lib/python3.10/site-packages/turtlebot3-teleop.egg-link (link to .)
[5.498s] Installing teleop_keyboard script to /home/usman/experiments/turtlebot3_ws2/install/turtlebot3_teleop/lib/turtlebot3_teleop
[5.499s] 
[5.500s] Installed /home/usman/experiments/turtlebot3_ws2/build/turtlebot3_teleop
[5.500s] running install_data
[5.749s] Invoked command in '/home/usman/experiments/turtlebot3_ws2/build/turtlebot3_teleop' returned '0': PYTHONPATH=/home/usman/experiments/turtlebot3_ws2/build/turtlebot3_teleop/prefix_override:/home/usman/experiments/turtlebot3_ws2/install/turtlebot3_teleop/lib/python3.10/site-packages:${PYTHONPATH} /usr/bin/python3 setup.py develop --editable --build-directory /home/usman/experiments/turtlebot3_ws2/build/turtlebot3_teleop/build --no-deps install_data
