[0.874s] Invoking command in '/home/usman/experiments/turtlebot3_ws2/build/turtlebot3_cartographer': CMAKE_PREFIX_PATH=${CMAKE_PREFIX_PATH}:/home/usman/experiments/turtlebot3_ws/install/tb3_sim:/home/usman/experiments/turtlebot3_ws2/install/turtlebot3_teleop:/home/usman/experiments/turtlebot3_ws2/install/turtlebot3_example:/home/usman/experiments/turtlebot3_ws/install/turtlebot3_teleop:/home/usman/experiments/turtlebot3_ws/install/turtlebot3_example:/home/usman/ros2_my_ws/install/turtlesim_catch_them_all:/home/usman/ros2_my_ws/install/my_py_pkg:/home/usman/ros2_ws/install/my_robot_controller:/home/usman/ros2_ws/install/my_controller:/home/usman/ros2_ws/src/install/my_robot_controller:/home/usman/ros2_ws/src/install/my_controller:/opt/ros/humble /usr/bin/cmake --build /home/usman/experiments/turtlebot3_ws2/build/turtlebot3_cartographer -- -j16 -l16
[2.333s] Invoked command in '/home/usman/experiments/turtlebot3_ws2/build/turtlebot3_cartographer' returned '0': CMAKE_PREFIX_PATH=${CMAKE_PREFIX_PATH}:/home/usman/experiments/turtlebot3_ws/install/tb3_sim:/home/usman/experiments/turtlebot3_ws2/install/turtlebot3_teleop:/home/usman/experiments/turtlebot3_ws2/install/turtlebot3_example:/home/usman/experiments/turtlebot3_ws/install/turtlebot3_teleop:/home/usman/experiments/turtlebot3_ws/install/turtlebot3_example:/home/usman/ros2_my_ws/install/turtlesim_catch_them_all:/home/usman/ros2_my_ws/install/my_py_pkg:/home/usman/ros2_ws/install/my_robot_controller:/home/usman/ros2_ws/install/my_controller:/home/usman/ros2_ws/src/install/my_robot_controller:/home/usman/ros2_ws/src/install/my_controller:/opt/ros/humble /usr/bin/cmake --build /home/usman/experiments/turtlebot3_ws2/build/turtlebot3_cartographer -- -j16 -l16
[2.387s] Invoking command in '/home/usman/experiments/turtlebot3_ws2/build/turtlebot3_cartographer': CMAKE_PREFIX_PATH=${CMAKE_PREFIX_PATH}:/home/usman/experiments/turtlebot3_ws/install/tb3_sim:/home/usman/experiments/turtlebot3_ws2/install/turtlebot3_teleop:/home/usman/experiments/turtlebot3_ws2/install/turtlebot3_example:/home/usman/experiments/turtlebot3_ws/install/turtlebot3_teleop:/home/usman/experiments/turtlebot3_ws/install/turtlebot3_example:/home/usman/ros2_my_ws/install/turtlesim_catch_them_all:/home/usman/ros2_my_ws/install/my_py_pkg:/home/usman/ros2_ws/install/my_robot_controller:/home/usman/ros2_ws/install/my_controller:/home/usman/ros2_ws/src/install/my_robot_controller:/home/usman/ros2_ws/src/install/my_controller:/opt/ros/humble /usr/bin/cmake --install /home/usman/experiments/turtlebot3_ws2/build/turtlebot3_cartographer
[2.415s] -- Install configuration: ""
[2.417s] -- Execute custom install script
[2.418s] -- Up-to-date symlink: /home/usman/experiments/turtlebot3_ws2/install/turtlebot3_cartographer/share/turtlebot3_cartographer/config/turtlebot3_lds_2d.lua
[2.420s] -- Up-to-date symlink: /home/usman/experiments/turtlebot3_ws2/install/turtlebot3_cartographer/share/turtlebot3_cartographer/launch/cartographer.launch.py
[2.424s] -- Up-to-date symlink: /home/usman/experiments/turtlebot3_ws2/install/turtlebot3_cartographer/share/turtlebot3_cartographer/launch/occupancy_grid.launch.py
[2.428s] -- Up-to-date symlink: /home/usman/experiments/turtlebot3_ws2/install/turtlebot3_cartographer/share/turtlebot3_cartographer/rviz/tb3_cartographer.rviz
[2.433s] -- Up-to-date symlink: /home/usman/experiments/turtlebot3_ws2/install/turtlebot3_cartographer/share/ament_index/resource_index/package_run_dependencies/turtlebot3_cartographer
[2.440s] -- Up-to-date symlink: /home/usman/experiments/turtlebot3_ws2/install/turtlebot3_cartographer/share/ament_index/resource_index/parent_prefix_path/turtlebot3_cartographer
[2.445s] -- Up-to-date symlink: /home/usman/experiments/turtlebot3_ws2/install/turtlebot3_cartographer/share/turtlebot3_cartographer/environment/ament_prefix_path.sh
[2.446s] -- Up-to-date symlink: /home/usman/experiments/turtlebot3_ws2/install/turtlebot3_cartographer/share/turtlebot3_cartographer/environment/ament_prefix_path.dsv
[2.452s] -- Up-to-date symlink: /home/usman/experiments/turtlebot3_ws2/install/turtlebot3_cartographer/share/turtlebot3_cartographer/environment/path.sh
[2.453s] -- Up-to-date symlink: /home/usman/experiments/turtlebot3_ws2/install/turtlebot3_cartographer/share/turtlebot3_cartographer/environment/path.dsv
[2.455s] -- Up-to-date symlink: /home/usman/experiments/turtlebot3_ws2/install/turtlebot3_cartographer/share/turtlebot3_cartographer/local_setup.bash
[2.465s] -- Up-to-date symlink: /home/usman/experiments/turtlebot3_ws2/install/turtlebot3_cartographer/share/turtlebot3_cartographer/local_setup.sh
[2.466s] -- Up-to-date symlink: /home/usman/experiments/turtlebot3_ws2/install/turtlebot3_cartographer/share/turtlebot3_cartographer/local_setup.zsh
[2.467s] -- Up-to-date symlink: /home/usman/experiments/turtlebot3_ws2/install/turtlebot3_cartographer/share/turtlebot3_cartographer/local_setup.dsv
[2.467s] -- Symlinking: /home/usman/experiments/turtlebot3_ws2/install/turtlebot3_cartographer/share/turtlebot3_cartographer/package.dsv
[2.480s] -- Up-to-date symlink: /home/usman/experiments/turtlebot3_ws2/install/turtlebot3_cartographer/share/ament_index/resource_index/packages/turtlebot3_cartographer
[2.480s] -- Up-to-date symlink: /home/usman/experiments/turtlebot3_ws2/install/turtlebot3_cartographer/share/turtlebot3_cartographer/cmake/turtlebot3_cartographerConfig.cmake
[2.481s] -- Up-to-date symlink: /home/usman/experiments/turtlebot3_ws2/install/turtlebot3_cartographer/share/turtlebot3_cartographer/cmake/turtlebot3_cartographerConfig-version.cmake
[2.482s] -- Up-to-date symlink: /home/usman/experiments/turtlebot3_ws2/install/turtlebot3_cartographer/share/turtlebot3_cartographer/package.xml
[2.663s] Invoked command in '/home/usman/experiments/turtlebot3_ws2/build/turtlebot3_cartographer' returned '0': CMAKE_PREFIX_PATH=${CMAKE_PREFIX_PATH}:/home/usman/experiments/turtlebot3_ws/install/tb3_sim:/home/usman/experiments/turtlebot3_ws2/install/turtlebot3_teleop:/home/usman/experiments/turtlebot3_ws2/install/turtlebot3_example:/home/usman/experiments/turtlebot3_ws/install/turtlebot3_teleop:/home/usman/experiments/turtlebot3_ws/install/turtlebot3_example:/home/usman/ros2_my_ws/install/turtlesim_catch_them_all:/home/usman/ros2_my_ws/install/my_py_pkg:/home/usman/ros2_ws/install/my_robot_controller:/home/usman/ros2_ws/install/my_controller:/home/usman/ros2_ws/src/install/my_robot_controller:/home/usman/ros2_ws/src/install/my_controller:/opt/ros/humble /usr/bin/cmake --install /home/usman/experiments/turtlebot3_ws2/build/turtlebot3_cartographer
