[0.956s] Invoking command in '/home/usman/experiments/turtlebot3_ws2/build/turtlebot3_cartographer': CMAKE_PREFIX_PATH=${CMAKE_PREFIX_PATH}:/home/usman/experiments/turtlebot3_ws2/install/tb3_sim:/home/usman/experiments/turtlebot3_ws/install/tb3_sim:/home/usman/experiments/turtlebot3_ws2/install/turtlebot3_teleop:/home/usman/experiments/turtlebot3_ws2/install/turtlebot3_example:/home/usman/experiments/turtlebot3_ws/install/turtlebot3_teleop:/home/usman/experiments/turtlebot3_ws/install/turtlebot3_example:/home/usman/ros2_my_ws/install/turtlesim_catch_them_all:/home/usman/ros2_my_ws/install/my_py_pkg:/home/usman/ros2_ws/install/my_robot_controller:/home/usman/ros2_ws/install/my_controller:/home/usman/ros2_ws/src/install/my_robot_controller:/home/usman/ros2_ws/src/install/my_controller:/opt/ros/humble /usr/bin/cmake --build /home/usman/experiments/turtlebot3_ws2/build/turtlebot3_cartographer -- -j16 -l16
[2.382s] Invoked command in '/home/usman/experiments/turtlebot3_ws2/build/turtlebot3_cartographer' returned '0': CMAKE_PREFIX_PATH=${CMAKE_PREFIX_PATH}:/home/usman/experiments/turtlebot3_ws2/install/tb3_sim:/home/usman/experiments/turtlebot3_ws/install/tb3_sim:/home/usman/experiments/turtlebot3_ws2/install/turtlebot3_teleop:/home/usman/experiments/turtlebot3_ws2/install/turtlebot3_example:/home/usman/experiments/turtlebot3_ws/install/turtlebot3_teleop:/home/usman/experiments/turtlebot3_ws/install/turtlebot3_example:/home/usman/ros2_my_ws/install/turtlesim_catch_them_all:/home/usman/ros2_my_ws/install/my_py_pkg:/home/usman/ros2_ws/install/my_robot_controller:/home/usman/ros2_ws/install/my_controller:/home/usman/ros2_ws/src/install/my_robot_controller:/home/usman/ros2_ws/src/install/my_controller:/opt/ros/humble /usr/bin/cmake --build /home/usman/experiments/turtlebot3_ws2/build/turtlebot3_cartographer -- -j16 -l16
[2.479s] Invoking command in '/home/usman/experiments/turtlebot3_ws2/build/turtlebot3_cartographer': CMAKE_PREFIX_PATH=${CMAKE_PREFIX_PATH}:/home/usman/experiments/turtlebot3_ws2/install/tb3_sim:/home/usman/experiments/turtlebot3_ws/install/tb3_sim:/home/usman/experiments/turtlebot3_ws2/install/turtlebot3_teleop:/home/usman/experiments/turtlebot3_ws2/install/turtlebot3_example:/home/usman/experiments/turtlebot3_ws/install/turtlebot3_teleop:/home/usman/experiments/turtlebot3_ws/install/turtlebot3_example:/home/usman/ros2_my_ws/install/turtlesim_catch_them_all:/home/usman/ros2_my_ws/install/my_py_pkg:/home/usman/ros2_ws/install/my_robot_controller:/home/usman/ros2_ws/install/my_controller:/home/usman/ros2_ws/src/install/my_robot_controller:/home/usman/ros2_ws/src/install/my_controller:/opt/ros/humble /usr/bin/cmake --install /home/usman/experiments/turtlebot3_ws2/build/turtlebot3_cartographer
[2.525s] -- Install configuration: ""
[2.528s] -- Execute custom install script
[2.532s] -- Up-to-date symlink: /home/usman/experiments/turtlebot3_ws2/install/turtlebot3_cartographer/share/turtlebot3_cartographer/config/turtlebot3_lds_2d.lua
[2.533s] -- Up-to-date symlink: /home/usman/experiments/turtlebot3_ws2/install/turtlebot3_cartographer/share/turtlebot3_cartographer/launch/cartographer.launch.py
[2.534s] -- Up-to-date symlink: /home/usman/experiments/turtlebot3_ws2/install/turtlebot3_cartographer/share/turtlebot3_cartographer/launch/occupancy_grid.launch.py
[2.536s] -- Up-to-date symlink: /home/usman/experiments/turtlebot3_ws2/install/turtlebot3_cartographer/share/turtlebot3_cartographer/rviz/tb3_cartographer.rviz
[2.537s] -- Up-to-date symlink: /home/usman/experiments/turtlebot3_ws2/install/turtlebot3_cartographer/share/ament_index/resource_index/package_run_dependencies/turtlebot3_cartographer
[2.537s] -- Up-to-date symlink: /home/usman/experiments/turtlebot3_ws2/install/turtlebot3_cartographer/share/ament_index/resource_index/parent_prefix_path/turtlebot3_cartographer
[2.542s] -- Up-to-date symlink: /home/usman/experiments/turtlebot3_ws2/install/turtlebot3_cartographer/share/turtlebot3_cartographer/environment/ament_prefix_path.sh
[2.544s] -- Up-to-date symlink: /home/usman/experiments/turtlebot3_ws2/install/turtlebot3_cartographer/share/turtlebot3_cartographer/environment/ament_prefix_path.dsv
[2.545s] -- Up-to-date symlink: /home/usman/experiments/turtlebot3_ws2/install/turtlebot3_cartographer/share/turtlebot3_cartographer/environment/path.sh
[2.546s] -- Up-to-date symlink: /home/usman/experiments/turtlebot3_ws2/install/turtlebot3_cartographer/share/turtlebot3_cartographer/environment/path.dsv
[2.547s] -- Up-to-date symlink: /home/usman/experiments/turtlebot3_ws2/install/turtlebot3_cartographer/share/turtlebot3_cartographer/local_setup.bash
[2.548s] -- Up-to-date symlink: /home/usman/experiments/turtlebot3_ws2/install/turtlebot3_cartographer/share/turtlebot3_cartographer/local_setup.sh
[2.548s] -- Up-to-date symlink: /home/usman/experiments/turtlebot3_ws2/install/turtlebot3_cartographer/share/turtlebot3_cartographer/local_setup.zsh
[2.549s] -- Up-to-date symlink: /home/usman/experiments/turtlebot3_ws2/install/turtlebot3_cartographer/share/turtlebot3_cartographer/local_setup.dsv
[2.550s] -- Symlinking: /home/usman/experiments/turtlebot3_ws2/install/turtlebot3_cartographer/share/turtlebot3_cartographer/package.dsv
[2.591s] -- Up-to-date symlink: /home/usman/experiments/turtlebot3_ws2/install/turtlebot3_cartographer/share/ament_index/resource_index/packages/turtlebot3_cartographer
[2.592s] -- Up-to-date symlink: /home/usman/experiments/turtlebot3_ws2/install/turtlebot3_cartographer/share/turtlebot3_cartographer/cmake/turtlebot3_cartographerConfig.cmake
[2.592s] -- Up-to-date symlink: /home/usman/experiments/turtlebot3_ws2/install/turtlebot3_cartographer/share/turtlebot3_cartographer/cmake/turtlebot3_cartographerConfig-version.cmake
[2.596s] -- Up-to-date symlink: /home/usman/experiments/turtlebot3_ws2/install/turtlebot3_cartographer/share/turtlebot3_cartographer/package.xml
[3.099s] Invoked command in '/home/usman/experiments/turtlebot3_ws2/build/turtlebot3_cartographer' returned '0': CMAKE_PREFIX_PATH=${CMAKE_PREFIX_PATH}:/home/usman/experiments/turtlebot3_ws2/install/tb3_sim:/home/usman/experiments/turtlebot3_ws/install/tb3_sim:/home/usman/experiments/turtlebot3_ws2/install/turtlebot3_teleop:/home/usman/experiments/turtlebot3_ws2/install/turtlebot3_example:/home/usman/experiments/turtlebot3_ws/install/turtlebot3_teleop:/home/usman/experiments/turtlebot3_ws/install/turtlebot3_example:/home/usman/ros2_my_ws/install/turtlesim_catch_them_all:/home/usman/ros2_my_ws/install/my_py_pkg:/home/usman/ros2_ws/install/my_robot_controller:/home/usman/ros2_ws/install/my_controller:/home/usman/ros2_ws/src/install/my_robot_controller:/home/usman/ros2_ws/src/install/my_controller:/opt/ros/humble /usr/bin/cmake --install /home/usman/experiments/turtlebot3_ws2/build/turtlebot3_cartographer
