[0.083s] Invoking command in '/home/usman/experiments/turtlebot3_ws2/build/turtlebot3_bringup': AMENT_PREFIX_PATH=/home/usman/experiments/turtlebot3_ws2/install/turtlebot3_node:/home/usman/experiments/turtlebot3_ws2/install/turtlebot3_msgs:/home/usman/experiments/turtlebot3_ws2/install/turtlebot3_description:/home/usman/experiments/turtlebot3_ws2/install/hls_lfcd_lds_driver:/home/usman/experiments/turtlebot3_ws2/install/dynamixel_sdk:${AMENT_PREFIX_PATH} CMAKE_PREFIX_PATH=/home/usman/experiments/turtlebot3_ws2/install/turtlebot3_node:/home/usman/experiments/turtlebot3_ws2/install/turtlebot3_msgs:/home/usman/experiments/turtlebot3_ws2/install/turtlebot3_description:/home/usman/experiments/turtlebot3_ws2/install/hls_lfcd_lds_driver:/home/usman/experiments/turtlebot3_ws2/install/dynamixel_sdk:/home/usman/ros2_my_ws/install/my_robot_bringup:/home/usman/ros2_my_ws/install/my_robot_interfaces:/home/usman/ros2_my_ws/install/turtlesim_catch_them_all:/home/usman/ros2_my_ws/install/my_py_pkg:/home/usman/ros2_ws/install/my_robot_controller:/home/usman/ros2_ws/install/my_controller:/home/usman/ros2_ws/src/install/my_robot_controller:/home/usman/ros2_ws/src/install/my_controller:/opt/ros/humble LD_LIBRARY_PATH=/home/usman/experiments/turtlebot3_ws2/install/turtlebot3_msgs/lib:/home/usman/experiments/turtlebot3_ws2/install/dynamixel_sdk/lib:${LD_LIBRARY_PATH} PYTHONPATH=/home/usman/experiments/turtlebot3_ws2/install/turtlebot3_msgs/local/lib/python3.10/dist-packages:${PYTHONPATH} /usr/bin/cmake /home/usman/experiments/turtlebot3_ws2/src/turtlebot3/turtlebot3/turtlebot3_bringup -DAMENT_CMAKE_SYMLINK_INSTALL=1 -DCMAKE_INSTALL_PREFIX=/home/usman/experiments/turtlebot3_ws2/install/turtlebot3_bringup
[0.125s] -- The C compiler identification is GNU 11.4.0
[0.170s] -- The CXX compiler identification is GNU 11.4.0
[0.176s] -- Detecting C compiler ABI info
[0.229s] -- Detecting C compiler ABI info - done
[0.235s] -- Check for working C compiler: /usr/bin/cc - skipped
[0.235s] -- Detecting C compile features
[0.235s] -- Detecting C compile features - done
[0.238s] -- Detecting CXX compiler ABI info
[0.299s] -- Detecting CXX compiler ABI info - done
[0.306s] -- Check for working CXX compiler: /usr/bin/c++ - skipped
[0.306s] -- Detecting CXX compile features
[0.306s] -- Detecting CXX compile features - done
[0.309s] -- Found ament_cmake: 1.3.6 (/opt/ros/humble/share/ament_cmake/cmake)
[0.631s] -- Found Python3: /usr/bin/python3.10 (found version "3.10.12") found components: Interpreter 
[0.688s] -- Override CMake install command with custom implementation using symlinks instead of copying resources
[0.773s] -- Configuring done
[0.774s] -- Generating done
[0.775s] -- Build files have been written to: /home/usman/experiments/turtlebot3_ws2/build/turtlebot3_bringup
[0.779s] Invoked command in '/home/usman/experiments/turtlebot3_ws2/build/turtlebot3_bringup' returned '0': AMENT_PREFIX_PATH=/home/usman/experiments/turtlebot3_ws2/install/turtlebot3_node:/home/usman/experiments/turtlebot3_ws2/install/turtlebot3_msgs:/home/usman/experiments/turtlebot3_ws2/install/turtlebot3_description:/home/usman/experiments/turtlebot3_ws2/install/hls_lfcd_lds_driver:/home/usman/experiments/turtlebot3_ws2/install/dynamixel_sdk:${AMENT_PREFIX_PATH} CMAKE_PREFIX_PATH=/home/usman/experiments/turtlebot3_ws2/install/turtlebot3_node:/home/usman/experiments/turtlebot3_ws2/install/turtlebot3_msgs:/home/usman/experiments/turtlebot3_ws2/install/turtlebot3_description:/home/usman/experiments/turtlebot3_ws2/install/hls_lfcd_lds_driver:/home/usman/experiments/turtlebot3_ws2/install/dynamixel_sdk:/home/usman/ros2_my_ws/install/my_robot_bringup:/home/usman/ros2_my_ws/install/my_robot_interfaces:/home/usman/ros2_my_ws/install/turtlesim_catch_them_all:/home/usman/ros2_my_ws/install/my_py_pkg:/home/usman/ros2_ws/install/my_robot_controller:/home/usman/ros2_ws/install/my_controller:/home/usman/ros2_ws/src/install/my_robot_controller:/home/usman/ros2_ws/src/install/my_controller:/opt/ros/humble LD_LIBRARY_PATH=/home/usman/experiments/turtlebot3_ws2/install/turtlebot3_msgs/lib:/home/usman/experiments/turtlebot3_ws2/install/dynamixel_sdk/lib:${LD_LIBRARY_PATH} PYTHONPATH=/home/usman/experiments/turtlebot3_ws2/install/turtlebot3_msgs/local/lib/python3.10/dist-packages:${PYTHONPATH} /usr/bin/cmake /home/usman/experiments/turtlebot3_ws2/src/turtlebot3/turtlebot3/turtlebot3_bringup -DAMENT_CMAKE_SYMLINK_INSTALL=1 -DCMAKE_INSTALL_PREFIX=/home/usman/experiments/turtlebot3_ws2/install/turtlebot3_bringup
[0.780s] Invoking command in '/home/usman/experiments/turtlebot3_ws2/build/turtlebot3_bringup': AMENT_PREFIX_PATH=/home/usman/experiments/turtlebot3_ws2/install/turtlebot3_node:/home/usman/experiments/turtlebot3_ws2/install/turtlebot3_msgs:/home/usman/experiments/turtlebot3_ws2/install/turtlebot3_description:/home/usman/experiments/turtlebot3_ws2/install/hls_lfcd_lds_driver:/home/usman/experiments/turtlebot3_ws2/install/dynamixel_sdk:${AMENT_PREFIX_PATH} CMAKE_PREFIX_PATH=/home/usman/experiments/turtlebot3_ws2/install/turtlebot3_node:/home/usman/experiments/turtlebot3_ws2/install/turtlebot3_msgs:/home/usman/experiments/turtlebot3_ws2/install/turtlebot3_description:/home/usman/experiments/turtlebot3_ws2/install/hls_lfcd_lds_driver:/home/usman/experiments/turtlebot3_ws2/install/dynamixel_sdk:/home/usman/ros2_my_ws/install/my_robot_bringup:/home/usman/ros2_my_ws/install/my_robot_interfaces:/home/usman/ros2_my_ws/install/turtlesim_catch_them_all:/home/usman/ros2_my_ws/install/my_py_pkg:/home/usman/ros2_ws/install/my_robot_controller:/home/usman/ros2_ws/install/my_controller:/home/usman/ros2_ws/src/install/my_robot_controller:/home/usman/ros2_ws/src/install/my_controller:/opt/ros/humble LD_LIBRARY_PATH=/home/usman/experiments/turtlebot3_ws2/install/turtlebot3_msgs/lib:/home/usman/experiments/turtlebot3_ws2/install/dynamixel_sdk/lib:${LD_LIBRARY_PATH} PYTHONPATH=/home/usman/experiments/turtlebot3_ws2/install/turtlebot3_msgs/local/lib/python3.10/dist-packages:${PYTHONPATH} /usr/bin/cmake --build /home/usman/experiments/turtlebot3_ws2/build/turtlebot3_bringup -- -j16 -l16
[0.808s] Invoked command in '/home/usman/experiments/turtlebot3_ws2/build/turtlebot3_bringup' returned '0': AMENT_PREFIX_PATH=/home/usman/experiments/turtlebot3_ws2/install/turtlebot3_node:/home/usman/experiments/turtlebot3_ws2/install/turtlebot3_msgs:/home/usman/experiments/turtlebot3_ws2/install/turtlebot3_description:/home/usman/experiments/turtlebot3_ws2/install/hls_lfcd_lds_driver:/home/usman/experiments/turtlebot3_ws2/install/dynamixel_sdk:${AMENT_PREFIX_PATH} CMAKE_PREFIX_PATH=/home/usman/experiments/turtlebot3_ws2/install/turtlebot3_node:/home/usman/experiments/turtlebot3_ws2/install/turtlebot3_msgs:/home/usman/experiments/turtlebot3_ws2/install/turtlebot3_description:/home/usman/experiments/turtlebot3_ws2/install/hls_lfcd_lds_driver:/home/usman/experiments/turtlebot3_ws2/install/dynamixel_sdk:/home/usman/ros2_my_ws/install/my_robot_bringup:/home/usman/ros2_my_ws/install/my_robot_interfaces:/home/usman/ros2_my_ws/install/turtlesim_catch_them_all:/home/usman/ros2_my_ws/install/my_py_pkg:/home/usman/ros2_ws/install/my_robot_controller:/home/usman/ros2_ws/install/my_controller:/home/usman/ros2_ws/src/install/my_robot_controller:/home/usman/ros2_ws/src/install/my_controller:/opt/ros/humble LD_LIBRARY_PATH=/home/usman/experiments/turtlebot3_ws2/install/turtlebot3_msgs/lib:/home/usman/experiments/turtlebot3_ws2/install/dynamixel_sdk/lib:${LD_LIBRARY_PATH} PYTHONPATH=/home/usman/experiments/turtlebot3_ws2/install/turtlebot3_msgs/local/lib/python3.10/dist-packages:${PYTHONPATH} /usr/bin/cmake --build /home/usman/experiments/turtlebot3_ws2/build/turtlebot3_bringup -- -j16 -l16
[0.824s] Invoking command in '/home/usman/experiments/turtlebot3_ws2/build/turtlebot3_bringup': AMENT_PREFIX_PATH=/home/usman/experiments/turtlebot3_ws2/install/turtlebot3_node:/home/usman/experiments/turtlebot3_ws2/install/turtlebot3_msgs:/home/usman/experiments/turtlebot3_ws2/install/turtlebot3_description:/home/usman/experiments/turtlebot3_ws2/install/hls_lfcd_lds_driver:/home/usman/experiments/turtlebot3_ws2/install/dynamixel_sdk:${AMENT_PREFIX_PATH} CMAKE_PREFIX_PATH=/home/usman/experiments/turtlebot3_ws2/install/turtlebot3_node:/home/usman/experiments/turtlebot3_ws2/install/turtlebot3_msgs:/home/usman/experiments/turtlebot3_ws2/install/turtlebot3_description:/home/usman/experiments/turtlebot3_ws2/install/hls_lfcd_lds_driver:/home/usman/experiments/turtlebot3_ws2/install/dynamixel_sdk:/home/usman/ros2_my_ws/install/my_robot_bringup:/home/usman/ros2_my_ws/install/my_robot_interfaces:/home/usman/ros2_my_ws/install/turtlesim_catch_them_all:/home/usman/ros2_my_ws/install/my_py_pkg:/home/usman/ros2_ws/install/my_robot_controller:/home/usman/ros2_ws/install/my_controller:/home/usman/ros2_ws/src/install/my_robot_controller:/home/usman/ros2_ws/src/install/my_controller:/opt/ros/humble LD_LIBRARY_PATH=/home/usman/experiments/turtlebot3_ws2/install/turtlebot3_msgs/lib:/home/usman/experiments/turtlebot3_ws2/install/dynamixel_sdk/lib:${LD_LIBRARY_PATH} PYTHONPATH=/home/usman/experiments/turtlebot3_ws2/install/turtlebot3_msgs/local/lib/python3.10/dist-packages:${PYTHONPATH} /usr/bin/cmake --install /home/usman/experiments/turtlebot3_ws2/build/turtlebot3_bringup
[0.830s] -- Install configuration: ""
[0.831s] -- Execute custom install script
[0.831s] -- Symlinking: /home/usman/experiments/turtlebot3_ws2/install/turtlebot3_bringup/share/turtlebot3_bringup/launch/robot.launch.py
[0.839s] -- Symlinking: /home/usman/experiments/turtlebot3_ws2/install/turtlebot3_bringup/share/turtlebot3_bringup/launch/rviz2.launch.py
[0.846s] -- Symlinking: /home/usman/experiments/turtlebot3_ws2/install/turtlebot3_bringup/share/turtlebot3_bringup/launch/turtlebot3_state_publisher.launch.py
[0.852s] -- Symlinking: /home/usman/experiments/turtlebot3_ws2/install/turtlebot3_bringup/share/turtlebot3_bringup/param/burger.yaml
[0.858s] -- Symlinking: /home/usman/experiments/turtlebot3_ws2/install/turtlebot3_bringup/share/turtlebot3_bringup/param/waffle.yaml
[0.865s] -- Symlinking: /home/usman/experiments/turtlebot3_ws2/install/turtlebot3_bringup/share/turtlebot3_bringup/param/waffle_pi.yaml
[0.871s] -- Symlinking: /home/usman/experiments/turtlebot3_ws2/install/turtlebot3_bringup/share/turtlebot3_bringup/script/99-turtlebot3-cdc.rules
[0.877s] -- Symlinking: /home/usman/experiments/turtlebot3_ws2/install/turtlebot3_bringup/share/turtlebot3_bringup/script/create_udev_rules
[0.884s] -- Symlinking: /home/usman/experiments/turtlebot3_ws2/install/turtlebot3_bringup/share/ament_index/resource_index/package_run_dependencies/turtlebot3_bringup
[0.890s] -- Symlinking: /home/usman/experiments/turtlebot3_ws2/install/turtlebot3_bringup/share/ament_index/resource_index/parent_prefix_path/turtlebot3_bringup
[0.897s] -- Symlinking: /home/usman/experiments/turtlebot3_ws2/install/turtlebot3_bringup/share/turtlebot3_bringup/environment/ament_prefix_path.sh
[0.903s] -- Symlinking: /home/usman/experiments/turtlebot3_ws2/install/turtlebot3_bringup/share/turtlebot3_bringup/environment/ament_prefix_path.dsv
[0.910s] -- Symlinking: /home/usman/experiments/turtlebot3_ws2/install/turtlebot3_bringup/share/turtlebot3_bringup/environment/path.sh
[0.917s] -- Symlinking: /home/usman/experiments/turtlebot3_ws2/install/turtlebot3_bringup/share/turtlebot3_bringup/environment/path.dsv
[0.926s] -- Symlinking: /home/usman/experiments/turtlebot3_ws2/install/turtlebot3_bringup/share/turtlebot3_bringup/local_setup.bash
[0.933s] -- Symlinking: /home/usman/experiments/turtlebot3_ws2/install/turtlebot3_bringup/share/turtlebot3_bringup/local_setup.sh
[0.940s] -- Symlinking: /home/usman/experiments/turtlebot3_ws2/install/turtlebot3_bringup/share/turtlebot3_bringup/local_setup.zsh
[0.946s] -- Symlinking: /home/usman/experiments/turtlebot3_ws2/install/turtlebot3_bringup/share/turtlebot3_bringup/local_setup.dsv
[0.952s] -- Symlinking: /home/usman/experiments/turtlebot3_ws2/install/turtlebot3_bringup/share/turtlebot3_bringup/package.dsv
[0.959s] -- Symlinking: /home/usman/experiments/turtlebot3_ws2/install/turtlebot3_bringup/share/ament_index/resource_index/packages/turtlebot3_bringup
[0.966s] -- Symlinking: /home/usman/experiments/turtlebot3_ws2/install/turtlebot3_bringup/share/turtlebot3_bringup/cmake/turtlebot3_bringupConfig.cmake
[0.972s] -- Symlinking: /home/usman/experiments/turtlebot3_ws2/install/turtlebot3_bringup/share/turtlebot3_bringup/cmake/turtlebot3_bringupConfig-version.cmake
[0.979s] -- Symlinking: /home/usman/experiments/turtlebot3_ws2/install/turtlebot3_bringup/share/turtlebot3_bringup/package.xml
[0.987s] Invoked command in '/home/usman/experiments/turtlebot3_ws2/build/turtlebot3_bringup' returned '0': AMENT_PREFIX_PATH=/home/usman/experiments/turtlebot3_ws2/install/turtlebot3_node:/home/usman/experiments/turtlebot3_ws2/install/turtlebot3_msgs:/home/usman/experiments/turtlebot3_ws2/install/turtlebot3_description:/home/usman/experiments/turtlebot3_ws2/install/hls_lfcd_lds_driver:/home/usman/experiments/turtlebot3_ws2/install/dynamixel_sdk:${AMENT_PREFIX_PATH} CMAKE_PREFIX_PATH=/home/usman/experiments/turtlebot3_ws2/install/turtlebot3_node:/home/usman/experiments/turtlebot3_ws2/install/turtlebot3_msgs:/home/usman/experiments/turtlebot3_ws2/install/turtlebot3_description:/home/usman/experiments/turtlebot3_ws2/install/hls_lfcd_lds_driver:/home/usman/experiments/turtlebot3_ws2/install/dynamixel_sdk:/home/usman/ros2_my_ws/install/my_robot_bringup:/home/usman/ros2_my_ws/install/my_robot_interfaces:/home/usman/ros2_my_ws/install/turtlesim_catch_them_all:/home/usman/ros2_my_ws/install/my_py_pkg:/home/usman/ros2_ws/install/my_robot_controller:/home/usman/ros2_ws/install/my_controller:/home/usman/ros2_ws/src/install/my_robot_controller:/home/usman/ros2_ws/src/install/my_controller:/opt/ros/humble LD_LIBRARY_PATH=/home/usman/experiments/turtlebot3_ws2/install/turtlebot3_msgs/lib:/home/usman/experiments/turtlebot3_ws2/install/dynamixel_sdk/lib:${LD_LIBRARY_PATH} PYTHONPATH=/home/usman/experiments/turtlebot3_ws2/install/turtlebot3_msgs/local/lib/python3.10/dist-packages:${PYTHONPATH} /usr/bin/cmake --install /home/usman/experiments/turtlebot3_ws2/build/turtlebot3_bringup
