/home/usman/.local/lib/python3.10/site-packages/setuptools/command/develop.py:40: EasyInstallDeprecationWarning: easy_install command is deprecated.
!!

        ********************************************************************************
        Please avoid running ``setup.py`` and ``easy_install``.
        Instead, use pypa/build, pypa/installer or other
        standards-based tools.

        See https://github.com/pypa/setuptools/issues/917 for details.
        ********************************************************************************

!!
  easy_install.initialize_options(self)
running develop
/home/usman/.local/lib/python3.10/site-packages/setuptools/_distutils/cmd.py:66: SetuptoolsDeprecationWarning: setup.py install is deprecated.
!!

        ********************************************************************************
        Please avoid running ``setup.py`` directly.
        Instead, use pypa/build, pypa/installer or other
        standards-based tools.

        See https://blog.ganssle.io/articles/2021/10/setup-py-deprecated.html for details.
        ********************************************************************************

!!
  self.initialize_options()
running egg_info
writing turtlebot3_teleop.egg-info/PKG-INFO
writing dependency_links to turtlebot3_teleop.egg-info/dependency_links.txt
writing entry points to turtlebot3_teleop.egg-info/entry_points.txt
writing requirements to turtlebot3_teleop.egg-info/requires.txt
writing top-level names to turtlebot3_teleop.egg-info/top_level.txt
reading manifest file 'turtlebot3_teleop.egg-info/SOURCES.txt'
writing manifest file 'turtlebot3_teleop.egg-info/SOURCES.txt'
running build_ext
Creating /home/usman/experiments/turtlebot3_ws2/install/turtlebot3_teleop/lib/python3.10/site-packages/turtlebot3-teleop.egg-link (link to .)
Installing teleop_keyboard script to /home/usman/experiments/turtlebot3_ws2/install/turtlebot3_teleop/lib/turtlebot3_teleop

Installed /home/usman/experiments/turtlebot3_ws2/build/turtlebot3_teleop
running install_data
