[3.969s] Invoking command in '/home/usman/experiments/turtlebot3_ws2/build/turtlebot3_teleop': PYTHONPATH=/home/usman/experiments/turtlebot3_ws2/build/turtlebot3_teleop/prefix_override:/home/usman/experiments/turtlebot3_ws2/install/turtlebot3_teleop/lib/python3.10/site-packages:${PYTHONPATH} /usr/bin/python3 setup.py develop --editable --build-directory /home/usman/experiments/turtlebot3_ws2/build/turtlebot3_teleop/build --no-deps install_data
[4.667s] /home/usman/.local/lib/python3.10/site-packages/setuptools/command/develop.py:40: EasyInstallDeprecationWarning: easy_install command is deprecated.
[4.668s] !!
[4.668s] 
[4.668s]         ********************************************************************************
[4.669s]         Please avoid running ``setup.py`` and ``easy_install``.
[4.669s]         Instead, use pypa/build, pypa/installer or other
[4.669s]         standards-based tools.
[4.669s] 
[4.671s]         See https://github.com/pypa/setuptools/issues/917 for details.
[4.671s]         ********************************************************************************
[4.671s] 
[4.671s] !!
[4.672s]   easy_install.initialize_options(self)
[4.672s] running develop
[4.719s] /home/usman/.local/lib/python3.10/site-packages/setuptools/_distutils/cmd.py:66: SetuptoolsDeprecationWarning: setup.py install is deprecated.
[4.720s] !!
[4.721s] 
[4.721s]         ********************************************************************************
[4.721s]         Please avoid running ``setup.py`` directly.
[4.721s]         Instead, use pypa/build, pypa/installer or other
[4.722s]         standards-based tools.
[4.722s] 
[4.722s]         See https://blog.ganssle.io/articles/2021/10/setup-py-deprecated.html for details.
[4.723s]         ********************************************************************************
[4.723s] 
[4.723s] !!
[4.723s]   self.initialize_options()
[5.076s] running egg_info
[5.103s] writing turtlebot3_teleop.egg-info/PKG-INFO
[5.104s] writing dependency_links to turtlebot3_teleop.egg-info/dependency_links.txt
[5.106s] writing entry points to turtlebot3_teleop.egg-info/entry_points.txt
[5.106s] writing requirements to turtlebot3_teleop.egg-info/requires.txt
[5.107s] writing top-level names to turtlebot3_teleop.egg-info/top_level.txt
[5.163s] reading manifest file 'turtlebot3_teleop.egg-info/SOURCES.txt'
[5.165s] writing manifest file 'turtlebot3_teleop.egg-info/SOURCES.txt'
[5.198s] running build_ext
[5.199s] Creating /home/usman/experiments/turtlebot3_ws2/install/turtlebot3_teleop/lib/python3.10/site-packages/turtlebot3-teleop.egg-link (link to .)
[5.200s] Installing teleop_keyboard script to /home/usman/experiments/turtlebot3_ws2/install/turtlebot3_teleop/lib/turtlebot3_teleop
[5.201s] 
[5.202s] Installed /home/usman/experiments/turtlebot3_ws2/build/turtlebot3_teleop
[5.202s] running install_data
[5.837s] Invoked command in '/home/usman/experiments/turtlebot3_ws2/build/turtlebot3_teleop' returned '0': PYTHONPATH=/home/usman/experiments/turtlebot3_ws2/build/turtlebot3_teleop/prefix_override:/home/usman/experiments/turtlebot3_ws2/install/turtlebot3_teleop/lib/python3.10/site-packages:${PYTHONPATH} /usr/bin/python3 setup.py develop --editable --build-directory /home/usman/experiments/turtlebot3_ws2/build/turtlebot3_teleop/build --no-deps install_data
