[2.045s] Invoking command in '/home/usman/experiments/turtlebot3_ws2/build/turtlebot3_msgs': CMAKE_PREFIX_PATH=${CMAKE_PREFIX_PATH}:/home/usman/experiments/turtlebot3_ws2/install/tb3_sim:/home/usman/experiments/turtlebot3_ws/install/tb3_sim:/home/usman/experiments/turtlebot3_ws2/install/turtlebot3_teleop:/home/usman/experiments/turtlebot3_ws2/install/turtlebot3_example:/home/usman/experiments/turtlebot3_ws/install/turtlebot3_teleop:/home/usman/experiments/turtlebot3_ws/install/turtlebot3_example:/home/usman/ros2_my_ws/install/turtlesim_catch_them_all:/home/usman/ros2_my_ws/install/my_py_pkg:/home/usman/ros2_ws/install/my_robot_controller:/home/usman/ros2_ws/install/my_controller:/home/usman/ros2_ws/src/install/my_robot_controller:/home/usman/ros2_ws/src/install/my_controller:/opt/ros/humble /usr/bin/cmake --build /home/usman/experiments/turtlebot3_ws2/build/turtlebot3_msgs -- -j16 -l16
[2.845s] [  1%] Built target turtlebot3_msgs__cpp
[2.847s] [ 12%] Built target turtlebot3_msgs__rosidl_generator_c
[2.848s] [ 12%] Built target ament_cmake_python_symlink_turtlebot3_msgs
[2.848s] [ 23%] Built target turtlebot3_msgs__rosidl_typesupport_introspection_c
[2.848s] [ 35%] Built target turtlebot3_msgs__rosidl_typesupport_fastrtps_cpp
[2.848s] [ 56%] Built target turtlebot3_msgs__rosidl_typesupport_c
[2.848s] [ 57%] Built target turtlebot3_msgs__rosidl_typesupport_introspection_cpp
[2.849s] [ 69%] Built target turtlebot3_msgs__rosidl_typesupport_cpp
[2.850s] [ 80%] Built target turtlebot3_msgs__rosidl_typesupport_fastrtps_c
[2.852s] [ 80%] Built target turtlebot3_msgs
[2.854s] [ 81%] Built target turtlebot3_msgs__py
[2.854s] [ 91%] Built target turtlebot3_msgs__rosidl_generator_py
[2.856s] [ 94%] Built target turtlebot3_msgs__rosidl_typesupport_c__pyext
[2.856s] [ 97%] Built target turtlebot3_msgs__rosidl_typesupport_fastrtps_c__pyext
[2.857s] [100%] Built target turtlebot3_msgs__rosidl_typesupport_introspection_c__pyext
[2.857s] running egg_info
[2.857s] writing turtlebot3_msgs.egg-info/PKG-INFO
[2.857s] writing dependency_links to turtlebot3_msgs.egg-info/dependency_links.txt
[2.857s] writing top-level names to turtlebot3_msgs.egg-info/top_level.txt
[2.858s] reading manifest file 'turtlebot3_msgs.egg-info/SOURCES.txt'
[2.858s] writing manifest file 'turtlebot3_msgs.egg-info/SOURCES.txt'
[2.901s] [100%] Built target ament_cmake_python_build_turtlebot3_msgs_egg
[3.560s] Invoked command in '/home/usman/experiments/turtlebot3_ws2/build/turtlebot3_msgs' returned '0': CMAKE_PREFIX_PATH=${CMAKE_PREFIX_PATH}:/home/usman/experiments/turtlebot3_ws2/install/tb3_sim:/home/usman/experiments/turtlebot3_ws/install/tb3_sim:/home/usman/experiments/turtlebot3_ws2/install/turtlebot3_teleop:/home/usman/experiments/turtlebot3_ws2/install/turtlebot3_example:/home/usman/experiments/turtlebot3_ws/install/turtlebot3_teleop:/home/usman/experiments/turtlebot3_ws/install/turtlebot3_example:/home/usman/ros2_my_ws/install/turtlesim_catch_them_all:/home/usman/ros2_my_ws/install/my_py_pkg:/home/usman/ros2_ws/install/my_robot_controller:/home/usman/ros2_ws/install/my_controller:/home/usman/ros2_ws/src/install/my_robot_controller:/home/usman/ros2_ws/src/install/my_controller:/opt/ros/humble /usr/bin/cmake --build /home/usman/experiments/turtlebot3_ws2/build/turtlebot3_msgs -- -j16 -l16
[4.743s] Invoking command in '/home/usman/experiments/turtlebot3_ws2/build/turtlebot3_msgs': CMAKE_PREFIX_PATH=${CMAKE_PREFIX_PATH}:/home/usman/experiments/turtlebot3_ws2/install/tb3_sim:/home/usman/experiments/turtlebot3_ws/install/tb3_sim:/home/usman/experiments/turtlebot3_ws2/install/turtlebot3_teleop:/home/usman/experiments/turtlebot3_ws2/install/turtlebot3_example:/home/usman/experiments/turtlebot3_ws/install/turtlebot3_teleop:/home/usman/experiments/turtlebot3_ws/install/turtlebot3_example:/home/usman/ros2_my_ws/install/turtlesim_catch_them_all:/home/usman/ros2_my_ws/install/my_py_pkg:/home/usman/ros2_ws/install/my_robot_controller:/home/usman/ros2_ws/install/my_controller:/home/usman/ros2_ws/src/install/my_robot_controller:/home/usman/ros2_ws/src/install/my_controller:/opt/ros/humble /usr/bin/cmake --install /home/usman/experiments/turtlebot3_ws2/build/turtlebot3_msgs
[5.301s] -- Install configuration: ""
[5.302s] -- Execute custom install script
[5.303s] -- Up-to-date symlink: /home/usman/experiments/turtlebot3_ws2/install/turtlebot3_msgs/share/ament_index/resource_index/rosidl_interfaces/turtlebot3_msgs
[5.303s] -- Up-to-date symlink: /home/usman/experiments/turtlebot3_ws2/install/turtlebot3_msgs/include/turtlebot3_msgs/turtlebot3_msgs/action/detail/patrol__functions.h
[5.304s] -- Up-to-date symlink: /home/usman/experiments/turtlebot3_ws2/install/turtlebot3_msgs/include/turtlebot3_msgs/turtlebot3_msgs/action/detail/patrol__struct.h
[5.304s] -- Up-to-date symlink: /home/usman/experiments/turtlebot3_ws2/install/turtlebot3_msgs/include/turtlebot3_msgs/turtlebot3_msgs/action/detail/patrol__type_support.h
[5.305s] -- Up-to-date symlink: /home/usman/experiments/turtlebot3_ws2/install/turtlebot3_msgs/include/turtlebot3_msgs/turtlebot3_msgs/action/patrol.h
[5.305s] -- Up-to-date symlink: /home/usman/experiments/turtlebot3_ws2/install/turtlebot3_msgs/include/turtlebot3_msgs/turtlebot3_msgs/msg/detail/sensor_state__functions.h
[5.306s] -- Up-to-date symlink: /home/usman/experiments/turtlebot3_ws2/install/turtlebot3_msgs/include/turtlebot3_msgs/turtlebot3_msgs/msg/detail/sensor_state__struct.h
[5.307s] -- Up-to-date symlink: /home/usman/experiments/turtlebot3_ws2/install/turtlebot3_msgs/include/turtlebot3_msgs/turtlebot3_msgs/msg/detail/sensor_state__type_support.h
[5.307s] -- Up-to-date symlink: /home/usman/experiments/turtlebot3_ws2/install/turtlebot3_msgs/include/turtlebot3_msgs/turtlebot3_msgs/msg/detail/sound__functions.h
[5.308s] -- Up-to-date symlink: /home/usman/experiments/turtlebot3_ws2/install/turtlebot3_msgs/include/turtlebot3_msgs/turtlebot3_msgs/msg/detail/sound__struct.h
[5.308s] -- Up-to-date symlink: /home/usman/experiments/turtlebot3_ws2/install/turtlebot3_msgs/include/turtlebot3_msgs/turtlebot3_msgs/msg/detail/sound__type_support.h
[5.309s] -- Up-to-date symlink: /home/usman/experiments/turtlebot3_ws2/install/turtlebot3_msgs/include/turtlebot3_msgs/turtlebot3_msgs/msg/detail/version_info__functions.h
[5.310s] -- Up-to-date symlink: /home/usman/experiments/turtlebot3_ws2/install/turtlebot3_msgs/include/turtlebot3_msgs/turtlebot3_msgs/msg/detail/version_info__struct.h
[5.310s] -- Up-to-date symlink: /home/usman/experiments/turtlebot3_ws2/install/turtlebot3_msgs/include/turtlebot3_msgs/turtlebot3_msgs/msg/detail/version_info__type_support.h
[5.311s] -- Up-to-date symlink: /home/usman/experiments/turtlebot3_ws2/install/turtlebot3_msgs/include/turtlebot3_msgs/turtlebot3_msgs/msg/rosidl_generator_c__visibility_control.h
[5.312s] -- Up-to-date symlink: /home/usman/experiments/turtlebot3_ws2/install/turtlebot3_msgs/include/turtlebot3_msgs/turtlebot3_msgs/msg/sensor_state.h
[5.312s] -- Up-to-date symlink: /home/usman/experiments/turtlebot3_ws2/install/turtlebot3_msgs/include/turtlebot3_msgs/turtlebot3_msgs/msg/sound.h
[5.313s] -- Up-to-date symlink: /home/usman/experiments/turtlebot3_ws2/install/turtlebot3_msgs/include/turtlebot3_msgs/turtlebot3_msgs/msg/version_info.h
[5.313s] -- Up-to-date symlink: /home/usman/experiments/turtlebot3_ws2/install/turtlebot3_msgs/include/turtlebot3_msgs/turtlebot3_msgs/srv/detail/dqn__functions.h
[5.314s] -- Up-to-date symlink: /home/usman/experiments/turtlebot3_ws2/install/turtlebot3_msgs/include/turtlebot3_msgs/turtlebot3_msgs/srv/detail/dqn__struct.h
[5.314s] -- Up-to-date symlink: /home/usman/experiments/turtlebot3_ws2/install/turtlebot3_msgs/include/turtlebot3_msgs/turtlebot3_msgs/srv/detail/dqn__type_support.h
[5.314s] -- Up-to-date symlink: /home/usman/experiments/turtlebot3_ws2/install/turtlebot3_msgs/include/turtlebot3_msgs/turtlebot3_msgs/srv/detail/sound__functions.h
[5.315s] -- Up-to-date symlink: /home/usman/experiments/turtlebot3_ws2/install/turtlebot3_msgs/include/turtlebot3_msgs/turtlebot3_msgs/srv/detail/sound__struct.h
[5.315s] -- Up-to-date symlink: /home/usman/experiments/turtlebot3_ws2/install/turtlebot3_msgs/include/turtlebot3_msgs/turtlebot3_msgs/srv/detail/sound__type_support.h
[5.316s] -- Up-to-date symlink: /home/usman/experiments/turtlebot3_ws2/install/turtlebot3_msgs/include/turtlebot3_msgs/turtlebot3_msgs/srv/dqn.h
[5.316s] -- Up-to-date symlink: /home/usman/experiments/turtlebot3_ws2/install/turtlebot3_msgs/include/turtlebot3_msgs/turtlebot3_msgs/srv/sound.h
[5.316s] -- Up-to-date symlink: /home/usman/experiments/turtlebot3_ws2/install/turtlebot3_msgs/share/turtlebot3_msgs/environment/library_path.sh
[5.318s] -- Up-to-date symlink: /home/usman/experiments/turtlebot3_ws2/install/turtlebot3_msgs/share/turtlebot3_msgs/environment/library_path.dsv
[5.319s] -- Up-to-date symlink: /home/usman/experiments/turtlebot3_ws2/install/turtlebot3_msgs/include/turtlebot3_msgs/turtlebot3_msgs/action/detail/patrol__rosidl_typesupport_fastrtps_c.h
[5.319s] -- Up-to-date symlink: /home/usman/experiments/turtlebot3_ws2/install/turtlebot3_msgs/include/turtlebot3_msgs/turtlebot3_msgs/msg/detail/sensor_state__rosidl_typesupport_fastrtps_c.h
[5.320s] -- Up-to-date symlink: /home/usman/experiments/turtlebot3_ws2/install/turtlebot3_msgs/include/turtlebot3_msgs/turtlebot3_msgs/msg/detail/sound__rosidl_typesupport_fastrtps_c.h
[5.320s] -- Up-to-date symlink: /home/usman/experiments/turtlebot3_ws2/install/turtlebot3_msgs/include/turtlebot3_msgs/turtlebot3_msgs/msg/detail/version_info__rosidl_typesupport_fastrtps_c.h
[5.321s] -- Up-to-date symlink: /home/usman/experiments/turtlebot3_ws2/install/turtlebot3_msgs/include/turtlebot3_msgs/turtlebot3_msgs/msg/rosidl_typesupport_fastrtps_c__visibility_control.h
[5.321s] -- Up-to-date symlink: /home/usman/experiments/turtlebot3_ws2/install/turtlebot3_msgs/include/turtlebot3_msgs/turtlebot3_msgs/srv/detail/dqn__rosidl_typesupport_fastrtps_c.h
[5.322s] -- Up-to-date symlink: /home/usman/experiments/turtlebot3_ws2/install/turtlebot3_msgs/include/turtlebot3_msgs/turtlebot3_msgs/srv/detail/sound__rosidl_typesupport_fastrtps_c.h
[5.322s] -- Up-to-date symlink: /home/usman/experiments/turtlebot3_ws2/install/turtlebot3_msgs/include/turtlebot3_msgs/turtlebot3_msgs/action/detail/patrol__builder.hpp
[5.323s] -- Up-to-date symlink: /home/usman/experiments/turtlebot3_ws2/install/turtlebot3_msgs/include/turtlebot3_msgs/turtlebot3_msgs/action/detail/patrol__struct.hpp
[5.323s] -- Up-to-date symlink: /home/usman/experiments/turtlebot3_ws2/install/turtlebot3_msgs/include/turtlebot3_msgs/turtlebot3_msgs/action/detail/patrol__traits.hpp
[5.323s] -- Up-to-date symlink: /home/usman/experiments/turtlebot3_ws2/install/turtlebot3_msgs/include/turtlebot3_msgs/turtlebot3_msgs/action/patrol.hpp
[5.324s] -- Up-to-date symlink: /home/usman/experiments/turtlebot3_ws2/install/turtlebot3_msgs/include/turtlebot3_msgs/turtlebot3_msgs/msg/detail/sensor_state__builder.hpp
[5.324s] -- Up-to-date symlink: /home/usman/experiments/turtlebot3_ws2/install/turtlebot3_msgs/include/turtlebot3_msgs/turtlebot3_msgs/msg/detail/sensor_state__struct.hpp
[5.325s] -- Up-to-date symlink: /home/usman/experiments/turtlebot3_ws2/install/turtlebot3_msgs/include/turtlebot3_msgs/turtlebot3_msgs/msg/detail/sensor_state__traits.hpp
[5.325s] -- Up-to-date symlink: /home/usman/experiments/turtlebot3_ws2/install/turtlebot3_msgs/include/turtlebot3_msgs/turtlebot3_msgs/msg/detail/sound__builder.hpp
[5.326s] -- Up-to-date symlink: /home/usman/experiments/turtlebot3_ws2/install/turtlebot3_msgs/include/turtlebot3_msgs/turtlebot3_msgs/msg/detail/sound__struct.hpp
[5.327s] -- Up-to-date symlink: /home/usman/experiments/turtlebot3_ws2/install/turtlebot3_msgs/include/turtlebot3_msgs/turtlebot3_msgs/msg/detail/sound__traits.hpp
[5.327s] -- Up-to-date symlink: /home/usman/experiments/turtlebot3_ws2/install/turtlebot3_msgs/include/turtlebot3_msgs/turtlebot3_msgs/msg/detail/version_info__builder.hpp
[5.328s] -- Up-to-date symlink: /home/usman/experiments/turtlebot3_ws2/install/turtlebot3_msgs/include/turtlebot3_msgs/turtlebot3_msgs/msg/detail/version_info__struct.hpp
[5.328s] -- Up-to-date symlink: /home/usman/experiments/turtlebot3_ws2/install/turtlebot3_msgs/include/turtlebot3_msgs/turtlebot3_msgs/msg/detail/version_info__traits.hpp
[5.330s] -- Up-to-date symlink: /home/usman/experiments/turtlebot3_ws2/install/turtlebot3_msgs/include/turtlebot3_msgs/turtlebot3_msgs/msg/sensor_state.hpp
[5.333s] -- Up-to-date symlink: /home/usman/experiments/turtlebot3_ws2/install/turtlebot3_msgs/include/turtlebot3_msgs/turtlebot3_msgs/msg/sound.hpp
[5.334s] -- Up-to-date symlink: /home/usman/experiments/turtlebot3_ws2/install/turtlebot3_msgs/include/turtlebot3_msgs/turtlebot3_msgs/msg/version_info.hpp
[5.335s] -- Up-to-date symlink: /home/usman/experiments/turtlebot3_ws2/install/turtlebot3_msgs/include/turtlebot3_msgs/turtlebot3_msgs/srv/detail/dqn__builder.hpp
[5.336s] -- Up-to-date symlink: /home/usman/experiments/turtlebot3_ws2/install/turtlebot3_msgs/include/turtlebot3_msgs/turtlebot3_msgs/srv/detail/dqn__struct.hpp
[5.338s] -- Up-to-date symlink: /home/usman/experiments/turtlebot3_ws2/install/turtlebot3_msgs/include/turtlebot3_msgs/turtlebot3_msgs/srv/detail/dqn__traits.hpp
[5.339s] -- Up-to-date symlink: /home/usman/experiments/turtlebot3_ws2/install/turtlebot3_msgs/include/turtlebot3_msgs/turtlebot3_msgs/srv/detail/sound__builder.hpp
[5.339s] -- Up-to-date symlink: /home/usman/experiments/turtlebot3_ws2/install/turtlebot3_msgs/include/turtlebot3_msgs/turtlebot3_msgs/srv/detail/sound__struct.hpp
[5.339s] -- Up-to-date symlink: /home/usman/experiments/turtlebot3_ws2/install/turtlebot3_msgs/include/turtlebot3_msgs/turtlebot3_msgs/srv/detail/sound__traits.hpp
[5.340s] -- Up-to-date symlink: /home/usman/experiments/turtlebot3_ws2/install/turtlebot3_msgs/include/turtlebot3_msgs/turtlebot3_msgs/srv/dqn.hpp
[5.340s] -- Up-to-date symlink: /home/usman/experiments/turtlebot3_ws2/install/turtlebot3_msgs/include/turtlebot3_msgs/turtlebot3_msgs/srv/sound.hpp
[5.340s] -- Up-to-date symlink: /home/usman/experiments/turtlebot3_ws2/install/turtlebot3_msgs/include/turtlebot3_msgs/turtlebot3_msgs/action/detail/patrol__rosidl_typesupport_fastrtps_cpp.hpp
[5.340s] -- Up-to-date symlink: /home/usman/experiments/turtlebot3_ws2/install/turtlebot3_msgs/include/turtlebot3_msgs/turtlebot3_msgs/msg/detail/sensor_state__rosidl_typesupport_fastrtps_cpp.hpp
[5.340s] -- Up-to-date symlink: /home/usman/experiments/turtlebot3_ws2/install/turtlebot3_msgs/include/turtlebot3_msgs/turtlebot3_msgs/msg/detail/sound__rosidl_typesupport_fastrtps_cpp.hpp
[5.341s] -- Up-to-date symlink: /home/usman/experiments/turtlebot3_ws2/install/turtlebot3_msgs/include/turtlebot3_msgs/turtlebot3_msgs/msg/detail/version_info__rosidl_typesupport_fastrtps_cpp.hpp
[5.341s] -- Up-to-date symlink: /home/usman/experiments/turtlebot3_ws2/install/turtlebot3_msgs/include/turtlebot3_msgs/turtlebot3_msgs/msg/rosidl_typesupport_fastrtps_cpp__visibility_control.h
[5.342s] -- Up-to-date symlink: /home/usman/experiments/turtlebot3_ws2/install/turtlebot3_msgs/include/turtlebot3_msgs/turtlebot3_msgs/srv/detail/dqn__rosidl_typesupport_fastrtps_cpp.hpp
[5.342s] -- Up-to-date symlink: /home/usman/experiments/turtlebot3_ws2/install/turtlebot3_msgs/include/turtlebot3_msgs/turtlebot3_msgs/srv/detail/sound__rosidl_typesupport_fastrtps_cpp.hpp
[5.342s] -- Up-to-date symlink: /home/usman/experiments/turtlebot3_ws2/install/turtlebot3_msgs/include/turtlebot3_msgs/turtlebot3_msgs/action/detail/patrol__rosidl_typesupport_introspection_c.h
[5.342s] -- Up-to-date symlink: /home/usman/experiments/turtlebot3_ws2/install/turtlebot3_msgs/include/turtlebot3_msgs/turtlebot3_msgs/msg/detail/sensor_state__rosidl_typesupport_introspection_c.h
[5.342s] -- Up-to-date symlink: /home/usman/experiments/turtlebot3_ws2/install/turtlebot3_msgs/include/turtlebot3_msgs/turtlebot3_msgs/msg/detail/sound__rosidl_typesupport_introspection_c.h
[5.343s] -- Up-to-date symlink: /home/usman/experiments/turtlebot3_ws2/install/turtlebot3_msgs/include/turtlebot3_msgs/turtlebot3_msgs/msg/detail/version_info__rosidl_typesupport_introspection_c.h
[5.343s] -- Up-to-date symlink: /home/usman/experiments/turtlebot3_ws2/install/turtlebot3_msgs/include/turtlebot3_msgs/turtlebot3_msgs/msg/rosidl_typesupport_introspection_c__visibility_control.h
[5.343s] -- Up-to-date symlink: /home/usman/experiments/turtlebot3_ws2/install/turtlebot3_msgs/include/turtlebot3_msgs/turtlebot3_msgs/srv/detail/dqn__rosidl_typesupport_introspection_c.h
[5.343s] -- Up-to-date symlink: /home/usman/experiments/turtlebot3_ws2/install/turtlebot3_msgs/include/turtlebot3_msgs/turtlebot3_msgs/srv/detail/sound__rosidl_typesupport_introspection_c.h
[5.344s] -- Up-to-date symlink: /home/usman/experiments/turtlebot3_ws2/install/turtlebot3_msgs/include/turtlebot3_msgs/turtlebot3_msgs/action/detail/patrol__rosidl_typesupport_introspection_cpp.hpp
[5.344s] -- Up-to-date symlink: /home/usman/experiments/turtlebot3_ws2/install/turtlebot3_msgs/include/turtlebot3_msgs/turtlebot3_msgs/msg/detail/sensor_state__rosidl_typesupport_introspection_cpp.hpp
[5.344s] -- Up-to-date symlink: /home/usman/experiments/turtlebot3_ws2/install/turtlebot3_msgs/include/turtlebot3_msgs/turtlebot3_msgs/msg/detail/sound__rosidl_typesupport_introspection_cpp.hpp
[5.344s] -- Up-to-date symlink: /home/usman/experiments/turtlebot3_ws2/install/turtlebot3_msgs/include/turtlebot3_msgs/turtlebot3_msgs/msg/detail/version_info__rosidl_typesupport_introspection_cpp.hpp
[5.344s] -- Up-to-date symlink: /home/usman/experiments/turtlebot3_ws2/install/turtlebot3_msgs/include/turtlebot3_msgs/turtlebot3_msgs/srv/detail/dqn__rosidl_typesupport_introspection_cpp.hpp
[5.344s] -- Up-to-date symlink: /home/usman/experiments/turtlebot3_ws2/install/turtlebot3_msgs/include/turtlebot3_msgs/turtlebot3_msgs/srv/detail/sound__rosidl_typesupport_introspection_cpp.hpp
[5.344s] -- Up-to-date symlink: /home/usman/experiments/turtlebot3_ws2/install/turtlebot3_msgs/share/turtlebot3_msgs/environment/pythonpath.sh
[5.345s] -- Up-to-date symlink: /home/usman/experiments/turtlebot3_ws2/install/turtlebot3_msgs/share/turtlebot3_msgs/environment/pythonpath.dsv
[5.345s] -- Up-to-date symlink: /home/usman/experiments/turtlebot3_ws2/install/turtlebot3_msgs/local/lib/python3.10/dist-packages/turtlebot3_msgs-2.2.3-py3.10.egg-info/PKG-INFO
[5.345s] -- Up-to-date symlink: /home/usman/experiments/turtlebot3_ws2/install/turtlebot3_msgs/local/lib/python3.10/dist-packages/turtlebot3_msgs-2.2.3-py3.10.egg-info/SOURCES.txt
[5.345s] -- Up-to-date symlink: /home/usman/experiments/turtlebot3_ws2/install/turtlebot3_msgs/local/lib/python3.10/dist-packages/turtlebot3_msgs-2.2.3-py3.10.egg-info/dependency_links.txt
[5.345s] -- Up-to-date symlink: /home/usman/experiments/turtlebot3_ws2/install/turtlebot3_msgs/local/lib/python3.10/dist-packages/turtlebot3_msgs-2.2.3-py3.10.egg-info/top_level.txt
[5.345s] -- Up-to-date symlink: /home/usman/experiments/turtlebot3_ws2/install/turtlebot3_msgs/local/lib/python3.10/dist-packages/turtlebot3_msgs/__init__.py
[5.345s] -- Up-to-date symlink: /home/usman/experiments/turtlebot3_ws2/install/turtlebot3_msgs/local/lib/python3.10/dist-packages/turtlebot3_msgs/_turtlebot3_msgs_s.ep.rosidl_typesupport_c.c
[5.346s] -- Up-to-date symlink: /home/usman/experiments/turtlebot3_ws2/install/turtlebot3_msgs/local/lib/python3.10/dist-packages/turtlebot3_msgs/_turtlebot3_msgs_s.ep.rosidl_typesupport_fastrtps_c.c
[5.346s] -- Up-to-date symlink: /home/usman/experiments/turtlebot3_ws2/install/turtlebot3_msgs/local/lib/python3.10/dist-packages/turtlebot3_msgs/_turtlebot3_msgs_s.ep.rosidl_typesupport_introspection_c.c
[5.346s] -- Up-to-date symlink: /home/usman/experiments/turtlebot3_ws2/install/turtlebot3_msgs/local/lib/python3.10/dist-packages/turtlebot3_msgs/action/__init__.py
[5.346s] -- Up-to-date symlink: /home/usman/experiments/turtlebot3_ws2/install/turtlebot3_msgs/local/lib/python3.10/dist-packages/turtlebot3_msgs/action/_patrol.py
[5.346s] -- Up-to-date symlink: /home/usman/experiments/turtlebot3_ws2/install/turtlebot3_msgs/local/lib/python3.10/dist-packages/turtlebot3_msgs/action/_patrol_s.c
[5.347s] -- Up-to-date symlink: /home/usman/experiments/turtlebot3_ws2/install/turtlebot3_msgs/local/lib/python3.10/dist-packages/turtlebot3_msgs/libturtlebot3_msgs__rosidl_generator_py.so
[5.347s] -- Up-to-date symlink: /home/usman/experiments/turtlebot3_ws2/install/turtlebot3_msgs/local/lib/python3.10/dist-packages/turtlebot3_msgs/msg/__init__.py
[5.347s] -- Up-to-date symlink: /home/usman/experiments/turtlebot3_ws2/install/turtlebot3_msgs/local/lib/python3.10/dist-packages/turtlebot3_msgs/msg/_sensor_state.py
[5.347s] -- Up-to-date symlink: /home/usman/experiments/turtlebot3_ws2/install/turtlebot3_msgs/local/lib/python3.10/dist-packages/turtlebot3_msgs/msg/_sensor_state_s.c
[5.347s] -- Up-to-date symlink: /home/usman/experiments/turtlebot3_ws2/install/turtlebot3_msgs/local/lib/python3.10/dist-packages/turtlebot3_msgs/msg/_sound.py
[5.347s] -- Up-to-date symlink: /home/usman/experiments/turtlebot3_ws2/install/turtlebot3_msgs/local/lib/python3.10/dist-packages/turtlebot3_msgs/msg/_sound_s.c
[5.347s] -- Up-to-date symlink: /home/usman/experiments/turtlebot3_ws2/install/turtlebot3_msgs/local/lib/python3.10/dist-packages/turtlebot3_msgs/msg/_version_info.py
[5.348s] -- Up-to-date symlink: /home/usman/experiments/turtlebot3_ws2/install/turtlebot3_msgs/local/lib/python3.10/dist-packages/turtlebot3_msgs/msg/_version_info_s.c
[5.348s] -- Up-to-date symlink: /home/usman/experiments/turtlebot3_ws2/install/turtlebot3_msgs/local/lib/python3.10/dist-packages/turtlebot3_msgs/srv/__init__.py
[5.348s] -- Up-to-date symlink: /home/usman/experiments/turtlebot3_ws2/install/turtlebot3_msgs/local/lib/python3.10/dist-packages/turtlebot3_msgs/srv/_dqn.py
[5.348s] -- Up-to-date symlink: /home/usman/experiments/turtlebot3_ws2/install/turtlebot3_msgs/local/lib/python3.10/dist-packages/turtlebot3_msgs/srv/_dqn_s.c
[5.348s] -- Up-to-date symlink: /home/usman/experiments/turtlebot3_ws2/install/turtlebot3_msgs/local/lib/python3.10/dist-packages/turtlebot3_msgs/srv/_sound.py
[5.348s] -- Up-to-date symlink: /home/usman/experiments/turtlebot3_ws2/install/turtlebot3_msgs/local/lib/python3.10/dist-packages/turtlebot3_msgs/srv/_sound_s.c
[5.349s] -- Up-to-date symlink: /home/usman/experiments/turtlebot3_ws2/install/turtlebot3_msgs/local/lib/python3.10/dist-packages/turtlebot3_msgs/turtlebot3_msgs_s__rosidl_typesupport_c.cpython-310-x86_64-linux-gnu.so
[5.350s] -- Up-to-date symlink: /home/usman/experiments/turtlebot3_ws2/install/turtlebot3_msgs/local/lib/python3.10/dist-packages/turtlebot3_msgs/turtlebot3_msgs_s__rosidl_typesupport_fastrtps_c.cpython-310-x86_64-linux-gnu.so
[5.350s] -- Up-to-date symlink: /home/usman/experiments/turtlebot3_ws2/install/turtlebot3_msgs/local/lib/python3.10/dist-packages/turtlebot3_msgs/turtlebot3_msgs_s__rosidl_typesupport_introspection_c.cpython-310-x86_64-linux-gnu.so
[5.350s] -- Up-to-date symlink: /home/usman/experiments/turtlebot3_ws2/install/turtlebot3_msgs/local/lib/python3.10/dist-packages/turtlebot3_msgs/turtlebot3_msgs_s__rosidl_typesupport_fastrtps_c.cpython-310-x86_64-linux-gnu.so
[5.350s] -- Up-to-date symlink: /home/usman/experiments/turtlebot3_ws2/install/turtlebot3_msgs/local/lib/python3.10/dist-packages/turtlebot3_msgs/turtlebot3_msgs_s__rosidl_typesupport_introspection_c.cpython-310-x86_64-linux-gnu.so
[5.351s] -- Up-to-date symlink: /home/usman/experiments/turtlebot3_ws2/install/turtlebot3_msgs/local/lib/python3.10/dist-packages/turtlebot3_msgs/turtlebot3_msgs_s__rosidl_typesupport_c.cpython-310-x86_64-linux-gnu.so
[5.351s] -- Up-to-date symlink: /home/usman/experiments/turtlebot3_ws2/install/turtlebot3_msgs/share/turtlebot3_msgs/msg/SensorState.idl
[5.351s] -- Up-to-date symlink: /home/usman/experiments/turtlebot3_ws2/install/turtlebot3_msgs/share/turtlebot3_msgs/msg/Sound.idl
[5.351s] -- Up-to-date symlink: /home/usman/experiments/turtlebot3_ws2/install/turtlebot3_msgs/share/turtlebot3_msgs/msg/VersionInfo.idl
[5.352s] -- Up-to-date symlink: /home/usman/experiments/turtlebot3_ws2/install/turtlebot3_msgs/share/turtlebot3_msgs/srv/Sound.idl
[5.352s] -- Up-to-date symlink: /home/usman/experiments/turtlebot3_ws2/install/turtlebot3_msgs/share/turtlebot3_msgs/srv/Dqn.idl
[5.352s] -- Up-to-date symlink: /home/usman/experiments/turtlebot3_ws2/install/turtlebot3_msgs/share/turtlebot3_msgs/action/Patrol.idl
[5.354s] -- Up-to-date symlink: /home/usman/experiments/turtlebot3_ws2/install/turtlebot3_msgs/share/turtlebot3_msgs/msg/SensorState.msg
[5.354s] -- Up-to-date symlink: /home/usman/experiments/turtlebot3_ws2/install/turtlebot3_msgs/share/turtlebot3_msgs/msg/Sound.msg
[5.354s] -- Up-to-date symlink: /home/usman/experiments/turtlebot3_ws2/install/turtlebot3_msgs/share/turtlebot3_msgs/msg/VersionInfo.msg
[5.355s] -- Up-to-date symlink: /home/usman/experiments/turtlebot3_ws2/install/turtlebot3_msgs/share/turtlebot3_msgs/srv/Sound.srv
[5.357s] -- Up-to-date symlink: /home/usman/experiments/turtlebot3_ws2/install/turtlebot3_msgs/share/turtlebot3_msgs/srv/Sound_Request.msg
[5.357s] -- Up-to-date symlink: /home/usman/experiments/turtlebot3_ws2/install/turtlebot3_msgs/share/turtlebot3_msgs/srv/Sound_Response.msg
[5.357s] -- Up-to-date symlink: /home/usman/experiments/turtlebot3_ws2/install/turtlebot3_msgs/share/turtlebot3_msgs/srv/Dqn.srv
[5.358s] -- Up-to-date symlink: /home/usman/experiments/turtlebot3_ws2/install/turtlebot3_msgs/share/turtlebot3_msgs/srv/Dqn_Request.msg
[5.359s] -- Up-to-date symlink: /home/usman/experiments/turtlebot3_ws2/install/turtlebot3_msgs/share/turtlebot3_msgs/srv/Dqn_Response.msg
[5.359s] -- Up-to-date symlink: /home/usman/experiments/turtlebot3_ws2/install/turtlebot3_msgs/share/turtlebot3_msgs/action/Patrol.action
[5.360s] -- Up-to-date symlink: /home/usman/experiments/turtlebot3_ws2/install/turtlebot3_msgs/share/ament_index/resource_index/package_run_dependencies/turtlebot3_msgs
[5.361s] -- Up-to-date symlink: /home/usman/experiments/turtlebot3_ws2/install/turtlebot3_msgs/share/ament_index/resource_index/parent_prefix_path/turtlebot3_msgs
[5.362s] -- Up-to-date symlink: /home/usman/experiments/turtlebot3_ws2/install/turtlebot3_msgs/share/turtlebot3_msgs/environment/ament_prefix_path.sh
[5.362s] -- Up-to-date symlink: /home/usman/experiments/turtlebot3_ws2/install/turtlebot3_msgs/share/turtlebot3_msgs/environment/ament_prefix_path.dsv
[5.363s] -- Up-to-date symlink: /home/usman/experiments/turtlebot3_ws2/install/turtlebot3_msgs/share/turtlebot3_msgs/environment/path.sh
[5.363s] -- Up-to-date symlink: /home/usman/experiments/turtlebot3_ws2/install/turtlebot3_msgs/share/turtlebot3_msgs/environment/path.dsv
[5.364s] -- Up-to-date symlink: /home/usman/experiments/turtlebot3_ws2/install/turtlebot3_msgs/share/turtlebot3_msgs/local_setup.bash
[5.364s] -- Up-to-date symlink: /home/usman/experiments/turtlebot3_ws2/install/turtlebot3_msgs/share/turtlebot3_msgs/local_setup.sh
[5.365s] -- Up-to-date symlink: /home/usman/experiments/turtlebot3_ws2/install/turtlebot3_msgs/share/turtlebot3_msgs/local_setup.zsh
[5.365s] -- Up-to-date symlink: /home/usman/experiments/turtlebot3_ws2/install/turtlebot3_msgs/share/turtlebot3_msgs/local_setup.dsv
[5.365s] -- Symlinking: /home/usman/experiments/turtlebot3_ws2/install/turtlebot3_msgs/share/turtlebot3_msgs/package.dsv
[5.367s] -- Up-to-date symlink: /home/usman/experiments/turtlebot3_ws2/install/turtlebot3_msgs/share/ament_index/resource_index/packages/turtlebot3_msgs
[5.367s] -- Up-to-date symlink: /home/usman/experiments/turtlebot3_ws2/install/turtlebot3_msgs/share/turtlebot3_msgs/cmake/rosidl_cmake-extras.cmake
[5.368s] -- Up-to-date symlink: /home/usman/experiments/turtlebot3_ws2/install/turtlebot3_msgs/share/turtlebot3_msgs/cmake/ament_cmake_export_dependencies-extras.cmake
[5.369s] -- Up-to-date symlink: /home/usman/experiments/turtlebot3_ws2/install/turtlebot3_msgs/share/turtlebot3_msgs/cmake/ament_cmake_export_include_directories-extras.cmake
[5.369s] -- Up-to-date symlink: /home/usman/experiments/turtlebot3_ws2/install/turtlebot3_msgs/share/turtlebot3_msgs/cmake/ament_cmake_export_libraries-extras.cmake
[5.370s] -- Up-to-date symlink: /home/usman/experiments/turtlebot3_ws2/install/turtlebot3_msgs/share/turtlebot3_msgs/cmake/ament_cmake_export_targets-extras.cmake
[5.370s] -- Up-to-date symlink: /home/usman/experiments/turtlebot3_ws2/install/turtlebot3_msgs/share/turtlebot3_msgs/cmake/rosidl_cmake_export_typesupport_targets-extras.cmake
[5.370s] -- Up-to-date symlink: /home/usman/experiments/turtlebot3_ws2/install/turtlebot3_msgs/share/turtlebot3_msgs/cmake/rosidl_cmake_export_typesupport_libraries-extras.cmake
[5.371s] -- Up-to-date symlink: /home/usman/experiments/turtlebot3_ws2/install/turtlebot3_msgs/share/turtlebot3_msgs/cmake/turtlebot3_msgsConfig.cmake
[5.372s] -- Up-to-date symlink: /home/usman/experiments/turtlebot3_ws2/install/turtlebot3_msgs/share/turtlebot3_msgs/cmake/turtlebot3_msgsConfig-version.cmake
[5.372s] -- Up-to-date symlink: /home/usman/experiments/turtlebot3_ws2/install/turtlebot3_msgs/share/turtlebot3_msgs/package.xml
[5.373s] -- Up-to-date: /home/usman/experiments/turtlebot3_ws2/install/turtlebot3_msgs/lib/libturtlebot3_msgs__rosidl_generator_c.so
[5.374s] -- Up-to-date: /home/usman/experiments/turtlebot3_ws2/install/turtlebot3_msgs/lib/libturtlebot3_msgs__rosidl_typesupport_fastrtps_c.so
[5.375s] -- Up-to-date: /home/usman/experiments/turtlebot3_ws2/install/turtlebot3_msgs/lib/libturtlebot3_msgs__rosidl_typesupport_fastrtps_cpp.so
[5.375s] -- Up-to-date: /home/usman/experiments/turtlebot3_ws2/install/turtlebot3_msgs/lib/libturtlebot3_msgs__rosidl_typesupport_introspection_c.so
[5.376s] -- Up-to-date: /home/usman/experiments/turtlebot3_ws2/install/turtlebot3_msgs/lib/libturtlebot3_msgs__rosidl_typesupport_c.so
[5.376s] -- Up-to-date: /home/usman/experiments/turtlebot3_ws2/install/turtlebot3_msgs/lib/libturtlebot3_msgs__rosidl_typesupport_introspection_cpp.so
[5.376s] -- Up-to-date: /home/usman/experiments/turtlebot3_ws2/install/turtlebot3_msgs/lib/libturtlebot3_msgs__rosidl_typesupport_cpp.so
[5.436s] Listing '/home/usman/experiments/turtlebot3_ws2/install/turtlebot3_msgs/local/lib/python3.10/dist-packages/turtlebot3_msgs'...
[5.438s] Listing '/home/usman/experiments/turtlebot3_ws2/install/turtlebot3_msgs/local/lib/python3.10/dist-packages/turtlebot3_msgs/action'...
[5.438s] Listing '/home/usman/experiments/turtlebot3_ws2/install/turtlebot3_msgs/local/lib/python3.10/dist-packages/turtlebot3_msgs/msg'...
[5.440s] Listing '/home/usman/experiments/turtlebot3_ws2/install/turtlebot3_msgs/local/lib/python3.10/dist-packages/turtlebot3_msgs/srv'...
[5.448s] -- Up-to-date: /home/usman/experiments/turtlebot3_ws2/install/turtlebot3_msgs/lib/libturtlebot3_msgs__rosidl_generator_py.so
[5.448s] -- Up-to-date: /home/usman/experiments/turtlebot3_ws2/install/turtlebot3_msgs/share/turtlebot3_msgs/cmake/export_turtlebot3_msgs__rosidl_generator_cExport.cmake
[5.448s] -- Up-to-date: /home/usman/experiments/turtlebot3_ws2/install/turtlebot3_msgs/share/turtlebot3_msgs/cmake/export_turtlebot3_msgs__rosidl_generator_cExport-noconfig.cmake
[5.449s] -- Up-to-date: /home/usman/experiments/turtlebot3_ws2/install/turtlebot3_msgs/share/turtlebot3_msgs/cmake/export_turtlebot3_msgs__rosidl_typesupport_fastrtps_cExport.cmake
[5.450s] -- Up-to-date: /home/usman/experiments/turtlebot3_ws2/install/turtlebot3_msgs/share/turtlebot3_msgs/cmake/export_turtlebot3_msgs__rosidl_typesupport_fastrtps_cExport-noconfig.cmake
[5.450s] -- Up-to-date: /home/usman/experiments/turtlebot3_ws2/install/turtlebot3_msgs/share/turtlebot3_msgs/cmake/export_turtlebot3_msgs__rosidl_generator_cppExport.cmake
[5.450s] -- Up-to-date: /home/usman/experiments/turtlebot3_ws2/install/turtlebot3_msgs/share/turtlebot3_msgs/cmake/export_turtlebot3_msgs__rosidl_typesupport_fastrtps_cppExport.cmake
[5.450s] -- Up-to-date: /home/usman/experiments/turtlebot3_ws2/install/turtlebot3_msgs/share/turtlebot3_msgs/cmake/export_turtlebot3_msgs__rosidl_typesupport_fastrtps_cppExport-noconfig.cmake
[5.451s] -- Up-to-date: /home/usman/experiments/turtlebot3_ws2/install/turtlebot3_msgs/share/turtlebot3_msgs/cmake/turtlebot3_msgs__rosidl_typesupport_introspection_cExport.cmake
[5.451s] -- Up-to-date: /home/usman/experiments/turtlebot3_ws2/install/turtlebot3_msgs/share/turtlebot3_msgs/cmake/turtlebot3_msgs__rosidl_typesupport_introspection_cExport-noconfig.cmake
[5.451s] -- Up-to-date: /home/usman/experiments/turtlebot3_ws2/install/turtlebot3_msgs/share/turtlebot3_msgs/cmake/turtlebot3_msgs__rosidl_typesupport_cExport.cmake
[5.451s] -- Up-to-date: /home/usman/experiments/turtlebot3_ws2/install/turtlebot3_msgs/share/turtlebot3_msgs/cmake/turtlebot3_msgs__rosidl_typesupport_cExport-noconfig.cmake
[5.451s] -- Up-to-date: /home/usman/experiments/turtlebot3_ws2/install/turtlebot3_msgs/share/turtlebot3_msgs/cmake/turtlebot3_msgs__rosidl_typesupport_introspection_cppExport.cmake
[5.452s] -- Up-to-date: /home/usman/experiments/turtlebot3_ws2/install/turtlebot3_msgs/share/turtlebot3_msgs/cmake/turtlebot3_msgs__rosidl_typesupport_introspection_cppExport-noconfig.cmake
[5.452s] -- Up-to-date: /home/usman/experiments/turtlebot3_ws2/install/turtlebot3_msgs/share/turtlebot3_msgs/cmake/turtlebot3_msgs__rosidl_typesupport_cppExport.cmake
[5.452s] -- Up-to-date: /home/usman/experiments/turtlebot3_ws2/install/turtlebot3_msgs/share/turtlebot3_msgs/cmake/turtlebot3_msgs__rosidl_typesupport_cppExport-noconfig.cmake
[5.452s] -- Up-to-date: /home/usman/experiments/turtlebot3_ws2/install/turtlebot3_msgs/share/turtlebot3_msgs/cmake/export_turtlebot3_msgs__rosidl_generator_pyExport.cmake
[5.452s] -- Up-to-date: /home/usman/experiments/turtlebot3_ws2/install/turtlebot3_msgs/share/turtlebot3_msgs/cmake/export_turtlebot3_msgs__rosidl_generator_pyExport-noconfig.cmake
[5.886s] Invoked command in '/home/usman/experiments/turtlebot3_ws2/build/turtlebot3_msgs' returned '0': CMAKE_PREFIX_PATH=${CMAKE_PREFIX_PATH}:/home/usman/experiments/turtlebot3_ws2/install/tb3_sim:/home/usman/experiments/turtlebot3_ws/install/tb3_sim:/home/usman/experiments/turtlebot3_ws2/install/turtlebot3_teleop:/home/usman/experiments/turtlebot3_ws2/install/turtlebot3_example:/home/usman/experiments/turtlebot3_ws/install/turtlebot3_teleop:/home/usman/experiments/turtlebot3_ws/install/turtlebot3_example:/home/usman/ros2_my_ws/install/turtlesim_catch_them_all:/home/usman/ros2_my_ws/install/my_py_pkg:/home/usman/ros2_ws/install/my_robot_controller:/home/usman/ros2_ws/install/my_controller:/home/usman/ros2_ws/src/install/my_robot_controller:/home/usman/ros2_ws/src/install/my_controller:/opt/ros/humble /usr/bin/cmake --install /home/usman/experiments/turtlebot3_ws2/build/turtlebot3_msgs
