[1.691s] Invoking command in '/home/usman/experiments/turtlebot3_ws2/build/hls_lfcd_lds_driver': CMAKE_PREFIX_PATH=${CMAKE_PREFIX_PATH}:/home/usman/experiments/turtlebot3_ws2/install/turtlebot3_teleop:/home/usman/experiments/turtlebot3_ws2/install/turtlebot3_example:/home/usman/experiments/turtlebot3_ws2/install/tb3_sim:/home/usman/ros2_my_ws/install/turtlesim_catch_them_all:/home/usman/ros2_my_ws/install/my_py_pkg:/home/usman/ros2_ws/install/my_robot_controller:/home/usman/ros2_ws/install/my_controller:/home/usman/ros2_ws/src/install/my_robot_controller:/home/usman/ros2_ws/src/install/my_controller:/opt/ros/humble /usr/bin/cmake --build /home/usman/experiments/turtlebot3_ws2/build/hls_lfcd_lds_driver -- -j16 -l16
[3.034s] [100%] Built target hlds_laser_publisher
[3.059s] Invoked command in '/home/usman/experiments/turtlebot3_ws2/build/hls_lfcd_lds_driver' returned '0': CMAKE_PREFIX_PATH=${CMAKE_PREFIX_PATH}:/home/usman/experiments/turtlebot3_ws2/install/turtlebot3_teleop:/home/usman/experiments/turtlebot3_ws2/install/turtlebot3_example:/home/usman/experiments/turtlebot3_ws2/install/tb3_sim:/home/usman/ros2_my_ws/install/turtlesim_catch_them_all:/home/usman/ros2_my_ws/install/my_py_pkg:/home/usman/ros2_ws/install/my_robot_controller:/home/usman/ros2_ws/install/my_controller:/home/usman/ros2_ws/src/install/my_robot_controller:/home/usman/ros2_ws/src/install/my_controller:/opt/ros/humble /usr/bin/cmake --build /home/usman/experiments/turtlebot3_ws2/build/hls_lfcd_lds_driver -- -j16 -l16
[3.130s] Invoking command in '/home/usman/experiments/turtlebot3_ws2/build/hls_lfcd_lds_driver': CMAKE_PREFIX_PATH=${CMAKE_PREFIX_PATH}:/home/usman/experiments/turtlebot3_ws2/install/turtlebot3_teleop:/home/usman/experiments/turtlebot3_ws2/install/turtlebot3_example:/home/usman/experiments/turtlebot3_ws2/install/tb3_sim:/home/usman/ros2_my_ws/install/turtlesim_catch_them_all:/home/usman/ros2_my_ws/install/my_py_pkg:/home/usman/ros2_ws/install/my_robot_controller:/home/usman/ros2_ws/install/my_controller:/home/usman/ros2_ws/src/install/my_robot_controller:/home/usman/ros2_ws/src/install/my_controller:/opt/ros/humble /usr/bin/cmake --install /home/usman/experiments/turtlebot3_ws2/build/hls_lfcd_lds_driver
[3.172s] -- Install configuration: ""
[3.188s] -- Execute custom install script
[3.189s] -- Up-to-date symlink: /home/usman/experiments/turtlebot3_ws2/install/hls_lfcd_lds_driver/share/hls_lfcd_lds_driver/launch/hlds_laser.launch.py
[3.190s] -- Up-to-date symlink: /home/usman/experiments/turtlebot3_ws2/install/hls_lfcd_lds_driver/share/hls_lfcd_lds_driver/launch/view_hlds_laser.launch.py
[3.191s] -- Up-to-date symlink: /home/usman/experiments/turtlebot3_ws2/install/hls_lfcd_lds_driver/share/hls_lfcd_lds_driver/rviz/hlds_laser.rviz
[3.194s] -- Up-to-date symlink: /home/usman/experiments/turtlebot3_ws2/install/hls_lfcd_lds_driver/lib/hls_lfcd_lds_driver/hlds_laser_publisher
[3.198s] -- Up-to-date symlink: /home/usman/experiments/turtlebot3_ws2/install/hls_lfcd_lds_driver/share/ament_index/resource_index/package_run_dependencies/hls_lfcd_lds_driver
[3.200s] -- Up-to-date symlink: /home/usman/experiments/turtlebot3_ws2/install/hls_lfcd_lds_driver/share/ament_index/resource_index/parent_prefix_path/hls_lfcd_lds_driver
[3.200s] -- Up-to-date symlink: /home/usman/experiments/turtlebot3_ws2/install/hls_lfcd_lds_driver/share/hls_lfcd_lds_driver/environment/ament_prefix_path.sh
[3.200s] -- Up-to-date symlink: /home/usman/experiments/turtlebot3_ws2/install/hls_lfcd_lds_driver/share/hls_lfcd_lds_driver/environment/ament_prefix_path.dsv
[3.201s] -- Up-to-date symlink: /home/usman/experiments/turtlebot3_ws2/install/hls_lfcd_lds_driver/share/hls_lfcd_lds_driver/environment/path.sh
[3.204s] -- Up-to-date symlink: /home/usman/experiments/turtlebot3_ws2/install/hls_lfcd_lds_driver/share/hls_lfcd_lds_driver/environment/path.dsv
[3.206s] -- Up-to-date symlink: /home/usman/experiments/turtlebot3_ws2/install/hls_lfcd_lds_driver/share/hls_lfcd_lds_driver/local_setup.bash
[3.206s] -- Up-to-date symlink: /home/usman/experiments/turtlebot3_ws2/install/hls_lfcd_lds_driver/share/hls_lfcd_lds_driver/local_setup.sh
[3.207s] -- Up-to-date symlink: /home/usman/experiments/turtlebot3_ws2/install/hls_lfcd_lds_driver/share/hls_lfcd_lds_driver/local_setup.zsh
[3.207s] -- Up-to-date symlink: /home/usman/experiments/turtlebot3_ws2/install/hls_lfcd_lds_driver/share/hls_lfcd_lds_driver/local_setup.dsv
[3.208s] -- Symlinking: /home/usman/experiments/turtlebot3_ws2/install/hls_lfcd_lds_driver/share/hls_lfcd_lds_driver/package.dsv
[3.234s] -- Up-to-date symlink: /home/usman/experiments/turtlebot3_ws2/install/hls_lfcd_lds_driver/share/ament_index/resource_index/packages/hls_lfcd_lds_driver
[3.236s] -- Up-to-date symlink: /home/usman/experiments/turtlebot3_ws2/install/hls_lfcd_lds_driver/share/hls_lfcd_lds_driver/cmake/ament_cmake_export_dependencies-extras.cmake
[3.242s] -- Up-to-date symlink: /home/usman/experiments/turtlebot3_ws2/install/hls_lfcd_lds_driver/share/hls_lfcd_lds_driver/cmake/ament_cmake_export_include_directories-extras.cmake
[3.242s] -- Up-to-date symlink: /home/usman/experiments/turtlebot3_ws2/install/hls_lfcd_lds_driver/share/hls_lfcd_lds_driver/cmake/hls_lfcd_lds_driverConfig.cmake
[3.243s] -- Up-to-date symlink: /home/usman/experiments/turtlebot3_ws2/install/hls_lfcd_lds_driver/share/hls_lfcd_lds_driver/cmake/hls_lfcd_lds_driverConfig-version.cmake
[3.243s] -- Up-to-date symlink: /home/usman/experiments/turtlebot3_ws2/install/hls_lfcd_lds_driver/share/hls_lfcd_lds_driver/package.xml
[3.626s] Invoked command in '/home/usman/experiments/turtlebot3_ws2/build/hls_lfcd_lds_driver' returned '0': CMAKE_PREFIX_PATH=${CMAKE_PREFIX_PATH}:/home/usman/experiments/turtlebot3_ws2/install/turtlebot3_teleop:/home/usman/experiments/turtlebot3_ws2/install/turtlebot3_example:/home/usman/experiments/turtlebot3_ws2/install/tb3_sim:/home/usman/ros2_my_ws/install/turtlesim_catch_them_all:/home/usman/ros2_my_ws/install/my_py_pkg:/home/usman/ros2_ws/install/my_robot_controller:/home/usman/ros2_ws/install/my_controller:/home/usman/ros2_ws/src/install/my_robot_controller:/home/usman/ros2_ws/src/install/my_controller:/opt/ros/humble /usr/bin/cmake --install /home/usman/experiments/turtlebot3_ws2/build/hls_lfcd_lds_driver
