[0.435s] Invoking command in '/home/usman/experiments/turtlebot3_ws2/build/hls_lfcd_lds_driver': CMAKE_PREFIX_PATH=${CMAKE_PREFIX_PATH}:/home/usman/ros2_my_ws/install/turtlesim_catch_them_all:/home/usman/ros2_my_ws/install/my_py_pkg:/home/usman/ros2_ws/install/my_robot_controller:/home/usman/ros2_ws/install/my_controller:/home/usman/ros2_ws/src/install/my_robot_controller:/home/usman/ros2_ws/src/install/my_controller:/opt/ros/humble /usr/bin/cmake /home/usman/experiments/turtlebot3_ws2/src/utils/hls_lfcd_lds_driver -DAMENT_CMAKE_SYMLINK_INSTALL=1 -DCMAKE_INSTALL_PREFIX=/home/usman/experiments/turtlebot3_ws2/install/hls_lfcd_lds_driver
[0.506s] -- The C compiler identification is GNU 11.4.0
[0.564s] -- The CXX compiler identification is GNU 11.4.0
[0.571s] -- Detecting C compiler ABI info
[0.637s] -- Detecting C compiler ABI info - done
[0.646s] -- Check for working C compiler: /usr/bin/cc - skipped
[0.646s] -- Detecting C compile features
[0.646s] -- Detecting C compile features - done
[0.649s] -- Detecting CXX compiler ABI info
[0.728s] -- Detecting CXX compiler ABI info - done
[0.734s] -- Check for working CXX compiler: /usr/bin/c++ - skipped
[0.734s] -- Detecting CXX compile features
[0.735s] -- Detecting CXX compile features - done
[0.737s] -- Found ament_cmake: 1.3.6 (/opt/ros/humble/share/ament_cmake/cmake)
[1.132s] -- Found Python3: /usr/bin/python3.10 (found version "3.10.12") found components: Interpreter 
[1.188s] -- Override CMake install command with custom implementation using symlinks instead of copying resources
[1.217s] -- Found rclcpp: 16.0.7 (/opt/ros/humble/share/rclcpp/cmake)
[1.263s] -- Found rosidl_generator_c: 3.1.5 (/opt/ros/humble/share/rosidl_generator_c/cmake)
[1.267s] -- Found rosidl_adapter: 3.1.5 (/opt/ros/humble/share/rosidl_adapter/cmake)
[1.275s] -- Found rosidl_generator_cpp: 3.1.5 (/opt/ros/humble/share/rosidl_generator_cpp/cmake)
[1.287s] -- Using all available rosidl_typesupport_c: rosidl_typesupport_fastrtps_c;rosidl_typesupport_introspection_c
[1.312s] -- Using all available rosidl_typesupport_cpp: rosidl_typesupport_fastrtps_cpp;rosidl_typesupport_introspection_cpp
[1.425s] -- Found rmw_implementation_cmake: 6.1.1 (/opt/ros/humble/share/rmw_implementation_cmake/cmake)
[1.430s] -- Found rmw_fastrtps_cpp: 6.2.5 (/opt/ros/humble/share/rmw_fastrtps_cpp/cmake)
[1.566s] -- Found OpenSSL: /usr/lib/x86_64-linux-gnu/libcrypto.so (found version "3.0.2")  
[1.595s] -- Found FastRTPS: /opt/ros/humble/include  
[1.647s] -- Using RMW implementation 'rmw_fastrtps_cpp' as default
[1.658s] -- Looking for pthread.h
[1.713s] -- Looking for pthread.h - found
[1.713s] -- Performing Test CMAKE_HAVE_LIBC_PTHREAD
[1.782s] -- Performing Test CMAKE_HAVE_LIBC_PTHREAD - Success
[1.783s] -- Found Threads: TRUE  
[1.922s] -- Found sensor_msgs: 4.2.3 (/opt/ros/humble/share/sensor_msgs/cmake)
[2.067s] -- Found Boost: /usr/lib/x86_64-linux-gnu/cmake/Boost-1.74.0/BoostConfig.cmake (found version "1.74.0") found components: system 
[2.134s] -- Configuring done
[2.144s] -- Generating done
[2.145s] -- Build files have been written to: /home/usman/experiments/turtlebot3_ws2/build/hls_lfcd_lds_driver
[2.169s] Invoked command in '/home/usman/experiments/turtlebot3_ws2/build/hls_lfcd_lds_driver' returned '0': CMAKE_PREFIX_PATH=${CMAKE_PREFIX_PATH}:/home/usman/ros2_my_ws/install/turtlesim_catch_them_all:/home/usman/ros2_my_ws/install/my_py_pkg:/home/usman/ros2_ws/install/my_robot_controller:/home/usman/ros2_ws/install/my_controller:/home/usman/ros2_ws/src/install/my_robot_controller:/home/usman/ros2_ws/src/install/my_controller:/opt/ros/humble /usr/bin/cmake /home/usman/experiments/turtlebot3_ws2/src/utils/hls_lfcd_lds_driver -DAMENT_CMAKE_SYMLINK_INSTALL=1 -DCMAKE_INSTALL_PREFIX=/home/usman/experiments/turtlebot3_ws2/install/hls_lfcd_lds_driver
[2.170s] Invoking command in '/home/usman/experiments/turtlebot3_ws2/build/hls_lfcd_lds_driver': CMAKE_PREFIX_PATH=${CMAKE_PREFIX_PATH}:/home/usman/ros2_my_ws/install/turtlesim_catch_them_all:/home/usman/ros2_my_ws/install/my_py_pkg:/home/usman/ros2_ws/install/my_robot_controller:/home/usman/ros2_ws/install/my_controller:/home/usman/ros2_ws/src/install/my_robot_controller:/home/usman/ros2_ws/src/install/my_controller:/opt/ros/humble /usr/bin/cmake --build /home/usman/experiments/turtlebot3_ws2/build/hls_lfcd_lds_driver -- -j16 -l16
[2.210s] [ 50%] [32mBuilding CXX object CMakeFiles/hlds_laser_publisher.dir/src/hlds_laser_publisher.cpp.o[0m
[15.685s] [100%] [32m[1mLinking CXX executable hlds_laser_publisher[0m
[16.017s] [100%] Built target hlds_laser_publisher
[16.040s] Invoked command in '/home/usman/experiments/turtlebot3_ws2/build/hls_lfcd_lds_driver' returned '0': CMAKE_PREFIX_PATH=${CMAKE_PREFIX_PATH}:/home/usman/ros2_my_ws/install/turtlesim_catch_them_all:/home/usman/ros2_my_ws/install/my_py_pkg:/home/usman/ros2_ws/install/my_robot_controller:/home/usman/ros2_ws/install/my_controller:/home/usman/ros2_ws/src/install/my_robot_controller:/home/usman/ros2_ws/src/install/my_controller:/opt/ros/humble /usr/bin/cmake --build /home/usman/experiments/turtlebot3_ws2/build/hls_lfcd_lds_driver -- -j16 -l16
[16.075s] Invoking command in '/home/usman/experiments/turtlebot3_ws2/build/hls_lfcd_lds_driver': CMAKE_PREFIX_PATH=${CMAKE_PREFIX_PATH}:/home/usman/ros2_my_ws/install/turtlesim_catch_them_all:/home/usman/ros2_my_ws/install/my_py_pkg:/home/usman/ros2_ws/install/my_robot_controller:/home/usman/ros2_ws/install/my_controller:/home/usman/ros2_ws/src/install/my_robot_controller:/home/usman/ros2_ws/src/install/my_controller:/opt/ros/humble /usr/bin/cmake --install /home/usman/experiments/turtlebot3_ws2/build/hls_lfcd_lds_driver
[16.083s] -- Install configuration: ""
[16.085s] -- Execute custom install script
[16.085s] -- Symlinking: /home/usman/experiments/turtlebot3_ws2/install/hls_lfcd_lds_driver/share/hls_lfcd_lds_driver/launch/hlds_laser.launch.py
[16.097s] -- Symlinking: /home/usman/experiments/turtlebot3_ws2/install/hls_lfcd_lds_driver/share/hls_lfcd_lds_driver/launch/view_hlds_laser.launch.py
[16.109s] -- Symlinking: /home/usman/experiments/turtlebot3_ws2/install/hls_lfcd_lds_driver/share/hls_lfcd_lds_driver/rviz/hlds_laser.rviz
[16.122s] -- Symlinking: /home/usman/experiments/turtlebot3_ws2/install/hls_lfcd_lds_driver/lib/hls_lfcd_lds_driver/hlds_laser_publisher
[16.134s] -- Symlinking: /home/usman/experiments/turtlebot3_ws2/install/hls_lfcd_lds_driver/share/ament_index/resource_index/package_run_dependencies/hls_lfcd_lds_driver
[16.146s] -- Symlinking: /home/usman/experiments/turtlebot3_ws2/install/hls_lfcd_lds_driver/share/ament_index/resource_index/parent_prefix_path/hls_lfcd_lds_driver
[16.158s] -- Symlinking: /home/usman/experiments/turtlebot3_ws2/install/hls_lfcd_lds_driver/share/hls_lfcd_lds_driver/environment/ament_prefix_path.sh
[16.171s] -- Symlinking: /home/usman/experiments/turtlebot3_ws2/install/hls_lfcd_lds_driver/share/hls_lfcd_lds_driver/environment/ament_prefix_path.dsv
[16.183s] -- Symlinking: /home/usman/experiments/turtlebot3_ws2/install/hls_lfcd_lds_driver/share/hls_lfcd_lds_driver/environment/path.sh
[16.196s] -- Symlinking: /home/usman/experiments/turtlebot3_ws2/install/hls_lfcd_lds_driver/share/hls_lfcd_lds_driver/environment/path.dsv
[16.208s] -- Symlinking: /home/usman/experiments/turtlebot3_ws2/install/hls_lfcd_lds_driver/share/hls_lfcd_lds_driver/local_setup.bash
[16.221s] -- Symlinking: /home/usman/experiments/turtlebot3_ws2/install/hls_lfcd_lds_driver/share/hls_lfcd_lds_driver/local_setup.sh
[16.233s] -- Symlinking: /home/usman/experiments/turtlebot3_ws2/install/hls_lfcd_lds_driver/share/hls_lfcd_lds_driver/local_setup.zsh
[16.245s] -- Symlinking: /home/usman/experiments/turtlebot3_ws2/install/hls_lfcd_lds_driver/share/hls_lfcd_lds_driver/local_setup.dsv
[16.258s] -- Symlinking: /home/usman/experiments/turtlebot3_ws2/install/hls_lfcd_lds_driver/share/hls_lfcd_lds_driver/package.dsv
[16.270s] -- Symlinking: /home/usman/experiments/turtlebot3_ws2/install/hls_lfcd_lds_driver/share/ament_index/resource_index/packages/hls_lfcd_lds_driver
[16.282s] -- Symlinking: /home/usman/experiments/turtlebot3_ws2/install/hls_lfcd_lds_driver/share/hls_lfcd_lds_driver/cmake/ament_cmake_export_dependencies-extras.cmake
[16.295s] -- Symlinking: /home/usman/experiments/turtlebot3_ws2/install/hls_lfcd_lds_driver/share/hls_lfcd_lds_driver/cmake/ament_cmake_export_include_directories-extras.cmake
[16.308s] -- Symlinking: /home/usman/experiments/turtlebot3_ws2/install/hls_lfcd_lds_driver/share/hls_lfcd_lds_driver/cmake/hls_lfcd_lds_driverConfig.cmake
[16.319s] -- Symlinking: /home/usman/experiments/turtlebot3_ws2/install/hls_lfcd_lds_driver/share/hls_lfcd_lds_driver/cmake/hls_lfcd_lds_driverConfig-version.cmake
[16.332s] -- Symlinking: /home/usman/experiments/turtlebot3_ws2/install/hls_lfcd_lds_driver/share/hls_lfcd_lds_driver/package.xml
[16.349s] Invoked command in '/home/usman/experiments/turtlebot3_ws2/build/hls_lfcd_lds_driver' returned '0': CMAKE_PREFIX_PATH=${CMAKE_PREFIX_PATH}:/home/usman/ros2_my_ws/install/turtlesim_catch_them_all:/home/usman/ros2_my_ws/install/my_py_pkg:/home/usman/ros2_ws/install/my_robot_controller:/home/usman/ros2_ws/install/my_controller:/home/usman/ros2_ws/src/install/my_robot_controller:/home/usman/ros2_ws/src/install/my_controller:/opt/ros/humble /usr/bin/cmake --install /home/usman/experiments/turtlebot3_ws2/build/hls_lfcd_lds_driver
