[0.264s] Invoking command in '/home/usman/experiments/turtlebot3_ws2/build/turtlebot3_cartographer': CMAKE_PREFIX_PATH=${CMAKE_PREFIX_PATH}:/home/usman/ros2_my_ws/install/turtlesim_catch_them_all:/home/usman/ros2_my_ws/install/my_py_pkg:/home/usman/ros2_ws/install/my_robot_controller:/home/usman/ros2_ws/install/my_controller:/home/usman/ros2_ws/src/install/my_robot_controller:/home/usman/ros2_ws/src/install/my_controller:/opt/ros/humble /usr/bin/cmake /home/usman/experiments/turtlebot3_ws2/src/turtlebot3/turtlebot3/turtlebot3_cartographer -DAMENT_CMAKE_SYMLINK_INSTALL=1 -DCMAKE_INSTALL_PREFIX=/home/usman/experiments/turtlebot3_ws2/install/turtlebot3_cartographer
[0.329s] -- The C compiler identification is GNU 11.4.0
[0.392s] -- The CXX compiler identification is GNU 11.4.0
[0.398s] -- Detecting C compiler ABI info
[0.458s] -- Detecting C compiler ABI info - done
[0.466s] -- Check for working C compiler: /usr/bin/cc - skipped
[0.466s] -- Detecting C compile features
[0.467s] -- Detecting C compile features - done
[0.469s] -- Detecting CXX compiler ABI info
[0.540s] -- Detecting CXX compiler ABI info - done
[0.547s] -- Check for working CXX compiler: /usr/bin/c++ - skipped
[0.547s] -- Detecting CXX compile features
[0.547s] -- Detecting CXX compile features - done
[0.549s] -- Found ament_cmake: 1.3.6 (/opt/ros/humble/share/ament_cmake/cmake)
[0.977s] -- Found Python3: /usr/bin/python3.10 (found version "3.10.12") found components: Interpreter 
[1.050s] -- Override CMake install command with custom implementation using symlinks instead of copying resources
[1.136s] -- Configuring done
[1.139s] -- Generating done
[1.140s] -- Build files have been written to: /home/usman/experiments/turtlebot3_ws2/build/turtlebot3_cartographer
[1.144s] Invoked command in '/home/usman/experiments/turtlebot3_ws2/build/turtlebot3_cartographer' returned '0': CMAKE_PREFIX_PATH=${CMAKE_PREFIX_PATH}:/home/usman/ros2_my_ws/install/turtlesim_catch_them_all:/home/usman/ros2_my_ws/install/my_py_pkg:/home/usman/ros2_ws/install/my_robot_controller:/home/usman/ros2_ws/install/my_controller:/home/usman/ros2_ws/src/install/my_robot_controller:/home/usman/ros2_ws/src/install/my_controller:/opt/ros/humble /usr/bin/cmake /home/usman/experiments/turtlebot3_ws2/src/turtlebot3/turtlebot3/turtlebot3_cartographer -DAMENT_CMAKE_SYMLINK_INSTALL=1 -DCMAKE_INSTALL_PREFIX=/home/usman/experiments/turtlebot3_ws2/install/turtlebot3_cartographer
[1.146s] Invoking command in '/home/usman/experiments/turtlebot3_ws2/build/turtlebot3_cartographer': CMAKE_PREFIX_PATH=${CMAKE_PREFIX_PATH}:/home/usman/ros2_my_ws/install/turtlesim_catch_them_all:/home/usman/ros2_my_ws/install/my_py_pkg:/home/usman/ros2_ws/install/my_robot_controller:/home/usman/ros2_ws/install/my_controller:/home/usman/ros2_ws/src/install/my_robot_controller:/home/usman/ros2_ws/src/install/my_controller:/opt/ros/humble /usr/bin/cmake --build /home/usman/experiments/turtlebot3_ws2/build/turtlebot3_cartographer -- -j16 -l16
[1.186s] Invoked command in '/home/usman/experiments/turtlebot3_ws2/build/turtlebot3_cartographer' returned '0': CMAKE_PREFIX_PATH=${CMAKE_PREFIX_PATH}:/home/usman/ros2_my_ws/install/turtlesim_catch_them_all:/home/usman/ros2_my_ws/install/my_py_pkg:/home/usman/ros2_ws/install/my_robot_controller:/home/usman/ros2_ws/install/my_controller:/home/usman/ros2_ws/src/install/my_robot_controller:/home/usman/ros2_ws/src/install/my_controller:/opt/ros/humble /usr/bin/cmake --build /home/usman/experiments/turtlebot3_ws2/build/turtlebot3_cartographer -- -j16 -l16
[1.217s] Invoking command in '/home/usman/experiments/turtlebot3_ws2/build/turtlebot3_cartographer': CMAKE_PREFIX_PATH=${CMAKE_PREFIX_PATH}:/home/usman/ros2_my_ws/install/turtlesim_catch_them_all:/home/usman/ros2_my_ws/install/my_py_pkg:/home/usman/ros2_ws/install/my_robot_controller:/home/usman/ros2_ws/install/my_controller:/home/usman/ros2_ws/src/install/my_robot_controller:/home/usman/ros2_ws/src/install/my_controller:/opt/ros/humble /usr/bin/cmake --install /home/usman/experiments/turtlebot3_ws2/build/turtlebot3_cartographer
[1.227s] -- Install configuration: ""
[1.227s] -- Execute custom install script
[1.227s] -- Symlinking: /home/usman/experiments/turtlebot3_ws2/install/turtlebot3_cartographer/share/turtlebot3_cartographer/config/turtlebot3_lds_2d.lua
[1.241s] -- Symlinking: /home/usman/experiments/turtlebot3_ws2/install/turtlebot3_cartographer/share/turtlebot3_cartographer/launch/cartographer.launch.py
[1.252s] -- Symlinking: /home/usman/experiments/turtlebot3_ws2/install/turtlebot3_cartographer/share/turtlebot3_cartographer/launch/occupancy_grid.launch.py
[1.261s] -- Symlinking: /home/usman/experiments/turtlebot3_ws2/install/turtlebot3_cartographer/share/turtlebot3_cartographer/rviz/tb3_cartographer.rviz
[1.272s] -- Symlinking: /home/usman/experiments/turtlebot3_ws2/install/turtlebot3_cartographer/share/ament_index/resource_index/package_run_dependencies/turtlebot3_cartographer
[1.281s] -- Symlinking: /home/usman/experiments/turtlebot3_ws2/install/turtlebot3_cartographer/share/ament_index/resource_index/parent_prefix_path/turtlebot3_cartographer
[1.289s] -- Symlinking: /home/usman/experiments/turtlebot3_ws2/install/turtlebot3_cartographer/share/turtlebot3_cartographer/environment/ament_prefix_path.sh
[1.298s] -- Symlinking: /home/usman/experiments/turtlebot3_ws2/install/turtlebot3_cartographer/share/turtlebot3_cartographer/environment/ament_prefix_path.dsv
[1.308s] -- Symlinking: /home/usman/experiments/turtlebot3_ws2/install/turtlebot3_cartographer/share/turtlebot3_cartographer/environment/path.sh
[1.317s] -- Symlinking: /home/usman/experiments/turtlebot3_ws2/install/turtlebot3_cartographer/share/turtlebot3_cartographer/environment/path.dsv
[1.327s] -- Symlinking: /home/usman/experiments/turtlebot3_ws2/install/turtlebot3_cartographer/share/turtlebot3_cartographer/local_setup.bash
[1.336s] -- Symlinking: /home/usman/experiments/turtlebot3_ws2/install/turtlebot3_cartographer/share/turtlebot3_cartographer/local_setup.sh
[1.345s] -- Symlinking: /home/usman/experiments/turtlebot3_ws2/install/turtlebot3_cartographer/share/turtlebot3_cartographer/local_setup.zsh
[1.356s] -- Symlinking: /home/usman/experiments/turtlebot3_ws2/install/turtlebot3_cartographer/share/turtlebot3_cartographer/local_setup.dsv
[1.366s] -- Symlinking: /home/usman/experiments/turtlebot3_ws2/install/turtlebot3_cartographer/share/turtlebot3_cartographer/package.dsv
[1.376s] -- Symlinking: /home/usman/experiments/turtlebot3_ws2/install/turtlebot3_cartographer/share/ament_index/resource_index/packages/turtlebot3_cartographer
[1.386s] -- Symlinking: /home/usman/experiments/turtlebot3_ws2/install/turtlebot3_cartographer/share/turtlebot3_cartographer/cmake/turtlebot3_cartographerConfig.cmake
[1.395s] -- Symlinking: /home/usman/experiments/turtlebot3_ws2/install/turtlebot3_cartographer/share/turtlebot3_cartographer/cmake/turtlebot3_cartographerConfig-version.cmake
[1.402s] -- Symlinking: /home/usman/experiments/turtlebot3_ws2/install/turtlebot3_cartographer/share/turtlebot3_cartographer/package.xml
[1.431s] Invoked command in '/home/usman/experiments/turtlebot3_ws2/build/turtlebot3_cartographer' returned '0': CMAKE_PREFIX_PATH=${CMAKE_PREFIX_PATH}:/home/usman/ros2_my_ws/install/turtlesim_catch_them_all:/home/usman/ros2_my_ws/install/my_py_pkg:/home/usman/ros2_ws/install/my_robot_controller:/home/usman/ros2_ws/install/my_controller:/home/usman/ros2_ws/src/install/my_robot_controller:/home/usman/ros2_ws/src/install/my_controller:/opt/ros/humble /usr/bin/cmake --install /home/usman/experiments/turtlebot3_ws2/build/turtlebot3_cartographer
