running develop
/home/usman/.local/lib/python3.10/site-packages/setuptools/command/develop.py:40: EasyInstallDeprecationWarning: easy_install command is deprecated.
!!

        ********************************************************************************
        Please avoid running ``setup.py`` and ``easy_install``.
        Instead, use pypa/build, pypa/installer or other
        standards-based tools.

        See https://github.com/pypa/setuptools/issues/917 for details.
        ********************************************************************************

!!
  easy_install.initialize_options(self)
/home/usman/.local/lib/python3.10/site-packages/setuptools/_distutils/cmd.py:66: SetuptoolsDeprecationWarning: setup.py install is deprecated.
!!

        ********************************************************************************
        Please avoid running ``setup.py`` directly.
        Instead, use pypa/build, pypa/installer or other
        standards-based tools.

        See https://blog.ganssle.io/articles/2021/10/setup-py-deprecated.html for details.
        ********************************************************************************

!!
  self.initialize_options()
running egg_info
writing tb3_sim.egg-info/PKG-INFO
writing dependency_links to tb3_sim.egg-info/dependency_links.txt
writing entry points to tb3_sim.egg-info/entry_points.txt
writing requirements to tb3_sim.egg-info/requires.txt
writing top-level names to tb3_sim.egg-info/top_level.txt
reading manifest file 'tb3_sim.egg-info/SOURCES.txt'
writing manifest file 'tb3_sim.egg-info/SOURCES.txt'
running build_ext
Creating /home/usman/experiments/turtlebot3_ws2/install/tb3_sim/lib/python3.10/site-packages/tb3-sim.egg-link (link to .)
Installing amcl_init_pose_publisher script to /home/usman/experiments/turtlebot3_ws2/install/tb3_sim/lib/tb3_sim

Installed /home/usman/experiments/turtlebot3_ws2/build/tb3_sim
running install_data
copying config/sim_house_locations.yaml -> /home/usman/experiments/turtlebot3_ws2/install/tb3_sim/share/tb3_sim/config/
