[1.222s] Invoking command in '/home/usman/experiments/turtlebot3_ws2/build/turtlebot3_description': CMAKE_PREFIX_PATH=${CMAKE_PREFIX_PATH}:/home/usman/experiments/turtlebot3_ws2/install/tb3_sim:/home/usman/experiments/turtlebot3_ws/install/tb3_sim:/home/usman/experiments/turtlebot3_ws2/install/turtlebot3_teleop:/home/usman/experiments/turtlebot3_ws2/install/turtlebot3_example:/home/usman/experiments/turtlebot3_ws/install/turtlebot3_teleop:/home/usman/experiments/turtlebot3_ws/install/turtlebot3_example:/home/usman/ros2_my_ws/install/turtlesim_catch_them_all:/home/usman/ros2_my_ws/install/my_py_pkg:/home/usman/ros2_ws/install/my_robot_controller:/home/usman/ros2_ws/install/my_controller:/home/usman/ros2_ws/src/install/my_robot_controller:/home/usman/ros2_ws/src/install/my_controller:/opt/ros/humble /usr/bin/cmake --build /home/usman/experiments/turtlebot3_ws2/build/turtlebot3_description -- -j16 -l16
[2.656s] Invoked command in '/home/usman/experiments/turtlebot3_ws2/build/turtlebot3_description' returned '0': CMAKE_PREFIX_PATH=${CMAKE_PREFIX_PATH}:/home/usman/experiments/turtlebot3_ws2/install/tb3_sim:/home/usman/experiments/turtlebot3_ws/install/tb3_sim:/home/usman/experiments/turtlebot3_ws2/install/turtlebot3_teleop:/home/usman/experiments/turtlebot3_ws2/install/turtlebot3_example:/home/usman/experiments/turtlebot3_ws/install/turtlebot3_teleop:/home/usman/experiments/turtlebot3_ws/install/turtlebot3_example:/home/usman/ros2_my_ws/install/turtlesim_catch_them_all:/home/usman/ros2_my_ws/install/my_py_pkg:/home/usman/ros2_ws/install/my_robot_controller:/home/usman/ros2_ws/install/my_controller:/home/usman/ros2_ws/src/install/my_robot_controller:/home/usman/ros2_ws/src/install/my_controller:/opt/ros/humble /usr/bin/cmake --build /home/usman/experiments/turtlebot3_ws2/build/turtlebot3_description -- -j16 -l16
[2.741s] Invoking command in '/home/usman/experiments/turtlebot3_ws2/build/turtlebot3_description': CMAKE_PREFIX_PATH=${CMAKE_PREFIX_PATH}:/home/usman/experiments/turtlebot3_ws2/install/tb3_sim:/home/usman/experiments/turtlebot3_ws/install/tb3_sim:/home/usman/experiments/turtlebot3_ws2/install/turtlebot3_teleop:/home/usman/experiments/turtlebot3_ws2/install/turtlebot3_example:/home/usman/experiments/turtlebot3_ws/install/turtlebot3_teleop:/home/usman/experiments/turtlebot3_ws/install/turtlebot3_example:/home/usman/ros2_my_ws/install/turtlesim_catch_them_all:/home/usman/ros2_my_ws/install/my_py_pkg:/home/usman/ros2_ws/install/my_robot_controller:/home/usman/ros2_ws/install/my_controller:/home/usman/ros2_ws/src/install/my_robot_controller:/home/usman/ros2_ws/src/install/my_controller:/opt/ros/humble /usr/bin/cmake --install /home/usman/experiments/turtlebot3_ws2/build/turtlebot3_description
[2.761s] -- Install configuration: ""
[2.761s] -- Execute custom install script
[2.763s] -- Up-to-date symlink: /home/usman/experiments/turtlebot3_ws2/install/turtlebot3_description/share/turtlebot3_description/meshes/bases/burger_base.stl
[2.764s] -- Up-to-date symlink: /home/usman/experiments/turtlebot3_ws2/install/turtlebot3_description/share/turtlebot3_description/meshes/bases/waffle_base.stl
[2.764s] -- Up-to-date symlink: /home/usman/experiments/turtlebot3_ws2/install/turtlebot3_description/share/turtlebot3_description/meshes/bases/waffle_pi_base.stl
[2.764s] -- Up-to-date symlink: /home/usman/experiments/turtlebot3_ws2/install/turtlebot3_description/share/turtlebot3_description/meshes/sensors/astra.dae
[2.765s] -- Up-to-date symlink: /home/usman/experiments/turtlebot3_ws2/install/turtlebot3_description/share/turtlebot3_description/meshes/sensors/astra.jpg
[2.766s] -- Up-to-date symlink: /home/usman/experiments/turtlebot3_ws2/install/turtlebot3_description/share/turtlebot3_description/meshes/sensors/lds.stl
[2.766s] -- Up-to-date symlink: /home/usman/experiments/turtlebot3_ws2/install/turtlebot3_description/share/turtlebot3_description/meshes/sensors/r200.dae
[2.766s] -- Up-to-date symlink: /home/usman/experiments/turtlebot3_ws2/install/turtlebot3_description/share/turtlebot3_description/meshes/sensors/r200.jpg
[2.767s] -- Up-to-date symlink: /home/usman/experiments/turtlebot3_ws2/install/turtlebot3_description/share/turtlebot3_description/meshes/wheels/left_tire.stl
[2.767s] -- Up-to-date symlink: /home/usman/experiments/turtlebot3_ws2/install/turtlebot3_description/share/turtlebot3_description/meshes/wheels/right_tire.stl
[2.767s] -- Up-to-date symlink: /home/usman/experiments/turtlebot3_ws2/install/turtlebot3_description/share/turtlebot3_description/rviz/model.rviz
[2.769s] -- Up-to-date symlink: /home/usman/experiments/turtlebot3_ws2/install/turtlebot3_description/share/turtlebot3_description/urdf/common_properties.urdf
[2.770s] -- Up-to-date symlink: /home/usman/experiments/turtlebot3_ws2/install/turtlebot3_description/share/turtlebot3_description/urdf/turtlebot3_burger.urdf
[2.773s] -- Up-to-date symlink: /home/usman/experiments/turtlebot3_ws2/install/turtlebot3_description/share/turtlebot3_description/urdf/turtlebot3_waffle.urdf
[2.774s] -- Up-to-date symlink: /home/usman/experiments/turtlebot3_ws2/install/turtlebot3_description/share/turtlebot3_description/urdf/turtlebot3_waffle_pi.urdf
[2.777s] -- Up-to-date symlink: /home/usman/experiments/turtlebot3_ws2/install/turtlebot3_description/share/ament_index/resource_index/package_run_dependencies/turtlebot3_description
[2.779s] -- Up-to-date symlink: /home/usman/experiments/turtlebot3_ws2/install/turtlebot3_description/share/ament_index/resource_index/parent_prefix_path/turtlebot3_description
[2.779s] -- Up-to-date symlink: /home/usman/experiments/turtlebot3_ws2/install/turtlebot3_description/share/turtlebot3_description/environment/ament_prefix_path.sh
[2.787s] -- Up-to-date symlink: /home/usman/experiments/turtlebot3_ws2/install/turtlebot3_description/share/turtlebot3_description/environment/ament_prefix_path.dsv
[2.788s] -- Up-to-date symlink: /home/usman/experiments/turtlebot3_ws2/install/turtlebot3_description/share/turtlebot3_description/environment/path.sh
[2.789s] -- Up-to-date symlink: /home/usman/experiments/turtlebot3_ws2/install/turtlebot3_description/share/turtlebot3_description/environment/path.dsv
[2.791s] -- Up-to-date symlink: /home/usman/experiments/turtlebot3_ws2/install/turtlebot3_description/share/turtlebot3_description/local_setup.bash
[2.792s] -- Up-to-date symlink: /home/usman/experiments/turtlebot3_ws2/install/turtlebot3_description/share/turtlebot3_description/local_setup.sh
[2.792s] -- Up-to-date symlink: /home/usman/experiments/turtlebot3_ws2/install/turtlebot3_description/share/turtlebot3_description/local_setup.zsh
[2.792s] -- Up-to-date symlink: /home/usman/experiments/turtlebot3_ws2/install/turtlebot3_description/share/turtlebot3_description/local_setup.dsv
[2.793s] -- Symlinking: /home/usman/experiments/turtlebot3_ws2/install/turtlebot3_description/share/turtlebot3_description/package.dsv
[2.832s] -- Up-to-date symlink: /home/usman/experiments/turtlebot3_ws2/install/turtlebot3_description/share/ament_index/resource_index/packages/turtlebot3_description
[2.837s] -- Up-to-date symlink: /home/usman/experiments/turtlebot3_ws2/install/turtlebot3_description/share/turtlebot3_description/cmake/turtlebot3_descriptionConfig.cmake
[2.838s] -- Up-to-date symlink: /home/usman/experiments/turtlebot3_ws2/install/turtlebot3_description/share/turtlebot3_description/cmake/turtlebot3_descriptionConfig-version.cmake
[2.840s] -- Up-to-date symlink: /home/usman/experiments/turtlebot3_ws2/install/turtlebot3_description/share/turtlebot3_description/package.xml
[2.847s] Invoked command in '/home/usman/experiments/turtlebot3_ws2/build/turtlebot3_description' returned '0': CMAKE_PREFIX_PATH=${CMAKE_PREFIX_PATH}:/home/usman/experiments/turtlebot3_ws2/install/tb3_sim:/home/usman/experiments/turtlebot3_ws/install/tb3_sim:/home/usman/experiments/turtlebot3_ws2/install/turtlebot3_teleop:/home/usman/experiments/turtlebot3_ws2/install/turtlebot3_example:/home/usman/experiments/turtlebot3_ws/install/turtlebot3_teleop:/home/usman/experiments/turtlebot3_ws/install/turtlebot3_example:/home/usman/ros2_my_ws/install/turtlesim_catch_them_all:/home/usman/ros2_my_ws/install/my_py_pkg:/home/usman/ros2_ws/install/my_robot_controller:/home/usman/ros2_ws/install/my_controller:/home/usman/ros2_ws/src/install/my_robot_controller:/home/usman/ros2_ws/src/install/my_controller:/opt/ros/humble /usr/bin/cmake --install /home/usman/experiments/turtlebot3_ws2/build/turtlebot3_description
