[1.051s] Invoking command in '/home/usman/experiments/turtlebot3_ws2/build/turtlebot3_teleop': PYTHONPATH=/home/usman/experiments/turtlebot3_ws2/build/turtlebot3_teleop/prefix_override:/home/usman/experiments/turtlebot3_ws2/install/turtlebot3_teleop/lib/python3.10/site-packages:${PYTHONPATH} /usr/bin/python3 setup.py develop --editable --build-directory /home/usman/experiments/turtlebot3_ws2/build/turtlebot3_teleop/build --no-deps install_data
[1.469s] running develop
[1.469s] /home/usman/.local/lib/python3.10/site-packages/setuptools/command/develop.py:40: EasyInstallDeprecationWarning: easy_install command is deprecated.
[1.469s] !!
[1.469s] 
[1.469s]         ********************************************************************************
[1.469s]         Please avoid running ``setup.py`` and ``easy_install``.
[1.469s]         Instead, use pypa/build, pypa/installer or other
[1.469s]         standards-based tools.
[1.470s] 
[1.470s]         See https://github.com/pypa/setuptools/issues/917 for details.
[1.470s]         ********************************************************************************
[1.470s] 
[1.470s] !!
[1.470s]   easy_install.initialize_options(self)
[1.493s] /home/usman/.local/lib/python3.10/site-packages/setuptools/_distutils/cmd.py:66: SetuptoolsDeprecationWarning: setup.py install is deprecated.
[1.494s] !!
[1.494s] 
[1.494s]         ********************************************************************************
[1.494s]         Please avoid running ``setup.py`` directly.
[1.494s]         Instead, use pypa/build, pypa/installer or other
[1.494s]         standards-based tools.
[1.494s] 
[1.494s]         See https://blog.ganssle.io/articles/2021/10/setup-py-deprecated.html for details.
[1.494s]         ********************************************************************************
[1.494s] 
[1.494s] !!
[1.494s]   self.initialize_options()
[1.630s] running egg_info
[1.630s] creating turtlebot3_teleop.egg-info
[1.641s] writing turtlebot3_teleop.egg-info/PKG-INFO
[1.641s] writing dependency_links to turtlebot3_teleop.egg-info/dependency_links.txt
[1.641s] writing entry points to turtlebot3_teleop.egg-info/entry_points.txt
[1.641s] writing requirements to turtlebot3_teleop.egg-info/requires.txt
[1.641s] writing top-level names to turtlebot3_teleop.egg-info/top_level.txt
[1.642s] writing manifest file 'turtlebot3_teleop.egg-info/SOURCES.txt'
[1.667s] reading manifest file 'turtlebot3_teleop.egg-info/SOURCES.txt'
[1.668s] writing manifest file 'turtlebot3_teleop.egg-info/SOURCES.txt'
[1.680s] running build_ext
[1.680s] Creating /home/usman/experiments/turtlebot3_ws2/install/turtlebot3_teleop/lib/python3.10/site-packages/turtlebot3-teleop.egg-link (link to .)
[1.681s] Installing teleop_keyboard script to /home/usman/experiments/turtlebot3_ws2/install/turtlebot3_teleop/lib/turtlebot3_teleop
[1.681s] 
[1.681s] Installed /home/usman/experiments/turtlebot3_ws2/build/turtlebot3_teleop
[1.681s] running install_data
[1.681s] creating /home/usman/experiments/turtlebot3_ws2/install/turtlebot3_teleop/share/ament_index
[1.681s] creating /home/usman/experiments/turtlebot3_ws2/install/turtlebot3_teleop/share/ament_index/resource_index
[1.681s] creating /home/usman/experiments/turtlebot3_ws2/install/turtlebot3_teleop/share/ament_index/resource_index/packages
[1.681s] copying resource/turtlebot3_teleop -> /home/usman/experiments/turtlebot3_ws2/install/turtlebot3_teleop/share/ament_index/resource_index/packages
[1.681s] copying package.xml -> /home/usman/experiments/turtlebot3_ws2/install/turtlebot3_teleop/share/turtlebot3_teleop
[1.717s] Invoked command in '/home/usman/experiments/turtlebot3_ws2/build/turtlebot3_teleop' returned '0': PYTHONPATH=/home/usman/experiments/turtlebot3_ws2/build/turtlebot3_teleop/prefix_override:/home/usman/experiments/turtlebot3_ws2/install/turtlebot3_teleop/lib/python3.10/site-packages:${PYTHONPATH} /usr/bin/python3 setup.py develop --editable --build-directory /home/usman/experiments/turtlebot3_ws2/build/turtlebot3_teleop/build --no-deps install_data
