[1.365s] Invoking command in '/home/usman/experiments/turtlebot3_ws2/build/hls_lfcd_lds_driver': CMAKE_PREFIX_PATH=${CMAKE_PREFIX_PATH}:/home/usman/experiments/turtlebot3_ws/install/tb3_sim:/home/usman/experiments/turtlebot3_ws2/install/turtlebot3_teleop:/home/usman/experiments/turtlebot3_ws2/install/turtlebot3_example:/home/usman/experiments/turtlebot3_ws/install/turtlebot3_teleop:/home/usman/experiments/turtlebot3_ws/install/turtlebot3_example:/home/usman/ros2_my_ws/install/turtlesim_catch_them_all:/home/usman/ros2_my_ws/install/my_py_pkg:/home/usman/ros2_ws/install/my_robot_controller:/home/usman/ros2_ws/install/my_controller:/home/usman/ros2_ws/src/install/my_robot_controller:/home/usman/ros2_ws/src/install/my_controller:/opt/ros/humble /usr/bin/cmake --build /home/usman/experiments/turtlebot3_ws2/build/hls_lfcd_lds_driver -- -j16 -l16
[2.799s] [100%] Built target hlds_laser_publisher
[2.847s] Invoked command in '/home/usman/experiments/turtlebot3_ws2/build/hls_lfcd_lds_driver' returned '0': CMAKE_PREFIX_PATH=${CMAKE_PREFIX_PATH}:/home/usman/experiments/turtlebot3_ws/install/tb3_sim:/home/usman/experiments/turtlebot3_ws2/install/turtlebot3_teleop:/home/usman/experiments/turtlebot3_ws2/install/turtlebot3_example:/home/usman/experiments/turtlebot3_ws/install/turtlebot3_teleop:/home/usman/experiments/turtlebot3_ws/install/turtlebot3_example:/home/usman/ros2_my_ws/install/turtlesim_catch_them_all:/home/usman/ros2_my_ws/install/my_py_pkg:/home/usman/ros2_ws/install/my_robot_controller:/home/usman/ros2_ws/install/my_controller:/home/usman/ros2_ws/src/install/my_robot_controller:/home/usman/ros2_ws/src/install/my_controller:/opt/ros/humble /usr/bin/cmake --build /home/usman/experiments/turtlebot3_ws2/build/hls_lfcd_lds_driver -- -j16 -l16
[2.908s] Invoking command in '/home/usman/experiments/turtlebot3_ws2/build/hls_lfcd_lds_driver': CMAKE_PREFIX_PATH=${CMAKE_PREFIX_PATH}:/home/usman/experiments/turtlebot3_ws/install/tb3_sim:/home/usman/experiments/turtlebot3_ws2/install/turtlebot3_teleop:/home/usman/experiments/turtlebot3_ws2/install/turtlebot3_example:/home/usman/experiments/turtlebot3_ws/install/turtlebot3_teleop:/home/usman/experiments/turtlebot3_ws/install/turtlebot3_example:/home/usman/ros2_my_ws/install/turtlesim_catch_them_all:/home/usman/ros2_my_ws/install/my_py_pkg:/home/usman/ros2_ws/install/my_robot_controller:/home/usman/ros2_ws/install/my_controller:/home/usman/ros2_ws/src/install/my_robot_controller:/home/usman/ros2_ws/src/install/my_controller:/opt/ros/humble /usr/bin/cmake --install /home/usman/experiments/turtlebot3_ws2/build/hls_lfcd_lds_driver
[2.934s] -- Install configuration: ""
[2.945s] -- Execute custom install script
[2.956s] -- Up-to-date symlink: /home/usman/experiments/turtlebot3_ws2/install/hls_lfcd_lds_driver/share/hls_lfcd_lds_driver/launch/hlds_laser.launch.py
[2.958s] -- Up-to-date symlink: /home/usman/experiments/turtlebot3_ws2/install/hls_lfcd_lds_driver/share/hls_lfcd_lds_driver/launch/view_hlds_laser.launch.py
[2.966s] -- Up-to-date symlink: /home/usman/experiments/turtlebot3_ws2/install/hls_lfcd_lds_driver/share/hls_lfcd_lds_driver/rviz/hlds_laser.rviz
[2.969s] -- Up-to-date symlink: /home/usman/experiments/turtlebot3_ws2/install/hls_lfcd_lds_driver/lib/hls_lfcd_lds_driver/hlds_laser_publisher
[2.971s] -- Up-to-date symlink: /home/usman/experiments/turtlebot3_ws2/install/hls_lfcd_lds_driver/share/ament_index/resource_index/package_run_dependencies/hls_lfcd_lds_driver
[2.972s] -- Up-to-date symlink: /home/usman/experiments/turtlebot3_ws2/install/hls_lfcd_lds_driver/share/ament_index/resource_index/parent_prefix_path/hls_lfcd_lds_driver
[2.973s] -- Up-to-date symlink: /home/usman/experiments/turtlebot3_ws2/install/hls_lfcd_lds_driver/share/hls_lfcd_lds_driver/environment/ament_prefix_path.sh
[2.974s] -- Up-to-date symlink: /home/usman/experiments/turtlebot3_ws2/install/hls_lfcd_lds_driver/share/hls_lfcd_lds_driver/environment/ament_prefix_path.dsv
[2.975s] -- Up-to-date symlink: /home/usman/experiments/turtlebot3_ws2/install/hls_lfcd_lds_driver/share/hls_lfcd_lds_driver/environment/path.sh
[2.979s] -- Up-to-date symlink: /home/usman/experiments/turtlebot3_ws2/install/hls_lfcd_lds_driver/share/hls_lfcd_lds_driver/environment/path.dsv
[2.983s] -- Up-to-date symlink: /home/usman/experiments/turtlebot3_ws2/install/hls_lfcd_lds_driver/share/hls_lfcd_lds_driver/local_setup.bash
[2.983s] -- Up-to-date symlink: /home/usman/experiments/turtlebot3_ws2/install/hls_lfcd_lds_driver/share/hls_lfcd_lds_driver/local_setup.sh
[2.984s] -- Up-to-date symlink: /home/usman/experiments/turtlebot3_ws2/install/hls_lfcd_lds_driver/share/hls_lfcd_lds_driver/local_setup.zsh
[2.984s] -- Up-to-date symlink: /home/usman/experiments/turtlebot3_ws2/install/hls_lfcd_lds_driver/share/hls_lfcd_lds_driver/local_setup.dsv
[2.986s] -- Symlinking: /home/usman/experiments/turtlebot3_ws2/install/hls_lfcd_lds_driver/share/hls_lfcd_lds_driver/package.dsv
[2.999s] -- Up-to-date symlink: /home/usman/experiments/turtlebot3_ws2/install/hls_lfcd_lds_driver/share/ament_index/resource_index/packages/hls_lfcd_lds_driver
[3.000s] -- Up-to-date symlink: /home/usman/experiments/turtlebot3_ws2/install/hls_lfcd_lds_driver/share/hls_lfcd_lds_driver/cmake/ament_cmake_export_dependencies-extras.cmake
[3.002s] -- Up-to-date symlink: /home/usman/experiments/turtlebot3_ws2/install/hls_lfcd_lds_driver/share/hls_lfcd_lds_driver/cmake/ament_cmake_export_include_directories-extras.cmake
[3.003s] -- Up-to-date symlink: /home/usman/experiments/turtlebot3_ws2/install/hls_lfcd_lds_driver/share/hls_lfcd_lds_driver/cmake/hls_lfcd_lds_driverConfig.cmake
[3.003s] -- Up-to-date symlink: /home/usman/experiments/turtlebot3_ws2/install/hls_lfcd_lds_driver/share/hls_lfcd_lds_driver/cmake/hls_lfcd_lds_driverConfig-version.cmake
[3.005s] -- Up-to-date symlink: /home/usman/experiments/turtlebot3_ws2/install/hls_lfcd_lds_driver/share/hls_lfcd_lds_driver/package.xml
[3.329s] Invoked command in '/home/usman/experiments/turtlebot3_ws2/build/hls_lfcd_lds_driver' returned '0': CMAKE_PREFIX_PATH=${CMAKE_PREFIX_PATH}:/home/usman/experiments/turtlebot3_ws/install/tb3_sim:/home/usman/experiments/turtlebot3_ws2/install/turtlebot3_teleop:/home/usman/experiments/turtlebot3_ws2/install/turtlebot3_example:/home/usman/experiments/turtlebot3_ws/install/turtlebot3_teleop:/home/usman/experiments/turtlebot3_ws/install/turtlebot3_example:/home/usman/ros2_my_ws/install/turtlesim_catch_them_all:/home/usman/ros2_my_ws/install/my_py_pkg:/home/usman/ros2_ws/install/my_robot_controller:/home/usman/ros2_ws/install/my_controller:/home/usman/ros2_ws/src/install/my_robot_controller:/home/usman/ros2_ws/src/install/my_controller:/opt/ros/humble /usr/bin/cmake --install /home/usman/experiments/turtlebot3_ws2/build/hls_lfcd_lds_driver
