[1.129s] Invoking command in '/home/usman/experiments/turtlebot3_ws2/build/turtlebot3_cartographer': CMAKE_PREFIX_PATH=${CMAKE_PREFIX_PATH}:/home/usman/experiments/turtlebot3_ws2/install/turtlebot3_teleop:/home/usman/experiments/turtlebot3_ws2/install/turtlebot3_example:/home/usman/experiments/turtlebot3_ws2/install/tb3_sim:/home/usman/ros2_my_ws/install/turtlesim_catch_them_all:/home/usman/ros2_my_ws/install/my_py_pkg:/home/usman/ros2_ws/install/my_robot_controller:/home/usman/ros2_ws/install/my_controller:/home/usman/ros2_ws/src/install/my_robot_controller:/home/usman/ros2_ws/src/install/my_controller:/opt/ros/humble /usr/bin/cmake --build /home/usman/experiments/turtlebot3_ws2/build/turtlebot3_cartographer -- -j16 -l16
[2.473s] Invoked command in '/home/usman/experiments/turtlebot3_ws2/build/turtlebot3_cartographer' returned '0': CMAKE_PREFIX_PATH=${CMAKE_PREFIX_PATH}:/home/usman/experiments/turtlebot3_ws2/install/turtlebot3_teleop:/home/usman/experiments/turtlebot3_ws2/install/turtlebot3_example:/home/usman/experiments/turtlebot3_ws2/install/tb3_sim:/home/usman/ros2_my_ws/install/turtlesim_catch_them_all:/home/usman/ros2_my_ws/install/my_py_pkg:/home/usman/ros2_ws/install/my_robot_controller:/home/usman/ros2_ws/install/my_controller:/home/usman/ros2_ws/src/install/my_robot_controller:/home/usman/ros2_ws/src/install/my_controller:/opt/ros/humble /usr/bin/cmake --build /home/usman/experiments/turtlebot3_ws2/build/turtlebot3_cartographer -- -j16 -l16
[2.544s] Invoking command in '/home/usman/experiments/turtlebot3_ws2/build/turtlebot3_cartographer': CMAKE_PREFIX_PATH=${CMAKE_PREFIX_PATH}:/home/usman/experiments/turtlebot3_ws2/install/turtlebot3_teleop:/home/usman/experiments/turtlebot3_ws2/install/turtlebot3_example:/home/usman/experiments/turtlebot3_ws2/install/tb3_sim:/home/usman/ros2_my_ws/install/turtlesim_catch_them_all:/home/usman/ros2_my_ws/install/my_py_pkg:/home/usman/ros2_ws/install/my_robot_controller:/home/usman/ros2_ws/install/my_controller:/home/usman/ros2_ws/src/install/my_robot_controller:/home/usman/ros2_ws/src/install/my_controller:/opt/ros/humble /usr/bin/cmake --install /home/usman/experiments/turtlebot3_ws2/build/turtlebot3_cartographer
[2.590s] -- Install configuration: ""
[2.597s] -- Execute custom install script
[2.597s] -- Up-to-date symlink: /home/usman/experiments/turtlebot3_ws2/install/turtlebot3_cartographer/share/turtlebot3_cartographer/config/turtlebot3_lds_2d.lua
[2.605s] -- Up-to-date symlink: /home/usman/experiments/turtlebot3_ws2/install/turtlebot3_cartographer/share/turtlebot3_cartographer/launch/cartographer.launch.py
[2.606s] -- Up-to-date symlink: /home/usman/experiments/turtlebot3_ws2/install/turtlebot3_cartographer/share/turtlebot3_cartographer/launch/occupancy_grid.launch.py
[2.608s] -- Up-to-date symlink: /home/usman/experiments/turtlebot3_ws2/install/turtlebot3_cartographer/share/turtlebot3_cartographer/rviz/tb3_cartographer.rviz
[2.610s] -- Up-to-date symlink: /home/usman/experiments/turtlebot3_ws2/install/turtlebot3_cartographer/share/ament_index/resource_index/package_run_dependencies/turtlebot3_cartographer
[2.611s] -- Up-to-date symlink: /home/usman/experiments/turtlebot3_ws2/install/turtlebot3_cartographer/share/ament_index/resource_index/parent_prefix_path/turtlebot3_cartographer
[2.612s] -- Up-to-date symlink: /home/usman/experiments/turtlebot3_ws2/install/turtlebot3_cartographer/share/turtlebot3_cartographer/environment/ament_prefix_path.sh
[2.614s] -- Up-to-date symlink: /home/usman/experiments/turtlebot3_ws2/install/turtlebot3_cartographer/share/turtlebot3_cartographer/environment/ament_prefix_path.dsv
[2.614s] -- Up-to-date symlink: /home/usman/experiments/turtlebot3_ws2/install/turtlebot3_cartographer/share/turtlebot3_cartographer/environment/path.sh
[2.618s] -- Up-to-date symlink: /home/usman/experiments/turtlebot3_ws2/install/turtlebot3_cartographer/share/turtlebot3_cartographer/environment/path.dsv
[2.619s] -- Up-to-date symlink: /home/usman/experiments/turtlebot3_ws2/install/turtlebot3_cartographer/share/turtlebot3_cartographer/local_setup.bash
[2.619s] -- Up-to-date symlink: /home/usman/experiments/turtlebot3_ws2/install/turtlebot3_cartographer/share/turtlebot3_cartographer/local_setup.sh
[2.619s] -- Up-to-date symlink: /home/usman/experiments/turtlebot3_ws2/install/turtlebot3_cartographer/share/turtlebot3_cartographer/local_setup.zsh
[2.619s] -- Up-to-date symlink: /home/usman/experiments/turtlebot3_ws2/install/turtlebot3_cartographer/share/turtlebot3_cartographer/local_setup.dsv
[2.622s] -- Symlinking: /home/usman/experiments/turtlebot3_ws2/install/turtlebot3_cartographer/share/turtlebot3_cartographer/package.dsv
[2.653s] -- Up-to-date symlink: /home/usman/experiments/turtlebot3_ws2/install/turtlebot3_cartographer/share/ament_index/resource_index/packages/turtlebot3_cartographer
[2.653s] -- Up-to-date symlink: /home/usman/experiments/turtlebot3_ws2/install/turtlebot3_cartographer/share/turtlebot3_cartographer/cmake/turtlebot3_cartographerConfig.cmake
[2.654s] -- Up-to-date symlink: /home/usman/experiments/turtlebot3_ws2/install/turtlebot3_cartographer/share/turtlebot3_cartographer/cmake/turtlebot3_cartographerConfig-version.cmake
[2.654s] -- Up-to-date symlink: /home/usman/experiments/turtlebot3_ws2/install/turtlebot3_cartographer/share/turtlebot3_cartographer/package.xml
[3.156s] Invoked command in '/home/usman/experiments/turtlebot3_ws2/build/turtlebot3_cartographer' returned '0': CMAKE_PREFIX_PATH=${CMAKE_PREFIX_PATH}:/home/usman/experiments/turtlebot3_ws2/install/turtlebot3_teleop:/home/usman/experiments/turtlebot3_ws2/install/turtlebot3_example:/home/usman/experiments/turtlebot3_ws2/install/tb3_sim:/home/usman/ros2_my_ws/install/turtlesim_catch_them_all:/home/usman/ros2_my_ws/install/my_py_pkg:/home/usman/ros2_ws/install/my_robot_controller:/home/usman/ros2_ws/install/my_controller:/home/usman/ros2_ws/src/install/my_robot_controller:/home/usman/ros2_ws/src/install/my_controller:/opt/ros/humble /usr/bin/cmake --install /home/usman/experiments/turtlebot3_ws2/build/turtlebot3_cartographer
