[1.541s] Invoking command in '/home/usman/experiments/turtlebot3_ws2/build/dynamixel_sdk': CMAKE_PREFIX_PATH=${CMAKE_PREFIX_PATH}:/home/usman/experiments/turtlebot3_ws2/install/tb3_sim:/home/usman/experiments/turtlebot3_ws/install/tb3_sim:/home/usman/experiments/turtlebot3_ws2/install/turtlebot3_teleop:/home/usman/experiments/turtlebot3_ws2/install/turtlebot3_example:/home/usman/experiments/turtlebot3_ws/install/turtlebot3_teleop:/home/usman/experiments/turtlebot3_ws/install/turtlebot3_example:/home/usman/ros2_my_ws/install/turtlesim_catch_them_all:/home/usman/ros2_my_ws/install/my_py_pkg:/home/usman/ros2_ws/install/my_robot_controller:/home/usman/ros2_ws/install/my_controller:/home/usman/ros2_ws/src/install/my_robot_controller:/home/usman/ros2_ws/src/install/my_controller:/opt/ros/humble /usr/bin/cmake --build /home/usman/experiments/turtlebot3_ws2/build/dynamixel_sdk -- -j16 -l16
[2.355s] [100%] Built target dynamixel_sdk
[2.989s] Invoked command in '/home/usman/experiments/turtlebot3_ws2/build/dynamixel_sdk' returned '0': CMAKE_PREFIX_PATH=${CMAKE_PREFIX_PATH}:/home/usman/experiments/turtlebot3_ws2/install/tb3_sim:/home/usman/experiments/turtlebot3_ws/install/tb3_sim:/home/usman/experiments/turtlebot3_ws2/install/turtlebot3_teleop:/home/usman/experiments/turtlebot3_ws2/install/turtlebot3_example:/home/usman/experiments/turtlebot3_ws/install/turtlebot3_teleop:/home/usman/experiments/turtlebot3_ws/install/turtlebot3_example:/home/usman/ros2_my_ws/install/turtlesim_catch_them_all:/home/usman/ros2_my_ws/install/my_py_pkg:/home/usman/ros2_ws/install/my_robot_controller:/home/usman/ros2_ws/install/my_controller:/home/usman/ros2_ws/src/install/my_robot_controller:/home/usman/ros2_ws/src/install/my_controller:/opt/ros/humble /usr/bin/cmake --build /home/usman/experiments/turtlebot3_ws2/build/dynamixel_sdk -- -j16 -l16
[3.120s] Invoking command in '/home/usman/experiments/turtlebot3_ws2/build/dynamixel_sdk': CMAKE_PREFIX_PATH=${CMAKE_PREFIX_PATH}:/home/usman/experiments/turtlebot3_ws2/install/tb3_sim:/home/usman/experiments/turtlebot3_ws/install/tb3_sim:/home/usman/experiments/turtlebot3_ws2/install/turtlebot3_teleop:/home/usman/experiments/turtlebot3_ws2/install/turtlebot3_example:/home/usman/experiments/turtlebot3_ws/install/turtlebot3_teleop:/home/usman/experiments/turtlebot3_ws/install/turtlebot3_example:/home/usman/ros2_my_ws/install/turtlesim_catch_them_all:/home/usman/ros2_my_ws/install/my_py_pkg:/home/usman/ros2_ws/install/my_robot_controller:/home/usman/ros2_ws/install/my_controller:/home/usman/ros2_ws/src/install/my_robot_controller:/home/usman/ros2_ws/src/install/my_controller:/opt/ros/humble /usr/bin/cmake --install /home/usman/experiments/turtlebot3_ws2/build/dynamixel_sdk
[3.160s] -- Install configuration: ""
[3.160s] -- Execute custom install script
[3.161s] -- Up-to-date symlink: /home/usman/experiments/turtlebot3_ws2/install/dynamixel_sdk/include//dynamixel_sdk/dynamixel_sdk.h
[3.161s] -- Up-to-date symlink: /home/usman/experiments/turtlebot3_ws2/install/dynamixel_sdk/include//dynamixel_sdk/group_bulk_read.h
[3.163s] -- Up-to-date symlink: /home/usman/experiments/turtlebot3_ws2/install/dynamixel_sdk/include//dynamixel_sdk/group_bulk_write.h
[3.165s] -- Up-to-date symlink: /home/usman/experiments/turtlebot3_ws2/install/dynamixel_sdk/include//dynamixel_sdk/group_sync_read.h
[3.167s] -- Up-to-date symlink: /home/usman/experiments/turtlebot3_ws2/install/dynamixel_sdk/include//dynamixel_sdk/group_sync_write.h
[3.168s] -- Up-to-date symlink: /home/usman/experiments/turtlebot3_ws2/install/dynamixel_sdk/include//dynamixel_sdk/packet_handler.h
[3.169s] -- Up-to-date symlink: /home/usman/experiments/turtlebot3_ws2/install/dynamixel_sdk/include//dynamixel_sdk/port_handler.h
[3.170s] -- Up-to-date symlink: /home/usman/experiments/turtlebot3_ws2/install/dynamixel_sdk/include//dynamixel_sdk/port_handler_arduino.h
[3.171s] -- Up-to-date symlink: /home/usman/experiments/turtlebot3_ws2/install/dynamixel_sdk/include//dynamixel_sdk/port_handler_linux.h
[3.171s] -- Up-to-date symlink: /home/usman/experiments/turtlebot3_ws2/install/dynamixel_sdk/include//dynamixel_sdk/port_handler_mac.h
[3.171s] -- Up-to-date symlink: /home/usman/experiments/turtlebot3_ws2/install/dynamixel_sdk/include//dynamixel_sdk/port_handler_windows.h
[3.172s] -- Up-to-date symlink: /home/usman/experiments/turtlebot3_ws2/install/dynamixel_sdk/include//dynamixel_sdk/protocol1_packet_handler.h
[3.172s] -- Up-to-date symlink: /home/usman/experiments/turtlebot3_ws2/install/dynamixel_sdk/include//dynamixel_sdk/protocol2_packet_handler.h
[3.173s] -- Up-to-date symlink: /home/usman/experiments/turtlebot3_ws2/install/dynamixel_sdk/lib/libdynamixel_sdk.so
[3.173s] -- Up-to-date symlink: /home/usman/experiments/turtlebot3_ws2/install/dynamixel_sdk/share/dynamixel_sdk/environment/library_path.sh
[3.174s] -- Up-to-date symlink: /home/usman/experiments/turtlebot3_ws2/install/dynamixel_sdk/share/dynamixel_sdk/environment/library_path.dsv
[3.174s] -- Up-to-date symlink: /home/usman/experiments/turtlebot3_ws2/install/dynamixel_sdk/share/ament_index/resource_index/package_run_dependencies/dynamixel_sdk
[3.175s] -- Up-to-date symlink: /home/usman/experiments/turtlebot3_ws2/install/dynamixel_sdk/share/ament_index/resource_index/parent_prefix_path/dynamixel_sdk
[3.175s] -- Up-to-date symlink: /home/usman/experiments/turtlebot3_ws2/install/dynamixel_sdk/share/dynamixel_sdk/environment/ament_prefix_path.sh
[3.175s] -- Up-to-date symlink: /home/usman/experiments/turtlebot3_ws2/install/dynamixel_sdk/share/dynamixel_sdk/environment/ament_prefix_path.dsv
[3.176s] -- Up-to-date symlink: /home/usman/experiments/turtlebot3_ws2/install/dynamixel_sdk/share/dynamixel_sdk/environment/path.sh
[3.178s] -- Up-to-date symlink: /home/usman/experiments/turtlebot3_ws2/install/dynamixel_sdk/share/dynamixel_sdk/environment/path.dsv
[3.179s] -- Up-to-date symlink: /home/usman/experiments/turtlebot3_ws2/install/dynamixel_sdk/share/dynamixel_sdk/local_setup.bash
[3.180s] -- Up-to-date symlink: /home/usman/experiments/turtlebot3_ws2/install/dynamixel_sdk/share/dynamixel_sdk/local_setup.sh
[3.182s] -- Up-to-date symlink: /home/usman/experiments/turtlebot3_ws2/install/dynamixel_sdk/share/dynamixel_sdk/local_setup.zsh
[3.182s] -- Up-to-date symlink: /home/usman/experiments/turtlebot3_ws2/install/dynamixel_sdk/share/dynamixel_sdk/local_setup.dsv
[3.183s] -- Symlinking: /home/usman/experiments/turtlebot3_ws2/install/dynamixel_sdk/share/dynamixel_sdk/package.dsv
[3.233s] -- Up-to-date symlink: /home/usman/experiments/turtlebot3_ws2/install/dynamixel_sdk/share/ament_index/resource_index/packages/dynamixel_sdk
[3.234s] -- Up-to-date symlink: /home/usman/experiments/turtlebot3_ws2/install/dynamixel_sdk/share/dynamixel_sdk/cmake/ament_cmake_export_include_directories-extras.cmake
[3.234s] -- Up-to-date symlink: /home/usman/experiments/turtlebot3_ws2/install/dynamixel_sdk/share/dynamixel_sdk/cmake/ament_cmake_export_libraries-extras.cmake
[3.235s] -- Up-to-date symlink: /home/usman/experiments/turtlebot3_ws2/install/dynamixel_sdk/share/dynamixel_sdk/cmake/dynamixel_sdkConfig.cmake
[3.235s] -- Up-to-date symlink: /home/usman/experiments/turtlebot3_ws2/install/dynamixel_sdk/share/dynamixel_sdk/cmake/dynamixel_sdkConfig-version.cmake
[3.235s] -- Up-to-date symlink: /home/usman/experiments/turtlebot3_ws2/install/dynamixel_sdk/share/dynamixel_sdk/package.xml
[3.826s] Invoked command in '/home/usman/experiments/turtlebot3_ws2/build/dynamixel_sdk' returned '0': CMAKE_PREFIX_PATH=${CMAKE_PREFIX_PATH}:/home/usman/experiments/turtlebot3_ws2/install/tb3_sim:/home/usman/experiments/turtlebot3_ws/install/tb3_sim:/home/usman/experiments/turtlebot3_ws2/install/turtlebot3_teleop:/home/usman/experiments/turtlebot3_ws2/install/turtlebot3_example:/home/usman/experiments/turtlebot3_ws/install/turtlebot3_teleop:/home/usman/experiments/turtlebot3_ws/install/turtlebot3_example:/home/usman/ros2_my_ws/install/turtlesim_catch_them_all:/home/usman/ros2_my_ws/install/my_py_pkg:/home/usman/ros2_ws/install/my_robot_controller:/home/usman/ros2_ws/install/my_controller:/home/usman/ros2_ws/src/install/my_robot_controller:/home/usman/ros2_ws/src/install/my_controller:/opt/ros/humble /usr/bin/cmake --install /home/usman/experiments/turtlebot3_ws2/build/dynamixel_sdk
