[0.163s] Invoking command in '/home/usman/experiments/turtlebot3_ws2/build/turtlebot3_navigation2': CMAKE_PREFIX_PATH=${CMAKE_PREFIX_PATH}:/home/usman/experiments/turtlebot3_ws2/install/turtlebot3_teleop:/home/usman/experiments/turtlebot3_ws2/install/turtlebot3_example:/home/usman/ros2_my_ws/install/turtlesim_catch_them_all:/home/usman/ros2_my_ws/install/my_py_pkg:/home/usman/ros2_ws/install/my_robot_controller:/home/usman/ros2_ws/install/my_controller:/home/usman/ros2_ws/src/install/my_robot_controller:/home/usman/ros2_ws/src/install/my_controller:/opt/ros/humble /usr/bin/cmake --build /home/usman/experiments/turtlebot3_ws2/build/turtlebot3_navigation2 -- -j16 -l16
[0.444s] Invoked command in '/home/usman/experiments/turtlebot3_ws2/build/turtlebot3_navigation2' returned '0': CMAKE_PREFIX_PATH=${CMAKE_PREFIX_PATH}:/home/usman/experiments/turtlebot3_ws2/install/turtlebot3_teleop:/home/usman/experiments/turtlebot3_ws2/install/turtlebot3_example:/home/usman/ros2_my_ws/install/turtlesim_catch_them_all:/home/usman/ros2_my_ws/install/my_py_pkg:/home/usman/ros2_ws/install/my_robot_controller:/home/usman/ros2_ws/install/my_controller:/home/usman/ros2_ws/src/install/my_robot_controller:/home/usman/ros2_ws/src/install/my_controller:/opt/ros/humble /usr/bin/cmake --build /home/usman/experiments/turtlebot3_ws2/build/turtlebot3_navigation2 -- -j16 -l16
[0.468s] Invoking command in '/home/usman/experiments/turtlebot3_ws2/build/turtlebot3_navigation2': CMAKE_PREFIX_PATH=${CMAKE_PREFIX_PATH}:/home/usman/experiments/turtlebot3_ws2/install/turtlebot3_teleop:/home/usman/experiments/turtlebot3_ws2/install/turtlebot3_example:/home/usman/ros2_my_ws/install/turtlesim_catch_them_all:/home/usman/ros2_my_ws/install/my_py_pkg:/home/usman/ros2_ws/install/my_robot_controller:/home/usman/ros2_ws/install/my_controller:/home/usman/ros2_ws/src/install/my_robot_controller:/home/usman/ros2_ws/src/install/my_controller:/opt/ros/humble /usr/bin/cmake --install /home/usman/experiments/turtlebot3_ws2/build/turtlebot3_navigation2
[0.474s] -- Install configuration: ""
[0.474s] -- Execute custom install script
[0.477s] -- Up-to-date symlink: /home/usman/experiments/turtlebot3_ws2/install/turtlebot3_navigation2/share/turtlebot3_navigation2/launch/navigation2.launch.py
[0.478s] -- Up-to-date symlink: /home/usman/experiments/turtlebot3_ws2/install/turtlebot3_navigation2/share/turtlebot3_navigation2/map/map.pgm
[0.478s] -- Up-to-date symlink: /home/usman/experiments/turtlebot3_ws2/install/turtlebot3_navigation2/share/turtlebot3_navigation2/map/map.yaml
[0.478s] -- Up-to-date symlink: /home/usman/experiments/turtlebot3_ws2/install/turtlebot3_navigation2/share/turtlebot3_navigation2/param/burger.yaml
[0.478s] -- Up-to-date symlink: /home/usman/experiments/turtlebot3_ws2/install/turtlebot3_navigation2/share/turtlebot3_navigation2/param/waffle.yaml
[0.478s] -- Up-to-date symlink: /home/usman/experiments/turtlebot3_ws2/install/turtlebot3_navigation2/share/turtlebot3_navigation2/param/waffle_pi.yaml
[0.478s] -- Up-to-date symlink: /home/usman/experiments/turtlebot3_ws2/install/turtlebot3_navigation2/share/turtlebot3_navigation2/rviz/tb3_navigation2.rviz
[0.478s] -- Up-to-date symlink: /home/usman/experiments/turtlebot3_ws2/install/turtlebot3_navigation2/share/ament_index/resource_index/package_run_dependencies/turtlebot3_navigation2
[0.478s] -- Up-to-date symlink: /home/usman/experiments/turtlebot3_ws2/install/turtlebot3_navigation2/share/ament_index/resource_index/parent_prefix_path/turtlebot3_navigation2
[0.478s] -- Up-to-date symlink: /home/usman/experiments/turtlebot3_ws2/install/turtlebot3_navigation2/share/turtlebot3_navigation2/environment/ament_prefix_path.sh
[0.479s] -- Up-to-date symlink: /home/usman/experiments/turtlebot3_ws2/install/turtlebot3_navigation2/share/turtlebot3_navigation2/environment/ament_prefix_path.dsv
[0.479s] -- Up-to-date symlink: /home/usman/experiments/turtlebot3_ws2/install/turtlebot3_navigation2/share/turtlebot3_navigation2/environment/path.sh
[0.479s] -- Up-to-date symlink: /home/usman/experiments/turtlebot3_ws2/install/turtlebot3_navigation2/share/turtlebot3_navigation2/environment/path.dsv
[0.479s] -- Up-to-date symlink: /home/usman/experiments/turtlebot3_ws2/install/turtlebot3_navigation2/share/turtlebot3_navigation2/local_setup.bash
[0.479s] -- Up-to-date symlink: /home/usman/experiments/turtlebot3_ws2/install/turtlebot3_navigation2/share/turtlebot3_navigation2/local_setup.sh
[0.479s] -- Up-to-date symlink: /home/usman/experiments/turtlebot3_ws2/install/turtlebot3_navigation2/share/turtlebot3_navigation2/local_setup.zsh
[0.480s] -- Up-to-date symlink: /home/usman/experiments/turtlebot3_ws2/install/turtlebot3_navigation2/share/turtlebot3_navigation2/local_setup.dsv
[0.480s] -- Symlinking: /home/usman/experiments/turtlebot3_ws2/install/turtlebot3_navigation2/share/turtlebot3_navigation2/package.dsv
[0.489s] -- Up-to-date symlink: /home/usman/experiments/turtlebot3_ws2/install/turtlebot3_navigation2/share/ament_index/resource_index/packages/turtlebot3_navigation2
[0.489s] -- Up-to-date symlink: /home/usman/experiments/turtlebot3_ws2/install/turtlebot3_navigation2/share/turtlebot3_navigation2/cmake/turtlebot3_navigation2Config.cmake
[0.489s] -- Up-to-date symlink: /home/usman/experiments/turtlebot3_ws2/install/turtlebot3_navigation2/share/turtlebot3_navigation2/cmake/turtlebot3_navigation2Config-version.cmake
[0.489s] -- Up-to-date symlink: /home/usman/experiments/turtlebot3_ws2/install/turtlebot3_navigation2/share/turtlebot3_navigation2/package.xml
[0.497s] Invoked command in '/home/usman/experiments/turtlebot3_ws2/build/turtlebot3_navigation2' returned '0': CMAKE_PREFIX_PATH=${CMAKE_PREFIX_PATH}:/home/usman/experiments/turtlebot3_ws2/install/turtlebot3_teleop:/home/usman/experiments/turtlebot3_ws2/install/turtlebot3_example:/home/usman/ros2_my_ws/install/turtlesim_catch_them_all:/home/usman/ros2_my_ws/install/my_py_pkg:/home/usman/ros2_ws/install/my_robot_controller:/home/usman/ros2_ws/install/my_controller:/home/usman/ros2_ws/src/install/my_robot_controller:/home/usman/ros2_ws/src/install/my_controller:/opt/ros/humble /usr/bin/cmake --install /home/usman/experiments/turtlebot3_ws2/build/turtlebot3_navigation2
