[0.378s] Invoking command in '/home/usman/experiments/turtlebot3_ws2/build/turtlebot3_description': CMAKE_PREFIX_PATH=${CMAKE_PREFIX_PATH}:/home/usman/ros2_my_ws/install/turtlesim_catch_them_all:/home/usman/ros2_my_ws/install/my_py_pkg:/home/usman/ros2_ws/install/my_robot_controller:/home/usman/ros2_ws/install/my_controller:/home/usman/ros2_ws/src/install/my_robot_controller:/home/usman/ros2_ws/src/install/my_controller:/opt/ros/humble /usr/bin/cmake /home/usman/experiments/turtlebot3_ws2/src/turtlebot3/turtlebot3/turtlebot3_description -DAMENT_CMAKE_SYMLINK_INSTALL=1 -DCMAKE_INSTALL_PREFIX=/home/usman/experiments/turtlebot3_ws2/install/turtlebot3_description
[0.447s] -- The C compiler identification is GNU 11.4.0
[0.504s] -- The CXX compiler identification is GNU 11.4.0
[0.512s] -- Detecting C compiler ABI info
[0.578s] -- Detecting C compiler ABI info - done
[0.585s] -- Check for working C compiler: /usr/bin/cc - skipped
[0.586s] -- Detecting C compile features
[0.586s] -- Detecting C compile features - done
[0.587s] -- Detecting CXX compiler ABI info
[0.651s] -- Detecting CXX compiler ABI info - done
[0.657s] -- Check for working CXX compiler: /usr/bin/c++ - skipped
[0.657s] -- Detecting CXX compile features
[0.657s] -- Detecting CXX compile features - done
[0.660s] -- Found ament_cmake: 1.3.6 (/opt/ros/humble/share/ament_cmake/cmake)
[1.067s] -- Found Python3: /usr/bin/python3.10 (found version "3.10.12") found components: Interpreter 
[1.144s] -- Override CMake install command with custom implementation using symlinks instead of copying resources
[1.172s] -- Found urdf: 2.6.0 (/opt/ros/humble/share/urdf/cmake)
[1.338s] -- Configuring done
[1.341s] -- Generating done
[1.345s] -- Build files have been written to: /home/usman/experiments/turtlebot3_ws2/build/turtlebot3_description
[1.353s] Invoked command in '/home/usman/experiments/turtlebot3_ws2/build/turtlebot3_description' returned '0': CMAKE_PREFIX_PATH=${CMAKE_PREFIX_PATH}:/home/usman/ros2_my_ws/install/turtlesim_catch_them_all:/home/usman/ros2_my_ws/install/my_py_pkg:/home/usman/ros2_ws/install/my_robot_controller:/home/usman/ros2_ws/install/my_controller:/home/usman/ros2_ws/src/install/my_robot_controller:/home/usman/ros2_ws/src/install/my_controller:/opt/ros/humble /usr/bin/cmake /home/usman/experiments/turtlebot3_ws2/src/turtlebot3/turtlebot3/turtlebot3_description -DAMENT_CMAKE_SYMLINK_INSTALL=1 -DCMAKE_INSTALL_PREFIX=/home/usman/experiments/turtlebot3_ws2/install/turtlebot3_description
[1.354s] Invoking command in '/home/usman/experiments/turtlebot3_ws2/build/turtlebot3_description': CMAKE_PREFIX_PATH=${CMAKE_PREFIX_PATH}:/home/usman/ros2_my_ws/install/turtlesim_catch_them_all:/home/usman/ros2_my_ws/install/my_py_pkg:/home/usman/ros2_ws/install/my_robot_controller:/home/usman/ros2_ws/install/my_controller:/home/usman/ros2_ws/src/install/my_robot_controller:/home/usman/ros2_ws/src/install/my_controller:/opt/ros/humble /usr/bin/cmake --build /home/usman/experiments/turtlebot3_ws2/build/turtlebot3_description -- -j16 -l16
[1.397s] Invoked command in '/home/usman/experiments/turtlebot3_ws2/build/turtlebot3_description' returned '0': CMAKE_PREFIX_PATH=${CMAKE_PREFIX_PATH}:/home/usman/ros2_my_ws/install/turtlesim_catch_them_all:/home/usman/ros2_my_ws/install/my_py_pkg:/home/usman/ros2_ws/install/my_robot_controller:/home/usman/ros2_ws/install/my_controller:/home/usman/ros2_ws/src/install/my_robot_controller:/home/usman/ros2_ws/src/install/my_controller:/opt/ros/humble /usr/bin/cmake --build /home/usman/experiments/turtlebot3_ws2/build/turtlebot3_description -- -j16 -l16
[1.423s] Invoking command in '/home/usman/experiments/turtlebot3_ws2/build/turtlebot3_description': CMAKE_PREFIX_PATH=${CMAKE_PREFIX_PATH}:/home/usman/ros2_my_ws/install/turtlesim_catch_them_all:/home/usman/ros2_my_ws/install/my_py_pkg:/home/usman/ros2_ws/install/my_robot_controller:/home/usman/ros2_ws/install/my_controller:/home/usman/ros2_ws/src/install/my_robot_controller:/home/usman/ros2_ws/src/install/my_controller:/opt/ros/humble /usr/bin/cmake --install /home/usman/experiments/turtlebot3_ws2/build/turtlebot3_description
[1.431s] -- Install configuration: ""
[1.431s] -- Execute custom install script
[1.432s] -- Symlinking: /home/usman/experiments/turtlebot3_ws2/install/turtlebot3_description/share/turtlebot3_description/meshes/bases/burger_base.stl
[1.442s] -- Symlinking: /home/usman/experiments/turtlebot3_ws2/install/turtlebot3_description/share/turtlebot3_description/meshes/bases/waffle_base.stl
[1.452s] -- Symlinking: /home/usman/experiments/turtlebot3_ws2/install/turtlebot3_description/share/turtlebot3_description/meshes/bases/waffle_pi_base.stl
[1.461s] -- Symlinking: /home/usman/experiments/turtlebot3_ws2/install/turtlebot3_description/share/turtlebot3_description/meshes/sensors/astra.dae
[1.470s] -- Symlinking: /home/usman/experiments/turtlebot3_ws2/install/turtlebot3_description/share/turtlebot3_description/meshes/sensors/astra.jpg
[1.478s] -- Symlinking: /home/usman/experiments/turtlebot3_ws2/install/turtlebot3_description/share/turtlebot3_description/meshes/sensors/lds.stl
[1.486s] -- Symlinking: /home/usman/experiments/turtlebot3_ws2/install/turtlebot3_description/share/turtlebot3_description/meshes/sensors/r200.dae
[1.496s] -- Symlinking: /home/usman/experiments/turtlebot3_ws2/install/turtlebot3_description/share/turtlebot3_description/meshes/sensors/r200.jpg
[1.505s] -- Symlinking: /home/usman/experiments/turtlebot3_ws2/install/turtlebot3_description/share/turtlebot3_description/meshes/wheels/left_tire.stl
[1.514s] -- Symlinking: /home/usman/experiments/turtlebot3_ws2/install/turtlebot3_description/share/turtlebot3_description/meshes/wheels/right_tire.stl
[1.524s] -- Symlinking: /home/usman/experiments/turtlebot3_ws2/install/turtlebot3_description/share/turtlebot3_description/rviz/model.rviz
[1.533s] -- Symlinking: /home/usman/experiments/turtlebot3_ws2/install/turtlebot3_description/share/turtlebot3_description/urdf/common_properties.urdf
[1.540s] -- Symlinking: /home/usman/experiments/turtlebot3_ws2/install/turtlebot3_description/share/turtlebot3_description/urdf/turtlebot3_burger.urdf
[1.546s] -- Symlinking: /home/usman/experiments/turtlebot3_ws2/install/turtlebot3_description/share/turtlebot3_description/urdf/turtlebot3_waffle.urdf
[1.554s] -- Symlinking: /home/usman/experiments/turtlebot3_ws2/install/turtlebot3_description/share/turtlebot3_description/urdf/turtlebot3_waffle_pi.urdf
[1.562s] -- Symlinking: /home/usman/experiments/turtlebot3_ws2/install/turtlebot3_description/share/ament_index/resource_index/package_run_dependencies/turtlebot3_description
[1.570s] -- Symlinking: /home/usman/experiments/turtlebot3_ws2/install/turtlebot3_description/share/ament_index/resource_index/parent_prefix_path/turtlebot3_description
[1.578s] -- Symlinking: /home/usman/experiments/turtlebot3_ws2/install/turtlebot3_description/share/turtlebot3_description/environment/ament_prefix_path.sh
[1.585s] -- Symlinking: /home/usman/experiments/turtlebot3_ws2/install/turtlebot3_description/share/turtlebot3_description/environment/ament_prefix_path.dsv
[1.592s] -- Symlinking: /home/usman/experiments/turtlebot3_ws2/install/turtlebot3_description/share/turtlebot3_description/environment/path.sh
[1.599s] -- Symlinking: /home/usman/experiments/turtlebot3_ws2/install/turtlebot3_description/share/turtlebot3_description/environment/path.dsv
[1.608s] -- Symlinking: /home/usman/experiments/turtlebot3_ws2/install/turtlebot3_description/share/turtlebot3_description/local_setup.bash
[1.617s] -- Symlinking: /home/usman/experiments/turtlebot3_ws2/install/turtlebot3_description/share/turtlebot3_description/local_setup.sh
[1.626s] -- Symlinking: /home/usman/experiments/turtlebot3_ws2/install/turtlebot3_description/share/turtlebot3_description/local_setup.zsh
[1.635s] -- Symlinking: /home/usman/experiments/turtlebot3_ws2/install/turtlebot3_description/share/turtlebot3_description/local_setup.dsv
[1.644s] -- Symlinking: /home/usman/experiments/turtlebot3_ws2/install/turtlebot3_description/share/turtlebot3_description/package.dsv
[1.653s] -- Symlinking: /home/usman/experiments/turtlebot3_ws2/install/turtlebot3_description/share/ament_index/resource_index/packages/turtlebot3_description
[1.659s] -- Symlinking: /home/usman/experiments/turtlebot3_ws2/install/turtlebot3_description/share/turtlebot3_description/cmake/turtlebot3_descriptionConfig.cmake
[1.668s] -- Symlinking: /home/usman/experiments/turtlebot3_ws2/install/turtlebot3_description/share/turtlebot3_description/cmake/turtlebot3_descriptionConfig-version.cmake
[1.678s] -- Symlinking: /home/usman/experiments/turtlebot3_ws2/install/turtlebot3_description/share/turtlebot3_description/package.xml
[1.787s] Invoked command in '/home/usman/experiments/turtlebot3_ws2/build/turtlebot3_description' returned '0': CMAKE_PREFIX_PATH=${CMAKE_PREFIX_PATH}:/home/usman/ros2_my_ws/install/turtlesim_catch_them_all:/home/usman/ros2_my_ws/install/my_py_pkg:/home/usman/ros2_ws/install/my_robot_controller:/home/usman/ros2_ws/install/my_controller:/home/usman/ros2_ws/src/install/my_robot_controller:/home/usman/ros2_ws/src/install/my_controller:/opt/ros/humble /usr/bin/cmake --install /home/usman/experiments/turtlebot3_ws2/build/turtlebot3_description
