[1.610s] Invoking command in '/home/usman/experiments/turtlebot3_ws2/build/turtlebot3_node': AMENT_PREFIX_PATH=/home/usman/experiments/turtlebot3_ws2/install/turtlebot3_msgs:/home/usman/experiments/turtlebot3_ws2/install/dynamixel_sdk:${AMENT_PREFIX_PATH} CMAKE_PREFIX_PATH=/home/usman/experiments/turtlebot3_ws2/install/turtlebot3_msgs:/home/usman/experiments/turtlebot3_ws2/install/dynamixel_sdk:/home/usman/ros2_my_ws/install/my_robot_bringup:/home/usman/ros2_my_ws/install/my_robot_interfaces:/home/usman/ros2_my_ws/install/turtlesim_catch_them_all:/home/usman/ros2_my_ws/install/my_py_pkg:/home/usman/ros2_ws/install/my_robot_controller:/home/usman/ros2_ws/install/my_controller:/home/usman/ros2_ws/src/install/my_robot_controller:/home/usman/ros2_ws/src/install/my_controller:/opt/ros/humble LD_LIBRARY_PATH=/home/usman/experiments/turtlebot3_ws2/install/turtlebot3_msgs/lib:/home/usman/experiments/turtlebot3_ws2/install/dynamixel_sdk/lib:${LD_LIBRARY_PATH} PYTHONPATH=/home/usman/experiments/turtlebot3_ws2/install/turtlebot3_msgs/local/lib/python3.10/dist-packages:${PYTHONPATH} /usr/bin/cmake /home/usman/experiments/turtlebot3_ws2/src/turtlebot3/turtlebot3/turtlebot3_node -DAMENT_CMAKE_SYMLINK_INSTALL=1 -DCMAKE_INSTALL_PREFIX=/home/usman/experiments/turtlebot3_ws2/install/turtlebot3_node
[2.112s] -- The C compiler identification is GNU 11.4.0
[2.115s] -- The CXX compiler identification is GNU 11.4.0
[2.117s] -- Detecting C compiler ABI info
[2.189s] -- Detecting C compiler ABI info - done
[2.249s] -- Check for working C compiler: /usr/bin/cc - skipped
[2.251s] -- Detecting C compile features
[2.253s] -- Detecting C compile features - done
[2.275s] -- Detecting CXX compiler ABI info
[2.763s] -- Detecting CXX compiler ABI info - done
[2.824s] -- Check for working CXX compiler: /usr/bin/c++ - skipped
[2.826s] -- Detecting CXX compile features
[2.830s] -- Detecting CXX compile features - done
[2.855s] -- Found ament_cmake: 1.3.6 (/opt/ros/humble/share/ament_cmake/cmake)
[3.494s] -- Found Python3: /usr/bin/python3.10 (found version "3.10.12") found components: Interpreter 
[3.595s] -- Override CMake install command with custom implementation using symlinks instead of copying resources
[3.646s] -- Found dynamixel_sdk: 3.7.60 (/home/usman/experiments/turtlebot3_ws2/install/dynamixel_sdk/share/dynamixel_sdk/cmake)
[3.650s] -- Found geometry_msgs: 4.2.3 (/opt/ros/humble/share/geometry_msgs/cmake)
[3.720s] -- Found rosidl_generator_c: 3.1.5 (/opt/ros/humble/share/rosidl_generator_c/cmake)
[3.729s] -- Found rosidl_adapter: 3.1.5 (/opt/ros/humble/share/rosidl_adapter/cmake)
[3.744s] -- Found rosidl_generator_cpp: 3.1.5 (/opt/ros/humble/share/rosidl_generator_cpp/cmake)
[3.767s] -- Using all available rosidl_typesupport_c: rosidl_typesupport_fastrtps_c;rosidl_typesupport_introspection_c
[3.800s] -- Using all available rosidl_typesupport_cpp: rosidl_typesupport_fastrtps_cpp;rosidl_typesupport_introspection_cpp
[3.994s] -- Found message_filters: 4.3.3 (/opt/ros/humble/share/message_filters/cmake)
[4.103s] -- Found rmw_implementation_cmake: 6.1.1 (/opt/ros/humble/share/rmw_implementation_cmake/cmake)
[4.108s] -- Found rmw_fastrtps_cpp: 6.2.5 (/opt/ros/humble/share/rmw_fastrtps_cpp/cmake)
[4.257s] -- Found OpenSSL: /usr/lib/x86_64-linux-gnu/libcrypto.so (found version "3.0.2")  
[4.305s] -- Found FastRTPS: /opt/ros/humble/include  
[4.664s] -- Using RMW implementation 'rmw_fastrtps_cpp' as default
[4.755s] -- Looking for pthread.h
[4.876s] -- Looking for pthread.h - found
[4.877s] -- Performing Test CMAKE_HAVE_LIBC_PTHREAD
[4.999s] -- Performing Test CMAKE_HAVE_LIBC_PTHREAD - Success
[5.001s] -- Found Threads: TRUE  
[5.218s] -- Found nav_msgs: 4.2.3 (/opt/ros/humble/share/nav_msgs/cmake)
[5.349s] -- Found sensor_msgs: 4.2.3 (/opt/ros/humble/share/sensor_msgs/cmake)
[5.490s] -- Found std_srvs: 4.2.3 (/opt/ros/humble/share/std_srvs/cmake)
[5.521s] -- Found tf2: 0.25.5 (/opt/ros/humble/share/tf2/cmake)
[5.549s] -- Found tf2_ros: 0.25.5 (/opt/ros/humble/share/tf2_ros/cmake)
[6.091s] -- Found turtlebot3_msgs: 2.2.3 (/home/usman/experiments/turtlebot3_ws2/install/turtlebot3_msgs/share/turtlebot3_msgs/cmake)
[6.337s] -- Configuring done
[6.362s] -- Generating done
[6.364s] -- Build files have been written to: /home/usman/experiments/turtlebot3_ws2/build/turtlebot3_node
[6.380s] Invoked command in '/home/usman/experiments/turtlebot3_ws2/build/turtlebot3_node' returned '0': AMENT_PREFIX_PATH=/home/usman/experiments/turtlebot3_ws2/install/turtlebot3_msgs:/home/usman/experiments/turtlebot3_ws2/install/dynamixel_sdk:${AMENT_PREFIX_PATH} CMAKE_PREFIX_PATH=/home/usman/experiments/turtlebot3_ws2/install/turtlebot3_msgs:/home/usman/experiments/turtlebot3_ws2/install/dynamixel_sdk:/home/usman/ros2_my_ws/install/my_robot_bringup:/home/usman/ros2_my_ws/install/my_robot_interfaces:/home/usman/ros2_my_ws/install/turtlesim_catch_them_all:/home/usman/ros2_my_ws/install/my_py_pkg:/home/usman/ros2_ws/install/my_robot_controller:/home/usman/ros2_ws/install/my_controller:/home/usman/ros2_ws/src/install/my_robot_controller:/home/usman/ros2_ws/src/install/my_controller:/opt/ros/humble LD_LIBRARY_PATH=/home/usman/experiments/turtlebot3_ws2/install/turtlebot3_msgs/lib:/home/usman/experiments/turtlebot3_ws2/install/dynamixel_sdk/lib:${LD_LIBRARY_PATH} PYTHONPATH=/home/usman/experiments/turtlebot3_ws2/install/turtlebot3_msgs/local/lib/python3.10/dist-packages:${PYTHONPATH} /usr/bin/cmake /home/usman/experiments/turtlebot3_ws2/src/turtlebot3/turtlebot3/turtlebot3_node -DAMENT_CMAKE_SYMLINK_INSTALL=1 -DCMAKE_INSTALL_PREFIX=/home/usman/experiments/turtlebot3_ws2/install/turtlebot3_node
[6.389s] Invoking command in '/home/usman/experiments/turtlebot3_ws2/build/turtlebot3_node': AMENT_PREFIX_PATH=/home/usman/experiments/turtlebot3_ws2/install/turtlebot3_msgs:/home/usman/experiments/turtlebot3_ws2/install/dynamixel_sdk:${AMENT_PREFIX_PATH} CMAKE_PREFIX_PATH=/home/usman/experiments/turtlebot3_ws2/install/turtlebot3_msgs:/home/usman/experiments/turtlebot3_ws2/install/dynamixel_sdk:/home/usman/ros2_my_ws/install/my_robot_bringup:/home/usman/ros2_my_ws/install/my_robot_interfaces:/home/usman/ros2_my_ws/install/turtlesim_catch_them_all:/home/usman/ros2_my_ws/install/my_py_pkg:/home/usman/ros2_ws/install/my_robot_controller:/home/usman/ros2_ws/install/my_controller:/home/usman/ros2_ws/src/install/my_robot_controller:/home/usman/ros2_ws/src/install/my_controller:/opt/ros/humble LD_LIBRARY_PATH=/home/usman/experiments/turtlebot3_ws2/install/turtlebot3_msgs/lib:/home/usman/experiments/turtlebot3_ws2/install/dynamixel_sdk/lib:${LD_LIBRARY_PATH} PYTHONPATH=/home/usman/experiments/turtlebot3_ws2/install/turtlebot3_msgs/local/lib/python3.10/dist-packages:${PYTHONPATH} /usr/bin/cmake --build /home/usman/experiments/turtlebot3_ws2/build/turtlebot3_node -- -j16 -l16
[6.458s] [  7%] [32mBuilding CXX object CMakeFiles/turtlebot3_node_lib.dir/src/devices/motor_power.cpp.o[0m
[6.466s] [ 14%] [32mBuilding CXX object CMakeFiles/turtlebot3_node_lib.dir/src/sensors/battery_state.cpp.o[0m
[6.467s] [ 21%] [32mBuilding CXX object CMakeFiles/turtlebot3_node_lib.dir/src/dynamixel_sdk_wrapper.cpp.o[0m
[6.468s] [ 28%] [32mBuilding CXX object CMakeFiles/turtlebot3_node_lib.dir/src/turtlebot3.cpp.o[0m
[6.470s] [ 35%] [32mBuilding CXX object CMakeFiles/turtlebot3_node_lib.dir/src/sensors/joint_state.cpp.o[0m
[6.478s] [ 42%] [32mBuilding CXX object CMakeFiles/turtlebot3_node_lib.dir/src/sensors/imu.cpp.o[0m
[6.497s] [ 57%] [32mBuilding CXX object CMakeFiles/turtlebot3_node_lib.dir/src/devices/sound.cpp.o[0m
[6.498s] [ 57%] [32mBuilding CXX object CMakeFiles/turtlebot3_node_lib.dir/src/devices/reset.cpp.o[0m
[6.498s] [ 64%] [32mBuilding CXX object CMakeFiles/turtlebot3_node_lib.dir/src/diff_drive_controller.cpp.o[0m
[6.499s] [ 71%] [32mBuilding CXX object CMakeFiles/turtlebot3_node_lib.dir/src/odometry.cpp.o[0m
[6.501s] [ 78%] [32mBuilding CXX object CMakeFiles/turtlebot3_node_lib.dir/src/sensors/sensor_state.cpp.o[0m
[33.186s] [ 85%] [32m[1mLinking CXX static library libturtlebot3_node_lib.a[0m
[33.585s] [ 85%] Built target turtlebot3_node_lib
[33.600s] [ 92%] [32mBuilding CXX object CMakeFiles/turtlebot3_ros.dir/src/node_main.cpp.o[0m
[36.093s] [100%] [32m[1mLinking CXX executable turtlebot3_ros[0m
[37.501s] [100%] Built target turtlebot3_ros
[37.512s] Invoked command in '/home/usman/experiments/turtlebot3_ws2/build/turtlebot3_node' returned '0': AMENT_PREFIX_PATH=/home/usman/experiments/turtlebot3_ws2/install/turtlebot3_msgs:/home/usman/experiments/turtlebot3_ws2/install/dynamixel_sdk:${AMENT_PREFIX_PATH} CMAKE_PREFIX_PATH=/home/usman/experiments/turtlebot3_ws2/install/turtlebot3_msgs:/home/usman/experiments/turtlebot3_ws2/install/dynamixel_sdk:/home/usman/ros2_my_ws/install/my_robot_bringup:/home/usman/ros2_my_ws/install/my_robot_interfaces:/home/usman/ros2_my_ws/install/turtlesim_catch_them_all:/home/usman/ros2_my_ws/install/my_py_pkg:/home/usman/ros2_ws/install/my_robot_controller:/home/usman/ros2_ws/install/my_controller:/home/usman/ros2_ws/src/install/my_robot_controller:/home/usman/ros2_ws/src/install/my_controller:/opt/ros/humble LD_LIBRARY_PATH=/home/usman/experiments/turtlebot3_ws2/install/turtlebot3_msgs/lib:/home/usman/experiments/turtlebot3_ws2/install/dynamixel_sdk/lib:${LD_LIBRARY_PATH} PYTHONPATH=/home/usman/experiments/turtlebot3_ws2/install/turtlebot3_msgs/local/lib/python3.10/dist-packages:${PYTHONPATH} /usr/bin/cmake --build /home/usman/experiments/turtlebot3_ws2/build/turtlebot3_node -- -j16 -l16
[37.549s] Invoking command in '/home/usman/experiments/turtlebot3_ws2/build/turtlebot3_node': AMENT_PREFIX_PATH=/home/usman/experiments/turtlebot3_ws2/install/turtlebot3_msgs:/home/usman/experiments/turtlebot3_ws2/install/dynamixel_sdk:${AMENT_PREFIX_PATH} CMAKE_PREFIX_PATH=/home/usman/experiments/turtlebot3_ws2/install/turtlebot3_msgs:/home/usman/experiments/turtlebot3_ws2/install/dynamixel_sdk:/home/usman/ros2_my_ws/install/my_robot_bringup:/home/usman/ros2_my_ws/install/my_robot_interfaces:/home/usman/ros2_my_ws/install/turtlesim_catch_them_all:/home/usman/ros2_my_ws/install/my_py_pkg:/home/usman/ros2_ws/install/my_robot_controller:/home/usman/ros2_ws/install/my_controller:/home/usman/ros2_ws/src/install/my_robot_controller:/home/usman/ros2_ws/src/install/my_controller:/opt/ros/humble LD_LIBRARY_PATH=/home/usman/experiments/turtlebot3_ws2/install/turtlebot3_msgs/lib:/home/usman/experiments/turtlebot3_ws2/install/dynamixel_sdk/lib:${LD_LIBRARY_PATH} PYTHONPATH=/home/usman/experiments/turtlebot3_ws2/install/turtlebot3_msgs/local/lib/python3.10/dist-packages:${PYTHONPATH} /usr/bin/cmake --install /home/usman/experiments/turtlebot3_ws2/build/turtlebot3_node
[37.556s] -- Install configuration: ""
[37.556s] -- Execute custom install script
[37.556s] -- Symlinking: /home/usman/experiments/turtlebot3_ws2/install/turtlebot3_node/share/turtlebot3_node/param/burger.yaml
[37.564s] -- Symlinking: /home/usman/experiments/turtlebot3_ws2/install/turtlebot3_node/share/turtlebot3_node/param/waffle.yaml
[37.571s] -- Symlinking: /home/usman/experiments/turtlebot3_ws2/install/turtlebot3_node/share/turtlebot3_node/param/waffle_pi.yaml
[37.578s] -- Symlinking: /home/usman/experiments/turtlebot3_ws2/install/turtlebot3_node/lib/turtlebot3_node/turtlebot3_ros
[37.584s] -- Symlinking: /home/usman/experiments/turtlebot3_ws2/install/turtlebot3_node/share/ament_index/resource_index/package_run_dependencies/turtlebot3_node
[37.591s] -- Symlinking: /home/usman/experiments/turtlebot3_ws2/install/turtlebot3_node/share/ament_index/resource_index/parent_prefix_path/turtlebot3_node
[37.598s] -- Symlinking: /home/usman/experiments/turtlebot3_ws2/install/turtlebot3_node/share/turtlebot3_node/environment/ament_prefix_path.sh
[37.604s] -- Symlinking: /home/usman/experiments/turtlebot3_ws2/install/turtlebot3_node/share/turtlebot3_node/environment/ament_prefix_path.dsv
[37.611s] -- Symlinking: /home/usman/experiments/turtlebot3_ws2/install/turtlebot3_node/share/turtlebot3_node/environment/path.sh
[37.618s] -- Symlinking: /home/usman/experiments/turtlebot3_ws2/install/turtlebot3_node/share/turtlebot3_node/environment/path.dsv
[37.624s] -- Symlinking: /home/usman/experiments/turtlebot3_ws2/install/turtlebot3_node/share/turtlebot3_node/local_setup.bash
[37.631s] -- Symlinking: /home/usman/experiments/turtlebot3_ws2/install/turtlebot3_node/share/turtlebot3_node/local_setup.sh
[37.637s] -- Symlinking: /home/usman/experiments/turtlebot3_ws2/install/turtlebot3_node/share/turtlebot3_node/local_setup.zsh
[37.644s] -- Symlinking: /home/usman/experiments/turtlebot3_ws2/install/turtlebot3_node/share/turtlebot3_node/local_setup.dsv
[37.650s] -- Symlinking: /home/usman/experiments/turtlebot3_ws2/install/turtlebot3_node/share/turtlebot3_node/package.dsv
[37.658s] -- Symlinking: /home/usman/experiments/turtlebot3_ws2/install/turtlebot3_node/share/ament_index/resource_index/packages/turtlebot3_node
[37.665s] -- Symlinking: /home/usman/experiments/turtlebot3_ws2/install/turtlebot3_node/share/turtlebot3_node/cmake/ament_cmake_export_include_directories-extras.cmake
[37.672s] -- Symlinking: /home/usman/experiments/turtlebot3_ws2/install/turtlebot3_node/share/turtlebot3_node/cmake/turtlebot3_nodeConfig.cmake
[37.679s] -- Symlinking: /home/usman/experiments/turtlebot3_ws2/install/turtlebot3_node/share/turtlebot3_node/cmake/turtlebot3_nodeConfig-version.cmake
[37.685s] -- Symlinking: /home/usman/experiments/turtlebot3_ws2/install/turtlebot3_node/share/turtlebot3_node/package.xml
[37.693s] Invoked command in '/home/usman/experiments/turtlebot3_ws2/build/turtlebot3_node' returned '0': AMENT_PREFIX_PATH=/home/usman/experiments/turtlebot3_ws2/install/turtlebot3_msgs:/home/usman/experiments/turtlebot3_ws2/install/dynamixel_sdk:${AMENT_PREFIX_PATH} CMAKE_PREFIX_PATH=/home/usman/experiments/turtlebot3_ws2/install/turtlebot3_msgs:/home/usman/experiments/turtlebot3_ws2/install/dynamixel_sdk:/home/usman/ros2_my_ws/install/my_robot_bringup:/home/usman/ros2_my_ws/install/my_robot_interfaces:/home/usman/ros2_my_ws/install/turtlesim_catch_them_all:/home/usman/ros2_my_ws/install/my_py_pkg:/home/usman/ros2_ws/install/my_robot_controller:/home/usman/ros2_ws/install/my_controller:/home/usman/ros2_ws/src/install/my_robot_controller:/home/usman/ros2_ws/src/install/my_controller:/opt/ros/humble LD_LIBRARY_PATH=/home/usman/experiments/turtlebot3_ws2/install/turtlebot3_msgs/lib:/home/usman/experiments/turtlebot3_ws2/install/dynamixel_sdk/lib:${LD_LIBRARY_PATH} PYTHONPATH=/home/usman/experiments/turtlebot3_ws2/install/turtlebot3_msgs/local/lib/python3.10/dist-packages:${PYTHONPATH} /usr/bin/cmake --install /home/usman/experiments/turtlebot3_ws2/build/turtlebot3_node
