[0.756s] Invoking command in '/home/usman/experiments/turtlebot3_ws2/build/turtlebot3_navigation2': CMAKE_PREFIX_PATH=${CMAKE_PREFIX_PATH}:/home/usman/experiments/turtlebot3_ws2/install/turtlebot3_teleop:/home/usman/experiments/turtlebot3_ws2/install/turtlebot3_example:/home/usman/experiments/turtlebot3_ws2/install/tb3_sim:/home/usman/ros2_my_ws/install/turtlesim_catch_them_all:/home/usman/ros2_my_ws/install/my_py_pkg:/home/usman/ros2_ws/install/my_robot_controller:/home/usman/ros2_ws/install/my_controller:/home/usman/ros2_ws/src/install/my_robot_controller:/home/usman/ros2_ws/src/install/my_controller:/opt/ros/humble /usr/bin/cmake --build /home/usman/experiments/turtlebot3_ws2/build/turtlebot3_navigation2 -- -j16 -l16
[2.080s] Invoked command in '/home/usman/experiments/turtlebot3_ws2/build/turtlebot3_navigation2' returned '0': CMAKE_PREFIX_PATH=${CMAKE_PREFIX_PATH}:/home/usman/experiments/turtlebot3_ws2/install/turtlebot3_teleop:/home/usman/experiments/turtlebot3_ws2/install/turtlebot3_example:/home/usman/experiments/turtlebot3_ws2/install/tb3_sim:/home/usman/ros2_my_ws/install/turtlesim_catch_them_all:/home/usman/ros2_my_ws/install/my_py_pkg:/home/usman/ros2_ws/install/my_robot_controller:/home/usman/ros2_ws/install/my_controller:/home/usman/ros2_ws/src/install/my_robot_controller:/home/usman/ros2_ws/src/install/my_controller:/opt/ros/humble /usr/bin/cmake --build /home/usman/experiments/turtlebot3_ws2/build/turtlebot3_navigation2 -- -j16 -l16
[2.147s] Invoking command in '/home/usman/experiments/turtlebot3_ws2/build/turtlebot3_navigation2': CMAKE_PREFIX_PATH=${CMAKE_PREFIX_PATH}:/home/usman/experiments/turtlebot3_ws2/install/turtlebot3_teleop:/home/usman/experiments/turtlebot3_ws2/install/turtlebot3_example:/home/usman/experiments/turtlebot3_ws2/install/tb3_sim:/home/usman/ros2_my_ws/install/turtlesim_catch_them_all:/home/usman/ros2_my_ws/install/my_py_pkg:/home/usman/ros2_ws/install/my_robot_controller:/home/usman/ros2_ws/install/my_controller:/home/usman/ros2_ws/src/install/my_robot_controller:/home/usman/ros2_ws/src/install/my_controller:/opt/ros/humble /usr/bin/cmake --install /home/usman/experiments/turtlebot3_ws2/build/turtlebot3_navigation2
[2.182s] -- Install configuration: ""
[2.191s] -- Execute custom install script
[2.191s] -- Up-to-date symlink: /home/usman/experiments/turtlebot3_ws2/install/turtlebot3_navigation2/share/turtlebot3_navigation2/launch/navigation2.launch.py
[2.191s] -- Up-to-date symlink: /home/usman/experiments/turtlebot3_ws2/install/turtlebot3_navigation2/share/turtlebot3_navigation2/map/map.pgm
[2.192s] -- Up-to-date symlink: /home/usman/experiments/turtlebot3_ws2/install/turtlebot3_navigation2/share/turtlebot3_navigation2/map/map.yaml
[2.193s] -- Up-to-date symlink: /home/usman/experiments/turtlebot3_ws2/install/turtlebot3_navigation2/share/turtlebot3_navigation2/param/burger.yaml
[2.193s] -- Up-to-date symlink: /home/usman/experiments/turtlebot3_ws2/install/turtlebot3_navigation2/share/turtlebot3_navigation2/param/waffle.yaml
[2.194s] -- Up-to-date symlink: /home/usman/experiments/turtlebot3_ws2/install/turtlebot3_navigation2/share/turtlebot3_navigation2/param/waffle_pi.yaml
[2.194s] -- Up-to-date symlink: /home/usman/experiments/turtlebot3_ws2/install/turtlebot3_navigation2/share/turtlebot3_navigation2/rviz/tb3_navigation2.rviz
[2.198s] -- Up-to-date symlink: /home/usman/experiments/turtlebot3_ws2/install/turtlebot3_navigation2/share/ament_index/resource_index/package_run_dependencies/turtlebot3_navigation2
[2.202s] -- Up-to-date symlink: /home/usman/experiments/turtlebot3_ws2/install/turtlebot3_navigation2/share/ament_index/resource_index/parent_prefix_path/turtlebot3_navigation2
[2.203s] -- Up-to-date symlink: /home/usman/experiments/turtlebot3_ws2/install/turtlebot3_navigation2/share/turtlebot3_navigation2/environment/ament_prefix_path.sh
[2.206s] -- Up-to-date symlink: /home/usman/experiments/turtlebot3_ws2/install/turtlebot3_navigation2/share/turtlebot3_navigation2/environment/ament_prefix_path.dsv
[2.207s] -- Up-to-date symlink: /home/usman/experiments/turtlebot3_ws2/install/turtlebot3_navigation2/share/turtlebot3_navigation2/environment/path.sh
[2.207s] -- Up-to-date symlink: /home/usman/experiments/turtlebot3_ws2/install/turtlebot3_navigation2/share/turtlebot3_navigation2/environment/path.dsv
[2.209s] -- Up-to-date symlink: /home/usman/experiments/turtlebot3_ws2/install/turtlebot3_navigation2/share/turtlebot3_navigation2/local_setup.bash
[2.210s] -- Up-to-date symlink: /home/usman/experiments/turtlebot3_ws2/install/turtlebot3_navigation2/share/turtlebot3_navigation2/local_setup.sh
[2.211s] -- Up-to-date symlink: /home/usman/experiments/turtlebot3_ws2/install/turtlebot3_navigation2/share/turtlebot3_navigation2/local_setup.zsh
[2.213s] -- Up-to-date symlink: /home/usman/experiments/turtlebot3_ws2/install/turtlebot3_navigation2/share/turtlebot3_navigation2/local_setup.dsv
[2.215s] -- Symlinking: /home/usman/experiments/turtlebot3_ws2/install/turtlebot3_navigation2/share/turtlebot3_navigation2/package.dsv
[2.248s] -- Up-to-date symlink: /home/usman/experiments/turtlebot3_ws2/install/turtlebot3_navigation2/share/ament_index/resource_index/packages/turtlebot3_navigation2
[2.248s] -- Up-to-date symlink: /home/usman/experiments/turtlebot3_ws2/install/turtlebot3_navigation2/share/turtlebot3_navigation2/cmake/turtlebot3_navigation2Config.cmake
[2.248s] -- Up-to-date symlink: /home/usman/experiments/turtlebot3_ws2/install/turtlebot3_navigation2/share/turtlebot3_navigation2/cmake/turtlebot3_navigation2Config-version.cmake
[2.248s] -- Up-to-date symlink: /home/usman/experiments/turtlebot3_ws2/install/turtlebot3_navigation2/share/turtlebot3_navigation2/package.xml
[2.526s] Invoked command in '/home/usman/experiments/turtlebot3_ws2/build/turtlebot3_navigation2' returned '0': CMAKE_PREFIX_PATH=${CMAKE_PREFIX_PATH}:/home/usman/experiments/turtlebot3_ws2/install/turtlebot3_teleop:/home/usman/experiments/turtlebot3_ws2/install/turtlebot3_example:/home/usman/experiments/turtlebot3_ws2/install/tb3_sim:/home/usman/ros2_my_ws/install/turtlesim_catch_them_all:/home/usman/ros2_my_ws/install/my_py_pkg:/home/usman/ros2_ws/install/my_robot_controller:/home/usman/ros2_ws/install/my_controller:/home/usman/ros2_ws/src/install/my_robot_controller:/home/usman/ros2_ws/src/install/my_controller:/opt/ros/humble /usr/bin/cmake --install /home/usman/experiments/turtlebot3_ws2/build/turtlebot3_navigation2
