[0.489s] Invoking command in '/home/usman/experiments/turtlebot3_ws2/build/dynamixel_sdk': CMAKE_PREFIX_PATH=${CMAKE_PREFIX_PATH}:/home/usman/ros2_my_ws/install/turtlesim_catch_them_all:/home/usman/ros2_my_ws/install/my_py_pkg:/home/usman/ros2_ws/install/my_robot_controller:/home/usman/ros2_ws/install/my_controller:/home/usman/ros2_ws/src/install/my_robot_controller:/home/usman/ros2_ws/src/install/my_controller:/opt/ros/humble /usr/bin/cmake /home/usman/experiments/turtlebot3_ws2/src/utils/DynamixelSDK/dynamixel_sdk -DAMENT_CMAKE_SYMLINK_INSTALL=1 -DCMAKE_INSTALL_PREFIX=/home/usman/experiments/turtlebot3_ws2/install/dynamixel_sdk
[0.560s] -- The C compiler identification is GNU 11.4.0
[0.627s] -- The CXX compiler identification is GNU 11.4.0
[0.632s] -- Detecting C compiler ABI info
[0.688s] -- Detecting C compiler ABI info - done
[0.694s] -- Check for working C compiler: /usr/bin/cc - skipped
[0.695s] -- Detecting C compile features
[0.695s] -- Detecting C compile features - done
[0.696s] -- Detecting CXX compiler ABI info
[0.759s] -- Detecting CXX compiler ABI info - done
[0.768s] -- Check for working CXX compiler: /usr/bin/c++ - skipped
[0.768s] -- Detecting CXX compile features
[0.769s] -- Detecting CXX compile features - done
[0.773s] -- Found ament_cmake: 1.3.6 (/opt/ros/humble/share/ament_cmake/cmake)
[1.188s] -- Found Python3: /usr/bin/python3.10 (found version "3.10.12") found components: Interpreter 
[1.242s] -- Override CMake install command with custom implementation using symlinks instead of copying resources
[1.325s] -- Configuring done
[1.328s] -- Generating done
[1.329s] -- Build files have been written to: /home/usman/experiments/turtlebot3_ws2/build/dynamixel_sdk
[1.332s] Invoked command in '/home/usman/experiments/turtlebot3_ws2/build/dynamixel_sdk' returned '0': CMAKE_PREFIX_PATH=${CMAKE_PREFIX_PATH}:/home/usman/ros2_my_ws/install/turtlesim_catch_them_all:/home/usman/ros2_my_ws/install/my_py_pkg:/home/usman/ros2_ws/install/my_robot_controller:/home/usman/ros2_ws/install/my_controller:/home/usman/ros2_ws/src/install/my_robot_controller:/home/usman/ros2_ws/src/install/my_controller:/opt/ros/humble /usr/bin/cmake /home/usman/experiments/turtlebot3_ws2/src/utils/DynamixelSDK/dynamixel_sdk -DAMENT_CMAKE_SYMLINK_INSTALL=1 -DCMAKE_INSTALL_PREFIX=/home/usman/experiments/turtlebot3_ws2/install/dynamixel_sdk
[1.333s] Invoking command in '/home/usman/experiments/turtlebot3_ws2/build/dynamixel_sdk': CMAKE_PREFIX_PATH=${CMAKE_PREFIX_PATH}:/home/usman/ros2_my_ws/install/turtlesim_catch_them_all:/home/usman/ros2_my_ws/install/my_py_pkg:/home/usman/ros2_ws/install/my_robot_controller:/home/usman/ros2_ws/install/my_controller:/home/usman/ros2_ws/src/install/my_robot_controller:/home/usman/ros2_ws/src/install/my_controller:/opt/ros/humble /usr/bin/cmake --build /home/usman/experiments/turtlebot3_ws2/build/dynamixel_sdk -- -j16 -l16
[1.368s] [ 10%] [32mBuilding CXX object CMakeFiles/dynamixel_sdk.dir/src/dynamixel_sdk/packet_handler.cpp.o[0m
[1.368s] [ 30%] [32mBuilding CXX object CMakeFiles/dynamixel_sdk.dir/src/dynamixel_sdk/protocol2_packet_handler.cpp.o[0m
[1.368s] [ 30%] [32mBuilding CXX object CMakeFiles/dynamixel_sdk.dir/src/dynamixel_sdk/protocol1_packet_handler.cpp.o[0m
[1.369s] [ 50%] [32mBuilding CXX object CMakeFiles/dynamixel_sdk.dir/src/dynamixel_sdk/group_sync_read.cpp.o[0m
[1.369s] [ 50%] [32mBuilding CXX object CMakeFiles/dynamixel_sdk.dir/src/dynamixel_sdk/group_sync_write.cpp.o[0m
[1.369s] [ 70%] [32mBuilding CXX object CMakeFiles/dynamixel_sdk.dir/src/dynamixel_sdk/group_bulk_read.cpp.o[0m
[1.370s] [ 80%] [32mBuilding CXX object CMakeFiles/dynamixel_sdk.dir/src/dynamixel_sdk/port_handler.cpp.o[0m
[1.370s] [ 80%] [32mBuilding CXX object CMakeFiles/dynamixel_sdk.dir/src/dynamixel_sdk/group_bulk_write.cpp.o[0m
[1.375s] [ 90%] [32mBuilding CXX object CMakeFiles/dynamixel_sdk.dir/src/dynamixel_sdk/port_handler_linux.cpp.o[0m
[1.907s] [100%] [32m[1mLinking CXX shared library libdynamixel_sdk.so[0m
[1.974s] [100%] Built target dynamixel_sdk
[1.985s] Invoked command in '/home/usman/experiments/turtlebot3_ws2/build/dynamixel_sdk' returned '0': CMAKE_PREFIX_PATH=${CMAKE_PREFIX_PATH}:/home/usman/ros2_my_ws/install/turtlesim_catch_them_all:/home/usman/ros2_my_ws/install/my_py_pkg:/home/usman/ros2_ws/install/my_robot_controller:/home/usman/ros2_ws/install/my_controller:/home/usman/ros2_ws/src/install/my_robot_controller:/home/usman/ros2_ws/src/install/my_controller:/opt/ros/humble /usr/bin/cmake --build /home/usman/experiments/turtlebot3_ws2/build/dynamixel_sdk -- -j16 -l16
[2.044s] Invoking command in '/home/usman/experiments/turtlebot3_ws2/build/dynamixel_sdk': CMAKE_PREFIX_PATH=${CMAKE_PREFIX_PATH}:/home/usman/ros2_my_ws/install/turtlesim_catch_them_all:/home/usman/ros2_my_ws/install/my_py_pkg:/home/usman/ros2_ws/install/my_robot_controller:/home/usman/ros2_ws/install/my_controller:/home/usman/ros2_ws/src/install/my_robot_controller:/home/usman/ros2_ws/src/install/my_controller:/opt/ros/humble /usr/bin/cmake --install /home/usman/experiments/turtlebot3_ws2/build/dynamixel_sdk
[2.049s] -- Install configuration: ""
[2.049s] -- Execute custom install script
[2.050s] -- Symlinking: /home/usman/experiments/turtlebot3_ws2/install/dynamixel_sdk/include//dynamixel_sdk/dynamixel_sdk.h
[2.056s] -- Symlinking: /home/usman/experiments/turtlebot3_ws2/install/dynamixel_sdk/include//dynamixel_sdk/group_bulk_read.h
[2.062s] -- Symlinking: /home/usman/experiments/turtlebot3_ws2/install/dynamixel_sdk/include//dynamixel_sdk/group_bulk_write.h
[2.068s] -- Symlinking: /home/usman/experiments/turtlebot3_ws2/install/dynamixel_sdk/include//dynamixel_sdk/group_sync_read.h
[2.076s] -- Symlinking: /home/usman/experiments/turtlebot3_ws2/install/dynamixel_sdk/include//dynamixel_sdk/group_sync_write.h
[2.082s] -- Symlinking: /home/usman/experiments/turtlebot3_ws2/install/dynamixel_sdk/include//dynamixel_sdk/packet_handler.h
[2.089s] -- Symlinking: /home/usman/experiments/turtlebot3_ws2/install/dynamixel_sdk/include//dynamixel_sdk/port_handler.h
[2.096s] -- Symlinking: /home/usman/experiments/turtlebot3_ws2/install/dynamixel_sdk/include//dynamixel_sdk/port_handler_arduino.h
[2.102s] -- Symlinking: /home/usman/experiments/turtlebot3_ws2/install/dynamixel_sdk/include//dynamixel_sdk/port_handler_linux.h
[2.108s] -- Symlinking: /home/usman/experiments/turtlebot3_ws2/install/dynamixel_sdk/include//dynamixel_sdk/port_handler_mac.h
[2.116s] -- Symlinking: /home/usman/experiments/turtlebot3_ws2/install/dynamixel_sdk/include//dynamixel_sdk/port_handler_windows.h
[2.122s] -- Symlinking: /home/usman/experiments/turtlebot3_ws2/install/dynamixel_sdk/include//dynamixel_sdk/protocol1_packet_handler.h
[2.129s] -- Symlinking: /home/usman/experiments/turtlebot3_ws2/install/dynamixel_sdk/include//dynamixel_sdk/protocol2_packet_handler.h
[2.135s] -- Symlinking: /home/usman/experiments/turtlebot3_ws2/install/dynamixel_sdk/lib/libdynamixel_sdk.so
[2.142s] -- Symlinking: /home/usman/experiments/turtlebot3_ws2/install/dynamixel_sdk/share/dynamixel_sdk/environment/library_path.sh
[2.149s] -- Symlinking: /home/usman/experiments/turtlebot3_ws2/install/dynamixel_sdk/share/dynamixel_sdk/environment/library_path.dsv
[2.156s] -- Symlinking: /home/usman/experiments/turtlebot3_ws2/install/dynamixel_sdk/share/ament_index/resource_index/package_run_dependencies/dynamixel_sdk
[2.162s] -- Symlinking: /home/usman/experiments/turtlebot3_ws2/install/dynamixel_sdk/share/ament_index/resource_index/parent_prefix_path/dynamixel_sdk
[2.171s] -- Symlinking: /home/usman/experiments/turtlebot3_ws2/install/dynamixel_sdk/share/dynamixel_sdk/environment/ament_prefix_path.sh
[2.178s] -- Symlinking: /home/usman/experiments/turtlebot3_ws2/install/dynamixel_sdk/share/dynamixel_sdk/environment/ament_prefix_path.dsv
[2.185s] -- Symlinking: /home/usman/experiments/turtlebot3_ws2/install/dynamixel_sdk/share/dynamixel_sdk/environment/path.sh
[2.191s] -- Symlinking: /home/usman/experiments/turtlebot3_ws2/install/dynamixel_sdk/share/dynamixel_sdk/environment/path.dsv
[2.199s] -- Symlinking: /home/usman/experiments/turtlebot3_ws2/install/dynamixel_sdk/share/dynamixel_sdk/local_setup.bash
[2.204s] -- Symlinking: /home/usman/experiments/turtlebot3_ws2/install/dynamixel_sdk/share/dynamixel_sdk/local_setup.sh
[2.211s] -- Symlinking: /home/usman/experiments/turtlebot3_ws2/install/dynamixel_sdk/share/dynamixel_sdk/local_setup.zsh
[2.217s] -- Symlinking: /home/usman/experiments/turtlebot3_ws2/install/dynamixel_sdk/share/dynamixel_sdk/local_setup.dsv
[2.224s] -- Symlinking: /home/usman/experiments/turtlebot3_ws2/install/dynamixel_sdk/share/dynamixel_sdk/package.dsv
[2.230s] -- Symlinking: /home/usman/experiments/turtlebot3_ws2/install/dynamixel_sdk/share/ament_index/resource_index/packages/dynamixel_sdk
[2.238s] -- Symlinking: /home/usman/experiments/turtlebot3_ws2/install/dynamixel_sdk/share/dynamixel_sdk/cmake/ament_cmake_export_include_directories-extras.cmake
[2.245s] -- Symlinking: /home/usman/experiments/turtlebot3_ws2/install/dynamixel_sdk/share/dynamixel_sdk/cmake/ament_cmake_export_libraries-extras.cmake
[2.251s] -- Symlinking: /home/usman/experiments/turtlebot3_ws2/install/dynamixel_sdk/share/dynamixel_sdk/cmake/dynamixel_sdkConfig.cmake
[2.258s] -- Symlinking: /home/usman/experiments/turtlebot3_ws2/install/dynamixel_sdk/share/dynamixel_sdk/cmake/dynamixel_sdkConfig-version.cmake
[2.264s] -- Symlinking: /home/usman/experiments/turtlebot3_ws2/install/dynamixel_sdk/share/dynamixel_sdk/package.xml
[2.272s] Invoked command in '/home/usman/experiments/turtlebot3_ws2/build/dynamixel_sdk' returned '0': CMAKE_PREFIX_PATH=${CMAKE_PREFIX_PATH}:/home/usman/ros2_my_ws/install/turtlesim_catch_them_all:/home/usman/ros2_my_ws/install/my_py_pkg:/home/usman/ros2_ws/install/my_robot_controller:/home/usman/ros2_ws/install/my_controller:/home/usman/ros2_ws/src/install/my_robot_controller:/home/usman/ros2_ws/src/install/my_controller:/opt/ros/humble /usr/bin/cmake --install /home/usman/experiments/turtlebot3_ws2/build/dynamixel_sdk
