[0.485s] Invoking command in '/home/usman/experiments/turtlebot3_ws2/build/hls_lfcd_lds_driver': CMAKE_PREFIX_PATH=${CMAKE_PREFIX_PATH}:/home/usman/experiments/turtlebot3_ws2/install/turtlebot3_teleop:/home/usman/experiments/turtlebot3_ws2/install/turtlebot3_example:/home/usman/ros2_my_ws/install/turtlesim_catch_them_all:/home/usman/ros2_my_ws/install/my_py_pkg:/home/usman/ros2_ws/install/my_robot_controller:/home/usman/ros2_ws/install/my_controller:/home/usman/ros2_ws/src/install/my_robot_controller:/home/usman/ros2_ws/src/install/my_controller:/opt/ros/humble /usr/bin/cmake --build /home/usman/experiments/turtlebot3_ws2/build/hls_lfcd_lds_driver -- -j16 -l16
[0.515s] [35m[1mConsolidate compiler generated dependencies of target hlds_laser_publisher[0m
[0.537s] [100%] Built target hlds_laser_publisher
[0.784s] Invoked command in '/home/usman/experiments/turtlebot3_ws2/build/hls_lfcd_lds_driver' returned '0': CMAKE_PREFIX_PATH=${CMAKE_PREFIX_PATH}:/home/usman/experiments/turtlebot3_ws2/install/turtlebot3_teleop:/home/usman/experiments/turtlebot3_ws2/install/turtlebot3_example:/home/usman/ros2_my_ws/install/turtlesim_catch_them_all:/home/usman/ros2_my_ws/install/my_py_pkg:/home/usman/ros2_ws/install/my_robot_controller:/home/usman/ros2_ws/install/my_controller:/home/usman/ros2_ws/src/install/my_robot_controller:/home/usman/ros2_ws/src/install/my_controller:/opt/ros/humble /usr/bin/cmake --build /home/usman/experiments/turtlebot3_ws2/build/hls_lfcd_lds_driver -- -j16 -l16
[0.809s] Invoking command in '/home/usman/experiments/turtlebot3_ws2/build/hls_lfcd_lds_driver': CMAKE_PREFIX_PATH=${CMAKE_PREFIX_PATH}:/home/usman/experiments/turtlebot3_ws2/install/turtlebot3_teleop:/home/usman/experiments/turtlebot3_ws2/install/turtlebot3_example:/home/usman/ros2_my_ws/install/turtlesim_catch_them_all:/home/usman/ros2_my_ws/install/my_py_pkg:/home/usman/ros2_ws/install/my_robot_controller:/home/usman/ros2_ws/install/my_controller:/home/usman/ros2_ws/src/install/my_robot_controller:/home/usman/ros2_ws/src/install/my_controller:/opt/ros/humble /usr/bin/cmake --install /home/usman/experiments/turtlebot3_ws2/build/hls_lfcd_lds_driver
[0.820s] -- Install configuration: ""
[0.820s] -- Execute custom install script
[0.820s] -- Up-to-date symlink: /home/usman/experiments/turtlebot3_ws2/install/hls_lfcd_lds_driver/share/hls_lfcd_lds_driver/launch/hlds_laser.launch.py
[0.820s] -- Up-to-date symlink: /home/usman/experiments/turtlebot3_ws2/install/hls_lfcd_lds_driver/share/hls_lfcd_lds_driver/launch/view_hlds_laser.launch.py
[0.821s] -- Up-to-date symlink: /home/usman/experiments/turtlebot3_ws2/install/hls_lfcd_lds_driver/share/hls_lfcd_lds_driver/rviz/hlds_laser.rviz
[0.822s] -- Up-to-date symlink: /home/usman/experiments/turtlebot3_ws2/install/hls_lfcd_lds_driver/lib/hls_lfcd_lds_driver/hlds_laser_publisher
[0.823s] -- Up-to-date symlink: /home/usman/experiments/turtlebot3_ws2/install/hls_lfcd_lds_driver/share/ament_index/resource_index/package_run_dependencies/hls_lfcd_lds_driver
[0.823s] -- Up-to-date symlink: /home/usman/experiments/turtlebot3_ws2/install/hls_lfcd_lds_driver/share/ament_index/resource_index/parent_prefix_path/hls_lfcd_lds_driver
[0.823s] -- Up-to-date symlink: /home/usman/experiments/turtlebot3_ws2/install/hls_lfcd_lds_driver/share/hls_lfcd_lds_driver/environment/ament_prefix_path.sh
[0.824s] -- Up-to-date symlink: /home/usman/experiments/turtlebot3_ws2/install/hls_lfcd_lds_driver/share/hls_lfcd_lds_driver/environment/ament_prefix_path.dsv
[0.824s] -- Up-to-date symlink: /home/usman/experiments/turtlebot3_ws2/install/hls_lfcd_lds_driver/share/hls_lfcd_lds_driver/environment/path.sh
[0.824s] -- Up-to-date symlink: /home/usman/experiments/turtlebot3_ws2/install/hls_lfcd_lds_driver/share/hls_lfcd_lds_driver/environment/path.dsv
[0.825s] -- Up-to-date symlink: /home/usman/experiments/turtlebot3_ws2/install/hls_lfcd_lds_driver/share/hls_lfcd_lds_driver/local_setup.bash
[0.825s] -- Up-to-date symlink: /home/usman/experiments/turtlebot3_ws2/install/hls_lfcd_lds_driver/share/hls_lfcd_lds_driver/local_setup.sh
[0.826s] -- Up-to-date symlink: /home/usman/experiments/turtlebot3_ws2/install/hls_lfcd_lds_driver/share/hls_lfcd_lds_driver/local_setup.zsh
[0.826s] -- Up-to-date symlink: /home/usman/experiments/turtlebot3_ws2/install/hls_lfcd_lds_driver/share/hls_lfcd_lds_driver/local_setup.dsv
[0.827s] -- Symlinking: /home/usman/experiments/turtlebot3_ws2/install/hls_lfcd_lds_driver/share/hls_lfcd_lds_driver/package.dsv
[0.839s] -- Up-to-date symlink: /home/usman/experiments/turtlebot3_ws2/install/hls_lfcd_lds_driver/share/ament_index/resource_index/packages/hls_lfcd_lds_driver
[0.840s] -- Up-to-date symlink: /home/usman/experiments/turtlebot3_ws2/install/hls_lfcd_lds_driver/share/hls_lfcd_lds_driver/cmake/ament_cmake_export_dependencies-extras.cmake
[0.840s] -- Up-to-date symlink: /home/usman/experiments/turtlebot3_ws2/install/hls_lfcd_lds_driver/share/hls_lfcd_lds_driver/cmake/ament_cmake_export_include_directories-extras.cmake
[0.840s] -- Up-to-date symlink: /home/usman/experiments/turtlebot3_ws2/install/hls_lfcd_lds_driver/share/hls_lfcd_lds_driver/cmake/hls_lfcd_lds_driverConfig.cmake
[0.840s] -- Up-to-date symlink: /home/usman/experiments/turtlebot3_ws2/install/hls_lfcd_lds_driver/share/hls_lfcd_lds_driver/cmake/hls_lfcd_lds_driverConfig-version.cmake
[0.841s] -- Up-to-date symlink: /home/usman/experiments/turtlebot3_ws2/install/hls_lfcd_lds_driver/share/hls_lfcd_lds_driver/package.xml
[1.022s] Invoked command in '/home/usman/experiments/turtlebot3_ws2/build/hls_lfcd_lds_driver' returned '0': CMAKE_PREFIX_PATH=${CMAKE_PREFIX_PATH}:/home/usman/experiments/turtlebot3_ws2/install/turtlebot3_teleop:/home/usman/experiments/turtlebot3_ws2/install/turtlebot3_example:/home/usman/ros2_my_ws/install/turtlesim_catch_them_all:/home/usman/ros2_my_ws/install/my_py_pkg:/home/usman/ros2_ws/install/my_robot_controller:/home/usman/ros2_ws/install/my_controller:/home/usman/ros2_ws/src/install/my_robot_controller:/home/usman/ros2_ws/src/install/my_controller:/opt/ros/humble /usr/bin/cmake --install /home/usman/experiments/turtlebot3_ws2/build/hls_lfcd_lds_driver
