[1.147s] Invoking command in '/home/usman/experiments/turtlebot3_ws2/build/dynamixel_sdk_examples': AMENT_PREFIX_PATH=/home/usman/experiments/turtlebot3_ws2/install/dynamixel_sdk_custom_interfaces:/home/usman/experiments/turtlebot3_ws2/install/dynamixel_sdk:${AMENT_PREFIX_PATH} CMAKE_PREFIX_PATH=/home/usman/experiments/turtlebot3_ws2/install/dynamixel_sdk_custom_interfaces:/home/usman/experiments/turtlebot3_ws2/install/dynamixel_sdk:/home/usman/ros2_my_ws/install/my_robot_bringup:/home/usman/ros2_my_ws/install/my_robot_interfaces:/home/usman/ros2_my_ws/install/turtlesim_catch_them_all:/home/usman/ros2_my_ws/install/my_py_pkg:/home/usman/ros2_ws/install/my_robot_controller:/home/usman/ros2_ws/install/my_controller:/home/usman/ros2_ws/src/install/my_robot_controller:/home/usman/ros2_ws/src/install/my_controller:/opt/ros/humble LD_LIBRARY_PATH=/home/usman/experiments/turtlebot3_ws2/install/dynamixel_sdk_custom_interfaces/lib:/home/usman/experiments/turtlebot3_ws2/install/dynamixel_sdk/lib:${LD_LIBRARY_PATH} PYTHONPATH=/home/usman/experiments/turtlebot3_ws2/install/dynamixel_sdk_custom_interfaces/local/lib/python3.10/dist-packages:${PYTHONPATH} /usr/bin/cmake /home/usman/experiments/turtlebot3_ws2/src/utils/DynamixelSDK/dynamixel_sdk_examples -DAMENT_CMAKE_SYMLINK_INSTALL=1 -DCMAKE_INSTALL_PREFIX=/home/usman/experiments/turtlebot3_ws2/install/dynamixel_sdk_examples
[1.286s] -- The C compiler identification is GNU 11.4.0
[1.366s] -- The CXX compiler identification is GNU 11.4.0
[1.380s] -- Detecting C compiler ABI info
[1.475s] -- Detecting C compiler ABI info - done
[1.493s] -- Check for working C compiler: /usr/bin/cc - skipped
[1.494s] -- Detecting C compile features
[1.495s] -- Detecting C compile features - done
[1.502s] -- Detecting CXX compiler ABI info
[1.640s] -- Detecting CXX compiler ABI info - done
[1.660s] -- Check for working CXX compiler: /usr/bin/c++ - skipped
[1.661s] -- Detecting CXX compile features
[1.661s] -- Detecting CXX compile features - done
[1.669s] -- Found ament_cmake: 1.3.6 (/opt/ros/humble/share/ament_cmake/cmake)
[2.313s] -- Found Python3: /usr/bin/python3.10 (found version "3.10.12") found components: Interpreter 
[2.433s] -- Override CMake install command with custom implementation using symlinks instead of copying resources
[2.738s] -- Found dynamixel_sdk: 3.7.60 (/home/usman/experiments/turtlebot3_ws2/install/dynamixel_sdk/share/dynamixel_sdk/cmake)
[2.750s] -- Found dynamixel_sdk_custom_interfaces: 3.7.60 (/home/usman/experiments/turtlebot3_ws2/install/dynamixel_sdk_custom_interfaces/share/dynamixel_sdk_custom_interfaces/cmake)
[3.116s] -- Found rosidl_generator_c: 3.1.5 (/opt/ros/humble/share/rosidl_generator_c/cmake)
[3.173s] -- Found rosidl_adapter: 3.1.5 (/opt/ros/humble/share/rosidl_adapter/cmake)
[3.256s] -- Found rosidl_generator_cpp: 3.1.5 (/opt/ros/humble/share/rosidl_generator_cpp/cmake)
[3.387s] -- Using all available rosidl_typesupport_c: rosidl_typesupport_fastrtps_c;rosidl_typesupport_introspection_c
[3.576s] -- Using all available rosidl_typesupport_cpp: rosidl_typesupport_fastrtps_cpp;rosidl_typesupport_introspection_cpp
[4.123s] -- Found rclcpp: 16.0.7 (/opt/ros/humble/share/rclcpp/cmake)
[4.714s] -- Found rmw_implementation_cmake: 6.1.1 (/opt/ros/humble/share/rmw_implementation_cmake/cmake)
[4.746s] -- Found rmw_fastrtps_cpp: 6.2.5 (/opt/ros/humble/share/rmw_fastrtps_cpp/cmake)
[5.520s] -- Found OpenSSL: /usr/lib/x86_64-linux-gnu/libcrypto.so (found version "3.0.2")  
[5.761s] -- Found FastRTPS: /opt/ros/humble/include  
[6.180s] -- Using RMW implementation 'rmw_fastrtps_cpp' as default
[6.276s] -- Looking for pthread.h
[6.746s] -- Looking for pthread.h - found
[6.748s] -- Performing Test CMAKE_HAVE_LIBC_PTHREAD
[7.085s] -- Performing Test CMAKE_HAVE_LIBC_PTHREAD - Success
[7.094s] -- Found Threads: TRUE  
[7.366s] -- Found ament_lint_auto: 0.12.9 (/opt/ros/humble/share/ament_lint_auto/cmake)
[7.544s] -- Added test 'copyright' to check source files copyright and LICENSE
[7.546s] -- Added test 'cppcheck' to perform static code analysis on C / C++ code
[7.547s] -- Configured cppcheck include dirs: /home/usman/experiments/turtlebot3_ws2/src/utils/DynamixelSDK/dynamixel_sdk_examples/include
[7.548s] -- Configured cppcheck exclude dirs and/or files: 
[7.549s] -- Added test 'cpplint' to check C / C++ code against the Google style
[7.549s] -- Configured cpplint exclude dirs and/or files: 
[7.551s] -- Added test 'lint_cmake' to check CMake code style
[7.558s] -- Added test 'uncrustify' to check C / C++ code style
[7.562s] -- Configured uncrustify additional arguments: 
[7.565s] -- Added test 'xmllint' to check XML markup files
[7.566s] -- Configuring done
[7.578s] -- Generating done
[7.582s] -- Build files have been written to: /home/usman/experiments/turtlebot3_ws2/build/dynamixel_sdk_examples
[7.639s] Invoked command in '/home/usman/experiments/turtlebot3_ws2/build/dynamixel_sdk_examples' returned '0': AMENT_PREFIX_PATH=/home/usman/experiments/turtlebot3_ws2/install/dynamixel_sdk_custom_interfaces:/home/usman/experiments/turtlebot3_ws2/install/dynamixel_sdk:${AMENT_PREFIX_PATH} CMAKE_PREFIX_PATH=/home/usman/experiments/turtlebot3_ws2/install/dynamixel_sdk_custom_interfaces:/home/usman/experiments/turtlebot3_ws2/install/dynamixel_sdk:/home/usman/ros2_my_ws/install/my_robot_bringup:/home/usman/ros2_my_ws/install/my_robot_interfaces:/home/usman/ros2_my_ws/install/turtlesim_catch_them_all:/home/usman/ros2_my_ws/install/my_py_pkg:/home/usman/ros2_ws/install/my_robot_controller:/home/usman/ros2_ws/install/my_controller:/home/usman/ros2_ws/src/install/my_robot_controller:/home/usman/ros2_ws/src/install/my_controller:/opt/ros/humble LD_LIBRARY_PATH=/home/usman/experiments/turtlebot3_ws2/install/dynamixel_sdk_custom_interfaces/lib:/home/usman/experiments/turtlebot3_ws2/install/dynamixel_sdk/lib:${LD_LIBRARY_PATH} PYTHONPATH=/home/usman/experiments/turtlebot3_ws2/install/dynamixel_sdk_custom_interfaces/local/lib/python3.10/dist-packages:${PYTHONPATH} /usr/bin/cmake /home/usman/experiments/turtlebot3_ws2/src/utils/DynamixelSDK/dynamixel_sdk_examples -DAMENT_CMAKE_SYMLINK_INSTALL=1 -DCMAKE_INSTALL_PREFIX=/home/usman/experiments/turtlebot3_ws2/install/dynamixel_sdk_examples
[7.647s] Invoking command in '/home/usman/experiments/turtlebot3_ws2/build/dynamixel_sdk_examples': AMENT_PREFIX_PATH=/home/usman/experiments/turtlebot3_ws2/install/dynamixel_sdk_custom_interfaces:/home/usman/experiments/turtlebot3_ws2/install/dynamixel_sdk:${AMENT_PREFIX_PATH} CMAKE_PREFIX_PATH=/home/usman/experiments/turtlebot3_ws2/install/dynamixel_sdk_custom_interfaces:/home/usman/experiments/turtlebot3_ws2/install/dynamixel_sdk:/home/usman/ros2_my_ws/install/my_robot_bringup:/home/usman/ros2_my_ws/install/my_robot_interfaces:/home/usman/ros2_my_ws/install/turtlesim_catch_them_all:/home/usman/ros2_my_ws/install/my_py_pkg:/home/usman/ros2_ws/install/my_robot_controller:/home/usman/ros2_ws/install/my_controller:/home/usman/ros2_ws/src/install/my_robot_controller:/home/usman/ros2_ws/src/install/my_controller:/opt/ros/humble LD_LIBRARY_PATH=/home/usman/experiments/turtlebot3_ws2/install/dynamixel_sdk_custom_interfaces/lib:/home/usman/experiments/turtlebot3_ws2/install/dynamixel_sdk/lib:${LD_LIBRARY_PATH} PYTHONPATH=/home/usman/experiments/turtlebot3_ws2/install/dynamixel_sdk_custom_interfaces/local/lib/python3.10/dist-packages:${PYTHONPATH} /usr/bin/cmake --build /home/usman/experiments/turtlebot3_ws2/build/dynamixel_sdk_examples -- -j16 -l16
[7.714s] [ 50%] [32mBuilding CXX object CMakeFiles/read_write_node.dir/src/read_write_node.cpp.o[0m
[19.424s] [100%] [32m[1mLinking CXX executable read_write_node[0m
[20.027s] [100%] Built target read_write_node
[20.050s] Invoked command in '/home/usman/experiments/turtlebot3_ws2/build/dynamixel_sdk_examples' returned '0': AMENT_PREFIX_PATH=/home/usman/experiments/turtlebot3_ws2/install/dynamixel_sdk_custom_interfaces:/home/usman/experiments/turtlebot3_ws2/install/dynamixel_sdk:${AMENT_PREFIX_PATH} CMAKE_PREFIX_PATH=/home/usman/experiments/turtlebot3_ws2/install/dynamixel_sdk_custom_interfaces:/home/usman/experiments/turtlebot3_ws2/install/dynamixel_sdk:/home/usman/ros2_my_ws/install/my_robot_bringup:/home/usman/ros2_my_ws/install/my_robot_interfaces:/home/usman/ros2_my_ws/install/turtlesim_catch_them_all:/home/usman/ros2_my_ws/install/my_py_pkg:/home/usman/ros2_ws/install/my_robot_controller:/home/usman/ros2_ws/install/my_controller:/home/usman/ros2_ws/src/install/my_robot_controller:/home/usman/ros2_ws/src/install/my_controller:/opt/ros/humble LD_LIBRARY_PATH=/home/usman/experiments/turtlebot3_ws2/install/dynamixel_sdk_custom_interfaces/lib:/home/usman/experiments/turtlebot3_ws2/install/dynamixel_sdk/lib:${LD_LIBRARY_PATH} PYTHONPATH=/home/usman/experiments/turtlebot3_ws2/install/dynamixel_sdk_custom_interfaces/local/lib/python3.10/dist-packages:${PYTHONPATH} /usr/bin/cmake --build /home/usman/experiments/turtlebot3_ws2/build/dynamixel_sdk_examples -- -j16 -l16
[20.098s] Invoking command in '/home/usman/experiments/turtlebot3_ws2/build/dynamixel_sdk_examples': AMENT_PREFIX_PATH=/home/usman/experiments/turtlebot3_ws2/install/dynamixel_sdk_custom_interfaces:/home/usman/experiments/turtlebot3_ws2/install/dynamixel_sdk:${AMENT_PREFIX_PATH} CMAKE_PREFIX_PATH=/home/usman/experiments/turtlebot3_ws2/install/dynamixel_sdk_custom_interfaces:/home/usman/experiments/turtlebot3_ws2/install/dynamixel_sdk:/home/usman/ros2_my_ws/install/my_robot_bringup:/home/usman/ros2_my_ws/install/my_robot_interfaces:/home/usman/ros2_my_ws/install/turtlesim_catch_them_all:/home/usman/ros2_my_ws/install/my_py_pkg:/home/usman/ros2_ws/install/my_robot_controller:/home/usman/ros2_ws/install/my_controller:/home/usman/ros2_ws/src/install/my_robot_controller:/home/usman/ros2_ws/src/install/my_controller:/opt/ros/humble LD_LIBRARY_PATH=/home/usman/experiments/turtlebot3_ws2/install/dynamixel_sdk_custom_interfaces/lib:/home/usman/experiments/turtlebot3_ws2/install/dynamixel_sdk/lib:${LD_LIBRARY_PATH} PYTHONPATH=/home/usman/experiments/turtlebot3_ws2/install/dynamixel_sdk_custom_interfaces/local/lib/python3.10/dist-packages:${PYTHONPATH} /usr/bin/cmake --install /home/usman/experiments/turtlebot3_ws2/build/dynamixel_sdk_examples
[20.113s] -- Install configuration: ""
[20.114s] -- Execute custom install script
[20.115s] -- Symlinking: /home/usman/experiments/turtlebot3_ws2/install/dynamixel_sdk_examples/lib/dynamixel_sdk_examples/read_write_node
[20.133s] -- Symlinking: /home/usman/experiments/turtlebot3_ws2/install/dynamixel_sdk_examples/share/ament_index/resource_index/package_run_dependencies/dynamixel_sdk_examples
[20.153s] -- Symlinking: /home/usman/experiments/turtlebot3_ws2/install/dynamixel_sdk_examples/share/ament_index/resource_index/parent_prefix_path/dynamixel_sdk_examples
[20.173s] -- Symlinking: /home/usman/experiments/turtlebot3_ws2/install/dynamixel_sdk_examples/share/dynamixel_sdk_examples/environment/ament_prefix_path.sh
[20.193s] -- Symlinking: /home/usman/experiments/turtlebot3_ws2/install/dynamixel_sdk_examples/share/dynamixel_sdk_examples/environment/ament_prefix_path.dsv
[20.213s] -- Symlinking: /home/usman/experiments/turtlebot3_ws2/install/dynamixel_sdk_examples/share/dynamixel_sdk_examples/environment/path.sh
[20.232s] -- Symlinking: /home/usman/experiments/turtlebot3_ws2/install/dynamixel_sdk_examples/share/dynamixel_sdk_examples/environment/path.dsv
[20.251s] -- Symlinking: /home/usman/experiments/turtlebot3_ws2/install/dynamixel_sdk_examples/share/dynamixel_sdk_examples/local_setup.bash
[20.276s] -- Symlinking: /home/usman/experiments/turtlebot3_ws2/install/dynamixel_sdk_examples/share/dynamixel_sdk_examples/local_setup.sh
[20.296s] -- Symlinking: /home/usman/experiments/turtlebot3_ws2/install/dynamixel_sdk_examples/share/dynamixel_sdk_examples/local_setup.zsh
[20.313s] -- Symlinking: /home/usman/experiments/turtlebot3_ws2/install/dynamixel_sdk_examples/share/dynamixel_sdk_examples/local_setup.dsv
[20.332s] -- Symlinking: /home/usman/experiments/turtlebot3_ws2/install/dynamixel_sdk_examples/share/dynamixel_sdk_examples/package.dsv
[20.350s] -- Symlinking: /home/usman/experiments/turtlebot3_ws2/install/dynamixel_sdk_examples/share/ament_index/resource_index/packages/dynamixel_sdk_examples
[20.370s] -- Symlinking: /home/usman/experiments/turtlebot3_ws2/install/dynamixel_sdk_examples/share/dynamixel_sdk_examples/cmake/dynamixel_sdk_examplesConfig.cmake
[20.388s] -- Symlinking: /home/usman/experiments/turtlebot3_ws2/install/dynamixel_sdk_examples/share/dynamixel_sdk_examples/cmake/dynamixel_sdk_examplesConfig-version.cmake
[20.408s] -- Symlinking: /home/usman/experiments/turtlebot3_ws2/install/dynamixel_sdk_examples/share/dynamixel_sdk_examples/package.xml
[20.431s] Invoked command in '/home/usman/experiments/turtlebot3_ws2/build/dynamixel_sdk_examples' returned '0': AMENT_PREFIX_PATH=/home/usman/experiments/turtlebot3_ws2/install/dynamixel_sdk_custom_interfaces:/home/usman/experiments/turtlebot3_ws2/install/dynamixel_sdk:${AMENT_PREFIX_PATH} CMAKE_PREFIX_PATH=/home/usman/experiments/turtlebot3_ws2/install/dynamixel_sdk_custom_interfaces:/home/usman/experiments/turtlebot3_ws2/install/dynamixel_sdk:/home/usman/ros2_my_ws/install/my_robot_bringup:/home/usman/ros2_my_ws/install/my_robot_interfaces:/home/usman/ros2_my_ws/install/turtlesim_catch_them_all:/home/usman/ros2_my_ws/install/my_py_pkg:/home/usman/ros2_ws/install/my_robot_controller:/home/usman/ros2_ws/install/my_controller:/home/usman/ros2_ws/src/install/my_robot_controller:/home/usman/ros2_ws/src/install/my_controller:/opt/ros/humble LD_LIBRARY_PATH=/home/usman/experiments/turtlebot3_ws2/install/dynamixel_sdk_custom_interfaces/lib:/home/usman/experiments/turtlebot3_ws2/install/dynamixel_sdk/lib:${LD_LIBRARY_PATH} PYTHONPATH=/home/usman/experiments/turtlebot3_ws2/install/dynamixel_sdk_custom_interfaces/local/lib/python3.10/dist-packages:${PYTHONPATH} /usr/bin/cmake --install /home/usman/experiments/turtlebot3_ws2/build/dynamixel_sdk_examples
