[0.572s] Invoking command in '/home/usman/experiments/turtlebot3_ws2/build/turtlebot3_navigation2': CMAKE_PREFIX_PATH=${CMAKE_PREFIX_PATH}:/home/usman/experiments/turtlebot3_ws/install/tb3_sim:/home/usman/experiments/turtlebot3_ws2/install/turtlebot3_teleop:/home/usman/experiments/turtlebot3_ws2/install/turtlebot3_example:/home/usman/experiments/turtlebot3_ws/install/turtlebot3_teleop:/home/usman/experiments/turtlebot3_ws/install/turtlebot3_example:/home/usman/ros2_my_ws/install/turtlesim_catch_them_all:/home/usman/ros2_my_ws/install/my_py_pkg:/home/usman/ros2_ws/install/my_robot_controller:/home/usman/ros2_ws/install/my_controller:/home/usman/ros2_ws/src/install/my_robot_controller:/home/usman/ros2_ws/src/install/my_controller:/opt/ros/humble /usr/bin/cmake --build /home/usman/experiments/turtlebot3_ws2/build/turtlebot3_navigation2 -- -j16 -l16
[2.017s] Invoked command in '/home/usman/experiments/turtlebot3_ws2/build/turtlebot3_navigation2' returned '0': CMAKE_PREFIX_PATH=${CMAKE_PREFIX_PATH}:/home/usman/experiments/turtlebot3_ws/install/tb3_sim:/home/usman/experiments/turtlebot3_ws2/install/turtlebot3_teleop:/home/usman/experiments/turtlebot3_ws2/install/turtlebot3_example:/home/usman/experiments/turtlebot3_ws/install/turtlebot3_teleop:/home/usman/experiments/turtlebot3_ws/install/turtlebot3_example:/home/usman/ros2_my_ws/install/turtlesim_catch_them_all:/home/usman/ros2_my_ws/install/my_py_pkg:/home/usman/ros2_ws/install/my_robot_controller:/home/usman/ros2_ws/install/my_controller:/home/usman/ros2_ws/src/install/my_robot_controller:/home/usman/ros2_ws/src/install/my_controller:/opt/ros/humble /usr/bin/cmake --build /home/usman/experiments/turtlebot3_ws2/build/turtlebot3_navigation2 -- -j16 -l16
[2.066s] Invoking command in '/home/usman/experiments/turtlebot3_ws2/build/turtlebot3_navigation2': CMAKE_PREFIX_PATH=${CMAKE_PREFIX_PATH}:/home/usman/experiments/turtlebot3_ws/install/tb3_sim:/home/usman/experiments/turtlebot3_ws2/install/turtlebot3_teleop:/home/usman/experiments/turtlebot3_ws2/install/turtlebot3_example:/home/usman/experiments/turtlebot3_ws/install/turtlebot3_teleop:/home/usman/experiments/turtlebot3_ws/install/turtlebot3_example:/home/usman/ros2_my_ws/install/turtlesim_catch_them_all:/home/usman/ros2_my_ws/install/my_py_pkg:/home/usman/ros2_ws/install/my_robot_controller:/home/usman/ros2_ws/install/my_controller:/home/usman/ros2_ws/src/install/my_robot_controller:/home/usman/ros2_ws/src/install/my_controller:/opt/ros/humble /usr/bin/cmake --install /home/usman/experiments/turtlebot3_ws2/build/turtlebot3_navigation2
[2.090s] -- Install configuration: ""
[2.093s] -- Execute custom install script
[2.094s] -- Up-to-date symlink: /home/usman/experiments/turtlebot3_ws2/install/turtlebot3_navigation2/share/turtlebot3_navigation2/launch/navigation2.launch.py
[2.097s] -- Up-to-date symlink: /home/usman/experiments/turtlebot3_ws2/install/turtlebot3_navigation2/share/turtlebot3_navigation2/map/map.pgm
[2.097s] -- Up-to-date symlink: /home/usman/experiments/turtlebot3_ws2/install/turtlebot3_navigation2/share/turtlebot3_navigation2/map/map.yaml
[2.097s] -- Up-to-date symlink: /home/usman/experiments/turtlebot3_ws2/install/turtlebot3_navigation2/share/turtlebot3_navigation2/param/burger.yaml
[2.098s] -- Up-to-date symlink: /home/usman/experiments/turtlebot3_ws2/install/turtlebot3_navigation2/share/turtlebot3_navigation2/param/waffle.yaml
[2.099s] -- Up-to-date symlink: /home/usman/experiments/turtlebot3_ws2/install/turtlebot3_navigation2/share/turtlebot3_navigation2/param/waffle_pi.yaml
[2.099s] -- Up-to-date symlink: /home/usman/experiments/turtlebot3_ws2/install/turtlebot3_navigation2/share/turtlebot3_navigation2/rviz/tb3_navigation2.rviz
[2.100s] -- Up-to-date symlink: /home/usman/experiments/turtlebot3_ws2/install/turtlebot3_navigation2/share/ament_index/resource_index/package_run_dependencies/turtlebot3_navigation2
[2.100s] -- Up-to-date symlink: /home/usman/experiments/turtlebot3_ws2/install/turtlebot3_navigation2/share/ament_index/resource_index/parent_prefix_path/turtlebot3_navigation2
[2.105s] -- Up-to-date symlink: /home/usman/experiments/turtlebot3_ws2/install/turtlebot3_navigation2/share/turtlebot3_navigation2/environment/ament_prefix_path.sh
[2.106s] -- Up-to-date symlink: /home/usman/experiments/turtlebot3_ws2/install/turtlebot3_navigation2/share/turtlebot3_navigation2/environment/ament_prefix_path.dsv
[2.113s] -- Up-to-date symlink: /home/usman/experiments/turtlebot3_ws2/install/turtlebot3_navigation2/share/turtlebot3_navigation2/environment/path.sh
[2.113s] -- Up-to-date symlink: /home/usman/experiments/turtlebot3_ws2/install/turtlebot3_navigation2/share/turtlebot3_navigation2/environment/path.dsv
[2.120s] -- Up-to-date symlink: /home/usman/experiments/turtlebot3_ws2/install/turtlebot3_navigation2/share/turtlebot3_navigation2/local_setup.bash
[2.121s] -- Up-to-date symlink: /home/usman/experiments/turtlebot3_ws2/install/turtlebot3_navigation2/share/turtlebot3_navigation2/local_setup.sh
[2.129s] -- Up-to-date symlink: /home/usman/experiments/turtlebot3_ws2/install/turtlebot3_navigation2/share/turtlebot3_navigation2/local_setup.zsh
[2.131s] -- Up-to-date symlink: /home/usman/experiments/turtlebot3_ws2/install/turtlebot3_navigation2/share/turtlebot3_navigation2/local_setup.dsv
[2.135s] -- Symlinking: /home/usman/experiments/turtlebot3_ws2/install/turtlebot3_navigation2/share/turtlebot3_navigation2/package.dsv
[2.161s] -- Up-to-date symlink: /home/usman/experiments/turtlebot3_ws2/install/turtlebot3_navigation2/share/ament_index/resource_index/packages/turtlebot3_navigation2
[2.161s] -- Up-to-date symlink: /home/usman/experiments/turtlebot3_ws2/install/turtlebot3_navigation2/share/turtlebot3_navigation2/cmake/turtlebot3_navigation2Config.cmake
[2.161s] -- Up-to-date symlink: /home/usman/experiments/turtlebot3_ws2/install/turtlebot3_navigation2/share/turtlebot3_navigation2/cmake/turtlebot3_navigation2Config-version.cmake
[2.161s] -- Up-to-date symlink: /home/usman/experiments/turtlebot3_ws2/install/turtlebot3_navigation2/share/turtlebot3_navigation2/package.xml
[2.608s] Invoked command in '/home/usman/experiments/turtlebot3_ws2/build/turtlebot3_navigation2' returned '0': CMAKE_PREFIX_PATH=${CMAKE_PREFIX_PATH}:/home/usman/experiments/turtlebot3_ws/install/tb3_sim:/home/usman/experiments/turtlebot3_ws2/install/turtlebot3_teleop:/home/usman/experiments/turtlebot3_ws2/install/turtlebot3_example:/home/usman/experiments/turtlebot3_ws/install/turtlebot3_teleop:/home/usman/experiments/turtlebot3_ws/install/turtlebot3_example:/home/usman/ros2_my_ws/install/turtlesim_catch_them_all:/home/usman/ros2_my_ws/install/my_py_pkg:/home/usman/ros2_ws/install/my_robot_controller:/home/usman/ros2_ws/install/my_controller:/home/usman/ros2_ws/src/install/my_robot_controller:/home/usman/ros2_ws/src/install/my_controller:/opt/ros/humble /usr/bin/cmake --install /home/usman/experiments/turtlebot3_ws2/build/turtlebot3_navigation2
