[0.165s] Invoking command in '/home/usman/experiments/turtlebot3_ws2/build/turtlebot3_simulations': AMENT_PREFIX_PATH=/home/usman/experiments/turtlebot3_ws2/install/turtlebot3_fake_node:/home/usman/experiments/turtlebot3_ws2/install/turtlebot3_msgs:/home/usman/experiments/turtlebot3_ws2/install/turtlebot3_gazebo:${AMENT_PREFIX_PATH} CMAKE_PREFIX_PATH=/home/usman/experiments/turtlebot3_ws2/install/turtlebot3_fake_node:/home/usman/experiments/turtlebot3_ws2/install/turtlebot3_msgs:/home/usman/experiments/turtlebot3_ws2/install/turtlebot3_gazebo:/home/usman/ros2_my_ws/install/my_robot_bringup:/home/usman/ros2_my_ws/install/my_robot_interfaces:/home/usman/ros2_my_ws/install/turtlesim_catch_them_all:/home/usman/ros2_my_ws/install/my_py_pkg:/home/usman/ros2_ws/install/my_robot_controller:/home/usman/ros2_ws/install/my_controller:/home/usman/ros2_ws/src/install/my_robot_controller:/home/usman/ros2_ws/src/install/my_controller:/opt/ros/humble LD_LIBRARY_PATH=/home/usman/experiments/turtlebot3_ws2/install/turtlebot3_msgs/lib:${LD_LIBRARY_PATH} PYTHONPATH=/home/usman/experiments/turtlebot3_ws2/install/turtlebot3_msgs/local/lib/python3.10/dist-packages:${PYTHONPATH} /usr/bin/cmake /home/usman/experiments/turtlebot3_ws2/src/turtlebot3/turtlebot3_simulations/turtlebot3_simulations -DAMENT_CMAKE_SYMLINK_INSTALL=1 -DCMAKE_INSTALL_PREFIX=/home/usman/experiments/turtlebot3_ws2/install/turtlebot3_simulations
[0.246s] -- The C compiler identification is GNU 11.4.0
[0.323s] -- The CXX compiler identification is GNU 11.4.0
[0.334s] -- Detecting C compiler ABI info
[0.426s] -- Detecting C compiler ABI info - done
[0.437s] -- Check for working C compiler: /usr/bin/cc - skipped
[0.438s] -- Detecting C compile features
[0.438s] -- Detecting C compile features - done
[0.442s] -- Detecting CXX compiler ABI info
[0.550s] -- Detecting CXX compiler ABI info - done
[0.562s] -- Check for working CXX compiler: /usr/bin/c++ - skipped
[0.563s] -- Detecting CXX compile features
[0.563s] -- Detecting CXX compile features - done
[0.568s] -- Found ament_cmake: 1.3.6 (/opt/ros/humble/share/ament_cmake/cmake)
[1.143s] -- Found Python3: /usr/bin/python3.10 (found version "3.10.12") found components: Interpreter 
[1.245s] -- Override CMake install command with custom implementation using symlinks instead of copying resources
[1.401s] -- Configuring done
[1.404s] -- Generating done
[1.405s] -- Build files have been written to: /home/usman/experiments/turtlebot3_ws2/build/turtlebot3_simulations
[1.410s] Invoked command in '/home/usman/experiments/turtlebot3_ws2/build/turtlebot3_simulations' returned '0': AMENT_PREFIX_PATH=/home/usman/experiments/turtlebot3_ws2/install/turtlebot3_fake_node:/home/usman/experiments/turtlebot3_ws2/install/turtlebot3_msgs:/home/usman/experiments/turtlebot3_ws2/install/turtlebot3_gazebo:${AMENT_PREFIX_PATH} CMAKE_PREFIX_PATH=/home/usman/experiments/turtlebot3_ws2/install/turtlebot3_fake_node:/home/usman/experiments/turtlebot3_ws2/install/turtlebot3_msgs:/home/usman/experiments/turtlebot3_ws2/install/turtlebot3_gazebo:/home/usman/ros2_my_ws/install/my_robot_bringup:/home/usman/ros2_my_ws/install/my_robot_interfaces:/home/usman/ros2_my_ws/install/turtlesim_catch_them_all:/home/usman/ros2_my_ws/install/my_py_pkg:/home/usman/ros2_ws/install/my_robot_controller:/home/usman/ros2_ws/install/my_controller:/home/usman/ros2_ws/src/install/my_robot_controller:/home/usman/ros2_ws/src/install/my_controller:/opt/ros/humble LD_LIBRARY_PATH=/home/usman/experiments/turtlebot3_ws2/install/turtlebot3_msgs/lib:${LD_LIBRARY_PATH} PYTHONPATH=/home/usman/experiments/turtlebot3_ws2/install/turtlebot3_msgs/local/lib/python3.10/dist-packages:${PYTHONPATH} /usr/bin/cmake /home/usman/experiments/turtlebot3_ws2/src/turtlebot3/turtlebot3_simulations/turtlebot3_simulations -DAMENT_CMAKE_SYMLINK_INSTALL=1 -DCMAKE_INSTALL_PREFIX=/home/usman/experiments/turtlebot3_ws2/install/turtlebot3_simulations
[1.414s] Invoking command in '/home/usman/experiments/turtlebot3_ws2/build/turtlebot3_simulations': AMENT_PREFIX_PATH=/home/usman/experiments/turtlebot3_ws2/install/turtlebot3_fake_node:/home/usman/experiments/turtlebot3_ws2/install/turtlebot3_msgs:/home/usman/experiments/turtlebot3_ws2/install/turtlebot3_gazebo:${AMENT_PREFIX_PATH} CMAKE_PREFIX_PATH=/home/usman/experiments/turtlebot3_ws2/install/turtlebot3_fake_node:/home/usman/experiments/turtlebot3_ws2/install/turtlebot3_msgs:/home/usman/experiments/turtlebot3_ws2/install/turtlebot3_gazebo:/home/usman/ros2_my_ws/install/my_robot_bringup:/home/usman/ros2_my_ws/install/my_robot_interfaces:/home/usman/ros2_my_ws/install/turtlesim_catch_them_all:/home/usman/ros2_my_ws/install/my_py_pkg:/home/usman/ros2_ws/install/my_robot_controller:/home/usman/ros2_ws/install/my_controller:/home/usman/ros2_ws/src/install/my_robot_controller:/home/usman/ros2_ws/src/install/my_controller:/opt/ros/humble LD_LIBRARY_PATH=/home/usman/experiments/turtlebot3_ws2/install/turtlebot3_msgs/lib:${LD_LIBRARY_PATH} PYTHONPATH=/home/usman/experiments/turtlebot3_ws2/install/turtlebot3_msgs/local/lib/python3.10/dist-packages:${PYTHONPATH} /usr/bin/cmake --build /home/usman/experiments/turtlebot3_ws2/build/turtlebot3_simulations -- -j16 -l16
[1.467s] Invoked command in '/home/usman/experiments/turtlebot3_ws2/build/turtlebot3_simulations' returned '0': AMENT_PREFIX_PATH=/home/usman/experiments/turtlebot3_ws2/install/turtlebot3_fake_node:/home/usman/experiments/turtlebot3_ws2/install/turtlebot3_msgs:/home/usman/experiments/turtlebot3_ws2/install/turtlebot3_gazebo:${AMENT_PREFIX_PATH} CMAKE_PREFIX_PATH=/home/usman/experiments/turtlebot3_ws2/install/turtlebot3_fake_node:/home/usman/experiments/turtlebot3_ws2/install/turtlebot3_msgs:/home/usman/experiments/turtlebot3_ws2/install/turtlebot3_gazebo:/home/usman/ros2_my_ws/install/my_robot_bringup:/home/usman/ros2_my_ws/install/my_robot_interfaces:/home/usman/ros2_my_ws/install/turtlesim_catch_them_all:/home/usman/ros2_my_ws/install/my_py_pkg:/home/usman/ros2_ws/install/my_robot_controller:/home/usman/ros2_ws/install/my_controller:/home/usman/ros2_ws/src/install/my_robot_controller:/home/usman/ros2_ws/src/install/my_controller:/opt/ros/humble LD_LIBRARY_PATH=/home/usman/experiments/turtlebot3_ws2/install/turtlebot3_msgs/lib:${LD_LIBRARY_PATH} PYTHONPATH=/home/usman/experiments/turtlebot3_ws2/install/turtlebot3_msgs/local/lib/python3.10/dist-packages:${PYTHONPATH} /usr/bin/cmake --build /home/usman/experiments/turtlebot3_ws2/build/turtlebot3_simulations -- -j16 -l16
[1.495s] Invoking command in '/home/usman/experiments/turtlebot3_ws2/build/turtlebot3_simulations': AMENT_PREFIX_PATH=/home/usman/experiments/turtlebot3_ws2/install/turtlebot3_fake_node:/home/usman/experiments/turtlebot3_ws2/install/turtlebot3_msgs:/home/usman/experiments/turtlebot3_ws2/install/turtlebot3_gazebo:${AMENT_PREFIX_PATH} CMAKE_PREFIX_PATH=/home/usman/experiments/turtlebot3_ws2/install/turtlebot3_fake_node:/home/usman/experiments/turtlebot3_ws2/install/turtlebot3_msgs:/home/usman/experiments/turtlebot3_ws2/install/turtlebot3_gazebo:/home/usman/ros2_my_ws/install/my_robot_bringup:/home/usman/ros2_my_ws/install/my_robot_interfaces:/home/usman/ros2_my_ws/install/turtlesim_catch_them_all:/home/usman/ros2_my_ws/install/my_py_pkg:/home/usman/ros2_ws/install/my_robot_controller:/home/usman/ros2_ws/install/my_controller:/home/usman/ros2_ws/src/install/my_robot_controller:/home/usman/ros2_ws/src/install/my_controller:/opt/ros/humble LD_LIBRARY_PATH=/home/usman/experiments/turtlebot3_ws2/install/turtlebot3_msgs/lib:${LD_LIBRARY_PATH} PYTHONPATH=/home/usman/experiments/turtlebot3_ws2/install/turtlebot3_msgs/local/lib/python3.10/dist-packages:${PYTHONPATH} /usr/bin/cmake --install /home/usman/experiments/turtlebot3_ws2/build/turtlebot3_simulations
[1.509s] -- Install configuration: ""
[1.509s] -- Execute custom install script
[1.510s] -- Symlinking: /home/usman/experiments/turtlebot3_ws2/install/turtlebot3_simulations/share/ament_index/resource_index/package_run_dependencies/turtlebot3_simulations
[1.524s] -- Symlinking: /home/usman/experiments/turtlebot3_ws2/install/turtlebot3_simulations/share/ament_index/resource_index/parent_prefix_path/turtlebot3_simulations
[1.539s] -- Symlinking: /home/usman/experiments/turtlebot3_ws2/install/turtlebot3_simulations/share/turtlebot3_simulations/environment/ament_prefix_path.sh
[1.553s] -- Symlinking: /home/usman/experiments/turtlebot3_ws2/install/turtlebot3_simulations/share/turtlebot3_simulations/environment/ament_prefix_path.dsv
[1.564s] -- Symlinking: /home/usman/experiments/turtlebot3_ws2/install/turtlebot3_simulations/share/turtlebot3_simulations/environment/path.sh
[1.576s] -- Symlinking: /home/usman/experiments/turtlebot3_ws2/install/turtlebot3_simulations/share/turtlebot3_simulations/environment/path.dsv
[1.591s] -- Symlinking: /home/usman/experiments/turtlebot3_ws2/install/turtlebot3_simulations/share/turtlebot3_simulations/local_setup.bash
[1.604s] -- Symlinking: /home/usman/experiments/turtlebot3_ws2/install/turtlebot3_simulations/share/turtlebot3_simulations/local_setup.sh
[1.615s] -- Symlinking: /home/usman/experiments/turtlebot3_ws2/install/turtlebot3_simulations/share/turtlebot3_simulations/local_setup.zsh
[1.627s] -- Symlinking: /home/usman/experiments/turtlebot3_ws2/install/turtlebot3_simulations/share/turtlebot3_simulations/local_setup.dsv
[1.639s] -- Symlinking: /home/usman/experiments/turtlebot3_ws2/install/turtlebot3_simulations/share/turtlebot3_simulations/package.dsv
[1.650s] -- Symlinking: /home/usman/experiments/turtlebot3_ws2/install/turtlebot3_simulations/share/ament_index/resource_index/packages/turtlebot3_simulations
[1.662s] -- Symlinking: /home/usman/experiments/turtlebot3_ws2/install/turtlebot3_simulations/share/turtlebot3_simulations/cmake/turtlebot3_simulationsConfig.cmake
[1.674s] -- Symlinking: /home/usman/experiments/turtlebot3_ws2/install/turtlebot3_simulations/share/turtlebot3_simulations/cmake/turtlebot3_simulationsConfig-version.cmake
[1.686s] -- Symlinking: /home/usman/experiments/turtlebot3_ws2/install/turtlebot3_simulations/share/turtlebot3_simulations/package.xml
[1.703s] Invoked command in '/home/usman/experiments/turtlebot3_ws2/build/turtlebot3_simulations' returned '0': AMENT_PREFIX_PATH=/home/usman/experiments/turtlebot3_ws2/install/turtlebot3_fake_node:/home/usman/experiments/turtlebot3_ws2/install/turtlebot3_msgs:/home/usman/experiments/turtlebot3_ws2/install/turtlebot3_gazebo:${AMENT_PREFIX_PATH} CMAKE_PREFIX_PATH=/home/usman/experiments/turtlebot3_ws2/install/turtlebot3_fake_node:/home/usman/experiments/turtlebot3_ws2/install/turtlebot3_msgs:/home/usman/experiments/turtlebot3_ws2/install/turtlebot3_gazebo:/home/usman/ros2_my_ws/install/my_robot_bringup:/home/usman/ros2_my_ws/install/my_robot_interfaces:/home/usman/ros2_my_ws/install/turtlesim_catch_them_all:/home/usman/ros2_my_ws/install/my_py_pkg:/home/usman/ros2_ws/install/my_robot_controller:/home/usman/ros2_ws/install/my_controller:/home/usman/ros2_ws/src/install/my_robot_controller:/home/usman/ros2_ws/src/install/my_controller:/opt/ros/humble LD_LIBRARY_PATH=/home/usman/experiments/turtlebot3_ws2/install/turtlebot3_msgs/lib:${LD_LIBRARY_PATH} PYTHONPATH=/home/usman/experiments/turtlebot3_ws2/install/turtlebot3_msgs/local/lib/python3.10/dist-packages:${PYTHONPATH} /usr/bin/cmake --install /home/usman/experiments/turtlebot3_ws2/build/turtlebot3_simulations
