[0.209s] Invoking command in '/home/usman/experiments/turtlebot3_ws2/build/turtlebot3_gazebo': CMAKE_PREFIX_PATH=${CMAKE_PREFIX_PATH}:/home/usman/ros2_my_ws/install/turtlesim_catch_them_all:/home/usman/ros2_my_ws/install/my_py_pkg:/home/usman/ros2_ws/install/my_robot_controller:/home/usman/ros2_ws/install/my_controller:/home/usman/ros2_ws/src/install/my_robot_controller:/home/usman/ros2_ws/src/install/my_controller:/opt/ros/humble /usr/bin/cmake /home/usman/experiments/turtlebot3_ws2/src/turtlebot3/turtlebot3_simulations/turtlebot3_gazebo -DAMENT_CMAKE_SYMLINK_INSTALL=1 -DCMAKE_INSTALL_PREFIX=/home/usman/experiments/turtlebot3_ws2/install/turtlebot3_gazebo
[0.271s] -- The C compiler identification is GNU 11.4.0
[0.336s] -- The CXX compiler identification is GNU 11.4.0
[0.342s] -- Detecting C compiler ABI info
[0.404s] -- Detecting C compiler ABI info - done
[0.410s] -- Check for working C compiler: /usr/bin/cc - skipped
[0.411s] -- Detecting C compile features
[0.411s] -- Detecting C compile features - done
[0.413s] -- Detecting CXX compiler ABI info
[0.475s] -- Detecting CXX compiler ABI info - done
[0.482s] -- Check for working CXX compiler: /usr/bin/c++ - skipped
[0.483s] -- Detecting CXX compile features
[0.483s] -- Detecting CXX compile features - done
[0.485s] -- Found ament_cmake: 1.3.6 (/opt/ros/humble/share/ament_cmake/cmake)
[0.881s] -- Found Python3: /usr/bin/python3.10 (found version "3.10.12") found components: Interpreter 
[0.938s] -- Override CMake install command with custom implementation using symlinks instead of copying resources
[0.971s] [33mCMake Warning (dev) at /usr/share/cmake-3.22/Modules/FindPackageHandleStandardArgs.cmake:438 (message):
[0.971s]   The package name passed to `find_package_handle_standard_args` (PkgConfig)
[0.971s]   does not match the name of the calling package (gazebo).  This can lead to
[0.971s]   problems in calling code that expects `find_package` result variables
[0.972s]   (e.g., `_FOUND`) to follow a certain pattern.
[0.972s] Call Stack (most recent call first):
[0.972s]   /usr/share/cmake-3.22/Modules/FindPkgConfig.cmake:99 (find_package_handle_standard_args)
[0.972s]   /usr/lib/x86_64-linux-gnu/cmake/gazebo/gazebo-config.cmake:72 (include)
[0.972s]   CMakeLists.txt:23 (find_package)
[0.972s] This warning is for project developers.  Use -Wno-dev to suppress it.
[0.972s] [0m
[0.972s] -- Found PkgConfig: /usr/bin/pkg-config (found version "0.29.2") 
[0.977s] -- Checking for module 'bullet>=2.82'
[0.990s] --   Found bullet, version 3.05
[1.097s] -- Found fcl: /usr/include (found suitable version "0.7.0", minimum required is "0.5.0") 
[1.181s] -- Found assimp: /usr/include (found version "5.2.0") 
[1.213s] -- Found DART: /usr/include (Required is at least version "6.6") found components: dart 
[1.400s] -- Found Boost: /usr/lib/x86_64-linux-gnu/cmake/Boost-1.74.0/BoostConfig.cmake (found suitable version "1.74.0", minimum required is "1.40.0") found components: thread system filesystem program_options regex iostreams date_time 
[1.426s] -- Found Protobuf: /usr/lib/x86_64-linux-gnu/libprotobuf.so (found version "3.12.4") 
[1.433s] -- Looking for ignition-math6 -- found version 6.15.1
[1.443s] -- Searching for dependencies of ignition-math6
[1.445s] -- Looking for OGRE...
[1.446s] -- OGRE_PREFIX_WATCH changed.
[1.451s] -- Checking for module 'OGRE'
[1.465s] --   Found OGRE, version 1.9.0
[1.494s] -- Found Ogre Ghadamon (1.9.0)
[1.505s] -- Found OGRE: optimized;/usr/lib/x86_64-linux-gnu/libOgreMain.so;debug;/usr/lib/x86_64-linux-gnu/libOgreMain.so
[1.513s] -- Looking for OGRE_Paging...
[1.519s] -- Found OGRE_Paging: optimized;/usr/lib/x86_64-linux-gnu/libOgrePaging.so;debug;/usr/lib/x86_64-linux-gnu/libOgrePaging.so
[1.520s] -- Looking for OGRE_Terrain...
[1.526s] -- Found OGRE_Terrain: optimized;/usr/lib/x86_64-linux-gnu/libOgreTerrain.so;debug;/usr/lib/x86_64-linux-gnu/libOgreTerrain.so
[1.526s] -- Looking for OGRE_Property...
[1.532s] -- Found OGRE_Property: optimized;/usr/lib/x86_64-linux-gnu/libOgreProperty.so;debug;/usr/lib/x86_64-linux-gnu/libOgreProperty.so
[1.532s] -- Looking for OGRE_RTShaderSystem...
[1.538s] -- Found OGRE_RTShaderSystem: optimized;/usr/lib/x86_64-linux-gnu/libOgreRTShaderSystem.so;debug;/usr/lib/x86_64-linux-gnu/libOgreRTShaderSystem.so
[1.538s] -- Looking for OGRE_Volume...
[1.544s] -- Found OGRE_Volume: optimized;/usr/lib/x86_64-linux-gnu/libOgreVolume.so;debug;/usr/lib/x86_64-linux-gnu/libOgreVolume.so
[1.544s] -- Looking for OGRE_Overlay...
[1.552s] -- Found OGRE_Overlay: optimized;/usr/lib/x86_64-linux-gnu/libOgreOverlay.so;debug;/usr/lib/x86_64-linux-gnu/libOgreOverlay.so
[1.703s] -- Looking for ignition-math6 -- found version 6.15.1
[1.706s] -- Looking for ignition-transport8 -- found version 8.2.1
[1.707s] -- Searching for dependencies of ignition-transport8
[1.726s] -- Found Protobuf: /usr/lib/x86_64-linux-gnu/libprotobuf.so (found suitable version "3.12.4", minimum required is "3") 
[1.739s] -- Config-file not installed for ZeroMQ -- checking for pkg-config
[1.743s] -- Checking for module 'libzmq >= 4'
[1.756s] --   Found libzmq , version 4.3.4
[1.788s] -- Found ZeroMQ: TRUE (Required is at least version "4") 
[1.793s] -- Checking for module 'uuid'
[1.806s] --   Found uuid, version 2.37.2
[1.837s] -- Found UUID: TRUE  
[1.840s] -- Looking for ignition-msgs5 -- found version 5.8.1
[1.841s] -- Searching for dependencies of ignition-msgs5
[1.861s] -- Looking for ignition-math6 -- found version 6.15.1
[1.865s] -- Checking for module 'tinyxml2'
[1.878s] --   Found tinyxml2, version 9.0.0
[1.905s] -- Looking for ignition-msgs5 -- found version 5.8.1
[1.908s] -- Looking for ignition-common3 -- found version 3.14.0
[1.908s] -- Searching for dependencies of ignition-common3
[1.909s] -- Looking for dlfcn.h - found
[1.909s] -- Looking for libdl - found
[1.910s] -- Found DL: TRUE  
[1.920s] -- Found tinyobjloader: /usr/lib/x86_64-linux-gnu/cmake/tinyobjloader/tinyobjloader-config.cmake (found version "2.0.0") 
[1.921s] -- Searching for <ignition-common3> component [graphics]
[1.923s] -- Looking for ignition-common3-graphics -- found version 3.14.0
[1.923s] -- Searching for dependencies of ignition-common3-graphics
[1.924s] -- Looking for ignition-math6 -- found version 6.15.1
[1.928s] -- Looking for ignition-fuel_tools4 -- found version 4.4.0
[1.928s] -- Searching for dependencies of ignition-fuel_tools4
[1.993s] -- Found CURL: /usr/lib/x86_64-linux-gnu/libcurl.so (found version "7.81.0")  
[2.002s] -- Checking for module 'jsoncpp'
[2.011s] --   Found jsoncpp, version 1.9.5
[2.033s] -- Found JSONCPP: TRUE  
[2.039s] -- Checking for module 'libzip'
[2.048s] --   Found libzip, version 1.7.3
[2.071s] -- Found ZIP: TRUE  
[2.071s] -- Looking for ignition-common3 -- found version 3.14.0
[2.071s] -- Looking for ignition-math6 -- found version 6.15.1
[2.071s] -- Looking for ignition-msgs5 -- found version 5.8.1
[2.078s] -- Found gazebo_ros_pkgs: 3.7.0 (/opt/ros/humble/share/gazebo_ros_pkgs/cmake)
[2.080s] -- Found geometry_msgs: 4.2.3 (/opt/ros/humble/share/geometry_msgs/cmake)
[2.109s] -- Found rosidl_generator_c: 3.1.5 (/opt/ros/humble/share/rosidl_generator_c/cmake)
[2.113s] -- Found rosidl_adapter: 3.1.5 (/opt/ros/humble/share/rosidl_adapter/cmake)
[2.120s] -- Found rosidl_generator_cpp: 3.1.5 (/opt/ros/humble/share/rosidl_generator_cpp/cmake)
[2.133s] -- Using all available rosidl_typesupport_c: rosidl_typesupport_fastrtps_c;rosidl_typesupport_introspection_c
[2.148s] -- Using all available rosidl_typesupport_cpp: rosidl_typesupport_fastrtps_cpp;rosidl_typesupport_introspection_cpp
[2.242s] -- Found nav_msgs: 4.2.3 (/opt/ros/humble/share/nav_msgs/cmake)
[2.316s] -- Found rclcpp: 16.0.7 (/opt/ros/humble/share/rclcpp/cmake)
[2.397s] -- Found rmw_implementation_cmake: 6.1.1 (/opt/ros/humble/share/rmw_implementation_cmake/cmake)
[2.401s] -- Found rmw_fastrtps_cpp: 6.2.5 (/opt/ros/humble/share/rmw_fastrtps_cpp/cmake)
[2.520s] -- Found OpenSSL: /usr/lib/x86_64-linux-gnu/libcrypto.so (found version "3.0.2")  
[2.543s] -- Found FastRTPS: /opt/ros/humble/include  
[2.590s] -- Using RMW implementation 'rmw_fastrtps_cpp' as default
[2.600s] -- Found Threads: TRUE  
[2.737s] -- Found sensor_msgs: 4.2.3 (/opt/ros/humble/share/sensor_msgs/cmake)
[2.851s] -- Found tf2: 0.25.5 (/opt/ros/humble/share/tf2/cmake)
[2.955s] -- Configuring done
[2.985s] -- Generating done
[2.988s] -- Build files have been written to: /home/usman/experiments/turtlebot3_ws2/build/turtlebot3_gazebo
[3.001s] Invoked command in '/home/usman/experiments/turtlebot3_ws2/build/turtlebot3_gazebo' returned '0': CMAKE_PREFIX_PATH=${CMAKE_PREFIX_PATH}:/home/usman/ros2_my_ws/install/turtlesim_catch_them_all:/home/usman/ros2_my_ws/install/my_py_pkg:/home/usman/ros2_ws/install/my_robot_controller:/home/usman/ros2_ws/install/my_controller:/home/usman/ros2_ws/src/install/my_robot_controller:/home/usman/ros2_ws/src/install/my_controller:/opt/ros/humble /usr/bin/cmake /home/usman/experiments/turtlebot3_ws2/src/turtlebot3/turtlebot3_simulations/turtlebot3_gazebo -DAMENT_CMAKE_SYMLINK_INSTALL=1 -DCMAKE_INSTALL_PREFIX=/home/usman/experiments/turtlebot3_ws2/install/turtlebot3_gazebo
[3.003s] Invoking command in '/home/usman/experiments/turtlebot3_ws2/build/turtlebot3_gazebo': CMAKE_PREFIX_PATH=${CMAKE_PREFIX_PATH}:/home/usman/ros2_my_ws/install/turtlesim_catch_them_all:/home/usman/ros2_my_ws/install/my_py_pkg:/home/usman/ros2_ws/install/my_robot_controller:/home/usman/ros2_ws/install/my_controller:/home/usman/ros2_ws/src/install/my_robot_controller:/home/usman/ros2_ws/src/install/my_controller:/opt/ros/humble /usr/bin/cmake --build /home/usman/experiments/turtlebot3_ws2/build/turtlebot3_gazebo -- -j16 -l16
[3.054s] [ 12%] [32mBuilding CXX object CMakeFiles/turtlebot3_drive.dir/src/turtlebot3_drive.cpp.o[0m
[3.054s] [ 25%] [32mBuilding CXX object CMakeFiles/obstacle2.dir/models/turtlebot3_dqn_world/obstacle_plugin/obstacle2.cc.o[0m
[3.054s] [ 37%] [32mBuilding CXX object CMakeFiles/obstacles.dir/models/turtlebot3_dqn_world/obstacle_plugin/obstacles.cc.o[0m
[3.055s] [ 50%] [32mBuilding CXX object CMakeFiles/obstacle1.dir/models/turtlebot3_dqn_world/obstacle_plugin/obstacle1.cc.o[0m
[21.189s] [ 62%] [32m[1mLinking CXX shared library libobstacles.so[0m
[21.573s] [ 62%] Built target obstacles
[22.026s] [ 75%] [32m[1mLinking CXX executable turtlebot3_drive[0m
[22.875s] [ 75%] Built target turtlebot3_drive
[23.347s] [ 87%] [32m[1mLinking CXX shared library libobstacle2.so[0m
[23.675s] [ 87%] Built target obstacle2
[28.198s] [100%] [32m[1mLinking CXX shared library libobstacle1.so[0m
[28.803s] [100%] Built target obstacle1
[28.837s] Invoked command in '/home/usman/experiments/turtlebot3_ws2/build/turtlebot3_gazebo' returned '0': CMAKE_PREFIX_PATH=${CMAKE_PREFIX_PATH}:/home/usman/ros2_my_ws/install/turtlesim_catch_them_all:/home/usman/ros2_my_ws/install/my_py_pkg:/home/usman/ros2_ws/install/my_robot_controller:/home/usman/ros2_ws/install/my_controller:/home/usman/ros2_ws/src/install/my_robot_controller:/home/usman/ros2_ws/src/install/my_controller:/opt/ros/humble /usr/bin/cmake --build /home/usman/experiments/turtlebot3_ws2/build/turtlebot3_gazebo -- -j16 -l16
[28.910s] Invoking command in '/home/usman/experiments/turtlebot3_ws2/build/turtlebot3_gazebo': CMAKE_PREFIX_PATH=${CMAKE_PREFIX_PATH}:/home/usman/ros2_my_ws/install/turtlesim_catch_them_all:/home/usman/ros2_my_ws/install/my_py_pkg:/home/usman/ros2_ws/install/my_robot_controller:/home/usman/ros2_ws/install/my_controller:/home/usman/ros2_ws/src/install/my_robot_controller:/home/usman/ros2_ws/src/install/my_controller:/opt/ros/humble /usr/bin/cmake --install /home/usman/experiments/turtlebot3_ws2/build/turtlebot3_gazebo
[28.924s] -- Install configuration: ""
[28.925s] -- Execute custom install script
[28.926s] -- Symlinking: /home/usman/experiments/turtlebot3_ws2/install/turtlebot3_gazebo/lib/turtlebot3_gazebo/turtlebot3_drive
[28.948s] -- Symlinking: /home/usman/experiments/turtlebot3_ws2/install/turtlebot3_gazebo/share/turtlebot3_gazebo//launch/empty_world.launch.py
[28.966s] -- Symlinking: /home/usman/experiments/turtlebot3_ws2/install/turtlebot3_gazebo/share/turtlebot3_gazebo//launch/robot_state_publisher.launch.py
[28.984s] -- Symlinking: /home/usman/experiments/turtlebot3_ws2/install/turtlebot3_gazebo/share/turtlebot3_gazebo//launch/spawn_turtlebot3.launch.py
[29.002s] -- Symlinking: /home/usman/experiments/turtlebot3_ws2/install/turtlebot3_gazebo/share/turtlebot3_gazebo//launch/turtlebot3_dqn_stage1.launch.py
[29.021s] -- Symlinking: /home/usman/experiments/turtlebot3_ws2/install/turtlebot3_gazebo/share/turtlebot3_gazebo//launch/turtlebot3_dqn_stage2.launch.py
[29.039s] -- Symlinking: /home/usman/experiments/turtlebot3_ws2/install/turtlebot3_gazebo/share/turtlebot3_gazebo//launch/turtlebot3_dqn_stage3.launch.py
[29.058s] -- Symlinking: /home/usman/experiments/turtlebot3_ws2/install/turtlebot3_gazebo/share/turtlebot3_gazebo//launch/turtlebot3_dqn_stage4.launch.py
[29.076s] -- Symlinking: /home/usman/experiments/turtlebot3_ws2/install/turtlebot3_gazebo/share/turtlebot3_gazebo//launch/turtlebot3_house.launch.py
[29.093s] -- Symlinking: /home/usman/experiments/turtlebot3_ws2/install/turtlebot3_gazebo/share/turtlebot3_gazebo//launch/turtlebot3_world.launch.py
[29.114s] -- Symlinking: /home/usman/experiments/turtlebot3_ws2/install/turtlebot3_gazebo/share/turtlebot3_gazebo//models/turtlebot3_burger/model-1_4.sdf
[29.132s] -- Symlinking: /home/usman/experiments/turtlebot3_ws2/install/turtlebot3_gazebo/share/turtlebot3_gazebo//models/turtlebot3_burger/model.config
[29.151s] -- Symlinking: /home/usman/experiments/turtlebot3_ws2/install/turtlebot3_gazebo/share/turtlebot3_gazebo//models/turtlebot3_burger/model.sdf
[29.169s] -- Symlinking: /home/usman/experiments/turtlebot3_ws2/install/turtlebot3_gazebo/share/turtlebot3_gazebo//models/turtlebot3_common/meshes/burger_base.dae
[29.187s] -- Symlinking: /home/usman/experiments/turtlebot3_ws2/install/turtlebot3_gazebo/share/turtlebot3_gazebo//models/turtlebot3_common/meshes/lds.dae
[29.205s] -- Symlinking: /home/usman/experiments/turtlebot3_ws2/install/turtlebot3_gazebo/share/turtlebot3_gazebo//models/turtlebot3_common/meshes/r200.dae
[29.223s] -- Symlinking: /home/usman/experiments/turtlebot3_ws2/install/turtlebot3_gazebo/share/turtlebot3_gazebo//models/turtlebot3_common/meshes/tire.dae
[29.241s] -- Symlinking: /home/usman/experiments/turtlebot3_ws2/install/turtlebot3_gazebo/share/turtlebot3_gazebo//models/turtlebot3_common/meshes/waffle_base.dae
[29.259s] -- Symlinking: /home/usman/experiments/turtlebot3_ws2/install/turtlebot3_gazebo/share/turtlebot3_gazebo//models/turtlebot3_common/meshes/waffle_pi_base.dae
[29.278s] -- Symlinking: /home/usman/experiments/turtlebot3_ws2/install/turtlebot3_gazebo/share/turtlebot3_gazebo//models/turtlebot3_common/model.config
[29.293s] -- Symlinking: /home/usman/experiments/turtlebot3_ws2/install/turtlebot3_gazebo/share/turtlebot3_gazebo//models/turtlebot3_dqn_world/goal_box/model.config
[29.305s] -- Symlinking: /home/usman/experiments/turtlebot3_ws2/install/turtlebot3_gazebo/share/turtlebot3_gazebo//models/turtlebot3_dqn_world/goal_box/model.sdf
[29.320s] -- Symlinking: /home/usman/experiments/turtlebot3_ws2/install/turtlebot3_gazebo/share/turtlebot3_gazebo//models/turtlebot3_dqn_world/inner_walls/model.config
[29.336s] -- Symlinking: /home/usman/experiments/turtlebot3_ws2/install/turtlebot3_gazebo/share/turtlebot3_gazebo//models/turtlebot3_dqn_world/inner_walls/model.sdf
[29.354s] -- Symlinking: /home/usman/experiments/turtlebot3_ws2/install/turtlebot3_gazebo/share/turtlebot3_gazebo//models/turtlebot3_dqn_world/model.config
[29.371s] -- Symlinking: /home/usman/experiments/turtlebot3_ws2/install/turtlebot3_gazebo/share/turtlebot3_gazebo//models/turtlebot3_dqn_world/model.sdf
[29.390s] -- Symlinking: /home/usman/experiments/turtlebot3_ws2/install/turtlebot3_gazebo/share/turtlebot3_gazebo//models/turtlebot3_dqn_world/obstacle1/model.config
[29.408s] -- Symlinking: /home/usman/experiments/turtlebot3_ws2/install/turtlebot3_gazebo/share/turtlebot3_gazebo//models/turtlebot3_dqn_world/obstacle1/model.sdf
[29.426s] -- Symlinking: /home/usman/experiments/turtlebot3_ws2/install/turtlebot3_gazebo/share/turtlebot3_gazebo//models/turtlebot3_dqn_world/obstacle2/model.config
[29.444s] -- Symlinking: /home/usman/experiments/turtlebot3_ws2/install/turtlebot3_gazebo/share/turtlebot3_gazebo//models/turtlebot3_dqn_world/obstacle2/model.sdf
[29.462s] -- Symlinking: /home/usman/experiments/turtlebot3_ws2/install/turtlebot3_gazebo/share/turtlebot3_gazebo//models/turtlebot3_dqn_world/obstacle_plugin/CMakeLists.txt
[29.480s] -- Symlinking: /home/usman/experiments/turtlebot3_ws2/install/turtlebot3_gazebo/share/turtlebot3_gazebo//models/turtlebot3_dqn_world/obstacle_plugin/obstacle1.cc
[29.499s] -- Symlinking: /home/usman/experiments/turtlebot3_ws2/install/turtlebot3_gazebo/share/turtlebot3_gazebo//models/turtlebot3_dqn_world/obstacle_plugin/obstacle2.cc
[29.517s] -- Symlinking: /home/usman/experiments/turtlebot3_ws2/install/turtlebot3_gazebo/share/turtlebot3_gazebo//models/turtlebot3_dqn_world/obstacle_plugin/obstacles.cc
[29.534s] -- Symlinking: /home/usman/experiments/turtlebot3_ws2/install/turtlebot3_gazebo/share/turtlebot3_gazebo//models/turtlebot3_dqn_world/obstacles/model.config
[29.552s] -- Symlinking: /home/usman/experiments/turtlebot3_ws2/install/turtlebot3_gazebo/share/turtlebot3_gazebo//models/turtlebot3_dqn_world/obstacles/model.sdf
[29.571s] -- Symlinking: /home/usman/experiments/turtlebot3_ws2/install/turtlebot3_gazebo/share/turtlebot3_gazebo//models/turtlebot3_house/model.config
[29.589s] -- Symlinking: /home/usman/experiments/turtlebot3_ws2/install/turtlebot3_gazebo/share/turtlebot3_gazebo//models/turtlebot3_house/model.sdf
[29.608s] -- Symlinking: /home/usman/experiments/turtlebot3_ws2/install/turtlebot3_gazebo/share/turtlebot3_gazebo//models/turtlebot3_waffle/model-1_4.sdf
[29.626s] -- Symlinking: /home/usman/experiments/turtlebot3_ws2/install/turtlebot3_gazebo/share/turtlebot3_gazebo//models/turtlebot3_waffle/model.config
[29.644s] -- Symlinking: /home/usman/experiments/turtlebot3_ws2/install/turtlebot3_gazebo/share/turtlebot3_gazebo//models/turtlebot3_waffle/model.sdf
[29.663s] -- Symlinking: /home/usman/experiments/turtlebot3_ws2/install/turtlebot3_gazebo/share/turtlebot3_gazebo//models/turtlebot3_waffle_pi/model-1_4_.sdf
[29.682s] -- Symlinking: /home/usman/experiments/turtlebot3_ws2/install/turtlebot3_gazebo/share/turtlebot3_gazebo//models/turtlebot3_waffle_pi/model.config
[29.705s] -- Symlinking: /home/usman/experiments/turtlebot3_ws2/install/turtlebot3_gazebo/share/turtlebot3_gazebo//models/turtlebot3_waffle_pi/model.sdf
[29.726s] -- Symlinking: /home/usman/experiments/turtlebot3_ws2/install/turtlebot3_gazebo/share/turtlebot3_gazebo//models/turtlebot3_world/meshes/hexagon.dae
[29.743s] -- Symlinking: /home/usman/experiments/turtlebot3_ws2/install/turtlebot3_gazebo/share/turtlebot3_gazebo//models/turtlebot3_world/meshes/wall.dae
[29.760s] -- Symlinking: /home/usman/experiments/turtlebot3_ws2/install/turtlebot3_gazebo/share/turtlebot3_gazebo//models/turtlebot3_world/model-1_4.sdf
[29.777s] -- Symlinking: /home/usman/experiments/turtlebot3_ws2/install/turtlebot3_gazebo/share/turtlebot3_gazebo//models/turtlebot3_world/model.config
[29.796s] -- Symlinking: /home/usman/experiments/turtlebot3_ws2/install/turtlebot3_gazebo/share/turtlebot3_gazebo//models/turtlebot3_world/model.sdf
[29.814s] -- Symlinking: /home/usman/experiments/turtlebot3_ws2/install/turtlebot3_gazebo/share/turtlebot3_gazebo//rviz/tb3_gazebo.rviz
[29.838s] -- Symlinking: /home/usman/experiments/turtlebot3_ws2/install/turtlebot3_gazebo/share/turtlebot3_gazebo//urdf/common_properties.urdf
[29.856s] -- Symlinking: /home/usman/experiments/turtlebot3_ws2/install/turtlebot3_gazebo/share/turtlebot3_gazebo//urdf/turtlebot3_burger.urdf
[29.884s] -- Symlinking: /home/usman/experiments/turtlebot3_ws2/install/turtlebot3_gazebo/share/turtlebot3_gazebo//urdf/turtlebot3_waffle.urdf
[29.902s] -- Symlinking: /home/usman/experiments/turtlebot3_ws2/install/turtlebot3_gazebo/share/turtlebot3_gazebo//urdf/turtlebot3_waffle_pi.urdf
[29.921s] -- Symlinking: /home/usman/experiments/turtlebot3_ws2/install/turtlebot3_gazebo/share/turtlebot3_gazebo//worlds/empty_world.world
[29.938s] -- Symlinking: /home/usman/experiments/turtlebot3_ws2/install/turtlebot3_gazebo/share/turtlebot3_gazebo//worlds/turtlebot3_dqn_stage1.world
[29.957s] -- Symlinking: /home/usman/experiments/turtlebot3_ws2/install/turtlebot3_gazebo/share/turtlebot3_gazebo//worlds/turtlebot3_dqn_stage2.world
[29.974s] -- Symlinking: /home/usman/experiments/turtlebot3_ws2/install/turtlebot3_gazebo/share/turtlebot3_gazebo//worlds/turtlebot3_dqn_stage3.world
[29.992s] -- Symlinking: /home/usman/experiments/turtlebot3_ws2/install/turtlebot3_gazebo/share/turtlebot3_gazebo//worlds/turtlebot3_dqn_stage4.world
[30.010s] -- Symlinking: /home/usman/experiments/turtlebot3_ws2/install/turtlebot3_gazebo/share/turtlebot3_gazebo//worlds/turtlebot3_house.world
[30.028s] -- Symlinking: /home/usman/experiments/turtlebot3_ws2/install/turtlebot3_gazebo/share/turtlebot3_gazebo//worlds/turtlebot3_world.world
[30.048s] -- Symlinking: /home/usman/experiments/turtlebot3_ws2/install/turtlebot3_gazebo/include//turtlebot3_gazebo/turtlebot3_drive.hpp
[30.069s] -- Symlinking: /home/usman/experiments/turtlebot3_ws2/install/turtlebot3_gazebo/share/ament_index/resource_index/package_run_dependencies/turtlebot3_gazebo
[30.089s] -- Symlinking: /home/usman/experiments/turtlebot3_ws2/install/turtlebot3_gazebo/share/ament_index/resource_index/parent_prefix_path/turtlebot3_gazebo
[30.108s] -- Symlinking: /home/usman/experiments/turtlebot3_ws2/install/turtlebot3_gazebo/share/turtlebot3_gazebo/environment/ament_prefix_path.sh
[30.125s] -- Symlinking: /home/usman/experiments/turtlebot3_ws2/install/turtlebot3_gazebo/share/turtlebot3_gazebo/environment/ament_prefix_path.dsv
[30.144s] -- Symlinking: /home/usman/experiments/turtlebot3_ws2/install/turtlebot3_gazebo/share/turtlebot3_gazebo/environment/path.sh
[30.162s] -- Symlinking: /home/usman/experiments/turtlebot3_ws2/install/turtlebot3_gazebo/share/turtlebot3_gazebo/environment/path.dsv
[30.180s] -- Symlinking: /home/usman/experiments/turtlebot3_ws2/install/turtlebot3_gazebo/share/turtlebot3_gazebo/local_setup.bash
[30.199s] -- Symlinking: /home/usman/experiments/turtlebot3_ws2/install/turtlebot3_gazebo/share/turtlebot3_gazebo/local_setup.sh
[30.218s] -- Symlinking: /home/usman/experiments/turtlebot3_ws2/install/turtlebot3_gazebo/share/turtlebot3_gazebo/local_setup.zsh
[30.236s] -- Symlinking: /home/usman/experiments/turtlebot3_ws2/install/turtlebot3_gazebo/share/turtlebot3_gazebo/local_setup.dsv
[30.255s] -- Symlinking: /home/usman/experiments/turtlebot3_ws2/install/turtlebot3_gazebo/share/turtlebot3_gazebo/package.dsv
[30.273s] -- Symlinking: /home/usman/experiments/turtlebot3_ws2/install/turtlebot3_gazebo/share/ament_index/resource_index/packages/turtlebot3_gazebo
[30.292s] -- Symlinking: /home/usman/experiments/turtlebot3_ws2/install/turtlebot3_gazebo/share/turtlebot3_gazebo/cmake/ament_cmake_export_include_directories-extras.cmake
[30.310s] -- Symlinking: /home/usman/experiments/turtlebot3_ws2/install/turtlebot3_gazebo/share/turtlebot3_gazebo/cmake/ament_cmake_export_dependencies-extras.cmake
[30.329s] -- Symlinking: /home/usman/experiments/turtlebot3_ws2/install/turtlebot3_gazebo/share/turtlebot3_gazebo/cmake/turtlebot3_gazeboConfig.cmake
[30.346s] -- Symlinking: /home/usman/experiments/turtlebot3_ws2/install/turtlebot3_gazebo/share/turtlebot3_gazebo/cmake/turtlebot3_gazeboConfig-version.cmake
[30.365s] -- Symlinking: /home/usman/experiments/turtlebot3_ws2/install/turtlebot3_gazebo/share/turtlebot3_gazebo/package.xml
[30.387s] Invoked command in '/home/usman/experiments/turtlebot3_ws2/build/turtlebot3_gazebo' returned '0': CMAKE_PREFIX_PATH=${CMAKE_PREFIX_PATH}:/home/usman/ros2_my_ws/install/turtlesim_catch_them_all:/home/usman/ros2_my_ws/install/my_py_pkg:/home/usman/ros2_ws/install/my_robot_controller:/home/usman/ros2_ws/install/my_controller:/home/usman/ros2_ws/src/install/my_robot_controller:/home/usman/ros2_ws/src/install/my_controller:/opt/ros/humble /usr/bin/cmake --install /home/usman/experiments/turtlebot3_ws2/build/turtlebot3_gazebo
