[0.828s] Invoking command in '/home/usman/experiments/turtlebot3_ws2/build/turtlebot3_example': CMAKE_PREFIX_PATH=/home/usman/experiments/turtlebot3_ws2/install/turtlebot3_msgs:/home/usman/experiments/turtlebot3_ws2/install/turtlebot3:/home/usman/experiments/turtlebot3_ws2/install/turtlebot3_simulations:/home/usman/experiments/turtlebot3_ws2/install/turtlebot3_bringup:/home/usman/experiments/turtlebot3_ws2/install/turtlebot3_node:/home/usman/experiments/turtlebot3_ws2/install/turtlebot3_navigation2:/home/usman/experiments/turtlebot3_ws2/install/turtlebot3_fake_node:/home/usman/experiments/turtlebot3_ws2/install/turtlebot3_gazebo:/home/usman/experiments/turtlebot3_ws2/install/turtlebot3_description:/home/usman/experiments/turtlebot3_ws2/install/turtlebot3_cartographer:/home/usman/experiments/turtlebot3_ws2/install/hls_lfcd_lds_driver:/home/usman/experiments/turtlebot3_ws2/install/dynamixel_sdk_examples:/home/usman/experiments/turtlebot3_ws2/install/dynamixel_sdk_custom_interfaces:/home/usman/experiments/turtlebot3_ws2/install/dynamixel_sdk:/home/usman/ros2_my_ws/install/my_robot_bringup:/home/usman/ros2_my_ws/install/my_robot_interfaces PYTHONPATH=/home/usman/experiments/turtlebot3_ws2/build/turtlebot3_example/prefix_override:/home/usman/experiments/turtlebot3_ws2/install/turtlebot3_example/lib/python3.10/site-packages:${PYTHONPATH} /usr/bin/python3 setup.py develop --editable --build-directory /home/usman/experiments/turtlebot3_ws2/build/turtlebot3_example/build --no-deps install_data
[1.042s] running develop
[1.042s] /home/usman/.local/lib/python3.10/site-packages/setuptools/command/develop.py:40: EasyInstallDeprecationWarning: easy_install command is deprecated.
[1.042s] !!
[1.042s] 
[1.042s]         ********************************************************************************
[1.042s]         Please avoid running ``setup.py`` and ``easy_install``.
[1.042s]         Instead, use pypa/build, pypa/installer or other
[1.042s]         standards-based tools.
[1.042s] 
[1.042s]         See https://github.com/pypa/setuptools/issues/917 for details.
[1.042s]         ********************************************************************************
[1.042s] 
[1.042s] !!
[1.042s]   easy_install.initialize_options(self)
[1.060s] /home/usman/.local/lib/python3.10/site-packages/setuptools/_distutils/cmd.py:66: SetuptoolsDeprecationWarning: setup.py install is deprecated.
[1.060s] !!
[1.060s] 
[1.060s]         ********************************************************************************
[1.060s]         Please avoid running ``setup.py`` directly.
[1.060s]         Instead, use pypa/build, pypa/installer or other
[1.060s]         standards-based tools.
[1.060s] 
[1.060s]         See https://blog.ganssle.io/articles/2021/10/setup-py-deprecated.html for details.
[1.060s]         ********************************************************************************
[1.060s] 
[1.060s] !!
[1.060s]   self.initialize_options()
[1.163s] running egg_info
[1.172s] writing turtlebot3_example.egg-info/PKG-INFO
[1.172s] writing dependency_links to turtlebot3_example.egg-info/dependency_links.txt
[1.172s] writing entry points to turtlebot3_example.egg-info/entry_points.txt
[1.172s] writing requirements to turtlebot3_example.egg-info/requires.txt
[1.172s] writing top-level names to turtlebot3_example.egg-info/top_level.txt
[1.190s] reading manifest file 'turtlebot3_example.egg-info/SOURCES.txt'
[1.191s] writing manifest file 'turtlebot3_example.egg-info/SOURCES.txt'
[1.200s] running build_ext
[1.200s] Creating /home/usman/experiments/turtlebot3_ws2/install/turtlebot3_example/lib/python3.10/site-packages/turtlebot3-example.egg-link (link to .)
[1.201s] Installing turtlebot3_obstacle_detection script to /home/usman/experiments/turtlebot3_ws2/install/turtlebot3_example/lib/turtlebot3_example
[1.201s] Installing turtlebot3_patrol_client script to /home/usman/experiments/turtlebot3_ws2/install/turtlebot3_example/lib/turtlebot3_example
[1.201s] Installing turtlebot3_patrol_server script to /home/usman/experiments/turtlebot3_ws2/install/turtlebot3_example/lib/turtlebot3_example
[1.201s] Installing turtlebot3_position_control script to /home/usman/experiments/turtlebot3_ws2/install/turtlebot3_example/lib/turtlebot3_example
[1.201s] 
[1.201s] Installed /home/usman/experiments/turtlebot3_ws2/build/turtlebot3_example
[1.201s] running install_data
[1.221s] Invoked command in '/home/usman/experiments/turtlebot3_ws2/build/turtlebot3_example' returned '0': CMAKE_PREFIX_PATH=/home/usman/experiments/turtlebot3_ws2/install/turtlebot3_msgs:/home/usman/experiments/turtlebot3_ws2/install/turtlebot3:/home/usman/experiments/turtlebot3_ws2/install/turtlebot3_simulations:/home/usman/experiments/turtlebot3_ws2/install/turtlebot3_bringup:/home/usman/experiments/turtlebot3_ws2/install/turtlebot3_node:/home/usman/experiments/turtlebot3_ws2/install/turtlebot3_navigation2:/home/usman/experiments/turtlebot3_ws2/install/turtlebot3_fake_node:/home/usman/experiments/turtlebot3_ws2/install/turtlebot3_gazebo:/home/usman/experiments/turtlebot3_ws2/install/turtlebot3_description:/home/usman/experiments/turtlebot3_ws2/install/turtlebot3_cartographer:/home/usman/experiments/turtlebot3_ws2/install/hls_lfcd_lds_driver:/home/usman/experiments/turtlebot3_ws2/install/dynamixel_sdk_examples:/home/usman/experiments/turtlebot3_ws2/install/dynamixel_sdk_custom_interfaces:/home/usman/experiments/turtlebot3_ws2/install/dynamixel_sdk:/home/usman/ros2_my_ws/install/my_robot_bringup:/home/usman/ros2_my_ws/install/my_robot_interfaces PYTHONPATH=/home/usman/experiments/turtlebot3_ws2/build/turtlebot3_example/prefix_override:/home/usman/experiments/turtlebot3_ws2/install/turtlebot3_example/lib/python3.10/site-packages:${PYTHONPATH} /usr/bin/python3 setup.py develop --editable --build-directory /home/usman/experiments/turtlebot3_ws2/build/turtlebot3_example/build --no-deps install_data
