[1.361s] Invoking command in '/home/usman/experiments/turtlebot3_ws2/build/hls_lfcd_lds_driver': CMAKE_PREFIX_PATH=${CMAKE_PREFIX_PATH}:/home/usman/experiments/turtlebot3_ws2/install/tb3_sim:/home/usman/experiments/turtlebot3_ws/install/tb3_sim:/home/usman/experiments/turtlebot3_ws2/install/turtlebot3_teleop:/home/usman/experiments/turtlebot3_ws2/install/turtlebot3_example:/home/usman/experiments/turtlebot3_ws/install/turtlebot3_teleop:/home/usman/experiments/turtlebot3_ws/install/turtlebot3_example:/home/usman/ros2_my_ws/install/turtlesim_catch_them_all:/home/usman/ros2_my_ws/install/my_py_pkg:/home/usman/ros2_ws/install/my_robot_controller:/home/usman/ros2_ws/install/my_controller:/home/usman/ros2_ws/src/install/my_robot_controller:/home/usman/ros2_ws/src/install/my_controller:/opt/ros/humble /usr/bin/cmake --build /home/usman/experiments/turtlebot3_ws2/build/hls_lfcd_lds_driver -- -j16 -l16
[2.171s] [100%] Built target hlds_laser_publisher
[2.810s] Invoked command in '/home/usman/experiments/turtlebot3_ws2/build/hls_lfcd_lds_driver' returned '0': CMAKE_PREFIX_PATH=${CMAKE_PREFIX_PATH}:/home/usman/experiments/turtlebot3_ws2/install/tb3_sim:/home/usman/experiments/turtlebot3_ws/install/tb3_sim:/home/usman/experiments/turtlebot3_ws2/install/turtlebot3_teleop:/home/usman/experiments/turtlebot3_ws2/install/turtlebot3_example:/home/usman/experiments/turtlebot3_ws/install/turtlebot3_teleop:/home/usman/experiments/turtlebot3_ws/install/turtlebot3_example:/home/usman/ros2_my_ws/install/turtlesim_catch_them_all:/home/usman/ros2_my_ws/install/my_py_pkg:/home/usman/ros2_ws/install/my_robot_controller:/home/usman/ros2_ws/install/my_controller:/home/usman/ros2_ws/src/install/my_robot_controller:/home/usman/ros2_ws/src/install/my_controller:/opt/ros/humble /usr/bin/cmake --build /home/usman/experiments/turtlebot3_ws2/build/hls_lfcd_lds_driver -- -j16 -l16
[2.897s] Invoking command in '/home/usman/experiments/turtlebot3_ws2/build/hls_lfcd_lds_driver': CMAKE_PREFIX_PATH=${CMAKE_PREFIX_PATH}:/home/usman/experiments/turtlebot3_ws2/install/tb3_sim:/home/usman/experiments/turtlebot3_ws/install/tb3_sim:/home/usman/experiments/turtlebot3_ws2/install/turtlebot3_teleop:/home/usman/experiments/turtlebot3_ws2/install/turtlebot3_example:/home/usman/experiments/turtlebot3_ws/install/turtlebot3_teleop:/home/usman/experiments/turtlebot3_ws/install/turtlebot3_example:/home/usman/ros2_my_ws/install/turtlesim_catch_them_all:/home/usman/ros2_my_ws/install/my_py_pkg:/home/usman/ros2_ws/install/my_robot_controller:/home/usman/ros2_ws/install/my_controller:/home/usman/ros2_ws/src/install/my_robot_controller:/home/usman/ros2_ws/src/install/my_controller:/opt/ros/humble /usr/bin/cmake --install /home/usman/experiments/turtlebot3_ws2/build/hls_lfcd_lds_driver
[2.941s] -- Install configuration: ""
[2.945s] -- Execute custom install script
[2.945s] -- Up-to-date symlink: /home/usman/experiments/turtlebot3_ws2/install/hls_lfcd_lds_driver/share/hls_lfcd_lds_driver/launch/hlds_laser.launch.py
[2.947s] -- Up-to-date symlink: /home/usman/experiments/turtlebot3_ws2/install/hls_lfcd_lds_driver/share/hls_lfcd_lds_driver/launch/view_hlds_laser.launch.py
[2.951s] -- Up-to-date symlink: /home/usman/experiments/turtlebot3_ws2/install/hls_lfcd_lds_driver/share/hls_lfcd_lds_driver/rviz/hlds_laser.rviz
[2.952s] -- Up-to-date symlink: /home/usman/experiments/turtlebot3_ws2/install/hls_lfcd_lds_driver/lib/hls_lfcd_lds_driver/hlds_laser_publisher
[2.963s] -- Up-to-date symlink: /home/usman/experiments/turtlebot3_ws2/install/hls_lfcd_lds_driver/share/ament_index/resource_index/package_run_dependencies/hls_lfcd_lds_driver
[2.964s] -- Up-to-date symlink: /home/usman/experiments/turtlebot3_ws2/install/hls_lfcd_lds_driver/share/ament_index/resource_index/parent_prefix_path/hls_lfcd_lds_driver
[2.965s] -- Up-to-date symlink: /home/usman/experiments/turtlebot3_ws2/install/hls_lfcd_lds_driver/share/hls_lfcd_lds_driver/environment/ament_prefix_path.sh
[2.965s] -- Up-to-date symlink: /home/usman/experiments/turtlebot3_ws2/install/hls_lfcd_lds_driver/share/hls_lfcd_lds_driver/environment/ament_prefix_path.dsv
[2.966s] -- Up-to-date symlink: /home/usman/experiments/turtlebot3_ws2/install/hls_lfcd_lds_driver/share/hls_lfcd_lds_driver/environment/path.sh
[2.966s] -- Up-to-date symlink: /home/usman/experiments/turtlebot3_ws2/install/hls_lfcd_lds_driver/share/hls_lfcd_lds_driver/environment/path.dsv
[2.966s] -- Up-to-date symlink: /home/usman/experiments/turtlebot3_ws2/install/hls_lfcd_lds_driver/share/hls_lfcd_lds_driver/local_setup.bash
[2.966s] -- Up-to-date symlink: /home/usman/experiments/turtlebot3_ws2/install/hls_lfcd_lds_driver/share/hls_lfcd_lds_driver/local_setup.sh
[2.966s] -- Up-to-date symlink: /home/usman/experiments/turtlebot3_ws2/install/hls_lfcd_lds_driver/share/hls_lfcd_lds_driver/local_setup.zsh
[2.968s] -- Up-to-date symlink: /home/usman/experiments/turtlebot3_ws2/install/hls_lfcd_lds_driver/share/hls_lfcd_lds_driver/local_setup.dsv
[2.968s] -- Symlinking: /home/usman/experiments/turtlebot3_ws2/install/hls_lfcd_lds_driver/share/hls_lfcd_lds_driver/package.dsv
[3.006s] -- Up-to-date symlink: /home/usman/experiments/turtlebot3_ws2/install/hls_lfcd_lds_driver/share/ament_index/resource_index/packages/hls_lfcd_lds_driver
[3.008s] -- Up-to-date symlink: /home/usman/experiments/turtlebot3_ws2/install/hls_lfcd_lds_driver/share/hls_lfcd_lds_driver/cmake/ament_cmake_export_dependencies-extras.cmake
[3.009s] -- Up-to-date symlink: /home/usman/experiments/turtlebot3_ws2/install/hls_lfcd_lds_driver/share/hls_lfcd_lds_driver/cmake/ament_cmake_export_include_directories-extras.cmake
[3.012s] -- Up-to-date symlink: /home/usman/experiments/turtlebot3_ws2/install/hls_lfcd_lds_driver/share/hls_lfcd_lds_driver/cmake/hls_lfcd_lds_driverConfig.cmake
[3.013s] -- Up-to-date symlink: /home/usman/experiments/turtlebot3_ws2/install/hls_lfcd_lds_driver/share/hls_lfcd_lds_driver/cmake/hls_lfcd_lds_driverConfig-version.cmake
[3.013s] -- Up-to-date symlink: /home/usman/experiments/turtlebot3_ws2/install/hls_lfcd_lds_driver/share/hls_lfcd_lds_driver/package.xml
[3.236s] Invoked command in '/home/usman/experiments/turtlebot3_ws2/build/hls_lfcd_lds_driver' returned '0': CMAKE_PREFIX_PATH=${CMAKE_PREFIX_PATH}:/home/usman/experiments/turtlebot3_ws2/install/tb3_sim:/home/usman/experiments/turtlebot3_ws/install/tb3_sim:/home/usman/experiments/turtlebot3_ws2/install/turtlebot3_teleop:/home/usman/experiments/turtlebot3_ws2/install/turtlebot3_example:/home/usman/experiments/turtlebot3_ws/install/turtlebot3_teleop:/home/usman/experiments/turtlebot3_ws/install/turtlebot3_example:/home/usman/ros2_my_ws/install/turtlesim_catch_them_all:/home/usman/ros2_my_ws/install/my_py_pkg:/home/usman/ros2_ws/install/my_robot_controller:/home/usman/ros2_ws/install/my_controller:/home/usman/ros2_ws/src/install/my_robot_controller:/home/usman/ros2_ws/src/install/my_controller:/opt/ros/humble /usr/bin/cmake --install /home/usman/experiments/turtlebot3_ws2/build/hls_lfcd_lds_driver
