[1.084s] Invoking command in '/home/usman/experiments/turtlebot3_ws2/build/dynamixel_sdk_custom_interfaces': CMAKE_PREFIX_PATH=${CMAKE_PREFIX_PATH}:/home/usman/experiments/turtlebot3_ws2/install/tb3_sim:/home/usman/experiments/turtlebot3_ws/install/tb3_sim:/home/usman/experiments/turtlebot3_ws2/install/turtlebot3_teleop:/home/usman/experiments/turtlebot3_ws2/install/turtlebot3_example:/home/usman/experiments/turtlebot3_ws/install/turtlebot3_teleop:/home/usman/experiments/turtlebot3_ws/install/turtlebot3_example:/home/usman/ros2_my_ws/install/turtlesim_catch_them_all:/home/usman/ros2_my_ws/install/my_py_pkg:/home/usman/ros2_ws/install/my_robot_controller:/home/usman/ros2_ws/install/my_controller:/home/usman/ros2_ws/src/install/my_robot_controller:/home/usman/ros2_ws/src/install/my_controller:/opt/ros/humble /usr/bin/cmake --build /home/usman/experiments/turtlebot3_ws2/build/dynamixel_sdk_custom_interfaces -- -j16 -l16
[1.884s] [  2%] Built target dynamixel_sdk_custom_interfaces__cpp
[1.884s] [ 12%] Built target dynamixel_sdk_custom_interfaces__rosidl_generator_c
[1.886s] [ 12%] Built target ament_cmake_python_symlink_dynamixel_sdk_custom_interfaces
[1.886s] [ 23%] Built target dynamixel_sdk_custom_interfaces__rosidl_typesupport_fastrtps_c
[1.887s] [ 33%] Built target dynamixel_sdk_custom_interfaces__rosidl_typesupport_cpp
[1.887s] [ 51%] Built target dynamixel_sdk_custom_interfaces__rosidl_typesupport_introspection_cpp
[1.888s] [ 53%] Built target dynamixel_sdk_custom_interfaces__rosidl_typesupport_c
[1.888s] [ 64%] Built target dynamixel_sdk_custom_interfaces__rosidl_typesupport_introspection_c
[1.888s] [ 74%] Built target dynamixel_sdk_custom_interfaces__rosidl_typesupport_fastrtps_cpp
[1.888s] [ 74%] Built target dynamixel_sdk_custom_interfaces
[1.888s] [ 76%] Built target dynamixel_sdk_custom_interfaces__py
[1.888s] [ 84%] Built target dynamixel_sdk_custom_interfaces__rosidl_generator_py
[1.889s] [ 89%] Built target dynamixel_sdk_custom_interfaces__rosidl_typesupport_c__pyext
[1.889s] [ 94%] Built target dynamixel_sdk_custom_interfaces__rosidl_typesupport_fastrtps_c__pyext
[1.889s] [100%] Built target dynamixel_sdk_custom_interfaces__rosidl_typesupport_introspection_c__pyext
[1.889s] running egg_info
[1.889s] writing dynamixel_sdk_custom_interfaces.egg-info/PKG-INFO
[1.889s] writing dependency_links to dynamixel_sdk_custom_interfaces.egg-info/dependency_links.txt
[1.890s] writing top-level names to dynamixel_sdk_custom_interfaces.egg-info/top_level.txt
[1.890s] reading manifest file 'dynamixel_sdk_custom_interfaces.egg-info/SOURCES.txt'
[1.890s] writing manifest file 'dynamixel_sdk_custom_interfaces.egg-info/SOURCES.txt'
[1.891s] [100%] Built target ament_cmake_python_build_dynamixel_sdk_custom_interfaces_egg
[2.537s] Invoked command in '/home/usman/experiments/turtlebot3_ws2/build/dynamixel_sdk_custom_interfaces' returned '0': CMAKE_PREFIX_PATH=${CMAKE_PREFIX_PATH}:/home/usman/experiments/turtlebot3_ws2/install/tb3_sim:/home/usman/experiments/turtlebot3_ws/install/tb3_sim:/home/usman/experiments/turtlebot3_ws2/install/turtlebot3_teleop:/home/usman/experiments/turtlebot3_ws2/install/turtlebot3_example:/home/usman/experiments/turtlebot3_ws/install/turtlebot3_teleop:/home/usman/experiments/turtlebot3_ws/install/turtlebot3_example:/home/usman/ros2_my_ws/install/turtlesim_catch_them_all:/home/usman/ros2_my_ws/install/my_py_pkg:/home/usman/ros2_ws/install/my_robot_controller:/home/usman/ros2_ws/install/my_controller:/home/usman/ros2_ws/src/install/my_robot_controller:/home/usman/ros2_ws/src/install/my_controller:/opt/ros/humble /usr/bin/cmake --build /home/usman/experiments/turtlebot3_ws2/build/dynamixel_sdk_custom_interfaces -- -j16 -l16
[3.510s] Invoking command in '/home/usman/experiments/turtlebot3_ws2/build/dynamixel_sdk_custom_interfaces': CMAKE_PREFIX_PATH=${CMAKE_PREFIX_PATH}:/home/usman/experiments/turtlebot3_ws2/install/tb3_sim:/home/usman/experiments/turtlebot3_ws/install/tb3_sim:/home/usman/experiments/turtlebot3_ws2/install/turtlebot3_teleop:/home/usman/experiments/turtlebot3_ws2/install/turtlebot3_example:/home/usman/experiments/turtlebot3_ws/install/turtlebot3_teleop:/home/usman/experiments/turtlebot3_ws/install/turtlebot3_example:/home/usman/ros2_my_ws/install/turtlesim_catch_them_all:/home/usman/ros2_my_ws/install/my_py_pkg:/home/usman/ros2_ws/install/my_robot_controller:/home/usman/ros2_ws/install/my_controller:/home/usman/ros2_ws/src/install/my_robot_controller:/home/usman/ros2_ws/src/install/my_controller:/opt/ros/humble /usr/bin/cmake --install /home/usman/experiments/turtlebot3_ws2/build/dynamixel_sdk_custom_interfaces
[3.630s] -- Install configuration: ""
[3.633s] -- Execute custom install script
[3.634s] -- Up-to-date symlink: /home/usman/experiments/turtlebot3_ws2/install/dynamixel_sdk_custom_interfaces/share/ament_index/resource_index/rosidl_interfaces/dynamixel_sdk_custom_interfaces
[3.635s] -- Up-to-date symlink: /home/usman/experiments/turtlebot3_ws2/install/dynamixel_sdk_custom_interfaces/include/dynamixel_sdk_custom_interfaces/dynamixel_sdk_custom_interfaces/msg/detail/set_position__functions.h
[3.635s] -- Up-to-date symlink: /home/usman/experiments/turtlebot3_ws2/install/dynamixel_sdk_custom_interfaces/include/dynamixel_sdk_custom_interfaces/dynamixel_sdk_custom_interfaces/msg/detail/set_position__struct.h
[3.636s] -- Up-to-date symlink: /home/usman/experiments/turtlebot3_ws2/install/dynamixel_sdk_custom_interfaces/include/dynamixel_sdk_custom_interfaces/dynamixel_sdk_custom_interfaces/msg/detail/set_position__type_support.h
[3.636s] -- Up-to-date symlink: /home/usman/experiments/turtlebot3_ws2/install/dynamixel_sdk_custom_interfaces/include/dynamixel_sdk_custom_interfaces/dynamixel_sdk_custom_interfaces/msg/rosidl_generator_c__visibility_control.h
[3.637s] -- Up-to-date symlink: /home/usman/experiments/turtlebot3_ws2/install/dynamixel_sdk_custom_interfaces/include/dynamixel_sdk_custom_interfaces/dynamixel_sdk_custom_interfaces/msg/set_position.h
[3.637s] -- Up-to-date symlink: /home/usman/experiments/turtlebot3_ws2/install/dynamixel_sdk_custom_interfaces/include/dynamixel_sdk_custom_interfaces/dynamixel_sdk_custom_interfaces/srv/detail/get_position__functions.h
[3.637s] -- Up-to-date symlink: /home/usman/experiments/turtlebot3_ws2/install/dynamixel_sdk_custom_interfaces/include/dynamixel_sdk_custom_interfaces/dynamixel_sdk_custom_interfaces/srv/detail/get_position__struct.h
[3.638s] -- Up-to-date symlink: /home/usman/experiments/turtlebot3_ws2/install/dynamixel_sdk_custom_interfaces/include/dynamixel_sdk_custom_interfaces/dynamixel_sdk_custom_interfaces/srv/detail/get_position__type_support.h
[3.638s] -- Up-to-date symlink: /home/usman/experiments/turtlebot3_ws2/install/dynamixel_sdk_custom_interfaces/include/dynamixel_sdk_custom_interfaces/dynamixel_sdk_custom_interfaces/srv/get_position.h
[3.639s] -- Up-to-date symlink: /home/usman/experiments/turtlebot3_ws2/install/dynamixel_sdk_custom_interfaces/share/dynamixel_sdk_custom_interfaces/environment/library_path.sh
[3.640s] -- Up-to-date symlink: /home/usman/experiments/turtlebot3_ws2/install/dynamixel_sdk_custom_interfaces/share/dynamixel_sdk_custom_interfaces/environment/library_path.dsv
[3.640s] -- Up-to-date symlink: /home/usman/experiments/turtlebot3_ws2/install/dynamixel_sdk_custom_interfaces/include/dynamixel_sdk_custom_interfaces/dynamixel_sdk_custom_interfaces/msg/detail/set_position__rosidl_typesupport_fastrtps_c.h
[3.641s] -- Up-to-date symlink: /home/usman/experiments/turtlebot3_ws2/install/dynamixel_sdk_custom_interfaces/include/dynamixel_sdk_custom_interfaces/dynamixel_sdk_custom_interfaces/msg/rosidl_typesupport_fastrtps_c__visibility_control.h
[3.641s] -- Up-to-date symlink: /home/usman/experiments/turtlebot3_ws2/install/dynamixel_sdk_custom_interfaces/include/dynamixel_sdk_custom_interfaces/dynamixel_sdk_custom_interfaces/srv/detail/get_position__rosidl_typesupport_fastrtps_c.h
[3.642s] -- Up-to-date symlink: /home/usman/experiments/turtlebot3_ws2/install/dynamixel_sdk_custom_interfaces/include/dynamixel_sdk_custom_interfaces/dynamixel_sdk_custom_interfaces/msg/detail/set_position__builder.hpp
[3.642s] -- Up-to-date symlink: /home/usman/experiments/turtlebot3_ws2/install/dynamixel_sdk_custom_interfaces/include/dynamixel_sdk_custom_interfaces/dynamixel_sdk_custom_interfaces/msg/detail/set_position__struct.hpp
[3.643s] -- Up-to-date symlink: /home/usman/experiments/turtlebot3_ws2/install/dynamixel_sdk_custom_interfaces/include/dynamixel_sdk_custom_interfaces/dynamixel_sdk_custom_interfaces/msg/detail/set_position__traits.hpp
[3.643s] -- Up-to-date symlink: /home/usman/experiments/turtlebot3_ws2/install/dynamixel_sdk_custom_interfaces/include/dynamixel_sdk_custom_interfaces/dynamixel_sdk_custom_interfaces/msg/set_position.hpp
[3.643s] -- Up-to-date symlink: /home/usman/experiments/turtlebot3_ws2/install/dynamixel_sdk_custom_interfaces/include/dynamixel_sdk_custom_interfaces/dynamixel_sdk_custom_interfaces/srv/detail/get_position__builder.hpp
[3.644s] -- Up-to-date symlink: /home/usman/experiments/turtlebot3_ws2/install/dynamixel_sdk_custom_interfaces/include/dynamixel_sdk_custom_interfaces/dynamixel_sdk_custom_interfaces/srv/detail/get_position__struct.hpp
[3.644s] -- Up-to-date symlink: /home/usman/experiments/turtlebot3_ws2/install/dynamixel_sdk_custom_interfaces/include/dynamixel_sdk_custom_interfaces/dynamixel_sdk_custom_interfaces/srv/detail/get_position__traits.hpp
[3.645s] -- Up-to-date symlink: /home/usman/experiments/turtlebot3_ws2/install/dynamixel_sdk_custom_interfaces/include/dynamixel_sdk_custom_interfaces/dynamixel_sdk_custom_interfaces/srv/get_position.hpp
[3.645s] -- Up-to-date symlink: /home/usman/experiments/turtlebot3_ws2/install/dynamixel_sdk_custom_interfaces/include/dynamixel_sdk_custom_interfaces/dynamixel_sdk_custom_interfaces/msg/detail/set_position__rosidl_typesupport_fastrtps_cpp.hpp
[3.645s] -- Up-to-date symlink: /home/usman/experiments/turtlebot3_ws2/install/dynamixel_sdk_custom_interfaces/include/dynamixel_sdk_custom_interfaces/dynamixel_sdk_custom_interfaces/msg/rosidl_typesupport_fastrtps_cpp__visibility_control.h
[3.645s] -- Up-to-date symlink: /home/usman/experiments/turtlebot3_ws2/install/dynamixel_sdk_custom_interfaces/include/dynamixel_sdk_custom_interfaces/dynamixel_sdk_custom_interfaces/srv/detail/get_position__rosidl_typesupport_fastrtps_cpp.hpp
[3.645s] -- Up-to-date symlink: /home/usman/experiments/turtlebot3_ws2/install/dynamixel_sdk_custom_interfaces/include/dynamixel_sdk_custom_interfaces/dynamixel_sdk_custom_interfaces/msg/detail/set_position__rosidl_typesupport_introspection_c.h
[3.646s] -- Up-to-date symlink: /home/usman/experiments/turtlebot3_ws2/install/dynamixel_sdk_custom_interfaces/include/dynamixel_sdk_custom_interfaces/dynamixel_sdk_custom_interfaces/msg/rosidl_typesupport_introspection_c__visibility_control.h
[3.646s] -- Up-to-date symlink: /home/usman/experiments/turtlebot3_ws2/install/dynamixel_sdk_custom_interfaces/include/dynamixel_sdk_custom_interfaces/dynamixel_sdk_custom_interfaces/srv/detail/get_position__rosidl_typesupport_introspection_c.h
[3.647s] -- Up-to-date symlink: /home/usman/experiments/turtlebot3_ws2/install/dynamixel_sdk_custom_interfaces/include/dynamixel_sdk_custom_interfaces/dynamixel_sdk_custom_interfaces/msg/detail/set_position__rosidl_typesupport_introspection_cpp.hpp
[3.648s] -- Up-to-date symlink: /home/usman/experiments/turtlebot3_ws2/install/dynamixel_sdk_custom_interfaces/include/dynamixel_sdk_custom_interfaces/dynamixel_sdk_custom_interfaces/srv/detail/get_position__rosidl_typesupport_introspection_cpp.hpp
[3.648s] -- Up-to-date symlink: /home/usman/experiments/turtlebot3_ws2/install/dynamixel_sdk_custom_interfaces/share/dynamixel_sdk_custom_interfaces/environment/pythonpath.sh
[3.648s] -- Up-to-date symlink: /home/usman/experiments/turtlebot3_ws2/install/dynamixel_sdk_custom_interfaces/share/dynamixel_sdk_custom_interfaces/environment/pythonpath.dsv
[3.649s] -- Up-to-date symlink: /home/usman/experiments/turtlebot3_ws2/install/dynamixel_sdk_custom_interfaces/local/lib/python3.10/dist-packages/dynamixel_sdk_custom_interfaces-3.7.60-py3.10.egg-info/PKG-INFO
[3.649s] -- Up-to-date symlink: /home/usman/experiments/turtlebot3_ws2/install/dynamixel_sdk_custom_interfaces/local/lib/python3.10/dist-packages/dynamixel_sdk_custom_interfaces-3.7.60-py3.10.egg-info/SOURCES.txt
[3.649s] -- Up-to-date symlink: /home/usman/experiments/turtlebot3_ws2/install/dynamixel_sdk_custom_interfaces/local/lib/python3.10/dist-packages/dynamixel_sdk_custom_interfaces-3.7.60-py3.10.egg-info/dependency_links.txt
[3.649s] -- Up-to-date symlink: /home/usman/experiments/turtlebot3_ws2/install/dynamixel_sdk_custom_interfaces/local/lib/python3.10/dist-packages/dynamixel_sdk_custom_interfaces-3.7.60-py3.10.egg-info/top_level.txt
[3.649s] -- Up-to-date symlink: /home/usman/experiments/turtlebot3_ws2/install/dynamixel_sdk_custom_interfaces/local/lib/python3.10/dist-packages/dynamixel_sdk_custom_interfaces/__init__.py
[3.650s] -- Up-to-date symlink: /home/usman/experiments/turtlebot3_ws2/install/dynamixel_sdk_custom_interfaces/local/lib/python3.10/dist-packages/dynamixel_sdk_custom_interfaces/_dynamixel_sdk_custom_interfaces_s.ep.rosidl_typesupport_c.c
[3.650s] -- Up-to-date symlink: /home/usman/experiments/turtlebot3_ws2/install/dynamixel_sdk_custom_interfaces/local/lib/python3.10/dist-packages/dynamixel_sdk_custom_interfaces/_dynamixel_sdk_custom_interfaces_s.ep.rosidl_typesupport_fastrtps_c.c
[3.650s] -- Up-to-date symlink: /home/usman/experiments/turtlebot3_ws2/install/dynamixel_sdk_custom_interfaces/local/lib/python3.10/dist-packages/dynamixel_sdk_custom_interfaces/_dynamixel_sdk_custom_interfaces_s.ep.rosidl_typesupport_introspection_c.c
[3.650s] -- Up-to-date symlink: /home/usman/experiments/turtlebot3_ws2/install/dynamixel_sdk_custom_interfaces/local/lib/python3.10/dist-packages/dynamixel_sdk_custom_interfaces/dynamixel_sdk_custom_interfaces_s__rosidl_typesupport_c.cpython-310-x86_64-linux-gnu.so
[3.650s] -- Up-to-date symlink: /home/usman/experiments/turtlebot3_ws2/install/dynamixel_sdk_custom_interfaces/local/lib/python3.10/dist-packages/dynamixel_sdk_custom_interfaces/dynamixel_sdk_custom_interfaces_s__rosidl_typesupport_fastrtps_c.cpython-310-x86_64-linux-gnu.so
[3.650s] -- Up-to-date symlink: /home/usman/experiments/turtlebot3_ws2/install/dynamixel_sdk_custom_interfaces/local/lib/python3.10/dist-packages/dynamixel_sdk_custom_interfaces/dynamixel_sdk_custom_interfaces_s__rosidl_typesupport_introspection_c.cpython-310-x86_64-linux-gnu.so
[3.650s] -- Up-to-date symlink: /home/usman/experiments/turtlebot3_ws2/install/dynamixel_sdk_custom_interfaces/local/lib/python3.10/dist-packages/dynamixel_sdk_custom_interfaces/libdynamixel_sdk_custom_interfaces__rosidl_generator_py.so
[3.651s] -- Up-to-date symlink: /home/usman/experiments/turtlebot3_ws2/install/dynamixel_sdk_custom_interfaces/local/lib/python3.10/dist-packages/dynamixel_sdk_custom_interfaces/msg/__init__.py
[3.651s] -- Up-to-date symlink: /home/usman/experiments/turtlebot3_ws2/install/dynamixel_sdk_custom_interfaces/local/lib/python3.10/dist-packages/dynamixel_sdk_custom_interfaces/msg/_set_position.py
[3.651s] -- Up-to-date symlink: /home/usman/experiments/turtlebot3_ws2/install/dynamixel_sdk_custom_interfaces/local/lib/python3.10/dist-packages/dynamixel_sdk_custom_interfaces/msg/_set_position_s.c
[3.651s] -- Up-to-date symlink: /home/usman/experiments/turtlebot3_ws2/install/dynamixel_sdk_custom_interfaces/local/lib/python3.10/dist-packages/dynamixel_sdk_custom_interfaces/srv/__init__.py
[3.651s] -- Up-to-date symlink: /home/usman/experiments/turtlebot3_ws2/install/dynamixel_sdk_custom_interfaces/local/lib/python3.10/dist-packages/dynamixel_sdk_custom_interfaces/srv/_get_position.py
[3.652s] -- Up-to-date symlink: /home/usman/experiments/turtlebot3_ws2/install/dynamixel_sdk_custom_interfaces/local/lib/python3.10/dist-packages/dynamixel_sdk_custom_interfaces/srv/_get_position_s.c
[3.652s] -- Up-to-date symlink: /home/usman/experiments/turtlebot3_ws2/install/dynamixel_sdk_custom_interfaces/local/lib/python3.10/dist-packages/dynamixel_sdk_custom_interfaces/dynamixel_sdk_custom_interfaces_s__rosidl_typesupport_fastrtps_c.cpython-310-x86_64-linux-gnu.so
[3.652s] -- Up-to-date symlink: /home/usman/experiments/turtlebot3_ws2/install/dynamixel_sdk_custom_interfaces/local/lib/python3.10/dist-packages/dynamixel_sdk_custom_interfaces/dynamixel_sdk_custom_interfaces_s__rosidl_typesupport_introspection_c.cpython-310-x86_64-linux-gnu.so
[3.652s] -- Up-to-date symlink: /home/usman/experiments/turtlebot3_ws2/install/dynamixel_sdk_custom_interfaces/local/lib/python3.10/dist-packages/dynamixel_sdk_custom_interfaces/dynamixel_sdk_custom_interfaces_s__rosidl_typesupport_c.cpython-310-x86_64-linux-gnu.so
[3.652s] -- Up-to-date symlink: /home/usman/experiments/turtlebot3_ws2/install/dynamixel_sdk_custom_interfaces/share/dynamixel_sdk_custom_interfaces/msg/SetPosition.idl
[3.652s] -- Up-to-date symlink: /home/usman/experiments/turtlebot3_ws2/install/dynamixel_sdk_custom_interfaces/share/dynamixel_sdk_custom_interfaces/srv/GetPosition.idl
[3.652s] -- Up-to-date symlink: /home/usman/experiments/turtlebot3_ws2/install/dynamixel_sdk_custom_interfaces/share/dynamixel_sdk_custom_interfaces/msg/SetPosition.msg
[3.652s] -- Up-to-date symlink: /home/usman/experiments/turtlebot3_ws2/install/dynamixel_sdk_custom_interfaces/share/dynamixel_sdk_custom_interfaces/srv/GetPosition.srv
[3.653s] -- Up-to-date symlink: /home/usman/experiments/turtlebot3_ws2/install/dynamixel_sdk_custom_interfaces/share/dynamixel_sdk_custom_interfaces/srv/GetPosition_Request.msg
[3.653s] -- Up-to-date symlink: /home/usman/experiments/turtlebot3_ws2/install/dynamixel_sdk_custom_interfaces/share/dynamixel_sdk_custom_interfaces/srv/GetPosition_Response.msg
[3.653s] -- Up-to-date symlink: /home/usman/experiments/turtlebot3_ws2/install/dynamixel_sdk_custom_interfaces/share/ament_index/resource_index/package_run_dependencies/dynamixel_sdk_custom_interfaces
[3.653s] -- Up-to-date symlink: /home/usman/experiments/turtlebot3_ws2/install/dynamixel_sdk_custom_interfaces/share/ament_index/resource_index/parent_prefix_path/dynamixel_sdk_custom_interfaces
[3.653s] -- Up-to-date symlink: /home/usman/experiments/turtlebot3_ws2/install/dynamixel_sdk_custom_interfaces/share/dynamixel_sdk_custom_interfaces/environment/ament_prefix_path.sh
[3.653s] -- Up-to-date symlink: /home/usman/experiments/turtlebot3_ws2/install/dynamixel_sdk_custom_interfaces/share/dynamixel_sdk_custom_interfaces/environment/ament_prefix_path.dsv
[3.653s] -- Up-to-date symlink: /home/usman/experiments/turtlebot3_ws2/install/dynamixel_sdk_custom_interfaces/share/dynamixel_sdk_custom_interfaces/environment/path.sh
[3.654s] -- Up-to-date symlink: /home/usman/experiments/turtlebot3_ws2/install/dynamixel_sdk_custom_interfaces/share/dynamixel_sdk_custom_interfaces/environment/path.dsv
[3.654s] -- Up-to-date symlink: /home/usman/experiments/turtlebot3_ws2/install/dynamixel_sdk_custom_interfaces/share/dynamixel_sdk_custom_interfaces/local_setup.bash
[3.654s] -- Up-to-date symlink: /home/usman/experiments/turtlebot3_ws2/install/dynamixel_sdk_custom_interfaces/share/dynamixel_sdk_custom_interfaces/local_setup.sh
[3.654s] -- Up-to-date symlink: /home/usman/experiments/turtlebot3_ws2/install/dynamixel_sdk_custom_interfaces/share/dynamixel_sdk_custom_interfaces/local_setup.zsh
[3.654s] -- Up-to-date symlink: /home/usman/experiments/turtlebot3_ws2/install/dynamixel_sdk_custom_interfaces/share/dynamixel_sdk_custom_interfaces/local_setup.dsv
[3.654s] -- Symlinking: /home/usman/experiments/turtlebot3_ws2/install/dynamixel_sdk_custom_interfaces/share/dynamixel_sdk_custom_interfaces/package.dsv
[3.654s] -- Up-to-date symlink: /home/usman/experiments/turtlebot3_ws2/install/dynamixel_sdk_custom_interfaces/share/ament_index/resource_index/packages/dynamixel_sdk_custom_interfaces
[3.655s] -- Up-to-date symlink: /home/usman/experiments/turtlebot3_ws2/install/dynamixel_sdk_custom_interfaces/share/dynamixel_sdk_custom_interfaces/cmake/rosidl_cmake-extras.cmake
[3.655s] -- Up-to-date symlink: /home/usman/experiments/turtlebot3_ws2/install/dynamixel_sdk_custom_interfaces/share/dynamixel_sdk_custom_interfaces/cmake/ament_cmake_export_dependencies-extras.cmake
[3.655s] -- Up-to-date symlink: /home/usman/experiments/turtlebot3_ws2/install/dynamixel_sdk_custom_interfaces/share/dynamixel_sdk_custom_interfaces/cmake/ament_cmake_export_include_directories-extras.cmake
[3.655s] -- Up-to-date symlink: /home/usman/experiments/turtlebot3_ws2/install/dynamixel_sdk_custom_interfaces/share/dynamixel_sdk_custom_interfaces/cmake/ament_cmake_export_libraries-extras.cmake
[3.655s] -- Up-to-date symlink: /home/usman/experiments/turtlebot3_ws2/install/dynamixel_sdk_custom_interfaces/share/dynamixel_sdk_custom_interfaces/cmake/ament_cmake_export_targets-extras.cmake
[3.655s] -- Up-to-date symlink: /home/usman/experiments/turtlebot3_ws2/install/dynamixel_sdk_custom_interfaces/share/dynamixel_sdk_custom_interfaces/cmake/rosidl_cmake_export_typesupport_targets-extras.cmake
[3.655s] -- Up-to-date symlink: /home/usman/experiments/turtlebot3_ws2/install/dynamixel_sdk_custom_interfaces/share/dynamixel_sdk_custom_interfaces/cmake/rosidl_cmake_export_typesupport_libraries-extras.cmake
[3.656s] -- Up-to-date symlink: /home/usman/experiments/turtlebot3_ws2/install/dynamixel_sdk_custom_interfaces/share/dynamixel_sdk_custom_interfaces/cmake/dynamixel_sdk_custom_interfacesConfig.cmake
[3.656s] -- Up-to-date symlink: /home/usman/experiments/turtlebot3_ws2/install/dynamixel_sdk_custom_interfaces/share/dynamixel_sdk_custom_interfaces/cmake/dynamixel_sdk_custom_interfacesConfig-version.cmake
[3.656s] -- Up-to-date symlink: /home/usman/experiments/turtlebot3_ws2/install/dynamixel_sdk_custom_interfaces/share/dynamixel_sdk_custom_interfaces/package.xml
[3.656s] -- Up-to-date: /home/usman/experiments/turtlebot3_ws2/install/dynamixel_sdk_custom_interfaces/lib/libdynamixel_sdk_custom_interfaces__rosidl_generator_c.so
[3.656s] -- Up-to-date: /home/usman/experiments/turtlebot3_ws2/install/dynamixel_sdk_custom_interfaces/lib/libdynamixel_sdk_custom_interfaces__rosidl_typesupport_fastrtps_c.so
[3.656s] -- Up-to-date: /home/usman/experiments/turtlebot3_ws2/install/dynamixel_sdk_custom_interfaces/lib/libdynamixel_sdk_custom_interfaces__rosidl_typesupport_fastrtps_cpp.so
[3.656s] -- Up-to-date: /home/usman/experiments/turtlebot3_ws2/install/dynamixel_sdk_custom_interfaces/lib/libdynamixel_sdk_custom_interfaces__rosidl_typesupport_introspection_c.so
[3.656s] -- Up-to-date: /home/usman/experiments/turtlebot3_ws2/install/dynamixel_sdk_custom_interfaces/lib/libdynamixel_sdk_custom_interfaces__rosidl_typesupport_c.so
[3.656s] -- Up-to-date: /home/usman/experiments/turtlebot3_ws2/install/dynamixel_sdk_custom_interfaces/lib/libdynamixel_sdk_custom_interfaces__rosidl_typesupport_introspection_cpp.so
[3.657s] -- Up-to-date: /home/usman/experiments/turtlebot3_ws2/install/dynamixel_sdk_custom_interfaces/lib/libdynamixel_sdk_custom_interfaces__rosidl_typesupport_cpp.so
[3.742s] Listing '/home/usman/experiments/turtlebot3_ws2/install/dynamixel_sdk_custom_interfaces/local/lib/python3.10/dist-packages/dynamixel_sdk_custom_interfaces'...
[3.742s] Listing '/home/usman/experiments/turtlebot3_ws2/install/dynamixel_sdk_custom_interfaces/local/lib/python3.10/dist-packages/dynamixel_sdk_custom_interfaces/msg'...
[3.743s] Listing '/home/usman/experiments/turtlebot3_ws2/install/dynamixel_sdk_custom_interfaces/local/lib/python3.10/dist-packages/dynamixel_sdk_custom_interfaces/srv'...
[3.753s] -- Up-to-date: /home/usman/experiments/turtlebot3_ws2/install/dynamixel_sdk_custom_interfaces/lib/libdynamixel_sdk_custom_interfaces__rosidl_generator_py.so
[3.753s] -- Up-to-date: /home/usman/experiments/turtlebot3_ws2/install/dynamixel_sdk_custom_interfaces/share/dynamixel_sdk_custom_interfaces/cmake/export_dynamixel_sdk_custom_interfaces__rosidl_generator_cExport.cmake
[3.753s] -- Up-to-date: /home/usman/experiments/turtlebot3_ws2/install/dynamixel_sdk_custom_interfaces/share/dynamixel_sdk_custom_interfaces/cmake/export_dynamixel_sdk_custom_interfaces__rosidl_generator_cExport-noconfig.cmake
[3.753s] -- Up-to-date: /home/usman/experiments/turtlebot3_ws2/install/dynamixel_sdk_custom_interfaces/share/dynamixel_sdk_custom_interfaces/cmake/export_dynamixel_sdk_custom_interfaces__rosidl_typesupport_fastrtps_cExport.cmake
[3.754s] -- Up-to-date: /home/usman/experiments/turtlebot3_ws2/install/dynamixel_sdk_custom_interfaces/share/dynamixel_sdk_custom_interfaces/cmake/export_dynamixel_sdk_custom_interfaces__rosidl_typesupport_fastrtps_cExport-noconfig.cmake
[3.755s] -- Up-to-date: /home/usman/experiments/turtlebot3_ws2/install/dynamixel_sdk_custom_interfaces/share/dynamixel_sdk_custom_interfaces/cmake/export_dynamixel_sdk_custom_interfaces__rosidl_generator_cppExport.cmake
[3.755s] -- Up-to-date: /home/usman/experiments/turtlebot3_ws2/install/dynamixel_sdk_custom_interfaces/share/dynamixel_sdk_custom_interfaces/cmake/export_dynamixel_sdk_custom_interfaces__rosidl_typesupport_fastrtps_cppExport.cmake
[3.755s] -- Up-to-date: /home/usman/experiments/turtlebot3_ws2/install/dynamixel_sdk_custom_interfaces/share/dynamixel_sdk_custom_interfaces/cmake/export_dynamixel_sdk_custom_interfaces__rosidl_typesupport_fastrtps_cppExport-noconfig.cmake
[3.755s] -- Up-to-date: /home/usman/experiments/turtlebot3_ws2/install/dynamixel_sdk_custom_interfaces/share/dynamixel_sdk_custom_interfaces/cmake/dynamixel_sdk_custom_interfaces__rosidl_typesupport_introspection_cExport.cmake
[3.755s] -- Up-to-date: /home/usman/experiments/turtlebot3_ws2/install/dynamixel_sdk_custom_interfaces/share/dynamixel_sdk_custom_interfaces/cmake/dynamixel_sdk_custom_interfaces__rosidl_typesupport_introspection_cExport-noconfig.cmake
[3.755s] -- Up-to-date: /home/usman/experiments/turtlebot3_ws2/install/dynamixel_sdk_custom_interfaces/share/dynamixel_sdk_custom_interfaces/cmake/dynamixel_sdk_custom_interfaces__rosidl_typesupport_cExport.cmake
[3.756s] -- Up-to-date: /home/usman/experiments/turtlebot3_ws2/install/dynamixel_sdk_custom_interfaces/share/dynamixel_sdk_custom_interfaces/cmake/dynamixel_sdk_custom_interfaces__rosidl_typesupport_cExport-noconfig.cmake
[3.756s] -- Up-to-date: /home/usman/experiments/turtlebot3_ws2/install/dynamixel_sdk_custom_interfaces/share/dynamixel_sdk_custom_interfaces/cmake/dynamixel_sdk_custom_interfaces__rosidl_typesupport_introspection_cppExport.cmake
[3.756s] -- Up-to-date: /home/usman/experiments/turtlebot3_ws2/install/dynamixel_sdk_custom_interfaces/share/dynamixel_sdk_custom_interfaces/cmake/dynamixel_sdk_custom_interfaces__rosidl_typesupport_introspection_cppExport-noconfig.cmake
[3.756s] -- Up-to-date: /home/usman/experiments/turtlebot3_ws2/install/dynamixel_sdk_custom_interfaces/share/dynamixel_sdk_custom_interfaces/cmake/dynamixel_sdk_custom_interfaces__rosidl_typesupport_cppExport.cmake
[3.756s] -- Up-to-date: /home/usman/experiments/turtlebot3_ws2/install/dynamixel_sdk_custom_interfaces/share/dynamixel_sdk_custom_interfaces/cmake/dynamixel_sdk_custom_interfaces__rosidl_typesupport_cppExport-noconfig.cmake
[3.756s] -- Up-to-date: /home/usman/experiments/turtlebot3_ws2/install/dynamixel_sdk_custom_interfaces/share/dynamixel_sdk_custom_interfaces/cmake/export_dynamixel_sdk_custom_interfaces__rosidl_generator_pyExport.cmake
[3.756s] -- Up-to-date: /home/usman/experiments/turtlebot3_ws2/install/dynamixel_sdk_custom_interfaces/share/dynamixel_sdk_custom_interfaces/cmake/export_dynamixel_sdk_custom_interfaces__rosidl_generator_pyExport-noconfig.cmake
[4.506s] Invoked command in '/home/usman/experiments/turtlebot3_ws2/build/dynamixel_sdk_custom_interfaces' returned '0': CMAKE_PREFIX_PATH=${CMAKE_PREFIX_PATH}:/home/usman/experiments/turtlebot3_ws2/install/tb3_sim:/home/usman/experiments/turtlebot3_ws/install/tb3_sim:/home/usman/experiments/turtlebot3_ws2/install/turtlebot3_teleop:/home/usman/experiments/turtlebot3_ws2/install/turtlebot3_example:/home/usman/experiments/turtlebot3_ws/install/turtlebot3_teleop:/home/usman/experiments/turtlebot3_ws/install/turtlebot3_example:/home/usman/ros2_my_ws/install/turtlesim_catch_them_all:/home/usman/ros2_my_ws/install/my_py_pkg:/home/usman/ros2_ws/install/my_robot_controller:/home/usman/ros2_ws/install/my_controller:/home/usman/ros2_ws/src/install/my_robot_controller:/home/usman/ros2_ws/src/install/my_controller:/opt/ros/humble /usr/bin/cmake --install /home/usman/experiments/turtlebot3_ws2/build/dynamixel_sdk_custom_interfaces
