[2.150s] Invoking command in '/home/usman/experiments/turtlebot3_ws2/build/turtlebot3_msgs': CMAKE_PREFIX_PATH=${CMAKE_PREFIX_PATH}:/home/usman/experiments/turtlebot3_ws2/install/turtlebot3_teleop:/home/usman/experiments/turtlebot3_ws2/install/turtlebot3_example:/home/usman/experiments/turtlebot3_ws2/install/tb3_sim:/home/usman/ros2_my_ws/install/turtlesim_catch_them_all:/home/usman/ros2_my_ws/install/my_py_pkg:/home/usman/ros2_ws/install/my_robot_controller:/home/usman/ros2_ws/install/my_controller:/home/usman/ros2_ws/src/install/my_robot_controller:/home/usman/ros2_ws/src/install/my_controller:/opt/ros/humble /usr/bin/cmake --build /home/usman/experiments/turtlebot3_ws2/build/turtlebot3_msgs -- -j16 -l16
[3.488s] [  1%] Built target turtlebot3_msgs__cpp
[3.489s] [ 12%] Built target turtlebot3_msgs__rosidl_generator_c
[3.491s] [ 12%] Built target ament_cmake_python_symlink_turtlebot3_msgs
[3.493s] [ 23%] Built target turtlebot3_msgs__rosidl_typesupport_fastrtps_cpp
[3.495s] [ 35%] Built target turtlebot3_msgs__rosidl_typesupport_introspection_cpp
[3.497s] [ 46%] Built target turtlebot3_msgs__rosidl_typesupport_fastrtps_c
[3.497s] [ 57%] Built target turtlebot3_msgs__rosidl_typesupport_introspection_c
[3.499s] [ 69%] Built target turtlebot3_msgs__rosidl_typesupport_c
[3.500s] [ 80%] Built target turtlebot3_msgs__rosidl_typesupport_cpp
[3.501s] [ 80%] Built target turtlebot3_msgs
[3.501s] [ 81%] Built target turtlebot3_msgs__py
[3.502s] [ 91%] Built target turtlebot3_msgs__rosidl_generator_py
[3.503s] [ 94%] Built target turtlebot3_msgs__rosidl_typesupport_c__pyext
[3.504s] [ 97%] Built target turtlebot3_msgs__rosidl_typesupport_fastrtps_c__pyext
[3.504s] [100%] Built target turtlebot3_msgs__rosidl_typesupport_introspection_c__pyext
[3.504s] running egg_info
[3.504s] writing turtlebot3_msgs.egg-info/PKG-INFO
[3.505s] writing dependency_links to turtlebot3_msgs.egg-info/dependency_links.txt
[3.505s] writing top-level names to turtlebot3_msgs.egg-info/top_level.txt
[3.505s] reading manifest file 'turtlebot3_msgs.egg-info/SOURCES.txt'
[3.505s] writing manifest file 'turtlebot3_msgs.egg-info/SOURCES.txt'
[3.506s] [100%] Built target ament_cmake_python_build_turtlebot3_msgs_egg
[3.540s] Invoked command in '/home/usman/experiments/turtlebot3_ws2/build/turtlebot3_msgs' returned '0': CMAKE_PREFIX_PATH=${CMAKE_PREFIX_PATH}:/home/usman/experiments/turtlebot3_ws2/install/turtlebot3_teleop:/home/usman/experiments/turtlebot3_ws2/install/turtlebot3_example:/home/usman/experiments/turtlebot3_ws2/install/tb3_sim:/home/usman/ros2_my_ws/install/turtlesim_catch_them_all:/home/usman/ros2_my_ws/install/my_py_pkg:/home/usman/ros2_ws/install/my_robot_controller:/home/usman/ros2_ws/install/my_controller:/home/usman/ros2_ws/src/install/my_robot_controller:/home/usman/ros2_ws/src/install/my_controller:/opt/ros/humble /usr/bin/cmake --build /home/usman/experiments/turtlebot3_ws2/build/turtlebot3_msgs -- -j16 -l16
[4.665s] Invoking command in '/home/usman/experiments/turtlebot3_ws2/build/turtlebot3_msgs': CMAKE_PREFIX_PATH=${CMAKE_PREFIX_PATH}:/home/usman/experiments/turtlebot3_ws2/install/turtlebot3_teleop:/home/usman/experiments/turtlebot3_ws2/install/turtlebot3_example:/home/usman/experiments/turtlebot3_ws2/install/tb3_sim:/home/usman/ros2_my_ws/install/turtlesim_catch_them_all:/home/usman/ros2_my_ws/install/my_py_pkg:/home/usman/ros2_ws/install/my_robot_controller:/home/usman/ros2_ws/install/my_controller:/home/usman/ros2_ws/src/install/my_robot_controller:/home/usman/ros2_ws/src/install/my_controller:/opt/ros/humble /usr/bin/cmake --install /home/usman/experiments/turtlebot3_ws2/build/turtlebot3_msgs
[4.838s] -- Install configuration: ""
[4.839s] -- Execute custom install script
[4.840s] -- Up-to-date symlink: /home/usman/experiments/turtlebot3_ws2/install/turtlebot3_msgs/share/ament_index/resource_index/rosidl_interfaces/turtlebot3_msgs
[4.840s] -- Up-to-date symlink: /home/usman/experiments/turtlebot3_ws2/install/turtlebot3_msgs/include/turtlebot3_msgs/turtlebot3_msgs/action/detail/patrol__functions.h
[4.841s] -- Up-to-date symlink: /home/usman/experiments/turtlebot3_ws2/install/turtlebot3_msgs/include/turtlebot3_msgs/turtlebot3_msgs/action/detail/patrol__struct.h
[4.842s] -- Up-to-date symlink: /home/usman/experiments/turtlebot3_ws2/install/turtlebot3_msgs/include/turtlebot3_msgs/turtlebot3_msgs/action/detail/patrol__type_support.h
[4.842s] -- Up-to-date symlink: /home/usman/experiments/turtlebot3_ws2/install/turtlebot3_msgs/include/turtlebot3_msgs/turtlebot3_msgs/action/patrol.h
[4.843s] -- Up-to-date symlink: /home/usman/experiments/turtlebot3_ws2/install/turtlebot3_msgs/include/turtlebot3_msgs/turtlebot3_msgs/msg/detail/sensor_state__functions.h
[4.843s] -- Up-to-date symlink: /home/usman/experiments/turtlebot3_ws2/install/turtlebot3_msgs/include/turtlebot3_msgs/turtlebot3_msgs/msg/detail/sensor_state__struct.h
[4.844s] -- Up-to-date symlink: /home/usman/experiments/turtlebot3_ws2/install/turtlebot3_msgs/include/turtlebot3_msgs/turtlebot3_msgs/msg/detail/sensor_state__type_support.h
[4.845s] -- Up-to-date symlink: /home/usman/experiments/turtlebot3_ws2/install/turtlebot3_msgs/include/turtlebot3_msgs/turtlebot3_msgs/msg/detail/sound__functions.h
[4.845s] -- Up-to-date symlink: /home/usman/experiments/turtlebot3_ws2/install/turtlebot3_msgs/include/turtlebot3_msgs/turtlebot3_msgs/msg/detail/sound__struct.h
[4.846s] -- Up-to-date symlink: /home/usman/experiments/turtlebot3_ws2/install/turtlebot3_msgs/include/turtlebot3_msgs/turtlebot3_msgs/msg/detail/sound__type_support.h
[4.847s] -- Up-to-date symlink: /home/usman/experiments/turtlebot3_ws2/install/turtlebot3_msgs/include/turtlebot3_msgs/turtlebot3_msgs/msg/detail/version_info__functions.h
[4.847s] -- Up-to-date symlink: /home/usman/experiments/turtlebot3_ws2/install/turtlebot3_msgs/include/turtlebot3_msgs/turtlebot3_msgs/msg/detail/version_info__struct.h
[4.847s] -- Up-to-date symlink: /home/usman/experiments/turtlebot3_ws2/install/turtlebot3_msgs/include/turtlebot3_msgs/turtlebot3_msgs/msg/detail/version_info__type_support.h
[4.847s] -- Up-to-date symlink: /home/usman/experiments/turtlebot3_ws2/install/turtlebot3_msgs/include/turtlebot3_msgs/turtlebot3_msgs/msg/rosidl_generator_c__visibility_control.h
[4.848s] -- Up-to-date symlink: /home/usman/experiments/turtlebot3_ws2/install/turtlebot3_msgs/include/turtlebot3_msgs/turtlebot3_msgs/msg/sensor_state.h
[4.848s] -- Up-to-date symlink: /home/usman/experiments/turtlebot3_ws2/install/turtlebot3_msgs/include/turtlebot3_msgs/turtlebot3_msgs/msg/sound.h
[4.848s] -- Up-to-date symlink: /home/usman/experiments/turtlebot3_ws2/install/turtlebot3_msgs/include/turtlebot3_msgs/turtlebot3_msgs/msg/version_info.h
[4.848s] -- Up-to-date symlink: /home/usman/experiments/turtlebot3_ws2/install/turtlebot3_msgs/include/turtlebot3_msgs/turtlebot3_msgs/srv/detail/dqn__functions.h
[4.848s] -- Up-to-date symlink: /home/usman/experiments/turtlebot3_ws2/install/turtlebot3_msgs/include/turtlebot3_msgs/turtlebot3_msgs/srv/detail/dqn__struct.h
[4.848s] -- Up-to-date symlink: /home/usman/experiments/turtlebot3_ws2/install/turtlebot3_msgs/include/turtlebot3_msgs/turtlebot3_msgs/srv/detail/dqn__type_support.h
[4.849s] -- Up-to-date symlink: /home/usman/experiments/turtlebot3_ws2/install/turtlebot3_msgs/include/turtlebot3_msgs/turtlebot3_msgs/srv/detail/sound__functions.h
[4.849s] -- Up-to-date symlink: /home/usman/experiments/turtlebot3_ws2/install/turtlebot3_msgs/include/turtlebot3_msgs/turtlebot3_msgs/srv/detail/sound__struct.h
[4.849s] -- Up-to-date symlink: /home/usman/experiments/turtlebot3_ws2/install/turtlebot3_msgs/include/turtlebot3_msgs/turtlebot3_msgs/srv/detail/sound__type_support.h
[4.849s] -- Up-to-date symlink: /home/usman/experiments/turtlebot3_ws2/install/turtlebot3_msgs/include/turtlebot3_msgs/turtlebot3_msgs/srv/dqn.h
[4.849s] -- Up-to-date symlink: /home/usman/experiments/turtlebot3_ws2/install/turtlebot3_msgs/include/turtlebot3_msgs/turtlebot3_msgs/srv/sound.h
[4.849s] -- Up-to-date symlink: /home/usman/experiments/turtlebot3_ws2/install/turtlebot3_msgs/share/turtlebot3_msgs/environment/library_path.sh
[4.850s] -- Up-to-date symlink: /home/usman/experiments/turtlebot3_ws2/install/turtlebot3_msgs/share/turtlebot3_msgs/environment/library_path.dsv
[4.850s] -- Up-to-date symlink: /home/usman/experiments/turtlebot3_ws2/install/turtlebot3_msgs/include/turtlebot3_msgs/turtlebot3_msgs/action/detail/patrol__rosidl_typesupport_fastrtps_c.h
[4.851s] -- Up-to-date symlink: /home/usman/experiments/turtlebot3_ws2/install/turtlebot3_msgs/include/turtlebot3_msgs/turtlebot3_msgs/msg/detail/sensor_state__rosidl_typesupport_fastrtps_c.h
[4.852s] -- Up-to-date symlink: /home/usman/experiments/turtlebot3_ws2/install/turtlebot3_msgs/include/turtlebot3_msgs/turtlebot3_msgs/msg/detail/sound__rosidl_typesupport_fastrtps_c.h
[4.853s] -- Up-to-date symlink: /home/usman/experiments/turtlebot3_ws2/install/turtlebot3_msgs/include/turtlebot3_msgs/turtlebot3_msgs/msg/detail/version_info__rosidl_typesupport_fastrtps_c.h
[4.853s] -- Up-to-date symlink: /home/usman/experiments/turtlebot3_ws2/install/turtlebot3_msgs/include/turtlebot3_msgs/turtlebot3_msgs/msg/rosidl_typesupport_fastrtps_c__visibility_control.h
[4.854s] -- Up-to-date symlink: /home/usman/experiments/turtlebot3_ws2/install/turtlebot3_msgs/include/turtlebot3_msgs/turtlebot3_msgs/srv/detail/dqn__rosidl_typesupport_fastrtps_c.h
[4.854s] -- Up-to-date symlink: /home/usman/experiments/turtlebot3_ws2/install/turtlebot3_msgs/include/turtlebot3_msgs/turtlebot3_msgs/srv/detail/sound__rosidl_typesupport_fastrtps_c.h
[4.855s] -- Up-to-date symlink: /home/usman/experiments/turtlebot3_ws2/install/turtlebot3_msgs/include/turtlebot3_msgs/turtlebot3_msgs/action/detail/patrol__builder.hpp
[4.855s] -- Up-to-date symlink: /home/usman/experiments/turtlebot3_ws2/install/turtlebot3_msgs/include/turtlebot3_msgs/turtlebot3_msgs/action/detail/patrol__struct.hpp
[4.856s] -- Up-to-date symlink: /home/usman/experiments/turtlebot3_ws2/install/turtlebot3_msgs/include/turtlebot3_msgs/turtlebot3_msgs/action/detail/patrol__traits.hpp
[4.856s] -- Up-to-date symlink: /home/usman/experiments/turtlebot3_ws2/install/turtlebot3_msgs/include/turtlebot3_msgs/turtlebot3_msgs/action/patrol.hpp
[4.857s] -- Up-to-date symlink: /home/usman/experiments/turtlebot3_ws2/install/turtlebot3_msgs/include/turtlebot3_msgs/turtlebot3_msgs/msg/detail/sensor_state__builder.hpp
[4.857s] -- Up-to-date symlink: /home/usman/experiments/turtlebot3_ws2/install/turtlebot3_msgs/include/turtlebot3_msgs/turtlebot3_msgs/msg/detail/sensor_state__struct.hpp
[4.858s] -- Up-to-date symlink: /home/usman/experiments/turtlebot3_ws2/install/turtlebot3_msgs/include/turtlebot3_msgs/turtlebot3_msgs/msg/detail/sensor_state__traits.hpp
[4.858s] -- Up-to-date symlink: /home/usman/experiments/turtlebot3_ws2/install/turtlebot3_msgs/include/turtlebot3_msgs/turtlebot3_msgs/msg/detail/sound__builder.hpp
[4.859s] -- Up-to-date symlink: /home/usman/experiments/turtlebot3_ws2/install/turtlebot3_msgs/include/turtlebot3_msgs/turtlebot3_msgs/msg/detail/sound__struct.hpp
[4.859s] -- Up-to-date symlink: /home/usman/experiments/turtlebot3_ws2/install/turtlebot3_msgs/include/turtlebot3_msgs/turtlebot3_msgs/msg/detail/sound__traits.hpp
[4.860s] -- Up-to-date symlink: /home/usman/experiments/turtlebot3_ws2/install/turtlebot3_msgs/include/turtlebot3_msgs/turtlebot3_msgs/msg/detail/version_info__builder.hpp
[4.860s] -- Up-to-date symlink: /home/usman/experiments/turtlebot3_ws2/install/turtlebot3_msgs/include/turtlebot3_msgs/turtlebot3_msgs/msg/detail/version_info__struct.hpp
[4.861s] -- Up-to-date symlink: /home/usman/experiments/turtlebot3_ws2/install/turtlebot3_msgs/include/turtlebot3_msgs/turtlebot3_msgs/msg/detail/version_info__traits.hpp
[4.861s] -- Up-to-date symlink: /home/usman/experiments/turtlebot3_ws2/install/turtlebot3_msgs/include/turtlebot3_msgs/turtlebot3_msgs/msg/sensor_state.hpp
[4.861s] -- Up-to-date symlink: /home/usman/experiments/turtlebot3_ws2/install/turtlebot3_msgs/include/turtlebot3_msgs/turtlebot3_msgs/msg/sound.hpp
[4.862s] -- Up-to-date symlink: /home/usman/experiments/turtlebot3_ws2/install/turtlebot3_msgs/include/turtlebot3_msgs/turtlebot3_msgs/msg/version_info.hpp
[4.862s] -- Up-to-date symlink: /home/usman/experiments/turtlebot3_ws2/install/turtlebot3_msgs/include/turtlebot3_msgs/turtlebot3_msgs/srv/detail/dqn__builder.hpp
[4.862s] -- Up-to-date symlink: /home/usman/experiments/turtlebot3_ws2/install/turtlebot3_msgs/include/turtlebot3_msgs/turtlebot3_msgs/srv/detail/dqn__struct.hpp
[4.862s] -- Up-to-date symlink: /home/usman/experiments/turtlebot3_ws2/install/turtlebot3_msgs/include/turtlebot3_msgs/turtlebot3_msgs/srv/detail/dqn__traits.hpp
[4.862s] -- Up-to-date symlink: /home/usman/experiments/turtlebot3_ws2/install/turtlebot3_msgs/include/turtlebot3_msgs/turtlebot3_msgs/srv/detail/sound__builder.hpp
[4.862s] -- Up-to-date symlink: /home/usman/experiments/turtlebot3_ws2/install/turtlebot3_msgs/include/turtlebot3_msgs/turtlebot3_msgs/srv/detail/sound__struct.hpp
[4.862s] -- Up-to-date symlink: /home/usman/experiments/turtlebot3_ws2/install/turtlebot3_msgs/include/turtlebot3_msgs/turtlebot3_msgs/srv/detail/sound__traits.hpp
[4.862s] -- Up-to-date symlink: /home/usman/experiments/turtlebot3_ws2/install/turtlebot3_msgs/include/turtlebot3_msgs/turtlebot3_msgs/srv/dqn.hpp
[4.863s] -- Up-to-date symlink: /home/usman/experiments/turtlebot3_ws2/install/turtlebot3_msgs/include/turtlebot3_msgs/turtlebot3_msgs/srv/sound.hpp
[4.863s] -- Up-to-date symlink: /home/usman/experiments/turtlebot3_ws2/install/turtlebot3_msgs/include/turtlebot3_msgs/turtlebot3_msgs/action/detail/patrol__rosidl_typesupport_fastrtps_cpp.hpp
[4.863s] -- Up-to-date symlink: /home/usman/experiments/turtlebot3_ws2/install/turtlebot3_msgs/include/turtlebot3_msgs/turtlebot3_msgs/msg/detail/sensor_state__rosidl_typesupport_fastrtps_cpp.hpp
[4.863s] -- Up-to-date symlink: /home/usman/experiments/turtlebot3_ws2/install/turtlebot3_msgs/include/turtlebot3_msgs/turtlebot3_msgs/msg/detail/sound__rosidl_typesupport_fastrtps_cpp.hpp
[4.863s] -- Up-to-date symlink: /home/usman/experiments/turtlebot3_ws2/install/turtlebot3_msgs/include/turtlebot3_msgs/turtlebot3_msgs/msg/detail/version_info__rosidl_typesupport_fastrtps_cpp.hpp
[4.863s] -- Up-to-date symlink: /home/usman/experiments/turtlebot3_ws2/install/turtlebot3_msgs/include/turtlebot3_msgs/turtlebot3_msgs/msg/rosidl_typesupport_fastrtps_cpp__visibility_control.h
[4.864s] -- Up-to-date symlink: /home/usman/experiments/turtlebot3_ws2/install/turtlebot3_msgs/include/turtlebot3_msgs/turtlebot3_msgs/srv/detail/dqn__rosidl_typesupport_fastrtps_cpp.hpp
[4.864s] -- Up-to-date symlink: /home/usman/experiments/turtlebot3_ws2/install/turtlebot3_msgs/include/turtlebot3_msgs/turtlebot3_msgs/srv/detail/sound__rosidl_typesupport_fastrtps_cpp.hpp
[4.864s] -- Up-to-date symlink: /home/usman/experiments/turtlebot3_ws2/install/turtlebot3_msgs/include/turtlebot3_msgs/turtlebot3_msgs/action/detail/patrol__rosidl_typesupport_introspection_c.h
[4.864s] -- Up-to-date symlink: /home/usman/experiments/turtlebot3_ws2/install/turtlebot3_msgs/include/turtlebot3_msgs/turtlebot3_msgs/msg/detail/sensor_state__rosidl_typesupport_introspection_c.h
[4.864s] -- Up-to-date symlink: /home/usman/experiments/turtlebot3_ws2/install/turtlebot3_msgs/include/turtlebot3_msgs/turtlebot3_msgs/msg/detail/sound__rosidl_typesupport_introspection_c.h
[4.864s] -- Up-to-date symlink: /home/usman/experiments/turtlebot3_ws2/install/turtlebot3_msgs/include/turtlebot3_msgs/turtlebot3_msgs/msg/detail/version_info__rosidl_typesupport_introspection_c.h
[4.865s] -- Up-to-date symlink: /home/usman/experiments/turtlebot3_ws2/install/turtlebot3_msgs/include/turtlebot3_msgs/turtlebot3_msgs/msg/rosidl_typesupport_introspection_c__visibility_control.h
[4.865s] -- Up-to-date symlink: /home/usman/experiments/turtlebot3_ws2/install/turtlebot3_msgs/include/turtlebot3_msgs/turtlebot3_msgs/srv/detail/dqn__rosidl_typesupport_introspection_c.h
[4.865s] -- Up-to-date symlink: /home/usman/experiments/turtlebot3_ws2/install/turtlebot3_msgs/include/turtlebot3_msgs/turtlebot3_msgs/srv/detail/sound__rosidl_typesupport_introspection_c.h
[4.865s] -- Up-to-date symlink: /home/usman/experiments/turtlebot3_ws2/install/turtlebot3_msgs/include/turtlebot3_msgs/turtlebot3_msgs/action/detail/patrol__rosidl_typesupport_introspection_cpp.hpp
[4.865s] -- Up-to-date symlink: /home/usman/experiments/turtlebot3_ws2/install/turtlebot3_msgs/include/turtlebot3_msgs/turtlebot3_msgs/msg/detail/sensor_state__rosidl_typesupport_introspection_cpp.hpp
[4.865s] -- Up-to-date symlink: /home/usman/experiments/turtlebot3_ws2/install/turtlebot3_msgs/include/turtlebot3_msgs/turtlebot3_msgs/msg/detail/sound__rosidl_typesupport_introspection_cpp.hpp
[4.865s] -- Up-to-date symlink: /home/usman/experiments/turtlebot3_ws2/install/turtlebot3_msgs/include/turtlebot3_msgs/turtlebot3_msgs/msg/detail/version_info__rosidl_typesupport_introspection_cpp.hpp
[4.868s] -- Up-to-date symlink: /home/usman/experiments/turtlebot3_ws2/install/turtlebot3_msgs/include/turtlebot3_msgs/turtlebot3_msgs/srv/detail/dqn__rosidl_typesupport_introspection_cpp.hpp
[4.869s] -- Up-to-date symlink: /home/usman/experiments/turtlebot3_ws2/install/turtlebot3_msgs/include/turtlebot3_msgs/turtlebot3_msgs/srv/detail/sound__rosidl_typesupport_introspection_cpp.hpp
[4.870s] -- Up-to-date symlink: /home/usman/experiments/turtlebot3_ws2/install/turtlebot3_msgs/share/turtlebot3_msgs/environment/pythonpath.sh
[4.870s] -- Up-to-date symlink: /home/usman/experiments/turtlebot3_ws2/install/turtlebot3_msgs/share/turtlebot3_msgs/environment/pythonpath.dsv
[4.870s] -- Up-to-date symlink: /home/usman/experiments/turtlebot3_ws2/install/turtlebot3_msgs/local/lib/python3.10/dist-packages/turtlebot3_msgs-2.2.3-py3.10.egg-info/PKG-INFO
[4.870s] -- Up-to-date symlink: /home/usman/experiments/turtlebot3_ws2/install/turtlebot3_msgs/local/lib/python3.10/dist-packages/turtlebot3_msgs-2.2.3-py3.10.egg-info/SOURCES.txt
[4.870s] -- Up-to-date symlink: /home/usman/experiments/turtlebot3_ws2/install/turtlebot3_msgs/local/lib/python3.10/dist-packages/turtlebot3_msgs-2.2.3-py3.10.egg-info/dependency_links.txt
[4.870s] -- Up-to-date symlink: /home/usman/experiments/turtlebot3_ws2/install/turtlebot3_msgs/local/lib/python3.10/dist-packages/turtlebot3_msgs-2.2.3-py3.10.egg-info/top_level.txt
[4.870s] -- Up-to-date symlink: /home/usman/experiments/turtlebot3_ws2/install/turtlebot3_msgs/local/lib/python3.10/dist-packages/turtlebot3_msgs/__init__.py
[4.871s] -- Up-to-date symlink: /home/usman/experiments/turtlebot3_ws2/install/turtlebot3_msgs/local/lib/python3.10/dist-packages/turtlebot3_msgs/_turtlebot3_msgs_s.ep.rosidl_typesupport_c.c
[4.871s] -- Up-to-date symlink: /home/usman/experiments/turtlebot3_ws2/install/turtlebot3_msgs/local/lib/python3.10/dist-packages/turtlebot3_msgs/_turtlebot3_msgs_s.ep.rosidl_typesupport_fastrtps_c.c
[4.871s] -- Up-to-date symlink: /home/usman/experiments/turtlebot3_ws2/install/turtlebot3_msgs/local/lib/python3.10/dist-packages/turtlebot3_msgs/_turtlebot3_msgs_s.ep.rosidl_typesupport_introspection_c.c
[4.871s] -- Up-to-date symlink: /home/usman/experiments/turtlebot3_ws2/install/turtlebot3_msgs/local/lib/python3.10/dist-packages/turtlebot3_msgs/action/__init__.py
[4.871s] -- Up-to-date symlink: /home/usman/experiments/turtlebot3_ws2/install/turtlebot3_msgs/local/lib/python3.10/dist-packages/turtlebot3_msgs/action/_patrol.py
[4.871s] -- Up-to-date symlink: /home/usman/experiments/turtlebot3_ws2/install/turtlebot3_msgs/local/lib/python3.10/dist-packages/turtlebot3_msgs/action/_patrol_s.c
[4.871s] -- Up-to-date symlink: /home/usman/experiments/turtlebot3_ws2/install/turtlebot3_msgs/local/lib/python3.10/dist-packages/turtlebot3_msgs/libturtlebot3_msgs__rosidl_generator_py.so
[4.872s] -- Up-to-date symlink: /home/usman/experiments/turtlebot3_ws2/install/turtlebot3_msgs/local/lib/python3.10/dist-packages/turtlebot3_msgs/msg/__init__.py
[4.872s] -- Up-to-date symlink: /home/usman/experiments/turtlebot3_ws2/install/turtlebot3_msgs/local/lib/python3.10/dist-packages/turtlebot3_msgs/msg/_sensor_state.py
[4.872s] -- Up-to-date symlink: /home/usman/experiments/turtlebot3_ws2/install/turtlebot3_msgs/local/lib/python3.10/dist-packages/turtlebot3_msgs/msg/_sensor_state_s.c
[4.872s] -- Up-to-date symlink: /home/usman/experiments/turtlebot3_ws2/install/turtlebot3_msgs/local/lib/python3.10/dist-packages/turtlebot3_msgs/msg/_sound.py
[4.872s] -- Up-to-date symlink: /home/usman/experiments/turtlebot3_ws2/install/turtlebot3_msgs/local/lib/python3.10/dist-packages/turtlebot3_msgs/msg/_sound_s.c
[4.872s] -- Up-to-date symlink: /home/usman/experiments/turtlebot3_ws2/install/turtlebot3_msgs/local/lib/python3.10/dist-packages/turtlebot3_msgs/msg/_version_info.py
[4.873s] -- Up-to-date symlink: /home/usman/experiments/turtlebot3_ws2/install/turtlebot3_msgs/local/lib/python3.10/dist-packages/turtlebot3_msgs/msg/_version_info_s.c
[4.873s] -- Up-to-date symlink: /home/usman/experiments/turtlebot3_ws2/install/turtlebot3_msgs/local/lib/python3.10/dist-packages/turtlebot3_msgs/srv/__init__.py
[4.873s] -- Up-to-date symlink: /home/usman/experiments/turtlebot3_ws2/install/turtlebot3_msgs/local/lib/python3.10/dist-packages/turtlebot3_msgs/srv/_dqn.py
[4.873s] -- Up-to-date symlink: /home/usman/experiments/turtlebot3_ws2/install/turtlebot3_msgs/local/lib/python3.10/dist-packages/turtlebot3_msgs/srv/_dqn_s.c
[4.873s] -- Up-to-date symlink: /home/usman/experiments/turtlebot3_ws2/install/turtlebot3_msgs/local/lib/python3.10/dist-packages/turtlebot3_msgs/srv/_sound.py
[4.873s] -- Up-to-date symlink: /home/usman/experiments/turtlebot3_ws2/install/turtlebot3_msgs/local/lib/python3.10/dist-packages/turtlebot3_msgs/srv/_sound_s.c
[4.873s] -- Up-to-date symlink: /home/usman/experiments/turtlebot3_ws2/install/turtlebot3_msgs/local/lib/python3.10/dist-packages/turtlebot3_msgs/turtlebot3_msgs_s__rosidl_typesupport_c.cpython-310-x86_64-linux-gnu.so
[4.873s] -- Up-to-date symlink: /home/usman/experiments/turtlebot3_ws2/install/turtlebot3_msgs/local/lib/python3.10/dist-packages/turtlebot3_msgs/turtlebot3_msgs_s__rosidl_typesupport_fastrtps_c.cpython-310-x86_64-linux-gnu.so
[4.873s] -- Up-to-date symlink: /home/usman/experiments/turtlebot3_ws2/install/turtlebot3_msgs/local/lib/python3.10/dist-packages/turtlebot3_msgs/turtlebot3_msgs_s__rosidl_typesupport_introspection_c.cpython-310-x86_64-linux-gnu.so
[4.874s] -- Up-to-date symlink: /home/usman/experiments/turtlebot3_ws2/install/turtlebot3_msgs/local/lib/python3.10/dist-packages/turtlebot3_msgs/turtlebot3_msgs_s__rosidl_typesupport_fastrtps_c.cpython-310-x86_64-linux-gnu.so
[4.874s] -- Up-to-date symlink: /home/usman/experiments/turtlebot3_ws2/install/turtlebot3_msgs/local/lib/python3.10/dist-packages/turtlebot3_msgs/turtlebot3_msgs_s__rosidl_typesupport_introspection_c.cpython-310-x86_64-linux-gnu.so
[4.874s] -- Up-to-date symlink: /home/usman/experiments/turtlebot3_ws2/install/turtlebot3_msgs/local/lib/python3.10/dist-packages/turtlebot3_msgs/turtlebot3_msgs_s__rosidl_typesupport_c.cpython-310-x86_64-linux-gnu.so
[4.874s] -- Up-to-date symlink: /home/usman/experiments/turtlebot3_ws2/install/turtlebot3_msgs/share/turtlebot3_msgs/msg/SensorState.idl
[4.874s] -- Up-to-date symlink: /home/usman/experiments/turtlebot3_ws2/install/turtlebot3_msgs/share/turtlebot3_msgs/msg/Sound.idl
[4.874s] -- Up-to-date symlink: /home/usman/experiments/turtlebot3_ws2/install/turtlebot3_msgs/share/turtlebot3_msgs/msg/VersionInfo.idl
[4.874s] -- Up-to-date symlink: /home/usman/experiments/turtlebot3_ws2/install/turtlebot3_msgs/share/turtlebot3_msgs/srv/Sound.idl
[4.875s] -- Up-to-date symlink: /home/usman/experiments/turtlebot3_ws2/install/turtlebot3_msgs/share/turtlebot3_msgs/srv/Dqn.idl
[4.875s] -- Up-to-date symlink: /home/usman/experiments/turtlebot3_ws2/install/turtlebot3_msgs/share/turtlebot3_msgs/action/Patrol.idl
[4.875s] -- Up-to-date symlink: /home/usman/experiments/turtlebot3_ws2/install/turtlebot3_msgs/share/turtlebot3_msgs/msg/SensorState.msg
[4.875s] -- Up-to-date symlink: /home/usman/experiments/turtlebot3_ws2/install/turtlebot3_msgs/share/turtlebot3_msgs/msg/Sound.msg
[4.875s] -- Up-to-date symlink: /home/usman/experiments/turtlebot3_ws2/install/turtlebot3_msgs/share/turtlebot3_msgs/msg/VersionInfo.msg
[4.875s] -- Up-to-date symlink: /home/usman/experiments/turtlebot3_ws2/install/turtlebot3_msgs/share/turtlebot3_msgs/srv/Sound.srv
[4.876s] -- Up-to-date symlink: /home/usman/experiments/turtlebot3_ws2/install/turtlebot3_msgs/share/turtlebot3_msgs/srv/Sound_Request.msg
[4.876s] -- Up-to-date symlink: /home/usman/experiments/turtlebot3_ws2/install/turtlebot3_msgs/share/turtlebot3_msgs/srv/Sound_Response.msg
[4.876s] -- Up-to-date symlink: /home/usman/experiments/turtlebot3_ws2/install/turtlebot3_msgs/share/turtlebot3_msgs/srv/Dqn.srv
[4.876s] -- Up-to-date symlink: /home/usman/experiments/turtlebot3_ws2/install/turtlebot3_msgs/share/turtlebot3_msgs/srv/Dqn_Request.msg
[4.876s] -- Up-to-date symlink: /home/usman/experiments/turtlebot3_ws2/install/turtlebot3_msgs/share/turtlebot3_msgs/srv/Dqn_Response.msg
[4.876s] -- Up-to-date symlink: /home/usman/experiments/turtlebot3_ws2/install/turtlebot3_msgs/share/turtlebot3_msgs/action/Patrol.action
[4.876s] -- Up-to-date symlink: /home/usman/experiments/turtlebot3_ws2/install/turtlebot3_msgs/share/ament_index/resource_index/package_run_dependencies/turtlebot3_msgs
[4.876s] -- Up-to-date symlink: /home/usman/experiments/turtlebot3_ws2/install/turtlebot3_msgs/share/ament_index/resource_index/parent_prefix_path/turtlebot3_msgs
[4.876s] -- Up-to-date symlink: /home/usman/experiments/turtlebot3_ws2/install/turtlebot3_msgs/share/turtlebot3_msgs/environment/ament_prefix_path.sh
[4.877s] -- Up-to-date symlink: /home/usman/experiments/turtlebot3_ws2/install/turtlebot3_msgs/share/turtlebot3_msgs/environment/ament_prefix_path.dsv
[4.877s] -- Up-to-date symlink: /home/usman/experiments/turtlebot3_ws2/install/turtlebot3_msgs/share/turtlebot3_msgs/environment/path.sh
[4.877s] -- Up-to-date symlink: /home/usman/experiments/turtlebot3_ws2/install/turtlebot3_msgs/share/turtlebot3_msgs/environment/path.dsv
[4.877s] -- Up-to-date symlink: /home/usman/experiments/turtlebot3_ws2/install/turtlebot3_msgs/share/turtlebot3_msgs/local_setup.bash
[4.877s] -- Up-to-date symlink: /home/usman/experiments/turtlebot3_ws2/install/turtlebot3_msgs/share/turtlebot3_msgs/local_setup.sh
[4.877s] -- Up-to-date symlink: /home/usman/experiments/turtlebot3_ws2/install/turtlebot3_msgs/share/turtlebot3_msgs/local_setup.zsh
[4.877s] -- Up-to-date symlink: /home/usman/experiments/turtlebot3_ws2/install/turtlebot3_msgs/share/turtlebot3_msgs/local_setup.dsv
[4.877s] -- Symlinking: /home/usman/experiments/turtlebot3_ws2/install/turtlebot3_msgs/share/turtlebot3_msgs/package.dsv
[4.878s] -- Up-to-date symlink: /home/usman/experiments/turtlebot3_ws2/install/turtlebot3_msgs/share/ament_index/resource_index/packages/turtlebot3_msgs
[4.878s] -- Up-to-date symlink: /home/usman/experiments/turtlebot3_ws2/install/turtlebot3_msgs/share/turtlebot3_msgs/cmake/rosidl_cmake-extras.cmake
[4.878s] -- Up-to-date symlink: /home/usman/experiments/turtlebot3_ws2/install/turtlebot3_msgs/share/turtlebot3_msgs/cmake/ament_cmake_export_dependencies-extras.cmake
[4.878s] -- Up-to-date symlink: /home/usman/experiments/turtlebot3_ws2/install/turtlebot3_msgs/share/turtlebot3_msgs/cmake/ament_cmake_export_include_directories-extras.cmake
[4.878s] -- Up-to-date symlink: /home/usman/experiments/turtlebot3_ws2/install/turtlebot3_msgs/share/turtlebot3_msgs/cmake/ament_cmake_export_libraries-extras.cmake
[4.878s] -- Up-to-date symlink: /home/usman/experiments/turtlebot3_ws2/install/turtlebot3_msgs/share/turtlebot3_msgs/cmake/ament_cmake_export_targets-extras.cmake
[4.878s] -- Up-to-date symlink: /home/usman/experiments/turtlebot3_ws2/install/turtlebot3_msgs/share/turtlebot3_msgs/cmake/rosidl_cmake_export_typesupport_targets-extras.cmake
[4.878s] -- Up-to-date symlink: /home/usman/experiments/turtlebot3_ws2/install/turtlebot3_msgs/share/turtlebot3_msgs/cmake/rosidl_cmake_export_typesupport_libraries-extras.cmake
[4.879s] -- Up-to-date symlink: /home/usman/experiments/turtlebot3_ws2/install/turtlebot3_msgs/share/turtlebot3_msgs/cmake/turtlebot3_msgsConfig.cmake
[4.879s] -- Up-to-date symlink: /home/usman/experiments/turtlebot3_ws2/install/turtlebot3_msgs/share/turtlebot3_msgs/cmake/turtlebot3_msgsConfig-version.cmake
[4.879s] -- Up-to-date symlink: /home/usman/experiments/turtlebot3_ws2/install/turtlebot3_msgs/share/turtlebot3_msgs/package.xml
[4.879s] -- Up-to-date: /home/usman/experiments/turtlebot3_ws2/install/turtlebot3_msgs/lib/libturtlebot3_msgs__rosidl_generator_c.so
[4.879s] -- Up-to-date: /home/usman/experiments/turtlebot3_ws2/install/turtlebot3_msgs/lib/libturtlebot3_msgs__rosidl_typesupport_fastrtps_c.so
[4.879s] -- Up-to-date: /home/usman/experiments/turtlebot3_ws2/install/turtlebot3_msgs/lib/libturtlebot3_msgs__rosidl_typesupport_fastrtps_cpp.so
[4.879s] -- Up-to-date: /home/usman/experiments/turtlebot3_ws2/install/turtlebot3_msgs/lib/libturtlebot3_msgs__rosidl_typesupport_introspection_c.so
[4.880s] -- Up-to-date: /home/usman/experiments/turtlebot3_ws2/install/turtlebot3_msgs/lib/libturtlebot3_msgs__rosidl_typesupport_c.so
[4.880s] -- Up-to-date: /home/usman/experiments/turtlebot3_ws2/install/turtlebot3_msgs/lib/libturtlebot3_msgs__rosidl_typesupport_introspection_cpp.so
[4.880s] -- Up-to-date: /home/usman/experiments/turtlebot3_ws2/install/turtlebot3_msgs/lib/libturtlebot3_msgs__rosidl_typesupport_cpp.so
[4.961s] Listing '/home/usman/experiments/turtlebot3_ws2/install/turtlebot3_msgs/local/lib/python3.10/dist-packages/turtlebot3_msgs'...
[4.962s] Listing '/home/usman/experiments/turtlebot3_ws2/install/turtlebot3_msgs/local/lib/python3.10/dist-packages/turtlebot3_msgs/action'...
[4.962s] Listing '/home/usman/experiments/turtlebot3_ws2/install/turtlebot3_msgs/local/lib/python3.10/dist-packages/turtlebot3_msgs/msg'...
[4.964s] Listing '/home/usman/experiments/turtlebot3_ws2/install/turtlebot3_msgs/local/lib/python3.10/dist-packages/turtlebot3_msgs/srv'...
[4.974s] -- Up-to-date: /home/usman/experiments/turtlebot3_ws2/install/turtlebot3_msgs/lib/libturtlebot3_msgs__rosidl_generator_py.so
[4.975s] -- Up-to-date: /home/usman/experiments/turtlebot3_ws2/install/turtlebot3_msgs/share/turtlebot3_msgs/cmake/export_turtlebot3_msgs__rosidl_generator_cExport.cmake
[4.976s] -- Up-to-date: /home/usman/experiments/turtlebot3_ws2/install/turtlebot3_msgs/share/turtlebot3_msgs/cmake/export_turtlebot3_msgs__rosidl_generator_cExport-noconfig.cmake
[4.977s] -- Up-to-date: /home/usman/experiments/turtlebot3_ws2/install/turtlebot3_msgs/share/turtlebot3_msgs/cmake/export_turtlebot3_msgs__rosidl_typesupport_fastrtps_cExport.cmake
[4.977s] -- Up-to-date: /home/usman/experiments/turtlebot3_ws2/install/turtlebot3_msgs/share/turtlebot3_msgs/cmake/export_turtlebot3_msgs__rosidl_typesupport_fastrtps_cExport-noconfig.cmake
[4.978s] -- Up-to-date: /home/usman/experiments/turtlebot3_ws2/install/turtlebot3_msgs/share/turtlebot3_msgs/cmake/export_turtlebot3_msgs__rosidl_generator_cppExport.cmake
[4.978s] -- Up-to-date: /home/usman/experiments/turtlebot3_ws2/install/turtlebot3_msgs/share/turtlebot3_msgs/cmake/export_turtlebot3_msgs__rosidl_typesupport_fastrtps_cppExport.cmake
[4.978s] -- Up-to-date: /home/usman/experiments/turtlebot3_ws2/install/turtlebot3_msgs/share/turtlebot3_msgs/cmake/export_turtlebot3_msgs__rosidl_typesupport_fastrtps_cppExport-noconfig.cmake
[4.978s] -- Up-to-date: /home/usman/experiments/turtlebot3_ws2/install/turtlebot3_msgs/share/turtlebot3_msgs/cmake/turtlebot3_msgs__rosidl_typesupport_introspection_cExport.cmake
[4.978s] -- Up-to-date: /home/usman/experiments/turtlebot3_ws2/install/turtlebot3_msgs/share/turtlebot3_msgs/cmake/turtlebot3_msgs__rosidl_typesupport_introspection_cExport-noconfig.cmake
[4.978s] -- Up-to-date: /home/usman/experiments/turtlebot3_ws2/install/turtlebot3_msgs/share/turtlebot3_msgs/cmake/turtlebot3_msgs__rosidl_typesupport_cExport.cmake
[4.978s] -- Up-to-date: /home/usman/experiments/turtlebot3_ws2/install/turtlebot3_msgs/share/turtlebot3_msgs/cmake/turtlebot3_msgs__rosidl_typesupport_cExport-noconfig.cmake
[4.978s] -- Up-to-date: /home/usman/experiments/turtlebot3_ws2/install/turtlebot3_msgs/share/turtlebot3_msgs/cmake/turtlebot3_msgs__rosidl_typesupport_introspection_cppExport.cmake
[4.979s] -- Up-to-date: /home/usman/experiments/turtlebot3_ws2/install/turtlebot3_msgs/share/turtlebot3_msgs/cmake/turtlebot3_msgs__rosidl_typesupport_introspection_cppExport-noconfig.cmake
[4.979s] -- Up-to-date: /home/usman/experiments/turtlebot3_ws2/install/turtlebot3_msgs/share/turtlebot3_msgs/cmake/turtlebot3_msgs__rosidl_typesupport_cppExport.cmake
[4.980s] -- Up-to-date: /home/usman/experiments/turtlebot3_ws2/install/turtlebot3_msgs/share/turtlebot3_msgs/cmake/turtlebot3_msgs__rosidl_typesupport_cppExport-noconfig.cmake
[4.980s] -- Up-to-date: /home/usman/experiments/turtlebot3_ws2/install/turtlebot3_msgs/share/turtlebot3_msgs/cmake/export_turtlebot3_msgs__rosidl_generator_pyExport.cmake
[4.981s] -- Up-to-date: /home/usman/experiments/turtlebot3_ws2/install/turtlebot3_msgs/share/turtlebot3_msgs/cmake/export_turtlebot3_msgs__rosidl_generator_pyExport-noconfig.cmake
[5.924s] Invoked command in '/home/usman/experiments/turtlebot3_ws2/build/turtlebot3_msgs' returned '0': CMAKE_PREFIX_PATH=${CMAKE_PREFIX_PATH}:/home/usman/experiments/turtlebot3_ws2/install/turtlebot3_teleop:/home/usman/experiments/turtlebot3_ws2/install/turtlebot3_example:/home/usman/experiments/turtlebot3_ws2/install/tb3_sim:/home/usman/ros2_my_ws/install/turtlesim_catch_them_all:/home/usman/ros2_my_ws/install/my_py_pkg:/home/usman/ros2_ws/install/my_robot_controller:/home/usman/ros2_ws/install/my_controller:/home/usman/ros2_ws/src/install/my_robot_controller:/home/usman/ros2_ws/src/install/my_controller:/opt/ros/humble /usr/bin/cmake --install /home/usman/experiments/turtlebot3_ws2/build/turtlebot3_msgs
