[0.316s] Invoking command in '/home/usman/experiments/turtlebot3_ws2/build/dynamixel_sdk_custom_interfaces': CMAKE_PREFIX_PATH=${CMAKE_PREFIX_PATH}:/home/usman/ros2_my_ws/install/turtlesim_catch_them_all:/home/usman/ros2_my_ws/install/my_py_pkg:/home/usman/ros2_ws/install/my_robot_controller:/home/usman/ros2_ws/install/my_controller:/home/usman/ros2_ws/src/install/my_robot_controller:/home/usman/ros2_ws/src/install/my_controller:/opt/ros/humble /usr/bin/cmake /home/usman/experiments/turtlebot3_ws2/src/utils/DynamixelSDK/dynamixel_sdk_custom_interfaces -DAMENT_CMAKE_SYMLINK_INSTALL=1 -DCMAKE_INSTALL_PREFIX=/home/usman/experiments/turtlebot3_ws2/install/dynamixel_sdk_custom_interfaces
[0.378s] -- The C compiler identification is GNU 11.4.0
[0.440s] -- The CXX compiler identification is GNU 11.4.0
[0.448s] -- Detecting C compiler ABI info
[0.505s] -- Detecting C compiler ABI info - done
[0.513s] -- Check for working C compiler: /usr/bin/cc - skipped
[0.514s] -- Detecting C compile features
[0.515s] -- Detecting C compile features - done
[0.517s] -- Detecting CXX compiler ABI info
[0.580s] -- Detecting CXX compiler ABI info - done
[0.586s] -- Check for working CXX compiler: /usr/bin/c++ - skipped
[0.587s] -- Detecting CXX compile features
[0.587s] -- Detecting CXX compile features - done
[0.592s] -- Found ament_cmake: 1.3.6 (/opt/ros/humble/share/ament_cmake/cmake)
[0.937s] -- Found Python3: /usr/bin/python3.10 (found version "3.10.12") found components: Interpreter 
[1.021s] -- Override CMake install command with custom implementation using symlinks instead of copying resources
[1.066s] -- Found builtin_interfaces: 1.2.1 (/opt/ros/humble/share/builtin_interfaces/cmake)
[1.118s] -- Found rosidl_generator_c: 3.1.5 (/opt/ros/humble/share/rosidl_generator_c/cmake)
[1.126s] -- Found rosidl_adapter: 3.1.5 (/opt/ros/humble/share/rosidl_adapter/cmake)
[1.140s] -- Found rosidl_generator_cpp: 3.1.5 (/opt/ros/humble/share/rosidl_generator_cpp/cmake)
[1.161s] -- Using all available rosidl_typesupport_c: rosidl_typesupport_fastrtps_c;rosidl_typesupport_introspection_c
[1.189s] -- Using all available rosidl_typesupport_cpp: rosidl_typesupport_fastrtps_cpp;rosidl_typesupport_introspection_cpp
[1.218s] -- Found rosidl_default_generators: 1.2.0 (/opt/ros/humble/share/rosidl_default_generators/cmake)
[1.568s] -- Found ament_cmake_ros: 0.10.0 (/opt/ros/humble/share/ament_cmake_ros/cmake)
[1.866s] -- Using all available rosidl_typesupport_c: rosidl_typesupport_fastrtps_c;rosidl_typesupport_introspection_c
[1.977s] -- Using all available rosidl_typesupport_cpp: rosidl_typesupport_fastrtps_cpp;rosidl_typesupport_introspection_cpp
[1.996s] -- Found PythonInterp: /usr/bin/python3 (found suitable version "3.10.12", minimum required is "3.6") 
[1.998s] -- Found python_cmake_module: 0.10.0 (/opt/ros/humble/share/python_cmake_module/cmake)
[2.027s] -- Found PythonLibs: /usr/lib/x86_64-linux-gnu/libpython3.10.so (found suitable version "3.10.12", minimum required is "3.5") 
[2.027s] -- Using PYTHON_EXECUTABLE: /usr/bin/python3
[2.027s] -- Using PYTHON_INCLUDE_DIRS: /usr/include/python3.10
[2.027s] -- Using PYTHON_LIBRARIES: /usr/lib/x86_64-linux-gnu/libpython3.10.so
[2.046s] -- Found PythonExtra: .so  
[2.085s] -- Configuring done
[2.106s] -- Generating done
[2.107s] -- Build files have been written to: /home/usman/experiments/turtlebot3_ws2/build/dynamixel_sdk_custom_interfaces
[2.156s] Invoked command in '/home/usman/experiments/turtlebot3_ws2/build/dynamixel_sdk_custom_interfaces' returned '0': CMAKE_PREFIX_PATH=${CMAKE_PREFIX_PATH}:/home/usman/ros2_my_ws/install/turtlesim_catch_them_all:/home/usman/ros2_my_ws/install/my_py_pkg:/home/usman/ros2_ws/install/my_robot_controller:/home/usman/ros2_ws/install/my_controller:/home/usman/ros2_ws/src/install/my_robot_controller:/home/usman/ros2_ws/src/install/my_controller:/opt/ros/humble /usr/bin/cmake /home/usman/experiments/turtlebot3_ws2/src/utils/DynamixelSDK/dynamixel_sdk_custom_interfaces -DAMENT_CMAKE_SYMLINK_INSTALL=1 -DCMAKE_INSTALL_PREFIX=/home/usman/experiments/turtlebot3_ws2/install/dynamixel_sdk_custom_interfaces
[2.157s] Invoking command in '/home/usman/experiments/turtlebot3_ws2/build/dynamixel_sdk_custom_interfaces': CMAKE_PREFIX_PATH=${CMAKE_PREFIX_PATH}:/home/usman/ros2_my_ws/install/turtlesim_catch_them_all:/home/usman/ros2_my_ws/install/my_py_pkg:/home/usman/ros2_ws/install/my_robot_controller:/home/usman/ros2_ws/install/my_controller:/home/usman/ros2_ws/src/install/my_robot_controller:/home/usman/ros2_ws/src/install/my_controller:/opt/ros/humble /usr/bin/cmake --build /home/usman/experiments/turtlebot3_ws2/build/dynamixel_sdk_custom_interfaces -- -j16 -l16
[2.185s] [  2%] [34m[1mGenerating C code for ROS interfaces[0m
[2.190s] [  5%] [34m[1mGenerating C++ code for ROS interfaces[0m
[2.203s] [  5%] Built target ament_cmake_python_symlink_dynamixel_sdk_custom_interfaces
[2.386s] running egg_info
[2.387s] creating dynamixel_sdk_custom_interfaces.egg-info
[2.400s] writing dynamixel_sdk_custom_interfaces.egg-info/PKG-INFO
[2.400s] writing dependency_links to dynamixel_sdk_custom_interfaces.egg-info/dependency_links.txt
[2.401s] writing top-level names to dynamixel_sdk_custom_interfaces.egg-info/top_level.txt
[2.401s] writing manifest file 'dynamixel_sdk_custom_interfaces.egg-info/SOURCES.txt'
[2.430s] [  7%] [32mBuilding C object CMakeFiles/dynamixel_sdk_custom_interfaces__rosidl_generator_c.dir/rosidl_generator_c/dynamixel_sdk_custom_interfaces/msg/detail/set_position__functions.c.o[0m
[2.431s] [ 10%] [32mBuilding C object CMakeFiles/dynamixel_sdk_custom_interfaces__rosidl_generator_c.dir/rosidl_generator_c/dynamixel_sdk_custom_interfaces/srv/detail/get_position__functions.c.o[0m
[2.436s] [ 10%] Built target dynamixel_sdk_custom_interfaces__cpp
[2.443s] [ 12%] [34m[1mGenerating C++ type support dispatch for ROS interfaces[0m
[2.446s] [ 17%] [34m[1mGenerating C++ introspection for ROS interfaces[0m
[2.446s] [ 17%] [34m[1mGenerating C++ type support for eProsima Fast-RTPS[0m
[2.469s] reading manifest file 'dynamixel_sdk_custom_interfaces.egg-info/SOURCES.txt'
[2.470s] writing manifest file 'dynamixel_sdk_custom_interfaces.egg-info/SOURCES.txt'
[2.483s] [ 20%] [32m[1mLinking C shared library libdynamixel_sdk_custom_interfaces__rosidl_generator_c.so[0m
[2.502s] [ 20%] Built target ament_cmake_python_build_dynamixel_sdk_custom_interfaces_egg
[2.511s] [ 20%] Built target dynamixel_sdk_custom_interfaces__rosidl_generator_c
[2.522s] [ 28%] [34m[1mGenerating C type support for eProsima Fast-RTPS[0m
[2.522s] [ 28%] [34m[1mGenerating C introspection for ROS interfaces[0m
[2.522s] [ 28%] [34m[1mGenerating C type support dispatch for ROS interfaces[0m
[2.657s] [ 33%] [32mBuilding CXX object CMakeFiles/dynamixel_sdk_custom_interfaces__rosidl_typesupport_cpp.dir/rosidl_typesupport_cpp/dynamixel_sdk_custom_interfaces/srv/get_position__type_support.cpp.o[0m
[2.657s] [ 33%] [32mBuilding CXX object CMakeFiles/dynamixel_sdk_custom_interfaces__rosidl_typesupport_cpp.dir/rosidl_typesupport_cpp/dynamixel_sdk_custom_interfaces/msg/set_position__type_support.cpp.o[0m
[2.747s] [ 35%] [32mBuilding CXX object CMakeFiles/dynamixel_sdk_custom_interfaces__rosidl_typesupport_c.dir/rosidl_typesupport_c/dynamixel_sdk_custom_interfaces/msg/set_position__type_support.cpp.o[0m
[2.749s] [ 38%] [32mBuilding CXX object CMakeFiles/dynamixel_sdk_custom_interfaces__rosidl_typesupport_c.dir/rosidl_typesupport_c/dynamixel_sdk_custom_interfaces/srv/get_position__type_support.cpp.o[0m
[2.775s] [ 43%] [32mBuilding CXX object CMakeFiles/dynamixel_sdk_custom_interfaces__rosidl_typesupport_introspection_cpp.dir/rosidl_typesupport_introspection_cpp/dynamixel_sdk_custom_interfaces/srv/detail/get_position__type_support.cpp.o[0m
[2.775s] [ 43%] [32mBuilding CXX object CMakeFiles/dynamixel_sdk_custom_interfaces__rosidl_typesupport_introspection_cpp.dir/rosidl_typesupport_introspection_cpp/dynamixel_sdk_custom_interfaces/msg/detail/set_position__type_support.cpp.o[0m
[2.782s] [ 46%] [32m[1mLinking CXX shared library libdynamixel_sdk_custom_interfaces__rosidl_typesupport_c.so[0m
[2.803s] [ 48%] [32mBuilding CXX object CMakeFiles/dynamixel_sdk_custom_interfaces__rosidl_typesupport_fastrtps_cpp.dir/rosidl_typesupport_fastrtps_cpp/dynamixel_sdk_custom_interfaces/msg/detail/dds_fastrtps/set_position__type_support.cpp.o[0m
[2.803s] [ 51%] [32mBuilding CXX object CMakeFiles/dynamixel_sdk_custom_interfaces__rosidl_typesupport_fastrtps_cpp.dir/rosidl_typesupport_fastrtps_cpp/dynamixel_sdk_custom_interfaces/srv/detail/dds_fastrtps/get_position__type_support.cpp.o[0m
[2.817s] [ 51%] Built target dynamixel_sdk_custom_interfaces__rosidl_typesupport_c
[2.860s] [ 56%] [32mBuilding C object CMakeFiles/dynamixel_sdk_custom_interfaces__rosidl_typesupport_introspection_c.dir/rosidl_typesupport_introspection_c/dynamixel_sdk_custom_interfaces/srv/detail/get_position__type_support.c.o[0m
[2.860s] [ 56%] [32mBuilding C object CMakeFiles/dynamixel_sdk_custom_interfaces__rosidl_typesupport_introspection_c.dir/rosidl_typesupport_introspection_c/dynamixel_sdk_custom_interfaces/msg/detail/set_position__type_support.c.o[0m
[2.865s] [ 58%] [32mBuilding CXX object CMakeFiles/dynamixel_sdk_custom_interfaces__rosidl_typesupport_fastrtps_c.dir/rosidl_typesupport_fastrtps_c/dynamixel_sdk_custom_interfaces/msg/detail/set_position__type_support_c.cpp.o[0m
[2.866s] [ 61%] [32mBuilding CXX object CMakeFiles/dynamixel_sdk_custom_interfaces__rosidl_typesupport_fastrtps_c.dir/rosidl_typesupport_fastrtps_c/dynamixel_sdk_custom_interfaces/srv/detail/get_position__type_support_c.cpp.o[0m
[2.900s] [ 64%] [32m[1mLinking C shared library libdynamixel_sdk_custom_interfaces__rosidl_typesupport_introspection_c.so[0m
[2.934s] [ 64%] Built target dynamixel_sdk_custom_interfaces__rosidl_typesupport_introspection_c
[2.962s] [ 66%] [32m[1mLinking CXX shared library libdynamixel_sdk_custom_interfaces__rosidl_typesupport_cpp.so[0m
[3.002s] [ 66%] Built target dynamixel_sdk_custom_interfaces__rosidl_typesupport_cpp
[3.133s] [ 69%] [32m[1mLinking CXX shared library libdynamixel_sdk_custom_interfaces__rosidl_typesupport_fastrtps_c.so[0m
[3.220s] [ 71%] [32m[1mLinking CXX shared library libdynamixel_sdk_custom_interfaces__rosidl_typesupport_introspection_cpp.so[0m
[3.224s] [ 71%] Built target dynamixel_sdk_custom_interfaces__rosidl_typesupport_fastrtps_c
[3.231s] [ 74%] [32m[1mLinking CXX shared library libdynamixel_sdk_custom_interfaces__rosidl_typesupport_fastrtps_cpp.so[0m
[3.265s] [ 74%] Built target dynamixel_sdk_custom_interfaces__rosidl_typesupport_introspection_cpp
[3.325s] [ 74%] Built target dynamixel_sdk_custom_interfaces__rosidl_typesupport_fastrtps_cpp
[3.345s] [ 74%] Built target dynamixel_sdk_custom_interfaces
[3.367s] [ 76%] [34m[1mGenerating Python code for ROS interfaces[0m
[3.830s] [ 76%] Built target dynamixel_sdk_custom_interfaces__py
[3.887s] [ 79%] [32mBuilding C object CMakeFiles/dynamixel_sdk_custom_interfaces__rosidl_generator_py.dir/rosidl_generator_py/dynamixel_sdk_custom_interfaces/msg/_set_position_s.c.o[0m
[3.921s] [ 82%] [32mBuilding C object CMakeFiles/dynamixel_sdk_custom_interfaces__rosidl_generator_py.dir/rosidl_generator_py/dynamixel_sdk_custom_interfaces/srv/_get_position_s.c.o[0m
[4.158s] [ 84%] [32m[1mLinking C shared library rosidl_generator_py/dynamixel_sdk_custom_interfaces/libdynamixel_sdk_custom_interfaces__rosidl_generator_py.so[0m
[4.259s] [ 84%] Built target dynamixel_sdk_custom_interfaces__rosidl_generator_py
[4.381s] [ 87%] [32mBuilding C object CMakeFiles/dynamixel_sdk_custom_interfaces__rosidl_typesupport_fastrtps_c__pyext.dir/rosidl_generator_py/dynamixel_sdk_custom_interfaces/_dynamixel_sdk_custom_interfaces_s.ep.rosidl_typesupport_fastrtps_c.c.o[0m
[4.474s] [ 89%] [32mBuilding C object CMakeFiles/dynamixel_sdk_custom_interfaces__rosidl_typesupport_introspection_c__pyext.dir/rosidl_generator_py/dynamixel_sdk_custom_interfaces/_dynamixel_sdk_custom_interfaces_s.ep.rosidl_typesupport_introspection_c.c.o[0m
[4.477s] [ 92%] [32mBuilding C object CMakeFiles/dynamixel_sdk_custom_interfaces__rosidl_typesupport_c__pyext.dir/rosidl_generator_py/dynamixel_sdk_custom_interfaces/_dynamixel_sdk_custom_interfaces_s.ep.rosidl_typesupport_c.c.o[0m
[5.114s] [ 94%] [32m[1mLinking C shared library rosidl_generator_py/dynamixel_sdk_custom_interfaces/dynamixel_sdk_custom_interfaces_s__rosidl_typesupport_c.cpython-310-x86_64-linux-gnu.so[0m
[5.410s] [ 97%] [32m[1mLinking C shared library rosidl_generator_py/dynamixel_sdk_custom_interfaces/dynamixel_sdk_custom_interfaces_s__rosidl_typesupport_introspection_c.cpython-310-x86_64-linux-gnu.so[0m
[5.443s] [ 97%] Built target dynamixel_sdk_custom_interfaces__rosidl_typesupport_c__pyext
[5.598s] [ 97%] Built target dynamixel_sdk_custom_interfaces__rosidl_typesupport_introspection_c__pyext
[5.646s] [100%] [32m[1mLinking C shared library rosidl_generator_py/dynamixel_sdk_custom_interfaces/dynamixel_sdk_custom_interfaces_s__rosidl_typesupport_fastrtps_c.cpython-310-x86_64-linux-gnu.so[0m
[5.993s] [100%] Built target dynamixel_sdk_custom_interfaces__rosidl_typesupport_fastrtps_c__pyext
[6.093s] Invoked command in '/home/usman/experiments/turtlebot3_ws2/build/dynamixel_sdk_custom_interfaces' returned '0': CMAKE_PREFIX_PATH=${CMAKE_PREFIX_PATH}:/home/usman/ros2_my_ws/install/turtlesim_catch_them_all:/home/usman/ros2_my_ws/install/my_py_pkg:/home/usman/ros2_ws/install/my_robot_controller:/home/usman/ros2_ws/install/my_controller:/home/usman/ros2_ws/src/install/my_robot_controller:/home/usman/ros2_ws/src/install/my_controller:/opt/ros/humble /usr/bin/cmake --build /home/usman/experiments/turtlebot3_ws2/build/dynamixel_sdk_custom_interfaces -- -j16 -l16
[6.407s] Invoking command in '/home/usman/experiments/turtlebot3_ws2/build/dynamixel_sdk_custom_interfaces': CMAKE_PREFIX_PATH=${CMAKE_PREFIX_PATH}:/home/usman/ros2_my_ws/install/turtlesim_catch_them_all:/home/usman/ros2_my_ws/install/my_py_pkg:/home/usman/ros2_ws/install/my_robot_controller:/home/usman/ros2_ws/install/my_controller:/home/usman/ros2_ws/src/install/my_robot_controller:/home/usman/ros2_ws/src/install/my_controller:/opt/ros/humble /usr/bin/cmake --install /home/usman/experiments/turtlebot3_ws2/build/dynamixel_sdk_custom_interfaces
[6.424s] -- Install configuration: ""
[6.425s] -- Execute custom install script
[6.426s] -- Symlinking: /home/usman/experiments/turtlebot3_ws2/install/dynamixel_sdk_custom_interfaces/share/ament_index/resource_index/rosidl_interfaces/dynamixel_sdk_custom_interfaces
[6.445s] -- Symlinking: /home/usman/experiments/turtlebot3_ws2/install/dynamixel_sdk_custom_interfaces/include/dynamixel_sdk_custom_interfaces/dynamixel_sdk_custom_interfaces/msg/detail/set_position__functions.h
[6.464s] -- Symlinking: /home/usman/experiments/turtlebot3_ws2/install/dynamixel_sdk_custom_interfaces/include/dynamixel_sdk_custom_interfaces/dynamixel_sdk_custom_interfaces/msg/detail/set_position__struct.h
[6.520s] -- Symlinking: /home/usman/experiments/turtlebot3_ws2/install/dynamixel_sdk_custom_interfaces/include/dynamixel_sdk_custom_interfaces/dynamixel_sdk_custom_interfaces/msg/detail/set_position__type_support.h
[6.576s] -- Symlinking: /home/usman/experiments/turtlebot3_ws2/install/dynamixel_sdk_custom_interfaces/include/dynamixel_sdk_custom_interfaces/dynamixel_sdk_custom_interfaces/msg/rosidl_generator_c__visibility_control.h
[6.629s] -- Symlinking: /home/usman/experiments/turtlebot3_ws2/install/dynamixel_sdk_custom_interfaces/include/dynamixel_sdk_custom_interfaces/dynamixel_sdk_custom_interfaces/msg/set_position.h
[6.681s] -- Symlinking: /home/usman/experiments/turtlebot3_ws2/install/dynamixel_sdk_custom_interfaces/include/dynamixel_sdk_custom_interfaces/dynamixel_sdk_custom_interfaces/srv/detail/get_position__functions.h
[6.732s] -- Symlinking: /home/usman/experiments/turtlebot3_ws2/install/dynamixel_sdk_custom_interfaces/include/dynamixel_sdk_custom_interfaces/dynamixel_sdk_custom_interfaces/srv/detail/get_position__struct.h
[6.783s] -- Symlinking: /home/usman/experiments/turtlebot3_ws2/install/dynamixel_sdk_custom_interfaces/include/dynamixel_sdk_custom_interfaces/dynamixel_sdk_custom_interfaces/srv/detail/get_position__type_support.h
[6.811s] -- Symlinking: /home/usman/experiments/turtlebot3_ws2/install/dynamixel_sdk_custom_interfaces/include/dynamixel_sdk_custom_interfaces/dynamixel_sdk_custom_interfaces/srv/get_position.h
[6.866s] -- Symlinking: /home/usman/experiments/turtlebot3_ws2/install/dynamixel_sdk_custom_interfaces/share/dynamixel_sdk_custom_interfaces/environment/library_path.sh
[6.922s] -- Symlinking: /home/usman/experiments/turtlebot3_ws2/install/dynamixel_sdk_custom_interfaces/share/dynamixel_sdk_custom_interfaces/environment/library_path.dsv
[6.981s] -- Symlinking: /home/usman/experiments/turtlebot3_ws2/install/dynamixel_sdk_custom_interfaces/include/dynamixel_sdk_custom_interfaces/dynamixel_sdk_custom_interfaces/msg/detail/set_position__rosidl_typesupport_fastrtps_c.h
[7.039s] -- Symlinking: /home/usman/experiments/turtlebot3_ws2/install/dynamixel_sdk_custom_interfaces/include/dynamixel_sdk_custom_interfaces/dynamixel_sdk_custom_interfaces/msg/rosidl_typesupport_fastrtps_c__visibility_control.h
[7.094s] -- Symlinking: /home/usman/experiments/turtlebot3_ws2/install/dynamixel_sdk_custom_interfaces/include/dynamixel_sdk_custom_interfaces/dynamixel_sdk_custom_interfaces/srv/detail/get_position__rosidl_typesupport_fastrtps_c.h
[7.134s] -- Symlinking: /home/usman/experiments/turtlebot3_ws2/install/dynamixel_sdk_custom_interfaces/include/dynamixel_sdk_custom_interfaces/dynamixel_sdk_custom_interfaces/msg/detail/set_position__builder.hpp
[7.148s] -- Symlinking: /home/usman/experiments/turtlebot3_ws2/install/dynamixel_sdk_custom_interfaces/include/dynamixel_sdk_custom_interfaces/dynamixel_sdk_custom_interfaces/msg/detail/set_position__struct.hpp
[7.162s] -- Symlinking: /home/usman/experiments/turtlebot3_ws2/install/dynamixel_sdk_custom_interfaces/include/dynamixel_sdk_custom_interfaces/dynamixel_sdk_custom_interfaces/msg/detail/set_position__traits.hpp
[7.173s] -- Symlinking: /home/usman/experiments/turtlebot3_ws2/install/dynamixel_sdk_custom_interfaces/include/dynamixel_sdk_custom_interfaces/dynamixel_sdk_custom_interfaces/msg/set_position.hpp
[7.185s] -- Symlinking: /home/usman/experiments/turtlebot3_ws2/install/dynamixel_sdk_custom_interfaces/include/dynamixel_sdk_custom_interfaces/dynamixel_sdk_custom_interfaces/srv/detail/get_position__builder.hpp
[7.197s] -- Symlinking: /home/usman/experiments/turtlebot3_ws2/install/dynamixel_sdk_custom_interfaces/include/dynamixel_sdk_custom_interfaces/dynamixel_sdk_custom_interfaces/srv/detail/get_position__struct.hpp
[7.209s] -- Symlinking: /home/usman/experiments/turtlebot3_ws2/install/dynamixel_sdk_custom_interfaces/include/dynamixel_sdk_custom_interfaces/dynamixel_sdk_custom_interfaces/srv/detail/get_position__traits.hpp
[7.221s] -- Symlinking: /home/usman/experiments/turtlebot3_ws2/install/dynamixel_sdk_custom_interfaces/include/dynamixel_sdk_custom_interfaces/dynamixel_sdk_custom_interfaces/srv/get_position.hpp
[7.233s] -- Symlinking: /home/usman/experiments/turtlebot3_ws2/install/dynamixel_sdk_custom_interfaces/include/dynamixel_sdk_custom_interfaces/dynamixel_sdk_custom_interfaces/msg/detail/set_position__rosidl_typesupport_fastrtps_cpp.hpp
[7.245s] -- Symlinking: /home/usman/experiments/turtlebot3_ws2/install/dynamixel_sdk_custom_interfaces/include/dynamixel_sdk_custom_interfaces/dynamixel_sdk_custom_interfaces/msg/rosidl_typesupport_fastrtps_cpp__visibility_control.h
[7.258s] -- Symlinking: /home/usman/experiments/turtlebot3_ws2/install/dynamixel_sdk_custom_interfaces/include/dynamixel_sdk_custom_interfaces/dynamixel_sdk_custom_interfaces/srv/detail/get_position__rosidl_typesupport_fastrtps_cpp.hpp
[7.270s] -- Symlinking: /home/usman/experiments/turtlebot3_ws2/install/dynamixel_sdk_custom_interfaces/include/dynamixel_sdk_custom_interfaces/dynamixel_sdk_custom_interfaces/msg/detail/set_position__rosidl_typesupport_introspection_c.h
[7.282s] -- Symlinking: /home/usman/experiments/turtlebot3_ws2/install/dynamixel_sdk_custom_interfaces/include/dynamixel_sdk_custom_interfaces/dynamixel_sdk_custom_interfaces/msg/rosidl_typesupport_introspection_c__visibility_control.h
[7.294s] -- Symlinking: /home/usman/experiments/turtlebot3_ws2/install/dynamixel_sdk_custom_interfaces/include/dynamixel_sdk_custom_interfaces/dynamixel_sdk_custom_interfaces/srv/detail/get_position__rosidl_typesupport_introspection_c.h
[7.306s] -- Symlinking: /home/usman/experiments/turtlebot3_ws2/install/dynamixel_sdk_custom_interfaces/include/dynamixel_sdk_custom_interfaces/dynamixel_sdk_custom_interfaces/msg/detail/set_position__rosidl_typesupport_introspection_cpp.hpp
[7.318s] -- Symlinking: /home/usman/experiments/turtlebot3_ws2/install/dynamixel_sdk_custom_interfaces/include/dynamixel_sdk_custom_interfaces/dynamixel_sdk_custom_interfaces/srv/detail/get_position__rosidl_typesupport_introspection_cpp.hpp
[7.331s] -- Symlinking: /home/usman/experiments/turtlebot3_ws2/install/dynamixel_sdk_custom_interfaces/share/dynamixel_sdk_custom_interfaces/environment/pythonpath.sh
[7.344s] -- Symlinking: /home/usman/experiments/turtlebot3_ws2/install/dynamixel_sdk_custom_interfaces/share/dynamixel_sdk_custom_interfaces/environment/pythonpath.dsv
[7.356s] -- Symlinking: /home/usman/experiments/turtlebot3_ws2/install/dynamixel_sdk_custom_interfaces/local/lib/python3.10/dist-packages/dynamixel_sdk_custom_interfaces-3.7.60-py3.10.egg-info/PKG-INFO
[7.368s] -- Symlinking: /home/usman/experiments/turtlebot3_ws2/install/dynamixel_sdk_custom_interfaces/local/lib/python3.10/dist-packages/dynamixel_sdk_custom_interfaces-3.7.60-py3.10.egg-info/SOURCES.txt
[7.381s] -- Symlinking: /home/usman/experiments/turtlebot3_ws2/install/dynamixel_sdk_custom_interfaces/local/lib/python3.10/dist-packages/dynamixel_sdk_custom_interfaces-3.7.60-py3.10.egg-info/dependency_links.txt
[7.393s] -- Symlinking: /home/usman/experiments/turtlebot3_ws2/install/dynamixel_sdk_custom_interfaces/local/lib/python3.10/dist-packages/dynamixel_sdk_custom_interfaces-3.7.60-py3.10.egg-info/top_level.txt
[7.406s] -- Symlinking: /home/usman/experiments/turtlebot3_ws2/install/dynamixel_sdk_custom_interfaces/local/lib/python3.10/dist-packages/dynamixel_sdk_custom_interfaces/__init__.py
[7.419s] -- Symlinking: /home/usman/experiments/turtlebot3_ws2/install/dynamixel_sdk_custom_interfaces/local/lib/python3.10/dist-packages/dynamixel_sdk_custom_interfaces/_dynamixel_sdk_custom_interfaces_s.ep.rosidl_typesupport_c.c
[7.432s] -- Symlinking: /home/usman/experiments/turtlebot3_ws2/install/dynamixel_sdk_custom_interfaces/local/lib/python3.10/dist-packages/dynamixel_sdk_custom_interfaces/_dynamixel_sdk_custom_interfaces_s.ep.rosidl_typesupport_fastrtps_c.c
[7.444s] -- Symlinking: /home/usman/experiments/turtlebot3_ws2/install/dynamixel_sdk_custom_interfaces/local/lib/python3.10/dist-packages/dynamixel_sdk_custom_interfaces/_dynamixel_sdk_custom_interfaces_s.ep.rosidl_typesupport_introspection_c.c
[7.456s] -- Symlinking: /home/usman/experiments/turtlebot3_ws2/install/dynamixel_sdk_custom_interfaces/local/lib/python3.10/dist-packages/dynamixel_sdk_custom_interfaces/dynamixel_sdk_custom_interfaces_s__rosidl_typesupport_c.cpython-310-x86_64-linux-gnu.so
[7.468s] -- Symlinking: /home/usman/experiments/turtlebot3_ws2/install/dynamixel_sdk_custom_interfaces/local/lib/python3.10/dist-packages/dynamixel_sdk_custom_interfaces/dynamixel_sdk_custom_interfaces_s__rosidl_typesupport_fastrtps_c.cpython-310-x86_64-linux-gnu.so
[7.481s] -- Symlinking: /home/usman/experiments/turtlebot3_ws2/install/dynamixel_sdk_custom_interfaces/local/lib/python3.10/dist-packages/dynamixel_sdk_custom_interfaces/dynamixel_sdk_custom_interfaces_s__rosidl_typesupport_introspection_c.cpython-310-x86_64-linux-gnu.so
[7.493s] -- Symlinking: /home/usman/experiments/turtlebot3_ws2/install/dynamixel_sdk_custom_interfaces/local/lib/python3.10/dist-packages/dynamixel_sdk_custom_interfaces/libdynamixel_sdk_custom_interfaces__rosidl_generator_py.so
[7.505s] -- Symlinking: /home/usman/experiments/turtlebot3_ws2/install/dynamixel_sdk_custom_interfaces/local/lib/python3.10/dist-packages/dynamixel_sdk_custom_interfaces/msg/__init__.py
[7.517s] -- Symlinking: /home/usman/experiments/turtlebot3_ws2/install/dynamixel_sdk_custom_interfaces/local/lib/python3.10/dist-packages/dynamixel_sdk_custom_interfaces/msg/_set_position.py
[7.529s] -- Symlinking: /home/usman/experiments/turtlebot3_ws2/install/dynamixel_sdk_custom_interfaces/local/lib/python3.10/dist-packages/dynamixel_sdk_custom_interfaces/msg/_set_position_s.c
[7.541s] -- Symlinking: /home/usman/experiments/turtlebot3_ws2/install/dynamixel_sdk_custom_interfaces/local/lib/python3.10/dist-packages/dynamixel_sdk_custom_interfaces/srv/__init__.py
[7.552s] -- Symlinking: /home/usman/experiments/turtlebot3_ws2/install/dynamixel_sdk_custom_interfaces/local/lib/python3.10/dist-packages/dynamixel_sdk_custom_interfaces/srv/_get_position.py
[7.564s] -- Symlinking: /home/usman/experiments/turtlebot3_ws2/install/dynamixel_sdk_custom_interfaces/local/lib/python3.10/dist-packages/dynamixel_sdk_custom_interfaces/srv/_get_position_s.c
[7.577s] -- Up-to-date symlink: /home/usman/experiments/turtlebot3_ws2/install/dynamixel_sdk_custom_interfaces/local/lib/python3.10/dist-packages/dynamixel_sdk_custom_interfaces/dynamixel_sdk_custom_interfaces_s__rosidl_typesupport_fastrtps_c.cpython-310-x86_64-linux-gnu.so
[7.578s] -- Up-to-date symlink: /home/usman/experiments/turtlebot3_ws2/install/dynamixel_sdk_custom_interfaces/local/lib/python3.10/dist-packages/dynamixel_sdk_custom_interfaces/dynamixel_sdk_custom_interfaces_s__rosidl_typesupport_introspection_c.cpython-310-x86_64-linux-gnu.so
[7.579s] -- Up-to-date symlink: /home/usman/experiments/turtlebot3_ws2/install/dynamixel_sdk_custom_interfaces/local/lib/python3.10/dist-packages/dynamixel_sdk_custom_interfaces/dynamixel_sdk_custom_interfaces_s__rosidl_typesupport_c.cpython-310-x86_64-linux-gnu.so
[7.579s] -- Symlinking: /home/usman/experiments/turtlebot3_ws2/install/dynamixel_sdk_custom_interfaces/share/dynamixel_sdk_custom_interfaces/msg/SetPosition.idl
[7.590s] -- Symlinking: /home/usman/experiments/turtlebot3_ws2/install/dynamixel_sdk_custom_interfaces/share/dynamixel_sdk_custom_interfaces/srv/GetPosition.idl
[7.602s] -- Symlinking: /home/usman/experiments/turtlebot3_ws2/install/dynamixel_sdk_custom_interfaces/share/dynamixel_sdk_custom_interfaces/msg/SetPosition.msg
[7.615s] -- Symlinking: /home/usman/experiments/turtlebot3_ws2/install/dynamixel_sdk_custom_interfaces/share/dynamixel_sdk_custom_interfaces/srv/GetPosition.srv
[7.626s] -- Symlinking: /home/usman/experiments/turtlebot3_ws2/install/dynamixel_sdk_custom_interfaces/share/dynamixel_sdk_custom_interfaces/srv/GetPosition_Request.msg
[7.638s] -- Symlinking: /home/usman/experiments/turtlebot3_ws2/install/dynamixel_sdk_custom_interfaces/share/dynamixel_sdk_custom_interfaces/srv/GetPosition_Response.msg
[7.651s] -- Symlinking: /home/usman/experiments/turtlebot3_ws2/install/dynamixel_sdk_custom_interfaces/share/ament_index/resource_index/package_run_dependencies/dynamixel_sdk_custom_interfaces
[7.666s] -- Symlinking: /home/usman/experiments/turtlebot3_ws2/install/dynamixel_sdk_custom_interfaces/share/ament_index/resource_index/parent_prefix_path/dynamixel_sdk_custom_interfaces
[7.709s] -- Symlinking: /home/usman/experiments/turtlebot3_ws2/install/dynamixel_sdk_custom_interfaces/share/dynamixel_sdk_custom_interfaces/environment/ament_prefix_path.sh
[7.725s] -- Symlinking: /home/usman/experiments/turtlebot3_ws2/install/dynamixel_sdk_custom_interfaces/share/dynamixel_sdk_custom_interfaces/environment/ament_prefix_path.dsv
[7.736s] -- Symlinking: /home/usman/experiments/turtlebot3_ws2/install/dynamixel_sdk_custom_interfaces/share/dynamixel_sdk_custom_interfaces/environment/path.sh
[7.748s] -- Symlinking: /home/usman/experiments/turtlebot3_ws2/install/dynamixel_sdk_custom_interfaces/share/dynamixel_sdk_custom_interfaces/environment/path.dsv
[7.760s] -- Symlinking: /home/usman/experiments/turtlebot3_ws2/install/dynamixel_sdk_custom_interfaces/share/dynamixel_sdk_custom_interfaces/local_setup.bash
[7.772s] -- Symlinking: /home/usman/experiments/turtlebot3_ws2/install/dynamixel_sdk_custom_interfaces/share/dynamixel_sdk_custom_interfaces/local_setup.sh
[7.784s] -- Symlinking: /home/usman/experiments/turtlebot3_ws2/install/dynamixel_sdk_custom_interfaces/share/dynamixel_sdk_custom_interfaces/local_setup.zsh
[7.796s] -- Symlinking: /home/usman/experiments/turtlebot3_ws2/install/dynamixel_sdk_custom_interfaces/share/dynamixel_sdk_custom_interfaces/local_setup.dsv
[7.808s] -- Symlinking: /home/usman/experiments/turtlebot3_ws2/install/dynamixel_sdk_custom_interfaces/share/dynamixel_sdk_custom_interfaces/package.dsv
[7.820s] -- Symlinking: /home/usman/experiments/turtlebot3_ws2/install/dynamixel_sdk_custom_interfaces/share/ament_index/resource_index/packages/dynamixel_sdk_custom_interfaces
[7.832s] -- Symlinking: /home/usman/experiments/turtlebot3_ws2/install/dynamixel_sdk_custom_interfaces/share/dynamixel_sdk_custom_interfaces/cmake/rosidl_cmake-extras.cmake
[7.845s] -- Symlinking: /home/usman/experiments/turtlebot3_ws2/install/dynamixel_sdk_custom_interfaces/share/dynamixel_sdk_custom_interfaces/cmake/ament_cmake_export_dependencies-extras.cmake
[7.857s] -- Symlinking: /home/usman/experiments/turtlebot3_ws2/install/dynamixel_sdk_custom_interfaces/share/dynamixel_sdk_custom_interfaces/cmake/ament_cmake_export_include_directories-extras.cmake
[7.869s] -- Symlinking: /home/usman/experiments/turtlebot3_ws2/install/dynamixel_sdk_custom_interfaces/share/dynamixel_sdk_custom_interfaces/cmake/ament_cmake_export_libraries-extras.cmake
[7.881s] -- Symlinking: /home/usman/experiments/turtlebot3_ws2/install/dynamixel_sdk_custom_interfaces/share/dynamixel_sdk_custom_interfaces/cmake/ament_cmake_export_targets-extras.cmake
[7.893s] -- Symlinking: /home/usman/experiments/turtlebot3_ws2/install/dynamixel_sdk_custom_interfaces/share/dynamixel_sdk_custom_interfaces/cmake/rosidl_cmake_export_typesupport_targets-extras.cmake
[7.904s] -- Symlinking: /home/usman/experiments/turtlebot3_ws2/install/dynamixel_sdk_custom_interfaces/share/dynamixel_sdk_custom_interfaces/cmake/rosidl_cmake_export_typesupport_libraries-extras.cmake
[7.917s] -- Symlinking: /home/usman/experiments/turtlebot3_ws2/install/dynamixel_sdk_custom_interfaces/share/dynamixel_sdk_custom_interfaces/cmake/dynamixel_sdk_custom_interfacesConfig.cmake
[7.929s] -- Symlinking: /home/usman/experiments/turtlebot3_ws2/install/dynamixel_sdk_custom_interfaces/share/dynamixel_sdk_custom_interfaces/cmake/dynamixel_sdk_custom_interfacesConfig-version.cmake
[7.940s] -- Symlinking: /home/usman/experiments/turtlebot3_ws2/install/dynamixel_sdk_custom_interfaces/share/dynamixel_sdk_custom_interfaces/package.xml
[7.952s] -- Installing: /home/usman/experiments/turtlebot3_ws2/install/dynamixel_sdk_custom_interfaces/lib/libdynamixel_sdk_custom_interfaces__rosidl_generator_c.so
[7.952s] -- Set runtime path of "/home/usman/experiments/turtlebot3_ws2/install/dynamixel_sdk_custom_interfaces/lib/libdynamixel_sdk_custom_interfaces__rosidl_generator_c.so" to ""
[7.953s] -- Installing: /home/usman/experiments/turtlebot3_ws2/install/dynamixel_sdk_custom_interfaces/lib/libdynamixel_sdk_custom_interfaces__rosidl_typesupport_fastrtps_c.so
[7.953s] -- Set runtime path of "/home/usman/experiments/turtlebot3_ws2/install/dynamixel_sdk_custom_interfaces/lib/libdynamixel_sdk_custom_interfaces__rosidl_typesupport_fastrtps_c.so" to ""
[7.953s] -- Installing: /home/usman/experiments/turtlebot3_ws2/install/dynamixel_sdk_custom_interfaces/lib/libdynamixel_sdk_custom_interfaces__rosidl_typesupport_fastrtps_cpp.so
[7.954s] -- Set runtime path of "/home/usman/experiments/turtlebot3_ws2/install/dynamixel_sdk_custom_interfaces/lib/libdynamixel_sdk_custom_interfaces__rosidl_typesupport_fastrtps_cpp.so" to ""
[7.954s] -- Installing: /home/usman/experiments/turtlebot3_ws2/install/dynamixel_sdk_custom_interfaces/lib/libdynamixel_sdk_custom_interfaces__rosidl_typesupport_introspection_c.so
[7.954s] -- Set runtime path of "/home/usman/experiments/turtlebot3_ws2/install/dynamixel_sdk_custom_interfaces/lib/libdynamixel_sdk_custom_interfaces__rosidl_typesupport_introspection_c.so" to ""
[7.954s] -- Installing: /home/usman/experiments/turtlebot3_ws2/install/dynamixel_sdk_custom_interfaces/lib/libdynamixel_sdk_custom_interfaces__rosidl_typesupport_c.so
[7.954s] -- Set runtime path of "/home/usman/experiments/turtlebot3_ws2/install/dynamixel_sdk_custom_interfaces/lib/libdynamixel_sdk_custom_interfaces__rosidl_typesupport_c.so" to ""
[7.955s] -- Installing: /home/usman/experiments/turtlebot3_ws2/install/dynamixel_sdk_custom_interfaces/lib/libdynamixel_sdk_custom_interfaces__rosidl_typesupport_introspection_cpp.so
[7.955s] -- Set runtime path of "/home/usman/experiments/turtlebot3_ws2/install/dynamixel_sdk_custom_interfaces/lib/libdynamixel_sdk_custom_interfaces__rosidl_typesupport_introspection_cpp.so" to ""
[7.955s] -- Installing: /home/usman/experiments/turtlebot3_ws2/install/dynamixel_sdk_custom_interfaces/lib/libdynamixel_sdk_custom_interfaces__rosidl_typesupport_cpp.so
[7.955s] -- Set runtime path of "/home/usman/experiments/turtlebot3_ws2/install/dynamixel_sdk_custom_interfaces/lib/libdynamixel_sdk_custom_interfaces__rosidl_typesupport_cpp.so" to ""
[8.016s] Listing '/home/usman/experiments/turtlebot3_ws2/install/dynamixel_sdk_custom_interfaces/local/lib/python3.10/dist-packages/dynamixel_sdk_custom_interfaces'...
[8.016s] Compiling '/home/usman/experiments/turtlebot3_ws2/install/dynamixel_sdk_custom_interfaces/local/lib/python3.10/dist-packages/dynamixel_sdk_custom_interfaces/__init__.py'...
[8.016s] Listing '/home/usman/experiments/turtlebot3_ws2/install/dynamixel_sdk_custom_interfaces/local/lib/python3.10/dist-packages/dynamixel_sdk_custom_interfaces/msg'...
[8.016s] Compiling '/home/usman/experiments/turtlebot3_ws2/install/dynamixel_sdk_custom_interfaces/local/lib/python3.10/dist-packages/dynamixel_sdk_custom_interfaces/msg/__init__.py'...
[8.016s] Compiling '/home/usman/experiments/turtlebot3_ws2/install/dynamixel_sdk_custom_interfaces/local/lib/python3.10/dist-packages/dynamixel_sdk_custom_interfaces/msg/_set_position.py'...
[8.016s] Listing '/home/usman/experiments/turtlebot3_ws2/install/dynamixel_sdk_custom_interfaces/local/lib/python3.10/dist-packages/dynamixel_sdk_custom_interfaces/srv'...
[8.016s] Compiling '/home/usman/experiments/turtlebot3_ws2/install/dynamixel_sdk_custom_interfaces/local/lib/python3.10/dist-packages/dynamixel_sdk_custom_interfaces/srv/__init__.py'...
[8.017s] Compiling '/home/usman/experiments/turtlebot3_ws2/install/dynamixel_sdk_custom_interfaces/local/lib/python3.10/dist-packages/dynamixel_sdk_custom_interfaces/srv/_get_position.py'...
[8.023s] -- Installing: /home/usman/experiments/turtlebot3_ws2/install/dynamixel_sdk_custom_interfaces/lib/libdynamixel_sdk_custom_interfaces__rosidl_generator_py.so
[8.023s] -- Set runtime path of "/home/usman/experiments/turtlebot3_ws2/install/dynamixel_sdk_custom_interfaces/lib/libdynamixel_sdk_custom_interfaces__rosidl_generator_py.so" to ""
[8.023s] -- Installing: /home/usman/experiments/turtlebot3_ws2/install/dynamixel_sdk_custom_interfaces/share/dynamixel_sdk_custom_interfaces/cmake/export_dynamixel_sdk_custom_interfaces__rosidl_generator_cExport.cmake
[8.024s] -- Installing: /home/usman/experiments/turtlebot3_ws2/install/dynamixel_sdk_custom_interfaces/share/dynamixel_sdk_custom_interfaces/cmake/export_dynamixel_sdk_custom_interfaces__rosidl_generator_cExport-noconfig.cmake
[8.024s] -- Installing: /home/usman/experiments/turtlebot3_ws2/install/dynamixel_sdk_custom_interfaces/share/dynamixel_sdk_custom_interfaces/cmake/export_dynamixel_sdk_custom_interfaces__rosidl_typesupport_fastrtps_cExport.cmake
[8.024s] -- Installing: /home/usman/experiments/turtlebot3_ws2/install/dynamixel_sdk_custom_interfaces/share/dynamixel_sdk_custom_interfaces/cmake/export_dynamixel_sdk_custom_interfaces__rosidl_typesupport_fastrtps_cExport-noconfig.cmake
[8.024s] -- Installing: /home/usman/experiments/turtlebot3_ws2/install/dynamixel_sdk_custom_interfaces/share/dynamixel_sdk_custom_interfaces/cmake/export_dynamixel_sdk_custom_interfaces__rosidl_generator_cppExport.cmake
[8.025s] -- Installing: /home/usman/experiments/turtlebot3_ws2/install/dynamixel_sdk_custom_interfaces/share/dynamixel_sdk_custom_interfaces/cmake/export_dynamixel_sdk_custom_interfaces__rosidl_typesupport_fastrtps_cppExport.cmake
[8.025s] -- Installing: /home/usman/experiments/turtlebot3_ws2/install/dynamixel_sdk_custom_interfaces/share/dynamixel_sdk_custom_interfaces/cmake/export_dynamixel_sdk_custom_interfaces__rosidl_typesupport_fastrtps_cppExport-noconfig.cmake
[8.025s] -- Installing: /home/usman/experiments/turtlebot3_ws2/install/dynamixel_sdk_custom_interfaces/share/dynamixel_sdk_custom_interfaces/cmake/dynamixel_sdk_custom_interfaces__rosidl_typesupport_introspection_cExport.cmake
[8.025s] -- Installing: /home/usman/experiments/turtlebot3_ws2/install/dynamixel_sdk_custom_interfaces/share/dynamixel_sdk_custom_interfaces/cmake/dynamixel_sdk_custom_interfaces__rosidl_typesupport_introspection_cExport-noconfig.cmake
[8.025s] -- Installing: /home/usman/experiments/turtlebot3_ws2/install/dynamixel_sdk_custom_interfaces/share/dynamixel_sdk_custom_interfaces/cmake/dynamixel_sdk_custom_interfaces__rosidl_typesupport_cExport.cmake
[8.025s] -- Installing: /home/usman/experiments/turtlebot3_ws2/install/dynamixel_sdk_custom_interfaces/share/dynamixel_sdk_custom_interfaces/cmake/dynamixel_sdk_custom_interfaces__rosidl_typesupport_cExport-noconfig.cmake
[8.026s] -- Installing: /home/usman/experiments/turtlebot3_ws2/install/dynamixel_sdk_custom_interfaces/share/dynamixel_sdk_custom_interfaces/cmake/dynamixel_sdk_custom_interfaces__rosidl_typesupport_introspection_cppExport.cmake
[8.026s] -- Installing: /home/usman/experiments/turtlebot3_ws2/install/dynamixel_sdk_custom_interfaces/share/dynamixel_sdk_custom_interfaces/cmake/dynamixel_sdk_custom_interfaces__rosidl_typesupport_introspection_cppExport-noconfig.cmake
[8.026s] -- Installing: /home/usman/experiments/turtlebot3_ws2/install/dynamixel_sdk_custom_interfaces/share/dynamixel_sdk_custom_interfaces/cmake/dynamixel_sdk_custom_interfaces__rosidl_typesupport_cppExport.cmake
[8.026s] -- Installing: /home/usman/experiments/turtlebot3_ws2/install/dynamixel_sdk_custom_interfaces/share/dynamixel_sdk_custom_interfaces/cmake/dynamixel_sdk_custom_interfaces__rosidl_typesupport_cppExport-noconfig.cmake
[8.026s] -- Installing: /home/usman/experiments/turtlebot3_ws2/install/dynamixel_sdk_custom_interfaces/share/dynamixel_sdk_custom_interfaces/cmake/export_dynamixel_sdk_custom_interfaces__rosidl_generator_pyExport.cmake
[8.026s] -- Installing: /home/usman/experiments/turtlebot3_ws2/install/dynamixel_sdk_custom_interfaces/share/dynamixel_sdk_custom_interfaces/cmake/export_dynamixel_sdk_custom_interfaces__rosidl_generator_pyExport-noconfig.cmake
[8.030s] Invoked command in '/home/usman/experiments/turtlebot3_ws2/build/dynamixel_sdk_custom_interfaces' returned '0': CMAKE_PREFIX_PATH=${CMAKE_PREFIX_PATH}:/home/usman/ros2_my_ws/install/turtlesim_catch_them_all:/home/usman/ros2_my_ws/install/my_py_pkg:/home/usman/ros2_ws/install/my_robot_controller:/home/usman/ros2_ws/install/my_controller:/home/usman/ros2_ws/src/install/my_robot_controller:/home/usman/ros2_ws/src/install/my_controller:/opt/ros/humble /usr/bin/cmake --install /home/usman/experiments/turtlebot3_ws2/build/dynamixel_sdk_custom_interfaces
