-- Found ament_cmake: 1.3.6 (/opt/ros/humble/share/ament_cmake/cmake)
-- Override CMake install command with custom implementation using symlinks instead of copying resources
-- Found rclcpp: 16.0.7 (/opt/ros/humble/share/rclcpp/cmake)
-- Found rosidl_generator_c: 3.1.5 (/opt/ros/humble/share/rosidl_generator_c/cmake)
-- Found rosidl_adapter: 3.1.5 (/opt/ros/humble/share/rosidl_adapter/cmake)
-- Found rosidl_generator_cpp: 3.1.5 (/opt/ros/humble/share/rosidl_generator_cpp/cmake)
-- Using all available rosidl_typesupport_c: rosidl_typesupport_fastrtps_c;rosidl_typesupport_introspection_c
-- Using all available rosidl_typesupport_cpp: rosidl_typesupport_fastrtps_cpp;rosidl_typesupport_introspection_cpp
-- Found rmw_implementation_cmake: 6.1.1 (/opt/ros/humble/share/rmw_implementation_cmake/cmake)
-- Found rmw_fastrtps_cpp: 6.2.5 (/opt/ros/humble/share/rmw_fastrtps_cpp/cmake)
-- Using RMW implementation 'rmw_fastrtps_cpp' as default
-- Found rclcpp_action: 16.0.7 (/opt/ros/humble/share/rclcpp_action/cmake)
-- Found nav2_msgs: 1.1.12 (/opt/ros/humble/share/nav2_msgs/cmake)
-- Found tf2: 0.25.5 (/opt/ros/humble/share/tf2/cmake)
-- Found tf2_geometry_msgs: 0.25.5 (/opt/ros/humble/share/tf2_geometry_msgs/cmake)
-- Found eigen3_cmake_module: 0.1.1 (/opt/ros/humble/share/eigen3_cmake_module/cmake)
-- Ensuring Eigen3 include directory is part of orocos-kdl CMake target
-- Found ament_lint_auto: 0.12.9 (/opt/ros/humble/share/ament_lint_auto/cmake)
-- Added test 'cppcheck' to perform static code analysis on C / C++ code
-- Configured cppcheck include dirs: /home/usman/experiments/turtlebot3_ws2/src/tb3_autonomy/include
-- Configured cppcheck exclude dirs and/or files: 
-- Added test 'flake8' to check Python code syntax and style conventions
-- Added test 'lint_cmake' to check CMake code style
-- Added test 'pep257' to check Python code against some of the docstring style conventions in PEP 257
-- Added test 'uncrustify' to check C / C++ code style
-- Configured uncrustify additional arguments: 
-- Added test 'xmllint' to check XML markup files
-- Configuring done
-- Generating done
-- Build files have been written to: /home/usman/experiments/turtlebot3_ws2/build/tb3_autonomy
[35m[1mConsolidate compiler generated dependencies of target autonomy_node[0m
[100%] Built target autonomy_node
-- Install configuration: ""
-- Execute custom install script
-- Up-to-date symlink: /home/usman/experiments/turtlebot3_ws2/install/tb3_autonomy/share/tb3_autonomy/bt_xml/tree.xml
-- Up-to-date symlink: /home/usman/experiments/turtlebot3_ws2/install/tb3_autonomy/share/tb3_autonomy/launch/autonomy.launch.py
-- Up-to-date symlink: /home/usman/experiments/turtlebot3_ws2/install/tb3_autonomy/lib/tb3_autonomy/autonomy_node
-- Up-to-date symlink: /home/usman/experiments/turtlebot3_ws2/install/tb3_autonomy/share/ament_index/resource_index/package_run_dependencies/tb3_autonomy
-- Up-to-date symlink: /home/usman/experiments/turtlebot3_ws2/install/tb3_autonomy/share/ament_index/resource_index/parent_prefix_path/tb3_autonomy
-- Up-to-date symlink: /home/usman/experiments/turtlebot3_ws2/install/tb3_autonomy/share/tb3_autonomy/environment/ament_prefix_path.sh
-- Up-to-date symlink: /home/usman/experiments/turtlebot3_ws2/install/tb3_autonomy/share/tb3_autonomy/environment/ament_prefix_path.dsv
-- Up-to-date symlink: /home/usman/experiments/turtlebot3_ws2/install/tb3_autonomy/share/tb3_autonomy/environment/path.sh
-- Up-to-date symlink: /home/usman/experiments/turtlebot3_ws2/install/tb3_autonomy/share/tb3_autonomy/environment/path.dsv
-- Up-to-date symlink: /home/usman/experiments/turtlebot3_ws2/install/tb3_autonomy/share/tb3_autonomy/local_setup.bash
-- Up-to-date symlink: /home/usman/experiments/turtlebot3_ws2/install/tb3_autonomy/share/tb3_autonomy/local_setup.sh
-- Up-to-date symlink: /home/usman/experiments/turtlebot3_ws2/install/tb3_autonomy/share/tb3_autonomy/local_setup.zsh
-- Up-to-date symlink: /home/usman/experiments/turtlebot3_ws2/install/tb3_autonomy/share/tb3_autonomy/local_setup.dsv
-- Symlinking: /home/usman/experiments/turtlebot3_ws2/install/tb3_autonomy/share/tb3_autonomy/package.dsv
-- Up-to-date symlink: /home/usman/experiments/turtlebot3_ws2/install/tb3_autonomy/share/ament_index/resource_index/packages/tb3_autonomy
-- Up-to-date symlink: /home/usman/experiments/turtlebot3_ws2/install/tb3_autonomy/share/tb3_autonomy/cmake/tb3_autonomyConfig.cmake
-- Up-to-date symlink: /home/usman/experiments/turtlebot3_ws2/install/tb3_autonomy/share/tb3_autonomy/cmake/tb3_autonomyConfig-version.cmake
-- Up-to-date symlink: /home/usman/experiments/turtlebot3_ws2/install/tb3_autonomy/share/tb3_autonomy/package.xml
