[1.111s] Invoking command in '/home/usman/experiments/turtlebot3_ws2/build/tb3_autonomy': CMAKE_PREFIX_PATH=${CMAKE_PREFIX_PATH}:/home/usman/experiments/turtlebot3_ws2/install/tb3_sim:/home/usman/experiments/turtlebot3_ws/install/tb3_sim:/home/usman/experiments/turtlebot3_ws2/install/turtlebot3_teleop:/home/usman/experiments/turtlebot3_ws2/install/turtlebot3_example:/home/usman/experiments/turtlebot3_ws/install/turtlebot3_teleop:/home/usman/experiments/turtlebot3_ws/install/turtlebot3_example:/home/usman/ros2_my_ws/install/turtlesim_catch_them_all:/home/usman/ros2_my_ws/install/my_py_pkg:/home/usman/ros2_ws/install/my_robot_controller:/home/usman/ros2_ws/install/my_controller:/home/usman/ros2_ws/src/install/my_robot_controller:/home/usman/ros2_ws/src/install/my_controller:/opt/ros/humble /usr/bin/cmake --build /home/usman/experiments/turtlebot3_ws2/build/tb3_autonomy -- -j16 -l16
[1.156s] -- Found ament_cmake: 1.3.6 (/opt/ros/humble/share/ament_cmake/cmake)
[1.482s] -- Override CMake install command with custom implementation using symlinks instead of copying resources
[1.499s] -- Found rclcpp: 16.0.7 (/opt/ros/humble/share/rclcpp/cmake)
[1.561s] -- Found rosidl_generator_c: 3.1.5 (/opt/ros/humble/share/rosidl_generator_c/cmake)
[1.563s] -- Found rosidl_adapter: 3.1.5 (/opt/ros/humble/share/rosidl_adapter/cmake)
[1.574s] -- Found rosidl_generator_cpp: 3.1.5 (/opt/ros/humble/share/rosidl_generator_cpp/cmake)
[1.597s] -- Using all available rosidl_typesupport_c: rosidl_typesupport_fastrtps_c;rosidl_typesupport_introspection_c
[1.625s] -- Using all available rosidl_typesupport_cpp: rosidl_typesupport_fastrtps_cpp;rosidl_typesupport_introspection_cpp
[1.740s] -- Found rmw_implementation_cmake: 6.1.1 (/opt/ros/humble/share/rmw_implementation_cmake/cmake)
[1.745s] -- Found rmw_fastrtps_cpp: 6.2.5 (/opt/ros/humble/share/rmw_fastrtps_cpp/cmake)
[2.145s] -- Using RMW implementation 'rmw_fastrtps_cpp' as default
[2.576s] -- Found rclcpp_action: 16.0.7 (/opt/ros/humble/share/rclcpp_action/cmake)
[2.815s] -- Found nav2_msgs: 1.1.12 (/opt/ros/humble/share/nav2_msgs/cmake)
[3.468s] -- Found tf2: 0.25.5 (/opt/ros/humble/share/tf2/cmake)
[3.481s] -- Found tf2_geometry_msgs: 0.25.5 (/opt/ros/humble/share/tf2_geometry_msgs/cmake)
[3.487s] -- Found eigen3_cmake_module: 0.1.1 (/opt/ros/humble/share/eigen3_cmake_module/cmake)
[3.490s] -- Ensuring Eigen3 include directory is part of orocos-kdl CMake target
[3.941s] -- Found ament_lint_auto: 0.12.9 (/opt/ros/humble/share/ament_lint_auto/cmake)
[4.092s] -- Added test 'cppcheck' to perform static code analysis on C / C++ code
[4.092s] -- Configured cppcheck include dirs: /home/usman/experiments/turtlebot3_ws2/src/tb3_autonomy/include
[4.093s] -- Configured cppcheck exclude dirs and/or files: 
[4.094s] -- Added test 'flake8' to check Python code syntax and style conventions
[4.094s] -- Added test 'lint_cmake' to check CMake code style
[4.094s] -- Added test 'pep257' to check Python code against some of the docstring style conventions in PEP 257
[4.096s] -- Added test 'uncrustify' to check C / C++ code style
[4.096s] -- Configured uncrustify additional arguments: 
[4.097s] -- Added test 'xmllint' to check XML markup files
[4.098s] -- Configuring done
[4.120s] -- Generating done
[4.122s] -- Build files have been written to: /home/usman/experiments/turtlebot3_ws2/build/tb3_autonomy
[4.174s] [35m[1mConsolidate compiler generated dependencies of target autonomy_node[0m
[4.218s] [100%] Built target autonomy_node
[4.543s] Invoked command in '/home/usman/experiments/turtlebot3_ws2/build/tb3_autonomy' returned '0': CMAKE_PREFIX_PATH=${CMAKE_PREFIX_PATH}:/home/usman/experiments/turtlebot3_ws2/install/tb3_sim:/home/usman/experiments/turtlebot3_ws/install/tb3_sim:/home/usman/experiments/turtlebot3_ws2/install/turtlebot3_teleop:/home/usman/experiments/turtlebot3_ws2/install/turtlebot3_example:/home/usman/experiments/turtlebot3_ws/install/turtlebot3_teleop:/home/usman/experiments/turtlebot3_ws/install/turtlebot3_example:/home/usman/ros2_my_ws/install/turtlesim_catch_them_all:/home/usman/ros2_my_ws/install/my_py_pkg:/home/usman/ros2_ws/install/my_robot_controller:/home/usman/ros2_ws/install/my_controller:/home/usman/ros2_ws/src/install/my_robot_controller:/home/usman/ros2_ws/src/install/my_controller:/opt/ros/humble /usr/bin/cmake --build /home/usman/experiments/turtlebot3_ws2/build/tb3_autonomy -- -j16 -l16
[5.304s] Invoking command in '/home/usman/experiments/turtlebot3_ws2/build/tb3_autonomy': CMAKE_PREFIX_PATH=${CMAKE_PREFIX_PATH}:/home/usman/experiments/turtlebot3_ws2/install/tb3_sim:/home/usman/experiments/turtlebot3_ws/install/tb3_sim:/home/usman/experiments/turtlebot3_ws2/install/turtlebot3_teleop:/home/usman/experiments/turtlebot3_ws2/install/turtlebot3_example:/home/usman/experiments/turtlebot3_ws/install/turtlebot3_teleop:/home/usman/experiments/turtlebot3_ws/install/turtlebot3_example:/home/usman/ros2_my_ws/install/turtlesim_catch_them_all:/home/usman/ros2_my_ws/install/my_py_pkg:/home/usman/ros2_ws/install/my_robot_controller:/home/usman/ros2_ws/install/my_controller:/home/usman/ros2_ws/src/install/my_robot_controller:/home/usman/ros2_ws/src/install/my_controller:/opt/ros/humble /usr/bin/cmake --install /home/usman/experiments/turtlebot3_ws2/build/tb3_autonomy
[5.542s] -- Install configuration: ""
[5.542s] -- Execute custom install script
[5.543s] -- Up-to-date symlink: /home/usman/experiments/turtlebot3_ws2/install/tb3_autonomy/share/tb3_autonomy/bt_xml/tree.xml
[5.543s] -- Up-to-date symlink: /home/usman/experiments/turtlebot3_ws2/install/tb3_autonomy/share/tb3_autonomy/launch/autonomy.launch.py
[5.543s] -- Up-to-date symlink: /home/usman/experiments/turtlebot3_ws2/install/tb3_autonomy/lib/tb3_autonomy/autonomy_node
[5.543s] -- Up-to-date symlink: /home/usman/experiments/turtlebot3_ws2/install/tb3_autonomy/share/ament_index/resource_index/package_run_dependencies/tb3_autonomy
[5.543s] -- Up-to-date symlink: /home/usman/experiments/turtlebot3_ws2/install/tb3_autonomy/share/ament_index/resource_index/parent_prefix_path/tb3_autonomy
[5.543s] -- Up-to-date symlink: /home/usman/experiments/turtlebot3_ws2/install/tb3_autonomy/share/tb3_autonomy/environment/ament_prefix_path.sh
[5.543s] -- Up-to-date symlink: /home/usman/experiments/turtlebot3_ws2/install/tb3_autonomy/share/tb3_autonomy/environment/ament_prefix_path.dsv
[5.543s] -- Up-to-date symlink: /home/usman/experiments/turtlebot3_ws2/install/tb3_autonomy/share/tb3_autonomy/environment/path.sh
[5.543s] -- Up-to-date symlink: /home/usman/experiments/turtlebot3_ws2/install/tb3_autonomy/share/tb3_autonomy/environment/path.dsv
[5.543s] -- Up-to-date symlink: /home/usman/experiments/turtlebot3_ws2/install/tb3_autonomy/share/tb3_autonomy/local_setup.bash
[5.544s] -- Up-to-date symlink: /home/usman/experiments/turtlebot3_ws2/install/tb3_autonomy/share/tb3_autonomy/local_setup.sh
[5.544s] -- Up-to-date symlink: /home/usman/experiments/turtlebot3_ws2/install/tb3_autonomy/share/tb3_autonomy/local_setup.zsh
[5.544s] -- Up-to-date symlink: /home/usman/experiments/turtlebot3_ws2/install/tb3_autonomy/share/tb3_autonomy/local_setup.dsv
[5.544s] -- Symlinking: /home/usman/experiments/turtlebot3_ws2/install/tb3_autonomy/share/tb3_autonomy/package.dsv
[5.544s] -- Up-to-date symlink: /home/usman/experiments/turtlebot3_ws2/install/tb3_autonomy/share/ament_index/resource_index/packages/tb3_autonomy
[5.544s] -- Up-to-date symlink: /home/usman/experiments/turtlebot3_ws2/install/tb3_autonomy/share/tb3_autonomy/cmake/tb3_autonomyConfig.cmake
[5.544s] -- Up-to-date symlink: /home/usman/experiments/turtlebot3_ws2/install/tb3_autonomy/share/tb3_autonomy/cmake/tb3_autonomyConfig-version.cmake
[5.545s] -- Up-to-date symlink: /home/usman/experiments/turtlebot3_ws2/install/tb3_autonomy/share/tb3_autonomy/package.xml
[6.002s] Invoked command in '/home/usman/experiments/turtlebot3_ws2/build/tb3_autonomy' returned '0': CMAKE_PREFIX_PATH=${CMAKE_PREFIX_PATH}:/home/usman/experiments/turtlebot3_ws2/install/tb3_sim:/home/usman/experiments/turtlebot3_ws/install/tb3_sim:/home/usman/experiments/turtlebot3_ws2/install/turtlebot3_teleop:/home/usman/experiments/turtlebot3_ws2/install/turtlebot3_example:/home/usman/experiments/turtlebot3_ws/install/turtlebot3_teleop:/home/usman/experiments/turtlebot3_ws/install/turtlebot3_example:/home/usman/ros2_my_ws/install/turtlesim_catch_them_all:/home/usman/ros2_my_ws/install/my_py_pkg:/home/usman/ros2_ws/install/my_robot_controller:/home/usman/ros2_ws/install/my_controller:/home/usman/ros2_ws/src/install/my_robot_controller:/home/usman/ros2_ws/src/install/my_controller:/opt/ros/humble /usr/bin/cmake --install /home/usman/experiments/turtlebot3_ws2/build/tb3_autonomy
